#
# A fatal error has been detected by the Java Runtime Environment:
#
#  SIGBUS (0xa) at pc=0x000000010a0fd4f0, pid=12045, tid=34571
#
# JRE version: Java(TM) SE Runtime Environment (17.0+35) (build 17+35-LTS-2724)
# Java VM: Java HotSpot(TM) 64-Bit Server VM (17+35-LTS-2724, mixed mode, sharing, tiered, compressed oops, compressed class ptrs, g1 gc, bsd-aarch64)
# Problematic frame:
# v  ~StubRoutines::SafeFetchN
#
# No core dump will be written. Core dumps have been disabled. To enable core dumping, try "ulimit -c unlimited" before starting Java again
#
# If you would like to submit a bug report, please visit:
#   https://bugreport.java.com/bugreport/crash.jsp
# The crash happened outside the Java Virtual Machine in native code.
# See problematic frame for where to report the bug.
#

---------------  S U M M A R Y ------------

Command Line: -javaagent:/Applications/IntelliJ IDEA.app/Contents/lib/idea_rt.jar=55008:/Applications/IntelliJ IDEA.app/Contents/bin -Dfile.encoding=UTF-8 --module-path=/Users/maxl/.m2/repository/org/openjfx/javafx-fxml/17.0.1/javafx-fxml-17.0.1-mac-aarch64.jar:/Users/maxl/.m2/repository/org/openjfx/javafx-graphics/17.0.1/javafx-graphics-17.0.1-mac-aarch64.jar:/Users/maxl/Documents/GitHub/Sushi-like-a-boss/Sushi-like-a-boss/target/classes:/Users/maxl/.m2/repository/org/openjfx/javafx-base/17.0.1/javafx-base-17.0.1-mac-aarch64.jar:/Users/maxl/.m2/repository/org/openjfx/javafx-controls/17.0.1/javafx-controls-17.0.1-mac-aarch64.jar -Djdk.module.main=com.example.sushilikeaboss com.example.sushilikeaboss/com.example.sushilikeaboss.HelloApplication

Host: "MacBookAir10,1" arm64 1 MHz, 8 cores, 8G, Darwin 21.4.0, macOS 12.3.1 (21E258)
Time: Tue May 17 00:44:23 2022 CEST elapsed time: 3.991859 seconds (0d 0h 0m 3s)

---------------  T H R E A D  ---------------

Current thread (0x000000014c284000):  JavaThread "InvokeLaterDispatcher" daemon [_thread_in_native, id=34571, stack(0x00000001720dc000,0x00000001722df000)]

Stack: [0x00000001720dc000,0x00000001722df000],  sp=0x00000001722de7b0,  free space=2057k
Native frames: (J=compiled Java code, j=interpreted, Vv=VM code, C=native code)
v  ~StubRoutines::SafeFetchN
V  [libjvm.dylib+0x79e870]  _ZN10OopStorage7releaseEPKP7oopDesc+0x20
V  [libjvm.dylib+0x4b94ac]  jni_DeleteGlobalRef+0xc4
C  [libglass.dylib+0xab08]  -[GlassRunnable dealloc]+0x34
C  [Foundation+0x85618]  -[_NSThreadPerformInfo dealloc]+0x30
C  [Foundation+0x5198c]  -[NSObject(NSThreadPerformAdditions) performSelectorOnMainThread:withObject:waitUntilDone:]+0x88
C  0xea2280010a1058ac
j  com.sun.glass.ui.mac.MacApplication.submitForLaterInvocation(Ljava/lang/Runnable;)V+2 javafx.graphics
j  com.sun.glass.ui.InvokeLaterDispatcher.run()V+82 javafx.graphics
v  ~StubRoutines::call_stub
V  [libjvm.dylib+0x460b04]  _ZN9JavaCalls11call_helperEP9JavaValueRK12methodHandleP17JavaCallArgumentsP10JavaThread+0x38c
V  [libjvm.dylib+0x45fb20]  _ZN9JavaCalls12call_virtualEP9JavaValueP5KlassP6SymbolS5_P17JavaCallArgumentsP10JavaThread+0x11c
V  [libjvm.dylib+0x45fbec]  _ZN9JavaCalls12call_virtualEP9JavaValue6HandleP5KlassP6SymbolS6_P10JavaThread+0x64
V  [libjvm.dylib+0x51346c]  _ZL12thread_entryP10JavaThreadS0_+0xc4
V  [libjvm.dylib+0x8fcb74]  _ZN10JavaThread17thread_main_innerEv+0x134
V  [libjvm.dylib+0x8fb49c]  _ZN6Thread8call_runEv+0x128
V  [libjvm.dylib+0x7a5458]  _ZL19thread_native_entryP6Thread+0x158
C  [libsystem_pthread.dylib+0x726c]  _pthread_start+0x94

Java frames: (J=compiled Java code, j=interpreted, Vv=VM code)
j  com.sun.glass.ui.mac.MacApplication._submitForLaterInvocation(Ljava/lang/Runnable;)V+0 javafx.graphics
j  com.sun.glass.ui.mac.MacApplication.submitForLaterInvocation(Ljava/lang/Runnable;)V+2 javafx.graphics
j  com.sun.glass.ui.InvokeLaterDispatcher.run()V+82 javafx.graphics
v  ~StubRoutines::call_stub

siginfo: si_signo: 10 (SIGBUS), si_code: 1 (BUS_ADRALN), si_addr: 0x000000010a0fd4f0

Register to memory mapping:

 x0=0x000000014ca04ec8 is a global jni handle
 x1=0x0 is NULL
 x2=0x0000000786de5150 is an oop: com.sun.glass.ui.InvokeLaterDispatcher$Future 
{0x0000000786de5150} - klass: 'com/sun/glass/ui/InvokeLaterDispatcher$Future'
 - ---- fields (total size 3 words):
 - private 'done' 'Z' @12  true
 - private final 'runnable' 'Ljava/lang/Runnable;' @16  a 'com/sun/javafx/tk/quantum/QuantumToolkit$$Lambda$85+0x0000000800c397a0'{0x0000000786802028} (f0d00405)
 - final synthetic 'this$0' 'Lcom/sun/glass/ui/InvokeLaterDispatcher;' @20  a 'com/sun/glass/ui/InvokeLaterDispatcher'{0x0000000786800170} (f0d0002e)
 x3=0x0 is NULL
 x4=0x00000000000130a8 is an unknown value
 x5=0x0 is NULL
 x6=0x0 is NULL
 x7=0x0 is NULL
 x8=0x000000010a0fd4ec is at begin+0 in a stub
StubRoutines::SafeFetchN [0x000000010a0fd4ec, 0x000000010a0fd4f8] (12 bytes)
 x9=0x0 is NULL
x10=0x2010000030300000 is an unknown value
x11=0x0000000000000007 is an unknown value
x12=0x0000000000000004 is an unknown value
x13=0x0000600002691b10 points into unknown readable memory: 0x122a800186a3fc40 | 40 fc a3 86 01 80 2a 12
x14=0x0000060000000000 is an unknown value
x15=0x0000000123141f98: OBJC_CLASS_$_GlassRunnable+0 in /Users/maxl/.openjfx/cache/17.0.1/libglass.dylib at 0x00000001230fc000
x16=0x0000000186ba90fc: pthread_getspecific+0 in /usr/lib/system/libsystem_pthread.dylib at 0x0000000186ba7000
x17=0x0000600002cbeac0 points into unknown readable memory: 0xfffffffffffffffe | fe ff ff ff ff ff ff ff
x18=0x0 is NULL
x19=0x00006000023b4150 points into unknown readable memory: 0x0000600000ab0240 | 40 02 ab 00 00 60 00 00
x20=0x000000014ca04cc0 points into unknown readable memory: 0x0000000000000000 | 00 00 00 00 00 00 00 00
x21=0x000000014ca04ec8 is a global jni handle
x22=0x000000014c284000 is a thread
x23=0x0000000000000001 is an unknown value
x24=0x000000014ca04e80 is a global jni handle
x25=0x000000010262d5d8: _ZN12StubRoutines17_safefetchN_entryE+0 in /Library/Java/JavaVirtualMachines/jdk-17.jdk/Contents/Home/lib/server/libjvm.dylib at 0x0000000101a9c000
x26=0x000000011f918ad0 is pointing into metadata
x27=0x0 is NULL
x28=0x000000014c284000 is a thread


Registers:
 x0=0x000000014ca04ec8  x1=0x0000000000000000  x2=0x0000000786de5150  x3=0x0000000000000000
 x4=0x00000000000130a8  x5=0x0000000000000000  x6=0x0000000000000000  x7=0x0000000000000000
 x8=0x000000010a0fd4ec  x9=0x0000000000000000 x10=0x2010000030300000 x11=0x0000000000000007
x12=0x0000000000000004 x13=0x0000600002691b10 x14=0x0000060000000000 x15=0x0000000123141f98
x16=0x0000000186ba90fc x17=0x0000600002cbeac0 x18=0x0000000000000000 x19=0x00006000023b4150
x20=0x000000014ca04cc0 x21=0x000000014ca04ec8 x22=0x000000014c284000 x23=0x0000000000000001
x24=0x000000014ca04e80 x25=0x000000010262d5d8 x26=0x000000011f918ad0 x27=0x0000000000000000
x28=0x000000014c284000  fp=0x00000001722de7f0  lr=0x0000000102239640  sp=0x00000001722de7b0
pc=0x000000010a0fd4f0 cpsr=0x0000000060001000
Top of Stack: (sp=0x00000001722de7b0)
0x00000001722de7b0:   000000011f918ad0 0000000000000001
0x00000001722de7c0:   00000001722de9a8 0000600000aae270
0x00000001722de7d0:   0000000000000000 000000014ca04eb0
0x00000001722de7e0:   000000014ca04eb0 00006000023b4150
0x00000001722de7f0:   00000001722de830 000000010223a870
0x00000001722de800:   0000000000000001 000000014ca04eb0
0x00000001722de810:   0000000000000000 000000014ca04eb0
0x00000001722de820:   0000000000000001 000000014c284600
0x00000001722de830:   00000001722de860 0000000101f554ac
0x00000001722de840:   0000600000aae280 00000001d0c6ebe0
0x00000001722de850:   0000000000000000 0000600000aae280
0x00000001722de860:   00000001722de890 0000000123106b08
0x00000001722de870:   393710b89a4b0076 0000000000000000
0x00000001722de880:   0000000000000000 0000600001db6440
0x00000001722de890:   00000001722de8d0 0000000187b76618
0x00000001722de8a0:   00000001722de9a8 0000600000aae270
0x00000001722de8b0:   0000600000aae280 393710b89a4b0076
0x00000001722de8c0:   0000000000000000 0000000000000000
0x00000001722de8d0:   00000001722de910 e95e800187b4298c
0x00000001722de8e0:   00000001722de9a8 000000010a1047c0
0x00000001722de8f0:   0000000000000000 0000000102634f90
0x00000001722de900:   00000001722de920 000000010a103730
0x00000001722de910:   00000001722de980 ea2280010a1058ac
0x00000001722de920:   00000001722de920 0000000800981595
0x00000001722de930:   00000001722de930 0000000000000000
0x00000001722de940:   00000001722de9a8 000000011f918ad0
0x00000001722de950:   00000007868016d8 0000000000000000
0x00000001722de960:   0000000000000000 000000011f8f2000
0x00000001722de970:   0000000000000000 00000001722de980
0x00000001722de980:   00000001722dea00 000000010a101fc8
0x00000001722de990:   0000000000000000 0000000000000000
0x00000001722de9a0:   0000000786de5150 0000000786801750 

Instructions: (pc=0x000000010a0fd4f0)
0x000000010a0fd3f0:   f2a04be9 f2c00029 6d425935 1e640886
0x000000010a0fd400:   0c402d31 1e6408c7 1f5654d0 1e6c1017
0x000000010a0fd410:   1f5050d0 1f504cd0 1f5048d0 1e650af6
0x000000010a0fd420:   1f50d8f6 1f5694d6 1f5158f6 1e762880
0x000000010a0fd430:   36000501 1e614000 14000026 2e251ca5
0x000000010a0fd440:   d2943009 f2a04be9 f2c00029 6d425d36
0x000000010a0fd450:   1e600806 0c402d32 1f5758c7 1e6c101a
0x000000010a0fd460:   1f4754c7 1e650805 1f4750c7 d2866668
0x000000010a0fd470:   f2a7fa68 1f474cc7 1e6608c0 1f4748c7
0x000000010a0fd480:   1e6e1019 eb08007f 540000ac 1f479400
0x000000010a0fd490:   1f460340 1e603b20 1400000e d2a7fd29
0x000000010a0fd4a0:   eb09007f 540000ac 51480069 d3607d29
0x000000010a0fd4b0:   9e670121 14000002 1e6a5001 1f679417
0x000000010a0fd4c0:   1f668742 1e613b23 1e773857 1e773860
0x000000010a0fd4d0:   a8c17ff3 910003bf a8c17bfd d65f03c0
0x000000010a0fd4e0:   b9400001 aa0103e0 d65f03c0 f9400001
0x000000010a0fd4f0:   aa0103e0 d65f03c0 00000000 00000000
0x000000010a0fd500:   00000000 00000000 00000000 00000000
0x000000010a0fd510:   00000000 00000000 00000000 00000000
0x000000010a0fd520:   00000000 00000000 00000000 00000000
0x000000010a0fd530:   00000000 00000000 00000000 00000000
0x000000010a0fd540:   00000000 00000000 00000000 00000000
0x000000010a0fd550:   00000000 00000000 00000000 00000000
0x000000010a0fd560:   00000000 00000000 00000000 00000000
0x000000010a0fd570:   00000000 00000000 00000000 00000000
0x000000010a0fd580:   00000000 00000000 00000000 00000000
0x000000010a0fd590:   00000000 00000000 00000000 00000000
0x000000010a0fd5a0:   00000000 00000000 00000000 00000000
0x000000010a0fd5b0:   00000000 00000000 00000000 00000000
0x000000010a0fd5c0:   00000000 00000000 00000000 00000000
0x000000010a0fd5d0:   00000000 00000000 00000000 00000000
0x000000010a0fd5e0:   00000000 00000000 00000000 00000000 


Stack slot to memory mapping:
stack at sp + 0 slots: 0x000000011f918ad0 is pointing into metadata
stack at sp + 1 slots: 0x0000000000000001 is an unknown value
stack at sp + 2 slots: 0x00000001722de9a8 is pointing into the stack for thread: 0x000000014c284000
stack at sp + 3 slots: 0x0000600000aae270 points into unknown readable memory: 0x01000001df35a011 | 11 a0 35 df 01 00 00 01
stack at sp + 4 slots: 0x0 is NULL
stack at sp + 5 slots: 0x000000014ca04eb0 is a global jni handle
stack at sp + 6 slots: 0x000000014ca04eb0 is a global jni handle
stack at sp + 7 slots: 0x00006000023b4150 points into unknown readable memory: 0x0000600000ab0240 | 40 02 ab 00 00 60 00 00

StubRoutines::SafeFetchN [0x000000010a0fd4ec, 0x000000010a0fd4f8] (12 bytes)
[MachCode]
  0x000000010a0fd4ec: 0100 40f9 | e003 01aa | c003 5fd6 
[/MachCode]

---------------  P R O C E S S  ---------------

Threads class SMR info:
_java_thread_list=0x000060000089a580, length=20, elements={
0x000000014d81b400, 0x000000014c065000, 0x000000014c067800, 0x000000012b809600,
0x000000012b80be00, 0x000000012b80c400, 0x000000014d850600, 0x000000014d850c00,
0x000000014d859200, 0x000000012b858c00, 0x000000014b81e000, 0x000000014b81d800,
0x0000000122008200, 0x000000014c284000, 0x000000014c284600, 0x000000012b9d8000,
0x000000014c2d6000, 0x000000012bca8000, 0x000000014c2bee00, 0x0000000122820000
}

Java Threads: ( => current thread )
  0x000000014d81b400 JavaThread "main" [_thread_blocked, id=9731, stack(0x000000016f648000,0x000000016f84b000)]
  0x000000014c065000 JavaThread "Reference Handler" daemon [_thread_blocked, id=18691, stack(0x000000017049c000,0x000000017069f000)]
  0x000000014c067800 JavaThread "Finalizer" daemon [_thread_blocked, id=17667, stack(0x00000001706a8000,0x00000001708ab000)]
  0x000000012b809600 JavaThread "Signal Dispatcher" daemon [_thread_blocked, id=22531, stack(0x0000000170a58000,0x0000000170c5b000)]
  0x000000012b80be00 JavaThread "Service Thread" daemon [_thread_blocked, id=41731, stack(0x0000000170c64000,0x0000000170e67000)]
  0x000000012b80c400 JavaThread "Monitor Deflation Thread" daemon [_thread_blocked, id=41475, stack(0x0000000170e70000,0x0000000171073000)]
  0x000000014d850600 JavaThread "C2 CompilerThread0" daemon [_thread_blocked, id=23299, stack(0x000000017107c000,0x000000017127f000)]
  0x000000014d850c00 JavaThread "C1 CompilerThread0" daemon [_thread_blocked, id=41219, stack(0x0000000171288000,0x000000017148b000)]
  0x000000014d859200 JavaThread "Sweeper thread" daemon [_thread_blocked, id=23811, stack(0x0000000171494000,0x0000000171697000)]
  0x000000012b858c00 JavaThread "Common-Cleaner" daemon [_thread_blocked, id=40451, stack(0x00000001716a0000,0x00000001718a3000)]
  0x000000014b81e000 JavaThread "Monitor Ctrl-Break" daemon [_thread_in_native, id=24067, stack(0x00000001718ac000,0x0000000171aaf000)]
  0x000000014b81d800 JavaThread "Notification Thread" daemon [_thread_blocked, id=39683, stack(0x0000000171ab8000,0x0000000171cbb000)]
  0x0000000122008200 JavaThread "QuantumRenderer-0" daemon [_thread_blocked, id=39171, stack(0x0000000171ed0000,0x00000001720d3000)]
=>0x000000014c284000 JavaThread "InvokeLaterDispatcher" daemon [_thread_in_native, id=34571, stack(0x00000001720dc000,0x00000001722df000)]
  0x000000014c284600 JavaThread "JavaFX Application Thread" [_thread_in_native, id=259, stack(0x000000016edc0000,0x000000016f5bc000)]
  0x000000012b9d8000 JavaThread "JavaFX-Launcher" [_thread_blocked, id=74499, stack(0x0000000172580000,0x0000000172783000)]
  0x000000014c2d6000 JavaThread "Prism Font Disposer" daemon [_thread_blocked, id=54535, stack(0x00000001731c8000,0x00000001733cb000)]
  0x000000012bca8000 JavaThread "Cleaner-0" daemon [_thread_blocked, id=66311, stack(0x0000000177cc0000,0x0000000177ec3000)]
  0x000000014c2bee00 JavaThread "Attach Listener" daemon [_thread_blocked, id=78343, stack(0x0000000288004000,0x0000000288207000)]
  0x0000000122820000 JavaThread "PulseTimer-CVDisplayLink thread" daemon [_thread_in_native, id=62083, stack(0x00000001722e8000,0x000000017236b000)]

Other Threads:
  0x000000014b708b30 VMThread "VM Thread" [stack: 0x0000000170290000,0x0000000170493000] [id=16899]
  0x000000014b616440 WatcherThread [stack: 0x0000000171cc4000,0x0000000171ec7000] [id=39427]
  0x000000014c907040 GCTaskThread "GC Thread#0" [stack: 0x000000016f854000,0x000000016fa57000] [id=20739]
  0x000000014b722c20 GCTaskThread "GC Thread#1" [stack: 0x000000017278c000,0x000000017298f000] [id=73987]
  0x000000014b7230a0 GCTaskThread "GC Thread#2" [stack: 0x0000000172998000,0x0000000172b9b000] [id=73731]
  0x000000014b723910 GCTaskThread "GC Thread#3" [stack: 0x0000000172ba4000,0x0000000172da7000] [id=54019]
  0x000000014b724180 GCTaskThread "GC Thread#4" [stack: 0x0000000172db0000,0x0000000172fb3000] [id=73219]
  0x000000014b7249f0 GCTaskThread "GC Thread#5" [stack: 0x0000000172fbc000,0x00000001731bf000] [id=72707]
  0x000000014c9076f0 ConcurrentGCThread "G1 Main Marker" [stack: 0x000000016fa60000,0x000000016fc63000] [id=13315]
  0x000000014ca041a0 ConcurrentGCThread "G1 Conc#0" [stack: 0x000000016fc6c000,0x000000016fe6f000] [id=20227]
  0x000000014b704640 ConcurrentGCThread "G1 Refine#0" [stack: 0x000000016fe78000,0x000000017007b000] [id=14339]
  0x000000014b704ee0 ConcurrentGCThread "G1 Service" [stack: 0x0000000170084000,0x0000000170287000] [id=14851]

Threads with active compile tasks:

VM state: not at safepoint (normal execution)

VM Mutex/Monitor currently owned by a thread: None

Heap address: 0x0000000780000000, size: 2048 MB, Compressed Oops mode: Zero based, Oop shift amount: 3

CDS archive(s) mapped at: [0x0000000800000000-0x0000000800bd0000-0x0000000800bd0000), size 12386304, SharedBaseAddress: 0x0000000800000000, ArchiveRelocationMode: 0.
Compressed class space mapped at: 0x0000000800c00000-0x0000000840c00000, reserved size: 1073741824
Narrow klass base: 0x0000000800000000, Narrow klass shift: 0, Narrow klass range: 0x100000000

GC Precious Log:
 CPUs: 8 total, 8 available
 Memory: 8192M
 Large Page Support: Disabled
 NUMA Support: Disabled
 Compressed Oops: Enabled (Zero based)
 Heap Region Size: 1M
 Heap Min Capacity: 8M
 Heap Initial Capacity: 128M
 Heap Max Capacity: 2G
 Pre-touch: Disabled
 Parallel Workers: 8
 Concurrent Workers: 2
 Concurrent Refinement Workers: 8
 Periodic GC: Disabled

Heap:
 garbage-first heap   total 133120K, used 41372K [0x0000000780000000, 0x0000000800000000)
  region size 1024K, 35 young (35840K), 3 survivors (3072K)
 Metaspace       used 15160K, committed 15424K, reserved 1064960K
  class space    used 2224K, committed 2368K, reserved 1048576K

Heap Regions: E=young(eden), S=young(survivor), O=old, HS=humongous(starts), HC=humongous(continues), CS=collection set, F=free, OA=open archive, CA=closed archive, TAMS=top-at-mark-start (previous, next)
|   0|0x0000000780000000, 0x000000078006f000, 0x0000000780100000| 43%| O|  |TAMS 0x0000000780000000, 0x0000000780000000| Untracked 
|   1|0x0000000780100000, 0x0000000780200000, 0x0000000780200000|100%|HS|  |TAMS 0x0000000780100000, 0x0000000780100000| Complete 
|   2|0x0000000780200000, 0x0000000780300000, 0x0000000780300000|100%|HS|  |TAMS 0x0000000780200000, 0x0000000780200000| Complete 
|   3|0x0000000780300000, 0x0000000780400000, 0x0000000780400000|100%|HC|  |TAMS 0x0000000780300000, 0x0000000780300000| Complete 
|   4|0x0000000780400000, 0x0000000780500000, 0x0000000780500000|100%|HS|  |TAMS 0x0000000780400000, 0x0000000780400000| Complete 
|   5|0x0000000780500000, 0x0000000780600000, 0x0000000780600000|100%|HC|  |TAMS 0x0000000780500000, 0x0000000780500000| Complete 
|   6|0x0000000780600000, 0x0000000780600000, 0x0000000780700000|  0%| F|  |TAMS 0x0000000780600000, 0x0000000780600000| Untracked 
|   7|0x0000000780700000, 0x0000000780700000, 0x0000000780800000|  0%| F|  |TAMS 0x0000000780700000, 0x0000000780700000| Untracked 
|   8|0x0000000780800000, 0x0000000780800000, 0x0000000780900000|  0%| F|  |TAMS 0x0000000780800000, 0x0000000780800000| Untracked 
|   9|0x0000000780900000, 0x0000000780900000, 0x0000000780a00000|  0%| F|  |TAMS 0x0000000780900000, 0x0000000780900000| Untracked 
|  10|0x0000000780a00000, 0x0000000780a00000, 0x0000000780b00000|  0%| F|  |TAMS 0x0000000780a00000, 0x0000000780a00000| Untracked 
|  11|0x0000000780b00000, 0x0000000780b00000, 0x0000000780c00000|  0%| F|  |TAMS 0x0000000780b00000, 0x0000000780b00000| Untracked 
|  12|0x0000000780c00000, 0x0000000780c00000, 0x0000000780d00000|  0%| F|  |TAMS 0x0000000780c00000, 0x0000000780c00000| Untracked 
|  13|0x0000000780d00000, 0x0000000780d00000, 0x0000000780e00000|  0%| F|  |TAMS 0x0000000780d00000, 0x0000000780d00000| Untracked 
|  14|0x0000000780e00000, 0x0000000780e00000, 0x0000000780f00000|  0%| F|  |TAMS 0x0000000780e00000, 0x0000000780e00000| Untracked 
|  15|0x0000000780f00000, 0x0000000780f00000, 0x0000000781000000|  0%| F|  |TAMS 0x0000000780f00000, 0x0000000780f00000| Untracked 
|  16|0x0000000781000000, 0x0000000781000000, 0x0000000781100000|  0%| F|  |TAMS 0x0000000781000000, 0x0000000781000000| Untracked 
|  17|0x0000000781100000, 0x0000000781100000, 0x0000000781200000|  0%| F|  |TAMS 0x0000000781100000, 0x0000000781100000| Untracked 
|  18|0x0000000781200000, 0x0000000781200000, 0x0000000781300000|  0%| F|  |TAMS 0x0000000781200000, 0x0000000781200000| Untracked 
|  19|0x0000000781300000, 0x0000000781300000, 0x0000000781400000|  0%| F|  |TAMS 0x0000000781300000, 0x0000000781300000| Untracked 
|  20|0x0000000781400000, 0x0000000781400000, 0x0000000781500000|  0%| F|  |TAMS 0x0000000781400000, 0x0000000781400000| Untracked 
|  21|0x0000000781500000, 0x0000000781500000, 0x0000000781600000|  0%| F|  |TAMS 0x0000000781500000, 0x0000000781500000| Untracked 
|  22|0x0000000781600000, 0x0000000781600000, 0x0000000781700000|  0%| F|  |TAMS 0x0000000781600000, 0x0000000781600000| Untracked 
|  23|0x0000000781700000, 0x0000000781700000, 0x0000000781800000|  0%| F|  |TAMS 0x0000000781700000, 0x0000000781700000| Untracked 
|  24|0x0000000781800000, 0x0000000781800000, 0x0000000781900000|  0%| F|  |TAMS 0x0000000781800000, 0x0000000781800000| Untracked 
|  25|0x0000000781900000, 0x0000000781900000, 0x0000000781a00000|  0%| F|  |TAMS 0x0000000781900000, 0x0000000781900000| Untracked 
|  26|0x0000000781a00000, 0x0000000781a00000, 0x0000000781b00000|  0%| F|  |TAMS 0x0000000781a00000, 0x0000000781a00000| Untracked 
|  27|0x0000000781b00000, 0x0000000781b00000, 0x0000000781c00000|  0%| F|  |TAMS 0x0000000781b00000, 0x0000000781b00000| Untracked 
|  28|0x0000000781c00000, 0x0000000781c00000, 0x0000000781d00000|  0%| F|  |TAMS 0x0000000781c00000, 0x0000000781c00000| Untracked 
|  29|0x0000000781d00000, 0x0000000781d00000, 0x0000000781e00000|  0%| F|  |TAMS 0x0000000781d00000, 0x0000000781d00000| Untracked 
|  30|0x0000000781e00000, 0x0000000781e00000, 0x0000000781f00000|  0%| F|  |TAMS 0x0000000781e00000, 0x0000000781e00000| Untracked 
|  31|0x0000000781f00000, 0x0000000781f00000, 0x0000000782000000|  0%| F|  |TAMS 0x0000000781f00000, 0x0000000781f00000| Untracked 
|  32|0x0000000782000000, 0x0000000782000000, 0x0000000782100000|  0%| F|  |TAMS 0x0000000782000000, 0x0000000782000000| Untracked 
|  33|0x0000000782100000, 0x0000000782100000, 0x0000000782200000|  0%| F|  |TAMS 0x0000000782100000, 0x0000000782100000| Untracked 
|  34|0x0000000782200000, 0x0000000782200000, 0x0000000782300000|  0%| F|  |TAMS 0x0000000782200000, 0x0000000782200000| Untracked 
|  35|0x0000000782300000, 0x0000000782300000, 0x0000000782400000|  0%| F|  |TAMS 0x0000000782300000, 0x0000000782300000| Untracked 
|  36|0x0000000782400000, 0x0000000782400000, 0x0000000782500000|  0%| F|  |TAMS 0x0000000782400000, 0x0000000782400000| Untracked 
|  37|0x0000000782500000, 0x0000000782500000, 0x0000000782600000|  0%| F|  |TAMS 0x0000000782500000, 0x0000000782500000| Untracked 
|  38|0x0000000782600000, 0x0000000782600000, 0x0000000782700000|  0%| F|  |TAMS 0x0000000782600000, 0x0000000782600000| Untracked 
|  39|0x0000000782700000, 0x0000000782700000, 0x0000000782800000|  0%| F|  |TAMS 0x0000000782700000, 0x0000000782700000| Untracked 
|  40|0x0000000782800000, 0x0000000782800000, 0x0000000782900000|  0%| F|  |TAMS 0x0000000782800000, 0x0000000782800000| Untracked 
|  41|0x0000000782900000, 0x0000000782900000, 0x0000000782a00000|  0%| F|  |TAMS 0x0000000782900000, 0x0000000782900000| Untracked 
|  42|0x0000000782a00000, 0x0000000782a00000, 0x0000000782b00000|  0%| F|  |TAMS 0x0000000782a00000, 0x0000000782a00000| Untracked 
|  43|0x0000000782b00000, 0x0000000782b00000, 0x0000000782c00000|  0%| F|  |TAMS 0x0000000782b00000, 0x0000000782b00000| Untracked 
|  44|0x0000000782c00000, 0x0000000782c00000, 0x0000000782d00000|  0%| F|  |TAMS 0x0000000782c00000, 0x0000000782c00000| Untracked 
|  45|0x0000000782d00000, 0x0000000782d00000, 0x0000000782e00000|  0%| F|  |TAMS 0x0000000782d00000, 0x0000000782d00000| Untracked 
|  46|0x0000000782e00000, 0x0000000782e00000, 0x0000000782f00000|  0%| F|  |TAMS 0x0000000782e00000, 0x0000000782e00000| Untracked 
|  47|0x0000000782f00000, 0x0000000782f00000, 0x0000000783000000|  0%| F|  |TAMS 0x0000000782f00000, 0x0000000782f00000| Untracked 
|  48|0x0000000783000000, 0x0000000783000000, 0x0000000783100000|  0%| F|  |TAMS 0x0000000783000000, 0x0000000783000000| Untracked 
|  49|0x0000000783100000, 0x0000000783100000, 0x0000000783200000|  0%| F|  |TAMS 0x0000000783100000, 0x0000000783100000| Untracked 
|  50|0x0000000783200000, 0x0000000783200000, 0x0000000783300000|  0%| F|  |TAMS 0x0000000783200000, 0x0000000783200000| Untracked 
|  51|0x0000000783300000, 0x0000000783300000, 0x0000000783400000|  0%| F|  |TAMS 0x0000000783300000, 0x0000000783300000| Untracked 
|  52|0x0000000783400000, 0x0000000783400000, 0x0000000783500000|  0%| F|  |TAMS 0x0000000783400000, 0x0000000783400000| Untracked 
|  53|0x0000000783500000, 0x0000000783500000, 0x0000000783600000|  0%| F|  |TAMS 0x0000000783500000, 0x0000000783500000| Untracked 
|  54|0x0000000783600000, 0x0000000783600000, 0x0000000783700000|  0%| F|  |TAMS 0x0000000783600000, 0x0000000783600000| Untracked 
|  55|0x0000000783700000, 0x0000000783700000, 0x0000000783800000|  0%| F|  |TAMS 0x0000000783700000, 0x0000000783700000| Untracked 
|  56|0x0000000783800000, 0x0000000783800000, 0x0000000783900000|  0%| F|  |TAMS 0x0000000783800000, 0x0000000783800000| Untracked 
|  57|0x0000000783900000, 0x0000000783900000, 0x0000000783a00000|  0%| F|  |TAMS 0x0000000783900000, 0x0000000783900000| Untracked 
|  58|0x0000000783a00000, 0x0000000783a00000, 0x0000000783b00000|  0%| F|  |TAMS 0x0000000783a00000, 0x0000000783a00000| Untracked 
|  59|0x0000000783b00000, 0x0000000783b00000, 0x0000000783c00000|  0%| F|  |TAMS 0x0000000783b00000, 0x0000000783b00000| Untracked 
|  60|0x0000000783c00000, 0x0000000783c00000, 0x0000000783d00000|  0%| F|  |TAMS 0x0000000783c00000, 0x0000000783c00000| Untracked 
|  61|0x0000000783d00000, 0x0000000783d00000, 0x0000000783e00000|  0%| F|  |TAMS 0x0000000783d00000, 0x0000000783d00000| Untracked 
|  62|0x0000000783e00000, 0x0000000783e00000, 0x0000000783f00000|  0%| F|  |TAMS 0x0000000783e00000, 0x0000000783e00000| Untracked 
|  63|0x0000000783f00000, 0x0000000783f00000, 0x0000000784000000|  0%| F|  |TAMS 0x0000000783f00000, 0x0000000783f00000| Untracked 
|  64|0x0000000784000000, 0x0000000784000000, 0x0000000784100000|  0%| F|  |TAMS 0x0000000784000000, 0x0000000784000000| Untracked 
|  65|0x0000000784100000, 0x0000000784100000, 0x0000000784200000|  0%| F|  |TAMS 0x0000000784100000, 0x0000000784100000| Untracked 
|  66|0x0000000784200000, 0x0000000784200000, 0x0000000784300000|  0%| F|  |TAMS 0x0000000784200000, 0x0000000784200000| Untracked 
|  67|0x0000000784300000, 0x0000000784300000, 0x0000000784400000|  0%| F|  |TAMS 0x0000000784300000, 0x0000000784300000| Untracked 
|  68|0x0000000784400000, 0x0000000784400000, 0x0000000784500000|  0%| F|  |TAMS 0x0000000784400000, 0x0000000784400000| Untracked 
|  69|0x0000000784500000, 0x0000000784500000, 0x0000000784600000|  0%| F|  |TAMS 0x0000000784500000, 0x0000000784500000| Untracked 
|  70|0x0000000784600000, 0x0000000784600000, 0x0000000784700000|  0%| F|  |TAMS 0x0000000784600000, 0x0000000784600000| Untracked 
|  71|0x0000000784700000, 0x0000000784700000, 0x0000000784800000|  0%| F|  |TAMS 0x0000000784700000, 0x0000000784700000| Untracked 
|  72|0x0000000784800000, 0x0000000784800000, 0x0000000784900000|  0%| F|  |TAMS 0x0000000784800000, 0x0000000784800000| Untracked 
|  73|0x0000000784900000, 0x0000000784900000, 0x0000000784a00000|  0%| F|  |TAMS 0x0000000784900000, 0x0000000784900000| Untracked 
|  74|0x0000000784a00000, 0x0000000784a00000, 0x0000000784b00000|  0%| F|  |TAMS 0x0000000784a00000, 0x0000000784a00000| Untracked 
|  75|0x0000000784b00000, 0x0000000784b00000, 0x0000000784c00000|  0%| F|  |TAMS 0x0000000784b00000, 0x0000000784b00000| Untracked 
|  76|0x0000000784c00000, 0x0000000784c00000, 0x0000000784d00000|  0%| F|  |TAMS 0x0000000784c00000, 0x0000000784c00000| Untracked 
|  77|0x0000000784d00000, 0x0000000784d00000, 0x0000000784e00000|  0%| F|  |TAMS 0x0000000784d00000, 0x0000000784d00000| Untracked 
|  78|0x0000000784e00000, 0x0000000784e00000, 0x0000000784f00000|  0%| F|  |TAMS 0x0000000784e00000, 0x0000000784e00000| Untracked 
|  79|0x0000000784f00000, 0x0000000784f00000, 0x0000000785000000|  0%| F|  |TAMS 0x0000000784f00000, 0x0000000784f00000| Untracked 
|  80|0x0000000785000000, 0x0000000785000000, 0x0000000785100000|  0%| F|  |TAMS 0x0000000785000000, 0x0000000785000000| Untracked 
|  81|0x0000000785100000, 0x0000000785100000, 0x0000000785200000|  0%| F|  |TAMS 0x0000000785100000, 0x0000000785100000| Untracked 
|  82|0x0000000785200000, 0x0000000785200000, 0x0000000785300000|  0%| F|  |TAMS 0x0000000785200000, 0x0000000785200000| Untracked 
|  83|0x0000000785300000, 0x0000000785300000, 0x0000000785400000|  0%| F|  |TAMS 0x0000000785300000, 0x0000000785300000| Untracked 
|  84|0x0000000785400000, 0x0000000785400000, 0x0000000785500000|  0%| F|  |TAMS 0x0000000785400000, 0x0000000785400000| Untracked 
|  85|0x0000000785500000, 0x0000000785500000, 0x0000000785600000|  0%| F|  |TAMS 0x0000000785500000, 0x0000000785500000| Untracked 
|  86|0x0000000785600000, 0x0000000785600000, 0x0000000785700000|  0%| F|  |TAMS 0x0000000785600000, 0x0000000785600000| Untracked 
|  87|0x0000000785700000, 0x0000000785700000, 0x0000000785800000|  0%| F|  |TAMS 0x0000000785700000, 0x0000000785700000| Untracked 
|  88|0x0000000785800000, 0x0000000785800000, 0x0000000785900000|  0%| F|  |TAMS 0x0000000785800000, 0x0000000785800000| Untracked 
|  89|0x0000000785900000, 0x0000000785900000, 0x0000000785a00000|  0%| F|  |TAMS 0x0000000785900000, 0x0000000785900000| Untracked 
|  90|0x0000000785a00000, 0x0000000785a00000, 0x0000000785b00000|  0%| F|  |TAMS 0x0000000785a00000, 0x0000000785a00000| Untracked 
|  91|0x0000000785b00000, 0x0000000785b00000, 0x0000000785c00000|  0%| F|  |TAMS 0x0000000785b00000, 0x0000000785b00000| Untracked 
|  92|0x0000000785c00000, 0x0000000785c00000, 0x0000000785d00000|  0%| F|  |TAMS 0x0000000785c00000, 0x0000000785c00000| Untracked 
|  93|0x0000000785d00000, 0x0000000785df8938, 0x0000000785e00000| 97%| E|  |TAMS 0x0000000785d00000, 0x0000000785d00000| Complete 
|  94|0x0000000785e00000, 0x0000000785f00000, 0x0000000785f00000|100%| E|CS|TAMS 0x0000000785e00000, 0x0000000785e00000| Complete 
|  95|0x0000000785f00000, 0x0000000786000000, 0x0000000786000000|100%| E|CS|TAMS 0x0000000785f00000, 0x0000000785f00000| Complete 
|  96|0x0000000786000000, 0x0000000786100000, 0x0000000786100000|100%| E|CS|TAMS 0x0000000786000000, 0x0000000786000000| Complete 
|  97|0x0000000786100000, 0x0000000786200000, 0x0000000786200000|100%| E|CS|TAMS 0x0000000786100000, 0x0000000786100000| Complete 
|  98|0x0000000786200000, 0x0000000786300000, 0x0000000786300000|100%| E|CS|TAMS 0x0000000786200000, 0x0000000786200000| Complete 
|  99|0x0000000786300000, 0x0000000786400000, 0x0000000786400000|100%| E|CS|TAMS 0x0000000786300000, 0x0000000786300000| Complete 
| 100|0x0000000786400000, 0x0000000786500000, 0x0000000786500000|100%| E|CS|TAMS 0x0000000786400000, 0x0000000786400000| Complete 
| 101|0x0000000786500000, 0x0000000786600000, 0x0000000786600000|100%| E|CS|TAMS 0x0000000786500000, 0x0000000786500000| Complete 
| 102|0x0000000786600000, 0x0000000786700000, 0x0000000786700000|100%| S|CS|TAMS 0x0000000786600000, 0x0000000786600000| Complete 
| 103|0x0000000786700000, 0x0000000786800000, 0x0000000786800000|100%| S|CS|TAMS 0x0000000786700000, 0x0000000786700000| Complete 
| 104|0x0000000786800000, 0x0000000786900000, 0x0000000786900000|100%| S|CS|TAMS 0x0000000786800000, 0x0000000786800000| Complete 
| 105|0x0000000786900000, 0x0000000786a00000, 0x0000000786a00000|100%| E|CS|TAMS 0x0000000786900000, 0x0000000786900000| Complete 
| 106|0x0000000786a00000, 0x0000000786b00000, 0x0000000786b00000|100%| E|CS|TAMS 0x0000000786a00000, 0x0000000786a00000| Complete 
| 107|0x0000000786b00000, 0x0000000786c00000, 0x0000000786c00000|100%| E|CS|TAMS 0x0000000786b00000, 0x0000000786b00000| Complete 
| 108|0x0000000786c00000, 0x0000000786d00000, 0x0000000786d00000|100%| E|CS|TAMS 0x0000000786c00000, 0x0000000786c00000| Complete 
| 109|0x0000000786d00000, 0x0000000786e00000, 0x0000000786e00000|100%| E|CS|TAMS 0x0000000786d00000, 0x0000000786d00000| Complete 
| 110|0x0000000786e00000, 0x0000000786f00000, 0x0000000786f00000|100%| E|CS|TAMS 0x0000000786e00000, 0x0000000786e00000| Complete 
| 111|0x0000000786f00000, 0x0000000787000000, 0x0000000787000000|100%| E|CS|TAMS 0x0000000786f00000, 0x0000000786f00000| Complete 
| 112|0x0000000787000000, 0x0000000787100000, 0x0000000787100000|100%| E|CS|TAMS 0x0000000787000000, 0x0000000787000000| Complete 
| 113|0x0000000787100000, 0x0000000787200000, 0x0000000787200000|100%| E|CS|TAMS 0x0000000787100000, 0x0000000787100000| Complete 
| 114|0x0000000787200000, 0x0000000787300000, 0x0000000787300000|100%| E|CS|TAMS 0x0000000787200000, 0x0000000787200000| Complete 
| 115|0x0000000787300000, 0x0000000787400000, 0x0000000787400000|100%| E|CS|TAMS 0x0000000787300000, 0x0000000787300000| Complete 
| 116|0x0000000787400000, 0x0000000787500000, 0x0000000787500000|100%| E|CS|TAMS 0x0000000787400000, 0x0000000787400000| Complete 
| 117|0x0000000787500000, 0x0000000787600000, 0x0000000787600000|100%| E|CS|TAMS 0x0000000787500000, 0x0000000787500000| Complete 
| 118|0x0000000787600000, 0x0000000787700000, 0x0000000787700000|100%| E|CS|TAMS 0x0000000787600000, 0x0000000787600000| Complete 
| 119|0x0000000787700000, 0x0000000787800000, 0x0000000787800000|100%| E|CS|TAMS 0x0000000787700000, 0x0000000787700000| Complete 
| 120|0x0000000787800000, 0x0000000787900000, 0x0000000787900000|100%| E|CS|TAMS 0x0000000787800000, 0x0000000787800000| Complete 
| 121|0x0000000787900000, 0x0000000787a00000, 0x0000000787a00000|100%| E|CS|TAMS 0x0000000787900000, 0x0000000787900000| Complete 
| 122|0x0000000787a00000, 0x0000000787b00000, 0x0000000787b00000|100%| E|CS|TAMS 0x0000000787a00000, 0x0000000787a00000| Complete 
| 123|0x0000000787b00000, 0x0000000787c00000, 0x0000000787c00000|100%| E|CS|TAMS 0x0000000787b00000, 0x0000000787b00000| Complete 
| 124|0x0000000787c00000, 0x0000000787d00000, 0x0000000787d00000|100%| E|CS|TAMS 0x0000000787c00000, 0x0000000787c00000| Complete 
| 125|0x0000000787d00000, 0x0000000787e00000, 0x0000000787e00000|100%| E|CS|TAMS 0x0000000787d00000, 0x0000000787d00000| Complete 
| 126|0x0000000787e00000, 0x0000000787f00000, 0x0000000787f00000|100%| E|CS|TAMS 0x0000000787e00000, 0x0000000787e00000| Complete 
| 127|0x0000000787f00000, 0x0000000788000000, 0x0000000788000000|100%| E|CS|TAMS 0x0000000787f00000, 0x0000000787f00000| Complete 
|2046|0x00000007ffe00000, 0x00000007ffe78000, 0x00000007fff00000| 46%|OA|  |TAMS 0x00000007ffe00000, 0x00000007ffe00000| Untracked 
|2047|0x00000007fff00000, 0x00000007fff80000, 0x0000000800000000| 50%|CA|  |TAMS 0x00000007fff00000, 0x00000007fff00000| Untracked 

Card table byte_map: [0x0000000101188000,0x0000000101588000] _byte_map_base: 0x00000000fd588000

Marking Bits (Prev, Next): (CMBitMap*) 0x000000014d83de10, (CMBitMap*) 0x000000014d83de50
 Prev Bits: [0x00000001190fc000, 0x000000011b0fc000)
 Next Bits: [0x000000011b0fc000, 0x000000011d0fc000)

Polling page: 0x00000001009c8000

Metaspace:

Usage:
  Non-class:     12.63 MB used.
      Class:      2.17 MB used.
       Both:     14.80 MB used.

Virtual space:
  Non-class space:       16.00 MB reserved,      12.75 MB ( 80%) committed,  2 nodes.
      Class space:        1.00 GB reserved,       2.31 MB ( <1%) committed,  1 nodes.
             Both:        1.02 GB reserved,      15.06 MB (  1%) committed. 

Chunk freelists:
   Non-Class:  3.07 MB
       Class:  1.72 MB
        Both:  4.79 MB

MaxMetaspaceSize: unlimited
CompressedClassSpaceSize: 1.00 GB
Initial GC threshold: 21.00 MB
Current GC threshold: 21.00 MB
CDS: on
MetaspaceReclaimPolicy: balanced
 - commit_granule_bytes: 65536.
 - commit_granule_words: 8192.
 - virtual_space_node_default_size: 1048576.
 - enlarge_chunks_in_place: 1.
 - new_chunks_are_fully_committed: 0.
 - uncommit_free_chunks: 1.
 - use_allocation_guard: 0.
 - handle_deallocations: 1.


Internal statistics:

num_allocs_failed_limit: 0.
num_arena_births: 212.
num_arena_deaths: 0.
num_vsnodes_births: 3.
num_vsnodes_deaths: 0.
num_space_committed: 241.
num_space_uncommitted: 0.
num_chunks_returned_to_freelist: 0.
num_chunks_taken_from_freelist: 693.
num_chunk_merges: 0.
num_chunk_splits: 469.
num_chunks_enlarged: 366.
num_purges: 0.
num_inconsistent_stats: 0.

CodeHeap 'non-profiled nmethods': size=120032Kb used=807Kb max_used=807Kb free=119224Kb
 bounds [0x0000000111bc4000, 0x0000000111e34000, 0x00000001190fc000]
CodeHeap 'profiled nmethods': size=120016Kb used=3998Kb max_used=3998Kb free=116018Kb
 bounds [0x000000010a690000, 0x000000010aa80000, 0x0000000111bc4000]
CodeHeap 'non-nmethods': size=5712Kb used=1374Kb max_used=1496Kb free=4337Kb
 bounds [0x000000010a0fc000, 0x000000010a36c000, 0x000000010a690000]
 total_blobs=2857 nmethods=2086 adapters=687
 compilation: enabled
              stopped_count=0, restarted_count=0
 full_count=0

Compilation events (20 events):
Event: 3.823 Thread 0x000000014d850c00 nmethod 2133 0x000000010aa6ef10 code [0x000000010aa6f0c0, 0x000000010aa6f268]
Event: 3.823 Thread 0x000000014d850c00 2135   !   3       com.sun.javafx.application.PlatformImpl::isSupported (41 bytes)
Event: 3.823 Thread 0x000000014d850c00 nmethod 2135 0x000000010aa6f310 code [0x000000010aa6f500, 0x000000010aa6f908]
Event: 3.823 Thread 0x000000014d850c00 2136       3       java.util.WeakHashMap$HashIterator::<init> (41 bytes)
Event: 3.823 Thread 0x000000014d850c00 nmethod 2136 0x000000010aa6fb10 code [0x000000010aa6fd00, 0x000000010aa70158]
Event: 3.824 Thread 0x000000014d850600 nmethod 2114% 0x0000000111c87990 code [0x0000000111c87d40, 0x0000000111c8a880]
Event: 3.824 Thread 0x000000014d850600 2126       4       java.util.ArrayList::isEmpty (13 bytes)
Event: 3.825 Thread 0x000000014d850600 nmethod 2126 0x0000000111c8d390 code [0x0000000111c8d500, 0x0000000111c8d5a0]
Event: 3.874 Thread 0x000000014d850c00 2137  s    3       com.sun.javafx.tk.quantum.QuantumToolkit$PulseTask::set (20 bytes)
Event: 3.874 Thread 0x000000014d850c00 nmethod 2137 0x000000010aa70310 code [0x000000010aa70500, 0x000000010aa70b58]
Event: 3.903 Thread 0x000000014d850600 2138       4       com.sun.glass.ui.Application::GetApplication (4 bytes)
Event: 3.903 Thread 0x000000014d850c00 2139       3       com.sun.javafx.tk.quantum.QuantumToolkit::isSupported (142 bytes)
Event: 3.903 Thread 0x000000014d850600 nmethod 2138 0x0000000111c8d690 code [0x0000000111c8d800, 0x0000000111c8d8a0]
Event: 3.904 Thread 0x000000014d850c00 nmethod 2139 0x000000010aa70d90 code [0x000000010aa71140, 0x000000010aa724b8]
Event: 3.924 Thread 0x000000014d850c00 2140       1       java.lang.Thread::isInterrupted (5 bytes)
Event: 3.924 Thread 0x000000014d850c00 nmethod 2140 0x0000000111c8d990 code [0x0000000111c8db00, 0x0000000111c8dbe8]
Event: 3.974 Thread 0x000000014d850c00 2141       3       java.util.WeakHashMap::entrySet (27 bytes)
Event: 3.975 Thread 0x000000014d850c00 nmethod 2141 0x000000010aa72b10 code [0x000000010aa72d00, 0x000000010aa73128]
Event: 3.975 Thread 0x000000014d850c00 2142       3       java.util.WeakHashMap$EntrySet::iterator (12 bytes)
Event: 3.975 Thread 0x000000014d850c00 nmethod 2142 0x000000010aa73290 code [0x000000010aa73440, 0x000000010aa736d8]

GC Heap History (2 events):
Event: 0.347 GC heap before
{Heap before GC invocations=0 (full 0):
 garbage-first heap   total 133120K, used 23520K [0x0000000780000000, 0x0000000800000000)
  region size 1024K, 23 young (23552K), 0 survivors (0K)
 Metaspace       used 7633K, committed 7872K, reserved 1056768K
  class space    used 969K, committed 1088K, reserved 1048576K
}
Event: 0.349 GC heap after
{Heap after GC invocations=1 (full 0):
 garbage-first heap   total 133120K, used 4508K [0x0000000780000000, 0x0000000800000000)
  region size 1024K, 3 young (3072K), 3 survivors (3072K)
 Metaspace       used 7633K, committed 7872K, reserved 1056768K
  class space    used 969K, committed 1088K, reserved 1048576K
}

Deoptimization events (20 events):
Event: 1.532 Thread 0x0000000122008200 DEOPT PACKING pc=0x000000010a9471b8 sp=0x00000001720d1490
Event: 1.532 Thread 0x0000000122008200 DEOPT UNPACKING pc=0x000000010a13ab7c sp=0x00000001720d1120 mode 0
Event: 1.533 Thread 0x0000000122008200 DEOPT PACKING pc=0x000000010a9471b8 sp=0x00000001720d14d0
Event: 1.533 Thread 0x0000000122008200 DEOPT UNPACKING pc=0x000000010a13ab7c sp=0x00000001720d1130 mode 0
Event: 1.664 Thread 0x0000000122008200 DEOPT PACKING pc=0x000000010a9470cc sp=0x00000001720d14d0
Event: 1.664 Thread 0x0000000122008200 DEOPT UNPACKING pc=0x000000010a13ab7c sp=0x00000001720d1130 mode 0
Event: 1.664 Thread 0x0000000122008200 DEOPT PACKING pc=0x000000010a9470cc sp=0x00000001720d14d0
Event: 1.664 Thread 0x0000000122008200 DEOPT UNPACKING pc=0x000000010a13ab7c sp=0x00000001720d1130 mode 0
Event: 1.665 Thread 0x0000000122008200 DEOPT PACKING pc=0x000000010a9470cc sp=0x00000001720d14d0
Event: 1.665 Thread 0x0000000122008200 DEOPT UNPACKING pc=0x000000010a13ab7c sp=0x00000001720d1130 mode 0
Event: 1.665 Thread 0x0000000122008200 DEOPT PACKING pc=0x000000010a9470cc sp=0x00000001720d14d0
Event: 1.665 Thread 0x0000000122008200 DEOPT UNPACKING pc=0x000000010a13ab7c sp=0x00000001720d1130 mode 0
Event: 1.665 Thread 0x0000000122008200 DEOPT PACKING pc=0x000000010a9470cc sp=0x00000001720d14d0
Event: 1.665 Thread 0x0000000122008200 DEOPT UNPACKING pc=0x000000010a13ab7c sp=0x00000001720d1130 mode 0
Event: 1.755 Thread 0x000000014c284600 Uncommon trap: trap_request=0xffffffbe fr.pc=0x0000000111c56548 relative=0x00000000000003c8
Event: 1.755 Thread 0x000000014c284600 Uncommon trap: reason=profile_predicate action=maybe_recompile pc=0x0000000111c56548 method=java.lang.PublicMethods$MethodList.filter([Ljava/lang/reflect/Method;Ljava/lang/String;[Ljava/lang/Class;Z)Ljava/lang/PublicMethods$MethodList; @ 21 c2
Event: 1.755 Thread 0x000000014c284600 DEOPT PACKING pc=0x0000000111c56548 sp=0x000000016f5b4150
Event: 1.755 Thread 0x000000014c284600 DEOPT UNPACKING pc=0x000000010a13ad1c sp=0x000000016f5b40e0 mode 2
Event: 3.779 Thread 0x0000000122008200 DEOPT PACKING pc=0x000000010aa34194 sp=0x00000001720d16f0
Event: 3.779 Thread 0x0000000122008200 DEOPT UNPACKING pc=0x000000010a13ab7c sp=0x00000001720d12f0 mode 0

Classes unloaded (0 events):
No events

Classes redefined (0 events):
No events

Internal exceptions (20 events):
Event: 0.548 Thread 0x000000014c284600 Exception <a 'java/lang/IncompatibleClassChangeError'{0x0000000786f16e40}: Found class java.lang.Object, but interface was expected> (0x0000000786f16e40) 
thrown [open/src/hotspot/share/interpreter/linkResolver.cpp, line 833]
Event: 0.573 Thread 0x000000014c284600 Exception <a 'java/lang/NoSuchMethodError'{0x0000000786d05200}: 'java.lang.Object java.lang.invoke.DirectMethodHandle$Holder.newInvokeSpecial(java.lang.Object, java.lang.Object, int)'> (0x0000000786d05200) 
thrown [open/src/hotspot/share/interpreter/linkResolver.cpp, line 766]
Event: 0.635 Thread 0x0000000122008200 Exception <a 'java/lang/NoSuchMethodError'{0x0000000786c66a88}: 'int java.lang.invoke.DirectMethodHandle$Holder.invokeStaticInit(java.lang.Object, java.lang.Object)'> (0x0000000786c66a88) 
thrown [open/src/hotspot/share/interpreter/linkResolver.cpp, line 766]
Event: 1.658 Thread 0x000000014c284600 Exception <a 'java/lang/NoSuchMethodError'{0x00000007865a25a8}: 'long java.lang.invoke.DirectMethodHandle$Holder.invokeStatic(java.lang.Object, java.lang.Object, java.lang.Object)'> (0x00000007865a25a8) 
thrown [open/src/hotspot/share/interpreter/linkResolver.cpp, line 766]
Event: 1.658 Thread 0x000000014c284600 Exception <a 'java/lang/NoSuchMethodError'{0x00000007865a5d50}: 'long java.lang.invoke.DirectMethodHandle$Holder.invokeStaticInit(java.lang.Object, java.lang.Object, java.lang.Object)'> (0x00000007865a5d50) 
thrown [open/src/hotspot/share/interpreter/linkResolver.cpp, line 766]
Event: 1.659 Thread 0x000000014c284600 Exception <a 'java/lang/NoSuchMethodError'{0x00000007865bd958}: 'java.lang.Object java.lang.invoke.DirectMethodHandle$Holder.newInvokeSpecial(java.lang.Object, java.lang.Object, long)'> (0x00000007865bd958) 
thrown [open/src/hotspot/share/interpreter/linkResolver.cpp, line 766]
Event: 1.660 Thread 0x000000014c284600 Exception <a 'java/lang/NoSuchMethodError'{0x00000007865c1220}: 'java.lang.Object java.lang.invoke.Invokers$Holder.linkToTargetMethod(java.lang.Object, long, java.lang.Object)'> (0x00000007865c1220) 
thrown [open/src/hotspot/share/interpreter/linkResolver.cpp, line 766]
Event: 1.730 Thread 0x000000014c284600 Exception <a 'java/io/FileNotFoundException'{0x000000078643bc80}> (0x000000078643bc80) 
thrown [open/src/hotspot/share/prims/jni.cpp, line 516]
Event: 1.733 Thread 0x000000014c284600 Exception <a 'java/io/FileNotFoundException'{0x0000000786444228}> (0x0000000786444228) 
thrown [open/src/hotspot/share/prims/jni.cpp, line 516]
Event: 1.765 Thread 0x000000014c284600 Exception <a 'java/lang/ClassNotFoundException'{0x000000078628d998}: com/sun/javafx/scene/control/skin/resources/controls> (0x000000078628d998) 
thrown [open/src/hotspot/share/prims/jni.cpp, line 535]
Event: 1.765 Thread 0x000000014c284600 Exception <a 'java/lang/ClassNotFoundException'{0x000000078629bc30}: com/sun/javafx/scene/control/skin/resources/controls_de> (0x000000078629bc30) 
thrown [open/src/hotspot/share/prims/jni.cpp, line 535]
Event: 1.766 Thread 0x000000014c284600 Exception <a 'java/lang/ClassNotFoundException'{0x00000007862a9c00}: com/sun/javafx/scene/control/skin/resources/controls_de_DE> (0x00000007862a9c00) 
thrown [open/src/hotspot/share/prims/jni.cpp, line 535]
Event: 1.775 Thread 0x000000014c284600 Exception <a 'java/lang/NoSuchMethodError'{0x0000000786020830}: 'void java.lang.invoke.DirectMethodHandle$Holder.invokeSpecial(java.lang.Object, java.lang.Object, java.lang.Object, java.lang.Object, java.lang.Object, java.lang.Object)'> (0x0000000786020830) 
thrown [open/src/hotspot/share/interpreter/linkResolver.cpp, line 766]
Event: 2.670 Thread 0x000000014c284600 Exception <a 'java/lang/NullPointerException'{0x0000000785ecdb00}> (0x0000000785ecdb00) 
thrown [open/src/hotspot/share/interpreter/linkResolver.cpp, line 1357]
Event: 2.671 Thread 0x000000014c284600 Exception <a 'java/lang/reflect/InvocationTargetException'{0x0000000785ece080}> (0x0000000785ece080) 
thrown [open/src/hotspot/share/runtime/reflection.cpp, line 1121]
Event: 3.759 Thread 0x000000014c284600 Exception <a 'java/lang/NoSuchMethodError'{0x0000000785d7f2e0}: 'java.lang.Object java.lang.invoke.DirectMethodHandle$Holder.newInvokeSpecial(java.lang.Object, java.lang.Object, int, int, int, int, int, java.lang.Object)'> (0x0000000785d7f2e0) 
thrown [open/src/hotspot/share/interpreter/linkResolver.cpp, line 766]
Event: 3.760 Thread 0x000000014c284600 Exception <a 'java/lang/NoSuchMethodError'{0x0000000785d922c0}: 'java.lang.Object java.lang.invoke.DirectMethodHandle$Holder.newInvokeSpecial(java.lang.Object, java.lang.Object, java.lang.Object, int, int, int, int, int)'> (0x0000000785d922c0) 
thrown [open/src/hotspot/share/interpreter/linkResolver.cpp, line 766]
Event: 3.761 Thread 0x000000014c284600 Exception <a 'java/lang/NoSuchMethodError'{0x0000000785d99b20}: 'java.lang.Object java.lang.invoke.Invokers$Holder.linkToTargetMethod(java.lang.Object, java.lang.Object, int, int, int, int, int, java.lang.Object)'> (0x0000000785d99b20) 
thrown [open/src/hotspot/share/interpreter/linkResolver.cpp, line 766]
Event: 3.820 Thread 0x000000014c284600 Exception <a 'java/lang/NullPointerException'{0x0000000785d9e5f8}> (0x0000000785d9e5f8) 
thrown [open/src/hotspot/share/interpreter/linkResolver.cpp, line 1357]
Event: 3.820 Thread 0x000000014c284600 Exception <a 'java/lang/reflect/InvocationTargetException'{0x0000000785d9eb78}> (0x0000000785d9eb78) 
thrown [open/src/hotspot/share/runtime/reflection.cpp, line 1121]

VM Operations (20 events):
Event: 0.251 Executing VM operation: ICBufferFull
Event: 0.251 Executing VM operation: ICBufferFull done
Event: 0.339 Executing VM operation: HandshakeAllThreads
Event: 0.339 Executing VM operation: HandshakeAllThreads done
Event: 0.347 Executing VM operation: G1CollectForAllocation
Event: 0.349 Executing VM operation: G1CollectForAllocation done
Event: 0.354 Executing VM operation: HandshakeAllThreads
Event: 0.354 Executing VM operation: HandshakeAllThreads done
Event: 0.444 Executing VM operation: HandshakeAllThreads
Event: 0.444 Executing VM operation: HandshakeAllThreads done
Event: 0.459 Executing VM operation: ICBufferFull
Event: 0.459 Executing VM operation: ICBufferFull done
Event: 1.495 Executing VM operation: ICBufferFull
Event: 1.495 Executing VM operation: ICBufferFull done
Event: 1.759 Executing VM operation: ICBufferFull
Event: 1.759 Executing VM operation: ICBufferFull done
Event: 2.761 Executing VM operation: Cleanup
Event: 2.762 Executing VM operation: Cleanup done
Event: 3.767 Executing VM operation: Cleanup
Event: 3.767 Executing VM operation: Cleanup done

Events (20 events):
Event: 2.074 Protecting memory [0x00000001722e8000,0x00000001722f4000] with protection modes 3
Event: 2.074 Thread 0x000000012b9cba00 Thread exited: 0x000000012b9cba00
Event: 2.306 Protecting memory [0x00000001722e8000,0x00000001722f4000] with protection modes 0
Event: 2.306 Thread 0x000000014d02c400 Thread added: 0x000000014d02c400
Event: 2.590 Protecting memory [0x00000001722e8000,0x00000001722f4000] with protection modes 3
Event: 2.590 Thread 0x000000014d02c400 Thread exited: 0x000000014d02c400
Event: 2.623 Protecting memory [0x00000001722e8000,0x00000001722f4000] with protection modes 0
Event: 2.623 Thread 0x0000000122022c00 Thread added: 0x0000000122022c00
Event: 2.671 loading class java/lang/Throwable$WrappedPrintStream
Event: 2.671 loading class java/lang/Throwable$PrintStreamOrWriter
Event: 2.671 loading class java/lang/Throwable$PrintStreamOrWriter done
Event: 2.671 loading class java/lang/Throwable$WrappedPrintStream done
Event: 3.274 Protecting memory [0x00000001722e8000,0x00000001722f4000] with protection modes 3
Event: 3.274 Thread 0x0000000122022c00 Thread exited: 0x0000000122022c00
Event: 3.390 Protecting memory [0x00000001722e8000,0x00000001722f4000] with protection modes 0
Event: 3.390 Thread 0x000000012281e000 Thread added: 0x000000012281e000
Event: 3.674 Protecting memory [0x00000001722e8000,0x00000001722f4000] with protection modes 3
Event: 3.674 Thread 0x000000012281e000 Thread exited: 0x000000012281e000
Event: 3.774 Protecting memory [0x00000001722e8000,0x00000001722f4000] with protection modes 0
Event: 3.774 Thread 0x0000000122820000 Thread added: 0x0000000122820000


Dynamic libraries:
0x0000000100978000 	/Library/Java/JavaVirtualMachines/jdk-17.jdk/Contents/Home/lib/libjli.dylib
0x000000019163c000 	/usr/lib/libz.1.dylib
0x00000001916f3000 	/usr/lib/libSystem.B.dylib
0x00000001916ed000 	/usr/lib/system/libcache.dylib
0x00000001916ab000 	/usr/lib/system/libcommonCrypto.dylib
0x00000001916d4000 	/usr/lib/system/libcompiler_rt.dylib
0x00000001916cb000 	/usr/lib/system/libcopyfile.dylib
0x0000000186933000 	/usr/lib/system/libcorecrypto.dylib
0x00000001869e6000 	/usr/lib/system/libdispatch.dylib
0x0000000186bb4000 	/usr/lib/system/libdyld.dylib
0x00000001916e3000 	/usr/lib/system/libkeymgr.dylib
0x0000000191686000 	/usr/lib/system/libmacho.dylib
0x0000000190d7b000 	/usr/lib/system/libquarantine.dylib
0x00000001916e0000 	/usr/lib/system/libremovefile.dylib
0x000000018bd1c000 	/usr/lib/system/libsystem_asl.dylib
0x00000001868d5000 	/usr/lib/system/libsystem_blocks.dylib
0x0000000186a6e000 	/usr/lib/system/libsystem_c.dylib
0x00000001916d8000 	/usr/lib/system/libsystem_collections.dylib
0x0000000190209000 	/usr/lib/system/libsystem_configuration.dylib
0x000000018f465000 	/usr/lib/system/libsystem_containermanager.dylib
0x00000001913e8000 	/usr/lib/system/libsystem_coreservices.dylib
0x00000001892dc000 	/usr/lib/system/libsystem_darwin.dylib
0x00000001916e4000 	/usr/lib/system/libsystem_dnssd.dylib
0x0000000186a6b000 	/usr/lib/system/libsystem_featureflags.dylib
0x0000000186bc9000 	/usr/lib/system/libsystem_info.dylib
0x000000019164e000 	/usr/lib/system/libsystem_m.dylib
0x00000001869bb000 	/usr/lib/system/libsystem_malloc.dylib
0x000000018bcab000 	/usr/lib/system/libsystem_networkextension.dylib
0x0000000189735000 	/usr/lib/system/libsystem_notify.dylib
0x0000000197a31000 	/usr/lib/system/libsystem_product_info_filter.dylib
0x000000019020e000 	/usr/lib/system/libsystem_sandbox.dylib
0x00000001916dd000 	/usr/lib/system/libsystem_secinit.dylib
0x0000000186b6f000 	/usr/lib/system/libsystem_kernel.dylib
0x0000000186bc1000 	/usr/lib/system/libsystem_platform.dylib
0x0000000186ba7000 	/usr/lib/system/libsystem_pthread.dylib
0x000000018d474000 	/usr/lib/system/libsystem_symptoms.dylib
0x0000000186919000 	/usr/lib/system/libsystem_trace.dylib
0x00000001916b8000 	/usr/lib/system/libunwind.dylib
0x00000001868d7000 	/usr/lib/system/libxpc.dylib
0x0000000186b57000 	/usr/lib/libc++abi.dylib
0x0000000186a2d000 	/usr/lib/libobjc.A.dylib
0x00000001916c3000 	/usr/lib/liboah.dylib
0x0000000186af0000 	/usr/lib/libc++.1.dylib
0x000000019d54a000 	/System/Library/Frameworks/Cocoa.framework/Versions/A/Cocoa
0x0000000189796000 	/System/Library/Frameworks/AppKit.framework/Versions/C/AppKit
0x000000018cc9c000 	/System/Library/Frameworks/CoreData.framework/Versions/A/CoreData
0x0000000187af1000 	/System/Library/Frameworks/Foundation.framework/Versions/C/Foundation
0x000000018a64e000 	/System/Library/PrivateFrameworks/UIFoundation.framework/Versions/A/UIFoundation
0x000000019772b000 	/System/Library/PrivateFrameworks/RemoteViewServices.framework/Versions/A/RemoteViewServices
0x000000018fbb1000 	/System/Library/PrivateFrameworks/XCTTargetBootstrap.framework/Versions/A/XCTTargetBootstrap
0x000000019342f000 	/System/Library/PrivateFrameworks/InternationalSupport.framework/Versions/A/InternationalSupport
0x00000001934b8000 	/System/Library/PrivateFrameworks/UserActivity.framework/Versions/A/UserActivity
0x000000019292a000 	/usr/lib/libspindump.dylib
0x000000018a8bf000 	/System/Library/Frameworks/UniformTypeIdentifiers.framework/Versions/A/UniformTypeIdentifiers
0x000000018e0fc000 	/usr/lib/libapp_launch_measurement.dylib
0x000000018d626000 	/System/Library/PrivateFrameworks/CoreAnalytics.framework/Versions/A/CoreAnalytics
0x000000018e0ff000 	/System/Library/PrivateFrameworks/CoreAutoLayout.framework/Versions/A/CoreAutoLayout
0x000000018f4a2000 	/System/Library/Frameworks/Metal.framework/Versions/A/Metal
0x0000000190219000 	/usr/lib/liblangid.dylib
0x000000018fbb6000 	/System/Library/PrivateFrameworks/CoreSVG.framework/Versions/A/CoreSVG
0x000000018bd50000 	/System/Library/PrivateFrameworks/SkyLight.framework/Versions/A/SkyLight
0x000000018c125000 	/System/Library/Frameworks/CoreGraphics.framework/Versions/A/CoreGraphics
0x0000000197df7000 	/System/Library/Frameworks/Accelerate.framework/Versions/A/Accelerate
0x00000001923a1000 	/System/Library/PrivateFrameworks/IconServices.framework/Versions/A/IconServices
0x000000018f484000 	/System/Library/Frameworks/IOSurface.framework/Versions/A/IOSurface
0x000000018d657000 	/usr/lib/libDiagnosticMessagesClient.dylib
0x000000019b2f8000 	/System/Library/Frameworks/ApplicationServices.framework/Versions/A/ApplicationServices
0x000000018fb99000 	/System/Library/PrivateFrameworks/DFRFoundation.framework/Versions/A/DFRFoundation
0x0000000189026000 	/usr/lib/libicucore.A.dylib
0x00000001942db000 	/System/Library/Frameworks/AudioToolbox.framework/Versions/A/AudioToolbox
0x000000019343b000 	/System/Library/PrivateFrameworks/DataDetectorsCore.framework/Versions/A/DataDetectorsCore
0x00000001a9d7b000 	/System/Library/PrivateFrameworks/TextInput.framework/Versions/A/TextInput
0x000000018bcc5000 	/usr/lib/libMobileGestalt.dylib
0x000000018f865000 	/System/Library/Frameworks/Carbon.framework/Versions/A/Frameworks/HIToolbox.framework/Versions/A/HIToolbox
0x000000018dad8000 	/System/Library/Frameworks/QuartzCore.framework/Versions/A/QuartzCore
0x0000000188ca9000 	/System/Library/Frameworks/Security.framework/Versions/A/Security
0x000000019776b000 	/System/Library/Frameworks/Carbon.framework/Versions/A/Frameworks/SpeechRecognition.framework/Versions/A/SpeechRecognition
0x000000018de52000 	/System/Library/PrivateFrameworks/CoreUI.framework/Versions/A/CoreUI
0x0000000188586000 	/System/Library/Frameworks/CoreAudio.framework/Versions/A/CoreAudio
0x000000018d74c000 	/System/Library/Frameworks/DiskArbitration.framework/Versions/A/DiskArbitration
0x0000000192d34000 	/System/Library/PrivateFrameworks/MultitouchSupport.framework/Versions/A/MultitouchSupport
0x000000018bcc3000 	/usr/lib/libenergytrace.dylib
0x000000018965e000 	/System/Library/Frameworks/IOKit.framework/Versions/A/IOKit
0x0000000197b5a000 	/System/Library/Frameworks/CoreServices.framework/Versions/A/CoreServices
0x000000018e08c000 	/System/Library/PrivateFrameworks/PerformanceAnalysis.framework/Versions/A/PerformanceAnalysis
0x00000001e8063000 	/System/Library/Frameworks/OpenGL.framework/Versions/A/OpenGL
0x0000000190c93000 	/System/Library/PrivateFrameworks/MobileKeyBag.framework/Versions/A/MobileKeyBag
0x000000018c732000 	/System/Library/Frameworks/ColorSync.framework/Versions/A/ColorSync
0x0000000186bf6000 	/System/Library/Frameworks/CoreFoundation.framework/Versions/A/CoreFoundation
0x000000018fe35000 	/System/Library/Frameworks/CoreImage.framework/Versions/A/CoreImage
0x00000001883aa000 	/System/Library/Frameworks/CoreText.framework/Versions/A/CoreText
0x000000018fbe6000 	/System/Library/Frameworks/ImageIO.framework/Versions/A/ImageIO
0x00000001916f9000 	/System/Library/PrivateFrameworks/SoftLinking.framework/Versions/A/SoftLinking
0x000000018e14a000 	/usr/lib/libxml2.2.dylib
0x0000000191992000 	/usr/lib/libcompression.dylib
0x000000019338b000 	/System/Library/PrivateFrameworks/TextureIO.framework/Versions/A/TextureIO
0x00000001920ba000 	/usr/lib/libate.dylib
0x0000000191f7f000 	/usr/lib/liblzma.5.dylib
0x00000001877e5000 	/System/Library/Frameworks/SystemConfiguration.framework/Versions/A/SystemConfiguration
0x00000001916f5000 	/usr/lib/libfakelink.dylib
0x000000018b7f7000 	/System/Library/Frameworks/CFNetwork.framework/Versions/A/CFNetwork
0x000000019183b000 	/usr/lib/libarchive.2.dylib
0x0000000190215000 	/System/Library/PrivateFrameworks/AppleSystemInfo.framework/Versions/A/AppleSystemInfo
0x0000000190da6000 	/usr/lib/libbsm.0.dylib
0x000000018ad68000 	/usr/lib/libnetwork.dylib
0x000000019168f000 	/usr/lib/system/libkxld.dylib
0x00000001909b9000 	/System/Library/PrivateFrameworks/IOMobileFramebuffer.framework/Versions/A/IOMobileFramebuffer
0x000000020598f000 	/usr/lib/libCoreEntitlements.dylib
0x00000001913ca000 	/System/Library/PrivateFrameworks/AppleFSCompression.framework/Versions/A/AppleFSCompression
0x0000000190d8e000 	/usr/lib/libcoretls.dylib
0x0000000191f98000 	/usr/lib/libcoretls_cfhelpers.dylib
0x000000019198d000 	/usr/lib/libpam.2.dylib
0x000000018d08b000 	/usr/lib/libsqlite3.dylib
0x0000000192001000 	/usr/lib/libxar.1.dylib
0x00000001913db000 	/usr/lib/libbz2.1.0.dylib
0x00000001916fa000 	/usr/lib/libpcap.A.dylib
0x000000018d46b000 	/usr/lib/libdns_services.dylib
0x0000000191960000 	/usr/lib/libapple_nghttp2.dylib
0x0000000191737000 	/usr/lib/libiconv.2.dylib
0x0000000191685000 	/usr/lib/libcharset.1.dylib
0x000000018e0c8000 	/System/Library/Frameworks/CoreServices.framework/Versions/A/Frameworks/FSEvents.framework/Versions/A/FSEvents
0x00000001892e7000 	/System/Library/Frameworks/CoreServices.framework/Versions/A/Frameworks/CarbonCore.framework/Versions/A/CarbonCore
0x000000018d6ac000 	/System/Library/Frameworks/CoreServices.framework/Versions/A/Frameworks/Metadata.framework/Versions/A/Metadata
0x00000001913ee000 	/System/Library/Frameworks/CoreServices.framework/Versions/A/Frameworks/OSServices.framework/Versions/A/OSServices
0x00000001918c1000 	/System/Library/Frameworks/CoreServices.framework/Versions/A/Frameworks/SearchKit.framework/Versions/A/SearchKit
0x000000018d3fa000 	/System/Library/Frameworks/CoreServices.framework/Versions/A/Frameworks/AE.framework/Versions/A/AE
0x000000018713c000 	/System/Library/Frameworks/CoreServices.framework/Versions/A/Frameworks/LaunchServices.framework/Versions/A/LaunchServices
0x0000000191f28000 	/System/Library/Frameworks/CoreServices.framework/Versions/A/Frameworks/DictionaryServices.framework/Versions/A/DictionaryServices
0x000000018e0d5000 	/System/Library/Frameworks/CoreServices.framework/Versions/A/Frameworks/SharedFileList.framework/Versions/A/SharedFileList
0x0000000190d7e000 	/usr/lib/libCheckFix.dylib
0x000000018bd34000 	/System/Library/PrivateFrameworks/TCC.framework/Versions/A/TCC
0x000000019021b000 	/System/Library/PrivateFrameworks/CoreNLP.framework/Versions/A/CoreNLP
0x000000018d65a000 	/System/Library/PrivateFrameworks/MetadataUtilities.framework/Versions/A/MetadataUtilities
0x000000018789e000 	/usr/lib/libmecabra.dylib
0x0000000190db7000 	/usr/lib/libmecab.dylib
0x000000018786a000 	/usr/lib/libCRFSuite.dylib
0x0000000190e14000 	/usr/lib/libgermantok.dylib
0x0000000191939000 	/usr/lib/libThaiTokenizer.dylib
0x000000018d754000 	/System/Library/Frameworks/Accelerate.framework/Versions/A/Frameworks/vImage.framework/Versions/A/vImage
0x0000000197b31000 	/System/Library/Frameworks/Accelerate.framework/Versions/A/Frameworks/vecLib.framework/Versions/A/vecLib
0x0000000192046000 	/System/Library/Frameworks/Accelerate.framework/Versions/A/Frameworks/vecLib.framework/Versions/A/libvMisc.dylib
0x00000001908c0000 	/System/Library/Frameworks/Accelerate.framework/Versions/A/Frameworks/vecLib.framework/Versions/A/libvDSP.dylib
0x00000001874c5000 	/System/Library/Frameworks/Accelerate.framework/Versions/A/Frameworks/vecLib.framework/Versions/A/libBLAS.dylib
0x0000000191a63000 	/System/Library/Frameworks/Accelerate.framework/Versions/A/Frameworks/vecLib.framework/Versions/A/libLAPACK.dylib
0x0000000190e17000 	/System/Library/Frameworks/Accelerate.framework/Versions/A/Frameworks/vecLib.framework/Versions/A/libLinearAlgebra.dylib
0x0000000191978000 	/System/Library/Frameworks/Accelerate.framework/Versions/A/Frameworks/vecLib.framework/Versions/A/libSparseBLAS.dylib
0x0000000191a5e000 	/System/Library/Frameworks/Accelerate.framework/Versions/A/Frameworks/vecLib.framework/Versions/A/libQuadrature.dylib
0x0000000190314000 	/System/Library/Frameworks/Accelerate.framework/Versions/A/Frameworks/vecLib.framework/Versions/A/libBNNS.dylib
0x0000000187783000 	/System/Library/Frameworks/Accelerate.framework/Versions/A/Frameworks/vecLib.framework/Versions/A/libSparse.dylib
0x000000019030c000 	/System/Library/PrivateFrameworks/LinguisticData.framework/Versions/A/LinguisticData
0x000000018773b000 	/System/Library/PrivateFrameworks/Lexicon.framework/Versions/A/Lexicon
0x000000019203e000 	/usr/lib/libChineseTokenizer.dylib
0x0000000187ee2000 	/System/Library/PrivateFrameworks/LanguageModeling.framework/Versions/A/LanguageModeling
0x000000019193b000 	/System/Library/PrivateFrameworks/AppleSauce.framework/Versions/A/AppleSauce
0x00000001909a6000 	/System/Library/PrivateFrameworks/CoreEmoji.framework/Versions/A/CoreEmoji
0x0000000191829000 	/usr/lib/libcmph.dylib
0x000000018e0a8000 	/System/Library/Frameworks/OpenDirectory.framework/Versions/A/Frameworks/CFOpenDirectory.framework/Versions/A/CFOpenDirectory
0x000000018e098000 	/System/Library/Frameworks/OpenDirectory.framework/Versions/A/OpenDirectory
0x0000000191f9a000 	/System/Library/PrivateFrameworks/APFS.framework/Versions/A/APFS
0x0000000190cce000 	/System/Library/Frameworks/SecurityFoundation.framework/Versions/A/SecurityFoundation
0x0000000192010000 	/usr/lib/libutil.dylib
0x0000000189620000 	/System/Library/PrivateFrameworks/CoreServicesStore.framework/Versions/A/CoreServicesStore
0x0000000192014000 	/usr/lib/libxslt.1.dylib
0x0000000190d62000 	/System/Library/PrivateFrameworks/BackgroundTaskManagement.framework/Versions/A/BackgroundTaskManagement
0x00000001932ac000 	/System/Library/Frameworks/ImageIO.framework/Versions/A/Resources/libRadiance.dylib
0x00000001932b5000 	/System/Library/Frameworks/ImageIO.framework/Versions/A/Resources/libJPEG.dylib
0x0000000193208000 	/System/Library/Frameworks/ImageIO.framework/Versions/A/Resources/libPng.dylib
0x000000019322a000 	/System/Library/Frameworks/ImageIO.framework/Versions/A/Resources/libTIFF.dylib
0x0000000193310000 	/System/Library/Frameworks/ImageIO.framework/Versions/A/Resources/libGIF.dylib
0x0000000192c44000 	/System/Library/Frameworks/ImageIO.framework/Versions/A/Resources/libJP2.dylib
0x0000000192366000 	/usr/lib/libexpat.1.dylib
0x0000000192bff000 	/System/Library/PrivateFrameworks/AppleJPEG.framework/Versions/A/AppleJPEG
0x000000018f721000 	/System/Library/PrivateFrameworks/FontServices.framework/libFontParser.dylib
0x000000018d39f000 	/System/Library/PrivateFrameworks/RunningBoardServices.framework/Versions/A/RunningBoardServices
0x000000019dc1d000 	/System/Library/PrivateFrameworks/IOSurfaceAccelerator.framework/Versions/A/IOSurfaceAccelerator
0x0000000192d30000 	/System/Library/PrivateFrameworks/WatchdogClient.framework/Versions/A/WatchdogClient
0x0000000187fe6000 	/System/Library/Frameworks/CoreDisplay.framework/Versions/A/CoreDisplay
0x000000018f60b000 	/System/Library/Frameworks/CoreMedia.framework/Versions/A/CoreMedia
0x000000018f498000 	/System/Library/PrivateFrameworks/IOAccelerator.framework/Versions/A/IOAccelerator
0x000000018e238000 	/System/Library/Frameworks/CoreVideo.framework/Versions/A/CoreVideo
0x000000019198b000 	/System/Library/Frameworks/MetalPerformanceShaders.framework/Versions/A/MetalPerformanceShaders
0x0000000192d6f000 	/System/Library/Frameworks/VideoToolbox.framework/Versions/A/VideoToolbox
0x000000018d2e3000 	/System/Library/PrivateFrameworks/BaseBoard.framework/Versions/A/BaseBoard
0x000000018d071000 	/System/Library/PrivateFrameworks/ProtocolBuffer.framework/Versions/A/ProtocolBuffer
0x00000001932a7000 	/System/Library/PrivateFrameworks/GPUWrangler.framework/Versions/A/GPUWrangler
0x0000000193287000 	/System/Library/PrivateFrameworks/IOPresentment.framework/Versions/A/IOPresentment
0x00000001932af000 	/System/Library/PrivateFrameworks/DSExternalDisplay.framework/Versions/A/DSExternalDisplay
0x00000001e8056000 	/System/Library/Frameworks/OpenGL.framework/Versions/A/Libraries/libCoreFSCache.dylib
0x00000001f2515000 	/System/Library/PrivateFrameworks/GPUCompiler.framework/Versions/31001/Libraries/libGPUCompilerUtils.dylib
0x0000000193315000 	/System/Library/PrivateFrameworks/CMCaptureCore.framework/Versions/A/CMCaptureCore
0x0000000192917000 	/System/Library/PrivateFrameworks/AppServerSupport.framework/Versions/A/AppServerSupport
0x0000000194b98000 	/System/Library/PrivateFrameworks/perfdata.framework/Versions/A/perfdata
0x0000000188106000 	/System/Library/PrivateFrameworks/AudioToolboxCore.framework/Versions/A/AudioToolboxCore
0x000000018f5e4000 	/System/Library/PrivateFrameworks/caulk.framework/Versions/A/caulk
0x000000019448d000 	/usr/lib/libAudioStatistics.dylib
0x00000001a63e2000 	/System/Library/PrivateFrameworks/SystemPolicy.framework/Versions/A/SystemPolicy
0x00000001946f9000 	/usr/lib/libSMC.dylib
0x000000019d42c000 	/System/Library/Frameworks/CoreMIDI.framework/Versions/A/CoreMIDI
0x00000001931d6000 	/usr/lib/libAudioToolboxUtility.dylib
0x00000001a24af000 	/System/Library/PrivateFrameworks/OSAServicesClient.framework/Versions/A/OSAServicesClient
0x0000000194ba5000 	/usr/lib/libperfcheck.dylib
0x00000001a6efa000 	/usr/lib/libmis.dylib
0x00000001e80b8000 	/System/Library/Frameworks/OpenGL.framework/Versions/A/Libraries/libGLU.dylib
0x00000001e8077000 	/System/Library/Frameworks/OpenGL.framework/Versions/A/Libraries/libGFXShared.dylib
0x00000001e8264000 	/System/Library/Frameworks/OpenGL.framework/Versions/A/Libraries/libGL.dylib
0x00000001e8080000 	/System/Library/Frameworks/OpenGL.framework/Versions/A/Libraries/libGLImage.dylib
0x00000001e8074000 	/System/Library/Frameworks/OpenGL.framework/Versions/A/Libraries/libCVMSPluginSupport.dylib
0x00000001e805d000 	/System/Library/Frameworks/OpenGL.framework/Versions/A/Libraries/libCoreVMClient.dylib
0x0000000190195000 	/System/Library/Frameworks/MetalPerformanceShaders.framework/Versions/A/Frameworks/MPSCore.framework/Versions/A/MPSCore
0x000000019133d000 	/System/Library/Frameworks/MetalPerformanceShaders.framework/Versions/A/Frameworks/MPSImage.framework/Versions/A/MPSImage
0x0000000190e2c000 	/System/Library/Frameworks/MetalPerformanceShaders.framework/Versions/A/Frameworks/MPSNeuralNetwork.framework/Versions/A/MPSNeuralNetwork
0x0000000191265000 	/System/Library/Frameworks/MetalPerformanceShaders.framework/Versions/A/Frameworks/MPSMatrix.framework/Versions/A/MPSMatrix
0x000000019103e000 	/System/Library/Frameworks/MetalPerformanceShaders.framework/Versions/A/Frameworks/MPSRayIntersector.framework/Versions/A/MPSRayIntersector
0x0000000191296000 	/System/Library/Frameworks/MetalPerformanceShaders.framework/Versions/A/Frameworks/MPSNDArray.framework/Versions/A/MPSNDArray
0x00000001ea1cf000 	/System/Library/Frameworks/MetalPerformanceShaders.framework/Versions/A/Frameworks/MPSFunctions.framework/Versions/A/MPSFunctions
0x000000018739c000 	/System/Library/PrivateFrameworks/MetalTools.framework/Versions/A/MetalTools
0x0000000190213000 	/System/Library/PrivateFrameworks/AggregateDictionary.framework/Versions/A/AggregateDictionary
0x000000019214b000 	/usr/lib/libIOReport.dylib
0x000000019c44a000 	/System/Library/PrivateFrameworks/ASEProcessing.framework/Versions/A/ASEProcessing
0x00000001924c0000 	/System/Library/PrivateFrameworks/FaceCore.framework/Versions/A/FaceCore
0x00000001924b2000 	/System/Library/PrivateFrameworks/GraphVisualizer.framework/Versions/A/GraphVisualizer
0x00000001f242c000 	/System/Library/PrivateFrameworks/FontServices.framework/Versions/A/FontServices
0x00000001928d3000 	/System/Library/PrivateFrameworks/OTSVG.framework/Versions/A/OTSVG
0x000000018de02000 	/System/Library/Frameworks/ApplicationServices.framework/Versions/A/Frameworks/ATS.framework/Versions/A/Resources/libFontRegistry.dylib
0x0000000192920000 	/System/Library/PrivateFrameworks/FontServices.framework/libhvf.dylib
0x00000001f242d000 	/System/Library/PrivateFrameworks/FontServices.framework/libXTFontStaticRegistryData.dylib
0x00000001e8405000 	/System/Library/Frameworks/OpenCL.framework/Versions/A/OpenCL
0x000000019231a000 	/System/Library/PrivateFrameworks/AppleVA.framework/Versions/A/AppleVA
0x00000001944b5000 	/System/Library/Frameworks/ApplicationServices.framework/Versions/A/Frameworks/ATS.framework/Versions/A/ATS
0x000000018c82f000 	/System/Library/Frameworks/ApplicationServices.framework/Versions/A/Frameworks/HIServices.framework/Versions/A/HIServices
0x000000019331f000 	/System/Library/Frameworks/ApplicationServices.framework/Versions/A/Frameworks/PrintCore.framework/Versions/A/PrintCore
0x000000019484c000 	/System/Library/Frameworks/ApplicationServices.framework/Versions/A/Frameworks/QD.framework/Versions/A/QD
0x0000000194844000 	/System/Library/Frameworks/ApplicationServices.framework/Versions/A/Frameworks/ColorSyncLegacy.framework/Versions/A/ColorSyncLegacy
0x00000001944a1000 	/System/Library/Frameworks/ApplicationServices.framework/Versions/A/Frameworks/SpeechSynthesis.framework/Versions/A/SpeechSynthesis
0x00000001932e0000 	/System/Library/Frameworks/ApplicationServices.framework/Versions/A/Frameworks/ATSUI.framework/Versions/A/ATSUI
0x00000001947d9000 	/usr/lib/libcups.2.dylib
0x0000000194bb3000 	/System/Library/Frameworks/Kerberos.framework/Versions/A/Kerberos
0x0000000194bc4000 	/System/Library/Frameworks/GSS.framework/Versions/A/GSS
0x0000000194525000 	/usr/lib/libresolv.9.dylib
0x000000019292f000 	/System/Library/PrivateFrameworks/Heimdal.framework/Versions/A/Heimdal
0x000000019b67f000 	/System/Library/Frameworks/Kerberos.framework/Versions/A/Libraries/libHeimdalProxy.dylib
0x000000018d47d000 	/System/Library/Frameworks/Network.framework/Versions/A/Network
0x0000000192381000 	/usr/lib/libheimdal-asn1.dylib
0x0000000194c14000 	/System/Library/PrivateFrameworks/CommonAuth.framework/Versions/A/CommonAuth
0x000000019441b000 	/System/Library/PrivateFrameworks/AudioSession.framework/Versions/A/AudioSession
0x0000000192413000 	/System/Library/PrivateFrameworks/MediaExperience.framework/Versions/A/MediaExperience
0x00000001942a1000 	/System/Library/PrivateFrameworks/AudioSession.framework/libSessionUtility.dylib
0x0000000194858000 	/System/Library/PrivateFrameworks/AudioResourceArbitration.framework/Versions/A/AudioResourceArbitration
0x0000000198a0e000 	/System/Library/PrivateFrameworks/PowerLog.framework/Versions/A/PowerLog
0x000000019238b000 	/System/Library/PrivateFrameworks/IconFoundation.framework/Versions/A/IconFoundation
0x0000000197757000 	/System/Library/PrivateFrameworks/SpeechRecognitionCore.framework/Versions/A/SpeechRecognitionCore
0x0000000101a9c000 	/Library/Java/JavaVirtualMachines/jdk-17.jdk/Contents/Home/lib/server/libjvm.dylib
0x00000001009dc000 	/Library/Java/JavaVirtualMachines/jdk-17.jdk/Contents/Home/lib/libjimage.dylib
0x0000000100a08000 	/Library/Java/JavaVirtualMachines/jdk-17.jdk/Contents/Home/lib/libinstrument.dylib
0x0000000100a54000 	/Library/Java/JavaVirtualMachines/jdk-17.jdk/Contents/Home/lib/libjava.dylib
0x0000000100ac8000 	/Library/Java/JavaVirtualMachines/jdk-17.jdk/Contents/Home/lib/libnio.dylib
0x00000001019f0000 	/Library/Java/JavaVirtualMachines/jdk-17.jdk/Contents/Home/lib/libnet.dylib
0x0000000100a3c000 	/Library/Java/JavaVirtualMachines/jdk-17.jdk/Contents/Home/lib/libzip.dylib
0x0000000101a14000 	/Users/maxl/.openjfx/cache/17.0.1/libprism_es2.dylib
0x00000001895e3000 	/System/Library/PrivateFrameworks/CoreServicesInternal.framework/Versions/A/CoreServicesInternal
0x00000001e826e000 	/System/Library/Frameworks/OpenGL.framework/Versions/A/Resources/GLEngine.bundle/GLEngine
0x00000001e80f6000 	/System/Library/Frameworks/OpenGL.framework/Versions/A/Libraries/libGLProgrammability.dylib
0x0000000123000000 	/System/Library/Extensions/AppleMetalOpenGLRenderer.bundle/Contents/MacOS/AppleMetalOpenGLRenderer
0x00000001e83dd000 	/System/Library/Frameworks/OpenGL.framework/Versions/A/Resources/GLRendererFloat.bundle/GLRendererFloat
0x00000001e84dd000 	/System/Library/Extensions/AGXMetal13_3.bundle/Contents/MacOS/AGXMetal13_3
0x00000001a6f16000 	/System/Library/PrivateFrameworks/GPURawCounter.framework/Versions/A/GPURawCounter
0x00000001a1620000 	/System/Library/PrivateFrameworks/IOGPU.framework/Versions/A/IOGPU
0x00000001230fc000 	/Users/maxl/.openjfx/cache/17.0.1/libglass.dylib
0x0000000198c66000 	/System/Library/Frameworks/FileProvider.framework/Versions/A/FileProvider
0x000000018d24b000 	/System/Library/Frameworks/Accounts.framework/Versions/A/Accounts
0x0000000198dea000 	/System/Library/PrivateFrameworks/GenerationalStorage.framework/Versions/A/GenerationalStorage
0x00000001999ad000 	/System/Library/PrivateFrameworks/CoreSymbolication.framework/Versions/A/CoreSymbolication
0x0000000198a02000 	/System/Library/PrivateFrameworks/SymptomDiagnosticReporter.framework/Versions/A/SymptomDiagnosticReporter
0x000000018a8d3000 	/System/Library/PrivateFrameworks/DesktopServicesPriv.framework/Versions/A/DesktopServicesPriv
0x0000000189745000 	/usr/lib/libsandbox.1.dylib
0x000000018e2c6000 	/System/Library/PrivateFrameworks/UserManagement.framework/Versions/A/UserManagement
0x000000019996a000 	/System/Library/PrivateFrameworks/DebugSymbols.framework/Versions/A/DebugSymbols
0x0000000194837000 	/System/Library/PrivateFrameworks/NetAuth.framework/Versions/A/NetAuth
0x0000000195755000 	/System/Library/PrivateFrameworks/Sharing.framework/Versions/A/Sharing
0x000000018e296000 	/System/Library/PrivateFrameworks/login.framework/Versions/A/Frameworks/loginsupport.framework/Versions/A/loginsupport
0x000000019ab9f000 	/System/Library/PrivateFrameworks/Apple80211.framework/Versions/A/Apple80211
0x0000000191421000 	/System/Library/PrivateFrameworks/AuthKit.framework/Versions/A/AuthKit
0x0000000190aa2000 	/System/Library/PrivateFrameworks/CoreUtils.framework/Versions/A/CoreUtils
0x00000001909c5000 	/System/Library/Frameworks/CoreWLAN.framework/Versions/A/CoreWLAN
0x00000001958c5000 	/System/Library/Frameworks/IOBluetooth.framework/Versions/A/IOBluetooth
0x000000019abff000 	/System/Library/PrivateFrameworks/CoreWiFi.framework/Versions/A/CoreWiFi
0x000000019954a000 	/System/Library/PrivateFrameworks/FrontBoardServices.framework/Versions/A/FrontBoardServices
0x00000001995e2000 	/System/Library/PrivateFrameworks/BoardServices.framework/Versions/A/BoardServices
0x0000000190cbc000 	/System/Library/PrivateFrameworks/AssertionServices.framework/Versions/A/AssertionServices
0x000000019ad7c000 	/System/Library/PrivateFrameworks/BackBoardServices.framework/Versions/A/BackBoardServices
0x0000000194cab000 	/System/Library/PrivateFrameworks/CorePhoneNumbers.framework/Versions/A/CorePhoneNumbers
0x0000000198b32000 	/System/Library/PrivateFrameworks/DiskManagement.framework/Versions/A/DiskManagement
0x0000000198a35000 	/System/Library/PrivateFrameworks/AppleIDAuthSupport.framework/Versions/A/AppleIDAuthSupport
0x00000001ec9f6000 	/System/Library/PrivateFrameworks/AAAFoundation.framework/Versions/A/AAAFoundation
0x0000000194c8a000 	/System/Library/PrivateFrameworks/KeychainCircle.framework/Versions/A/KeychainCircle
0x0000000198afe000 	/System/Library/PrivateFrameworks/MediaKit.framework/Versions/A/MediaKit
0x0000000198a42000 	/System/Library/Frameworks/DiscRecording.framework/Versions/A/DiscRecording
0x0000000192296000 	/usr/lib/libCoreStorage.dylib
0x000000019b079000 	/usr/lib/libcsfde.dylib
0x000000019599a000 	/System/Library/PrivateFrameworks/ProtectedCloudStorage.framework/Versions/A/ProtectedCloudStorage
0x000000019b071000 	/System/Library/PrivateFrameworks/EFILogin.framework/Versions/A/EFILogin
0x0000000198e11000 	/System/Library/PrivateFrameworks/OctagonTrust.framework/Versions/A/OctagonTrust
0x00000001f15c7000 	/System/Library/PrivateFrameworks/CoreUtilsExtras.framework/Versions/A/CoreUtilsExtras
0x0000000198967000 	/System/Library/Frameworks/CoreBluetooth.framework/Versions/A/CoreBluetooth
0x000000019b704000 	/System/Library/Frameworks/AudioUnit.framework/Versions/A/AudioUnit
0x000000019228e000 	/usr/lib/libMatch.1.dylib
0x00000001ab3c2000 	/System/Library/Frameworks/Accelerate.framework/Versions/A/Frameworks/vImage.framework/Versions/A/Libraries/libCGInterfaces.dylib
0x00000001246ac000 	/usr/lib/libobjc-trampolines.dylib
0x000000018df90000 	/System/Library/PrivateFrameworks/ViewBridge.framework/Versions/A/ViewBridge
0x0000000126628000 	/Users/maxl/.openjfx/cache/17.0.1/libjavafx_font.dylib
0x0000000126694000 	/Users/maxl/.openjfx/cache/17.0.1/libjavafx_iio.dylib
0x00000001929f2000 	/System/Library/PrivateFrameworks/login.framework/Versions/A/login
0x0000000205b0d000 	/usr/lib/libRosetta.dylib


VM Arguments:
jvm_args: -javaagent:/Applications/IntelliJ IDEA.app/Contents/lib/idea_rt.jar=55008:/Applications/IntelliJ IDEA.app/Contents/bin -Dfile.encoding=UTF-8 --module-path=/Users/maxl/.m2/repository/org/openjfx/javafx-fxml/17.0.1/javafx-fxml-17.0.1-mac-aarch64.jar:/Users/maxl/.m2/repository/org/openjfx/javafx-graphics/17.0.1/javafx-graphics-17.0.1-mac-aarch64.jar:/Users/maxl/Documents/GitHub/Sushi-like-a-boss/Sushi-like-a-boss/target/classes:/Users/maxl/.m2/repository/org/openjfx/javafx-base/17.0.1/javafx-base-17.0.1-mac-aarch64.jar:/Users/maxl/.m2/repository/org/openjfx/javafx-controls/17.0.1/javafx-controls-17.0.1-mac-aarch64.jar -Djdk.module.main=com.example.sushilikeaboss 
java_command: com.example.sushilikeaboss/com.example.sushilikeaboss.HelloApplication
java_class_path (initial): /Users/maxl/.m2/repository/org/openjfx/javafx-controls/17.0.1/javafx-controls-17.0.1.jar:/Users/maxl/.m2/repository/org/openjfx/javafx-graphics/17.0.1/javafx-graphics-17.0.1.jar:/Users/maxl/.m2/repository/org/openjfx/javafx-base/17.0.1/javafx-base-17.0.1.jar:/Users/maxl/.m2/repository/org/openjfx/javafx-fxml/17.0.1/javafx-fxml-17.0.1.jar
Launcher Type: SUN_STANDARD

[Global flags]
     intx CICompilerCount                          = 4                                         {product} {ergonomic}
     uint ConcGCThreads                            = 2                                         {product} {ergonomic}
     uint G1ConcRefinementThreads                  = 8                                         {product} {ergonomic}
   size_t G1HeapRegionSize                         = 1048576                                   {product} {ergonomic}
    uintx GCDrainStackTargetSize                   = 64                                        {product} {ergonomic}
   size_t InitialHeapSize                          = 134217728                                 {product} {ergonomic}
   size_t MarkStackSize                            = 4194304                                   {product} {ergonomic}
   size_t MaxHeapSize                              = 2147483648                                {product} {ergonomic}
   size_t MaxNewSize                               = 1287651328                                {product} {ergonomic}
   size_t MinHeapDeltaBytes                        = 1048576                                   {product} {ergonomic}
   size_t MinHeapSize                              = 8388608                                   {product} {ergonomic}
    uintx NonNMethodCodeHeapSize                   = 5839564                                {pd product} {ergonomic}
    uintx NonProfiledCodeHeapSize                  = 122909338                              {pd product} {ergonomic}
    uintx ProfiledCodeHeapSize                     = 122909338                              {pd product} {ergonomic}
    uintx ReservedCodeCacheSize                    = 251658240                              {pd product} {ergonomic}
     bool SegmentedCodeCache                       = true                                      {product} {ergonomic}
   size_t SoftMaxHeapSize                          = 2147483648                             {manageable} {ergonomic}
     bool UseCompressedClassPointers               = true                           {product lp64_product} {ergonomic}
     bool UseCompressedOops                        = true                           {product lp64_product} {ergonomic}
     bool UseG1GC                                  = true                                      {product} {ergonomic}
     bool UseNUMA                                  = false                                     {product} {ergonomic}
     bool UseNUMAInterleaving                      = false                                     {product} {ergonomic}

Logging:
Log output configuration:
 #0: stdout all=warning uptime,level,tags
 #1: stderr all=off uptime,level,tags

Environment Variables:
PATH=/Users/maxl/opt/anaconda3/bin:/Users/maxl/opt/anaconda3/condabin:/usr/local/bin:/usr/bin:/bin:/usr/sbin:/sbin:/Users/maxl/chromedriver
SHELL=/bin/zsh
LC_CTYPE=de_DE.UTF-8

Signal Handlers:
   SIGSEGV: _ZL13crash_handleriP9__siginfoPv in libjvm.dylib, mask=11100110000111110111111111111111, flags=SA_RESTART|SA_SIGINFO
    SIGBUS: _ZL13crash_handleriP9__siginfoPv in libjvm.dylib, mask=11100110000111110111111111111111, flags=SA_RESTART|SA_SIGINFO
    SIGFPE: _ZL13crash_handleriP9__siginfoPv in libjvm.dylib, mask=11100110000111110111111111111111, flags=SA_RESTART|SA_SIGINFO
   SIGPIPE: _ZL17javaSignalHandleriP9__siginfoPv in libjvm.dylib, mask=11100110000111110111111111111111, flags=SA_RESTART|SA_SIGINFO
   SIGXFSZ: _ZL17javaSignalHandleriP9__siginfoPv in libjvm.dylib, mask=11100110000111110111111111111111, flags=SA_RESTART|SA_SIGINFO
    SIGILL: _ZL13crash_handleriP9__siginfoPv in libjvm.dylib, mask=11100110000111110111111111111111, flags=SA_RESTART|SA_SIGINFO
   SIGUSR2: _ZL10SR_handleriP9__siginfoP17__darwin_ucontext in libjvm.dylib, mask=00100000000000000000000000000000, flags=SA_RESTART|SA_SIGINFO
    SIGHUP: _ZL11UserHandleriPvS_ in libjvm.dylib, mask=11100110000111110111111111111111, flags=SA_RESTART|SA_SIGINFO
    SIGINT: _ZL11UserHandleriPvS_ in libjvm.dylib, mask=11100110000111110111111111111111, flags=SA_RESTART|SA_SIGINFO
   SIGTERM: _ZL11UserHandleriPvS_ in libjvm.dylib, mask=11100110000111110111111111111111, flags=SA_RESTART|SA_SIGINFO
   SIGQUIT: _ZL11UserHandleriPvS_ in libjvm.dylib, mask=11100110000111110111111111111111, flags=SA_RESTART|SA_SIGINFO
   SIGTRAP: _ZL13crash_handleriP9__siginfoPv in libjvm.dylib, mask=11100110000111110111111111111111, flags=SA_RESTART|SA_SIGINFO


---------------  S Y S T E M  ---------------

OS:
uname: Darwin 21.4.0 Darwin Kernel Version 21.4.0: Fri Mar 18 00:47:26 PDT 2022; root:xnu-8020.101.4~15/RELEASE_ARM64_T8101 arm64
OS uptime: 3 days 10:35 hours
rlimit (soft/hard): STACK 8176k/65520k , CORE 0k/infinity , NPROC 1333/2000 , NOFILE 10240/infinity , AS infinity/infinity , CPU infinity/infinity , DATA infinity/infinity , FSIZE infinity/infinity , MEMLOCK infinity/infinity , RSS infinity/infinity
load average: 1.22 1.38 1.50

CPU: total 8 (initial active 8) 0x61:0x0:0x1b588bb3:0, fp, simd, crc, lse

Memory: 16k page, physical 8388608k(152944k free), swap 2097152k(1676800k free)

vm_info: Java HotSpot(TM) 64-Bit Server VM (17+35-LTS-2724) for bsd-aarch64 JRE (17+35-LTS-2724), built on Aug  5 2021 22:28:56 by "mach5one" with clang Apple LLVM 12.0.0 (clang-1200.0.32.29)

END.
