#
# A fatal error has been detected by the Java Runtime Environment:
#
#  SIGBUS (0xa) at pc=0x00000001300014f0, pid=21494, tid=36107
#
# JRE version: Java(TM) SE Runtime Environment (17.0+35) (build 17+35-LTS-2724)
# Java VM: Java HotSpot(TM) 64-Bit Server VM (17+35-LTS-2724, mixed mode, sharing, tiered, compressed oops, compressed class ptrs, g1 gc, bsd-aarch64)
# Problematic frame:
# v  ~StubRoutines::SafeFetchN
#
# No core dump will be written. Core dumps have been disabled. To enable core dumping, try "ulimit -c unlimited" before starting Java again
#
# If you would like to submit a bug report, please visit:
#   https://bugreport.java.com/bugreport/crash.jsp
# The crash happened outside the Java Virtual Machine in native code.
# See problematic frame for where to report the bug.
#

---------------  S U M M A R Y ------------

Command Line: -javaagent:/Applications/IntelliJ IDEA.app/Contents/lib/idea_rt.jar=51178:/Applications/IntelliJ IDEA.app/Contents/bin -Dfile.encoding=UTF-8 --module-path=/Users/maxl/.m2/repository/org/openjfx/javafx-fxml/17.0.1/javafx-fxml-17.0.1-mac-aarch64.jar:/Users/maxl/Documents/GitHub/Sushi-like-a-boss/Sushi-like-a-boss/target/classes:/Users/maxl/.m2/repository/org/openjfx/javafx-controls/17.0.1/javafx-controls-17.0.1-mac-aarch64.jar:/Users/maxl/.m2/repository/org/openjfx/javafx-base/17.0.1/javafx-base-17.0.1-mac-aarch64.jar:/Users/maxl/.m2/repository/org/openjfx/javafx-graphics/17.0.1/javafx-graphics-17.0.1-mac-aarch64.jar -Djdk.module.main=com.example.sushilikeaboss com.example.sushilikeaboss/com.example.sushilikeaboss.HelloApplication

Host: "MacBookAir10,1" arm64 1 MHz, 8 cores, 8G, Darwin 21.4.0, macOS 12.3.1 (21E258)
Time: Wed May 18 16:32:40 2022 CEST elapsed time: 2.929181 seconds (0d 0h 0m 2s)

---------------  T H R E A D  ---------------

Current thread (0x000000011f0fd000):  JavaThread "InvokeLaterDispatcher" daemon [_thread_in_native, id=36107, stack(0x000000016ddfc000,0x000000016dfff000)]

Stack: [0x000000016ddfc000,0x000000016dfff000],  sp=0x000000016dffe7b0,  free space=2057k
Native frames: (J=compiled Java code, j=interpreted, Vv=VM code, C=native code)
v  ~StubRoutines::SafeFetchN
V  [libjvm.dylib+0x79e870]  _ZN10OopStorage7releaseEPKP7oopDesc+0x20
V  [libjvm.dylib+0x4b94ac]  jni_DeleteGlobalRef+0xc4
C  [libglass.dylib+0xab08]  -[GlassRunnable dealloc]+0x34
C  [Foundation+0x85618]  -[_NSThreadPerformInfo dealloc]+0x30
C  [Foundation+0x5198c]  -[NSObject(NSThreadPerformAdditions) performSelectorOnMainThread:withObject:waitUntilDone:]+0x88
C  0xa51c8001300098ac
j  com.sun.glass.ui.mac.MacApplication.submitForLaterInvocation(Ljava/lang/Runnable;)V+2 javafx.graphics
j  com.sun.glass.ui.InvokeLaterDispatcher.run()V+82 javafx.graphics
v  ~StubRoutines::call_stub
V  [libjvm.dylib+0x460b04]  _ZN9JavaCalls11call_helperEP9JavaValueRK12methodHandleP17JavaCallArgumentsP10JavaThread+0x38c
V  [libjvm.dylib+0x45fb20]  _ZN9JavaCalls12call_virtualEP9JavaValueP5KlassP6SymbolS5_P17JavaCallArgumentsP10JavaThread+0x11c
V  [libjvm.dylib+0x45fbec]  _ZN9JavaCalls12call_virtualEP9JavaValue6HandleP5KlassP6SymbolS6_P10JavaThread+0x64
V  [libjvm.dylib+0x51346c]  _ZL12thread_entryP10JavaThreadS0_+0xc4
V  [libjvm.dylib+0x8fcb74]  _ZN10JavaThread17thread_main_innerEv+0x134
V  [libjvm.dylib+0x8fb49c]  _ZN6Thread8call_runEv+0x128
V  [libjvm.dylib+0x7a5458]  _ZL19thread_native_entryP6Thread+0x158
C  [libsystem_pthread.dylib+0x726c]  _pthread_start+0x94

Java frames: (J=compiled Java code, j=interpreted, Vv=VM code)
j  com.sun.glass.ui.mac.MacApplication._submitForLaterInvocation(Ljava/lang/Runnable;)V+0 javafx.graphics
j  com.sun.glass.ui.mac.MacApplication.submitForLaterInvocation(Ljava/lang/Runnable;)V+2 javafx.graphics
j  com.sun.glass.ui.InvokeLaterDispatcher.run()V+82 javafx.graphics
v  ~StubRoutines::call_stub

siginfo: si_signo: 10 (SIGBUS), si_code: 1 (BUS_ADRALN), si_addr: 0x00000001300014f0

Register to memory mapping:

 x0=0x000000011e904848 points into unknown readable memory: 0x0000000000000000 | 00 00 00 00 00 00 00 00
 x1=0x0 is NULL
 x2=0x0000000787d00050 is an oop: com.sun.glass.ui.InvokeLaterDispatcher$Future 
{0x0000000787d00050} - klass: 'com/sun/glass/ui/InvokeLaterDispatcher$Future'
 - ---- fields (total size 3 words):
 - private 'done' 'Z' @12  true
 - private final 'runnable' 'Ljava/lang/Runnable;' @16  a 'com/sun/javafx/application/PlatformImpl$$Lambda$92+0x0000000800c81320'{0x0000000787f27320} (f0fe4e64)
 - final synthetic 'this$0' 'Lcom/sun/glass/ui/InvokeLaterDispatcher;' @20  a 'com/sun/glass/ui/InvokeLaterDispatcher'{0x000000078008a410} (f0011482)
 x3=0x0 is NULL
 x4=0x00000000000130a8 is an unknown value
 x5=0x0 is NULL
 x6=0x0 is NULL
 x7=0x0 is NULL
 x8=0x00000001300014ec is at begin+0 in a stub
StubRoutines::SafeFetchN [0x00000001300014ec, 0x00000001300014f8] (12 bytes)
 x9=0x0 is NULL
x10=0x2010000030300000 is an unknown value
x11=0x0000000000000007 is an unknown value
x12=0x0000000000000004 is an unknown value
x13=0x0000600003795210 points into unknown readable memory: 0xe172000186a3fc40 | 40 fc a3 86 01 00 72 e1
x14=0x0000060000000000 is an unknown value
x15=0x000000010efb9f98: OBJC_CLASS_$_GlassRunnable+0 in /Users/maxl/.openjfx/cache/17.0.1/libglass.dylib at 0x000000010ef74000
x16=0x0000000186ba90fc: pthread_getspecific+0 in /usr/lib/system/libsystem_pthread.dylib at 0x0000000186ba7000
x17=0x0000600003da8360 points into unknown readable memory: 0xfffffffffffffffe | fe ff ff ff ff ff ff ff
x18=0x0 is NULL
x19=0x00006000032b55e0 points into unknown readable memory: 0x0000600001bbd550 | 50 d5 bb 01 00 60 00 00
x20=0x000000011e904640 points into unknown readable memory: 0x00000007ffe0bc28 | 28 bc e0 ff 07 00 00 00
x21=0x000000011e904848 points into unknown readable memory: 0x0000000000000000 | 00 00 00 00 00 00 00 00
x22=0x000000011f0fd000 is a thread
x23=0x0000000000000001 is an unknown value
x24=0x000000011e904800 is a global jni handle
x25=0x00000001069b55d8: _ZN12StubRoutines17_safefetchN_entryE+0 in /Library/Java/JavaVirtualMachines/jdk-17.jdk/Contents/Home/lib/server/libjvm.dylib at 0x0000000105e24000
x26=0x000000010dd18ab8 is pointing into metadata
x27=0x0 is NULL
x28=0x000000011f0fd000 is a thread


Registers:
 x0=0x000000011e904848  x1=0x0000000000000000  x2=0x0000000787d00050  x3=0x0000000000000000
 x4=0x00000000000130a8  x5=0x0000000000000000  x6=0x0000000000000000  x7=0x0000000000000000
 x8=0x00000001300014ec  x9=0x0000000000000000 x10=0x2010000030300000 x11=0x0000000000000007
x12=0x0000000000000004 x13=0x0000600003795210 x14=0x0000060000000000 x15=0x000000010efb9f98
x16=0x0000000186ba90fc x17=0x0000600003da8360 x18=0x0000000000000000 x19=0x00006000032b55e0
x20=0x000000011e904640 x21=0x000000011e904848 x22=0x000000011f0fd000 x23=0x0000000000000001
x24=0x000000011e904800 x25=0x00000001069b55d8 x26=0x000000010dd18ab8 x27=0x0000000000000000
x28=0x000000011f0fd000  fp=0x000000016dffe7f0  lr=0x00000001065c1640  sp=0x000000016dffe7b0
pc=0x00000001300014f0 cpsr=0x0000000060001000
Top of Stack: (sp=0x000000016dffe7b0)
0x000000016dffe7b0:   000000010dd18ab8 0000000000000001
0x000000016dffe7c0:   000000016dffe9a8 0000600001bb94c0
0x000000016dffe7d0:   0000000000000000 000000011e904818
0x000000016dffe7e0:   000000011e904818 00006000032b55e0
0x000000016dffe7f0:   000000016dffe830 00000001065c2870
0x000000016dffe800:   0000000000000001 000000011e904818
0x000000016dffe810:   0000000000000000 000000011e904818
0x000000016dffe820:   0000000000000001 000000011d0d7200
0x000000016dffe830:   000000016dffe860 00000001062dd4ac
0x000000016dffe840:   0000600001bb93e0 00000001d0c6ebe0
0x000000016dffe850:   0000000000000000 0000600001bb93e0
0x000000016dffe860:   000000016dffe890 000000010ef7eb08
0x000000016dffe870:   89d32d07846800d2 0000000000000000
0x000000016dffe880:   0000000000000000 0000600000caf2c0
0x000000016dffe890:   000000016dffe8d0 0000000187b76618
0x000000016dffe8a0:   000000016dffe9a8 0000600001bb94c0
0x000000016dffe8b0:   0000600001bb93e0 89d32d07846800d2
0x000000016dffe8c0:   0000000000000000 0000000000000000
0x000000016dffe8d0:   000000016dffe910 3d2f800187b4298c
0x000000016dffe8e0:   000000016dffe9a8 00000001300087c0
0x000000016dffe8f0:   0000000000000000 00000001069bcf90
0x000000016dffe900:   000000016dffe920 0000000130007730
0x000000016dffe910:   000000016dffe980 a51c8001300098ac
0x000000016dffe920:   000000016dffe920 0000000800981595
0x000000016dffe930:   000000016dffe930 0000000000000000
0x000000016dffe940:   000000016dffe9a8 000000010dd18ab8
0x000000016dffe950:   00000007800822a0 0000000000000000
0x000000016dffe960:   0000000000000000 000000010dcf7138
0x000000016dffe970:   0000000000000000 000000016dffe980
0x000000016dffe980:   000000016dffea00 0000000130005fc8
0x000000016dffe990:   0000000000000000 0000000000000000
0x000000016dffe9a0:   0000000787d00050 0000000780082318 

Instructions: (pc=0x00000001300014f0)
0x00000001300013f0:   f2a0d309 f2c00029 6d425935 1e640886
0x0000000130001400:   0c402d31 1e6408c7 1f5654d0 1e6c1017
0x0000000130001410:   1f5050d0 1f504cd0 1f5048d0 1e650af6
0x0000000130001420:   1f50d8f6 1f5694d6 1f5158f6 1e762880
0x0000000130001430:   36000501 1e614000 14000026 2e251ca5
0x0000000130001440:   d2843009 f2a0d309 f2c00029 6d425d36
0x0000000130001450:   1e600806 0c402d32 1f5758c7 1e6c101a
0x0000000130001460:   1f4754c7 1e650805 1f4750c7 d2866668
0x0000000130001470:   f2a7fa68 1f474cc7 1e6608c0 1f4748c7
0x0000000130001480:   1e6e1019 eb08007f 540000ac 1f479400
0x0000000130001490:   1f460340 1e603b20 1400000e d2a7fd29
0x00000001300014a0:   eb09007f 540000ac 51480069 d3607d29
0x00000001300014b0:   9e670121 14000002 1e6a5001 1f679417
0x00000001300014c0:   1f668742 1e613b23 1e773857 1e773860
0x00000001300014d0:   a8c17ff3 910003bf a8c17bfd d65f03c0
0x00000001300014e0:   b9400001 aa0103e0 d65f03c0 f9400001
0x00000001300014f0:   aa0103e0 d65f03c0 00000000 00000000
0x0000000130001500:   00000000 00000000 00000000 00000000
0x0000000130001510:   00000000 00000000 00000000 00000000
0x0000000130001520:   00000000 00000000 00000000 00000000
0x0000000130001530:   00000000 00000000 00000000 00000000
0x0000000130001540:   00000000 00000000 00000000 00000000
0x0000000130001550:   00000000 00000000 00000000 00000000
0x0000000130001560:   00000000 00000000 00000000 00000000
0x0000000130001570:   00000000 00000000 00000000 00000000
0x0000000130001580:   00000000 00000000 00000000 00000000
0x0000000130001590:   00000000 00000000 00000000 00000000
0x00000001300015a0:   00000000 00000000 00000000 00000000
0x00000001300015b0:   00000000 00000000 00000000 00000000
0x00000001300015c0:   00000000 00000000 00000000 00000000
0x00000001300015d0:   00000000 00000000 00000000 00000000
0x00000001300015e0:   00000000 00000000 00000000 00000000 


Stack slot to memory mapping:
stack at sp + 0 slots: 0x000000010dd18ab8 is pointing into metadata
stack at sp + 1 slots: 0x0000000000000001 is an unknown value
stack at sp + 2 slots: 0x000000016dffe9a8 is pointing into the stack for thread: 0x000000011f0fd000
stack at sp + 3 slots: 0x0000600001bb94c0 points into unknown readable memory: 0x01000001df35a011 | 11 a0 35 df 01 00 00 01
stack at sp + 4 slots: 0x0 is NULL
stack at sp + 5 slots: 0x000000011e904818 is a global jni handle
stack at sp + 6 slots: 0x000000011e904818 is a global jni handle
stack at sp + 7 slots: 0x00006000032b55e0 points into unknown readable memory: 0x0000600001bbd550 | 50 d5 bb 01 00 60 00 00

StubRoutines::SafeFetchN [0x00000001300014ec, 0x00000001300014f8] (12 bytes)
[MachCode]
  0x00000001300014ec: 0100 40f9 | e003 01aa | c003 5fd6 
[/MachCode]

---------------  P R O C E S S  ---------------

Threads class SMR info:
_java_thread_list=0x0000600001958180, length=20, elements={
0x000000011d80de00, 0x000000011f008800, 0x000000011d8c0000, 0x000000010e00e000,
0x000000010e00da00, 0x000000011f808200, 0x000000011f80b800, 0x000000011f80be00,
0x000000011f814400, 0x000000011d008200, 0x000000010e00bc00, 0x000000010d00a000,
0x000000011e009200, 0x000000011f0fd000, 0x000000011d0d7200, 0x000000011f131600,
0x000000011f132c00, 0x000000011f856600, 0x000000011f15ec00, 0x000000011f858400
}

Java Threads: ( => current thread )
  0x000000011d80de00 JavaThread "main" [_thread_blocked, id=10243, stack(0x000000016b3f4000,0x000000016b5f7000)]
  0x000000011f008800 JavaThread "Reference Handler" daemon [_thread_blocked, id=16899, stack(0x000000016c248000,0x000000016c44b000)]
  0x000000011d8c0000 JavaThread "Finalizer" daemon [_thread_blocked, id=16387, stack(0x000000016c454000,0x000000016c657000)]
  0x000000010e00e000 JavaThread "Signal Dispatcher" daemon [_thread_blocked, id=22787, stack(0x000000016c778000,0x000000016c97b000)]
  0x000000010e00da00 JavaThread "Service Thread" daemon [_thread_blocked, id=41987, stack(0x000000016c984000,0x000000016cb87000)]
  0x000000011f808200 JavaThread "Monitor Deflation Thread" daemon [_thread_blocked, id=23043, stack(0x000000016cb90000,0x000000016cd93000)]
  0x000000011f80b800 JavaThread "C2 CompilerThread0" daemon [_thread_in_native, id=41475, stack(0x000000016cd9c000,0x000000016cf9f000)]
  0x000000011f80be00 JavaThread "C1 CompilerThread0" daemon [_thread_in_native, id=23555, stack(0x000000016cfa8000,0x000000016d1ab000)]
  0x000000011f814400 JavaThread "Sweeper thread" daemon [_thread_blocked, id=40963, stack(0x000000016d1b4000,0x000000016d3b7000)]
  0x000000011d008200 JavaThread "Common-Cleaner" daemon [_thread_blocked, id=24323, stack(0x000000016d3c0000,0x000000016d5c3000)]
  0x000000010e00bc00 JavaThread "Monitor Ctrl-Break" daemon [_thread_in_native, id=24579, stack(0x000000016d5cc000,0x000000016d7cf000)]
  0x000000010d00a000 JavaThread "Notification Thread" daemon [_thread_blocked, id=25091, stack(0x000000016d7d8000,0x000000016d9db000)]
  0x000000011e009200 JavaThread "QuantumRenderer-0" daemon [_thread_in_Java, id=25347, stack(0x000000016dbf0000,0x000000016ddf3000)]
=>0x000000011f0fd000 JavaThread "InvokeLaterDispatcher" daemon [_thread_in_native, id=36107, stack(0x000000016ddfc000,0x000000016dfff000)]
  0x000000011d0d7200 JavaThread "JavaFX Application Thread" [_thread_in_native, id=259, stack(0x000000016ab6c000,0x000000016b368000)]
  0x000000011f131600 JavaThread "JavaFX-Launcher" [_thread_blocked, id=79107, stack(0x000000016e2a0000,0x000000016e4a3000)]
  0x000000011f132c00 JavaThread "Prism Font Disposer" daemon [_thread_blocked, id=56583, stack(0x000000016eee8000,0x000000016f0eb000)]
  0x000000011f856600 JavaThread "Cleaner-0" daemon [_thread_blocked, id=67851, stack(0x000000016f324000,0x000000016f527000)]
  0x000000011f15ec00 JavaThread "Attach Listener" daemon [_thread_blocked, id=1311, stack(0x000000016f530000,0x000000016f733000)]
  0x000000011f858400 JavaThread "PulseTimer-CVDisplayLink thread" daemon [_thread_in_native, id=65031, stack(0x000000016e008000,0x000000016e08b000)]

Other Threads:
  0x000000011cf0e790 VMThread "VM Thread" [stack: 0x000000016c03c000,0x000000016c23f000] [id=17155]
  0x000000010ce05470 WatcherThread [stack: 0x000000016d9e4000,0x000000016dbe7000] [id=40195]
  0x000000011cf07610 GCTaskThread "GC Thread#0" [stack: 0x000000016b600000,0x000000016b803000] [id=20483]
  0x000000011ce35ef0 GCTaskThread "GC Thread#1" [stack: 0x000000016e4ac000,0x000000016e6af000] [id=76291]
  0x000000011ce36370 GCTaskThread "GC Thread#2" [stack: 0x000000016e6b8000,0x000000016e8bb000] [id=75779]
  0x0000000104d24c90 GCTaskThread "GC Thread#3" [stack: 0x000000016e8c4000,0x000000016eac7000] [id=56067]
  0x0000000104d25530 GCTaskThread "GC Thread#4" [stack: 0x000000016ead0000,0x000000016ecd3000] [id=75267]
  0x0000000104d25da0 GCTaskThread "GC Thread#5" [stack: 0x000000016ecdc000,0x000000016eedf000] [id=74755]
  0x000000011ea248a0 GCTaskThread "GC Thread#6" [stack: 0x000000016f73c000,0x000000016f93f000] [id=65287]
  0x000000011ea2a200 GCTaskThread "GC Thread#7" [stack: 0x000000016f948000,0x000000016fb4b000] [id=65795]
  0x000000011cf07cc0 ConcurrentGCThread "G1 Main Marker" [stack: 0x000000016b80c000,0x000000016ba0f000] [id=19971]
  0x000000011cf08540 ConcurrentGCThread "G1 Conc#0" [stack: 0x000000016ba18000,0x000000016bc1b000] [id=13059]
  0x000000011cf0a3b0 ConcurrentGCThread "G1 Refine#0" [stack: 0x000000016bc24000,0x000000016be27000] [id=13827]
  0x000000011cf0ac50 ConcurrentGCThread "G1 Service" [stack: 0x000000016be30000,0x000000016c033000] [id=14083]

Threads with active compile tasks:
C2 CompilerThread0     2946 2544       4       com.sun.marlin.Renderer::copyAARow (100 bytes)
C1 CompilerThread0     2946 2549       3       com.sun.prism.impl.ps.BaseShaderContext::getPaintShader (203 bytes)

VM state: not at safepoint (normal execution)

VM Mutex/Monitor currently owned by a thread:  ([mutex/lock_event])
[0x0000600000cb4a00] CodeCache_lock - owner thread: 0x000000011f80be00
[0x0000600000cb6280] Compile_lock - owner thread: 0x000000011f80be00
[0x0000600000cb6400] MethodCompileQueue_lock - owner thread: 0x000000011f80be00

Heap address: 0x0000000780000000, size: 2048 MB, Compressed Oops mode: Zero based, Oop shift amount: 3

CDS archive(s) mapped at: [0x0000000800000000-0x0000000800bd0000-0x0000000800bd0000), size 12386304, SharedBaseAddress: 0x0000000800000000, ArchiveRelocationMode: 0.
Compressed class space mapped at: 0x0000000800c00000-0x0000000840c00000, reserved size: 1073741824
Narrow klass base: 0x0000000800000000, Narrow klass shift: 0, Narrow klass range: 0x100000000

GC Precious Log:
 CPUs: 8 total, 8 available
 Memory: 8192M
 Large Page Support: Disabled
 NUMA Support: Disabled
 Compressed Oops: Enabled (Zero based)
 Heap Region Size: 1M
 Heap Min Capacity: 8M
 Heap Initial Capacity: 128M
 Heap Max Capacity: 2G
 Pre-touch: Disabled
 Parallel Workers: 8
 Concurrent Workers: 2
 Concurrent Refinement Workers: 8
 Periodic GC: Disabled

Heap:
 garbage-first heap   total 133120K, used 17995K [0x0000000780000000, 0x0000000800000000)
  region size 1024K, 8 young (8192K), 5 survivors (5120K)
 Metaspace       used 16582K, committed 16896K, reserved 1064960K
  class space    used 2483K, committed 2624K, reserved 1048576K

Heap Regions: E=young(eden), S=young(survivor), O=old, HS=humongous(starts), HC=humongous(continues), CS=collection set, F=free, OA=open archive, CA=closed archive, TAMS=top-at-mark-start (previous, next)
|   0|0x0000000780000000, 0x0000000780100000, 0x0000000780100000|100%| O|  |TAMS 0x0000000780000000, 0x0000000780000000| Untracked 
|   1|0x0000000780100000, 0x0000000780200000, 0x0000000780200000|100%|HS|  |TAMS 0x0000000780100000, 0x0000000780100000| Complete 
|   2|0x0000000780200000, 0x0000000780300000, 0x0000000780300000|100%|HS|  |TAMS 0x0000000780200000, 0x0000000780200000| Complete 
|   3|0x0000000780300000, 0x0000000780400000, 0x0000000780400000|100%|HC|  |TAMS 0x0000000780300000, 0x0000000780300000| Complete 
|   4|0x0000000780400000, 0x0000000780500000, 0x0000000780500000|100%|HS|  |TAMS 0x0000000780400000, 0x0000000780400000| Complete 
|   5|0x0000000780500000, 0x0000000780600000, 0x0000000780600000|100%|HC|  |TAMS 0x0000000780500000, 0x0000000780500000| Complete 
|   6|0x0000000780600000, 0x0000000780700000, 0x0000000780700000|100%| O|  |TAMS 0x0000000780600000, 0x0000000780600000| Untracked 
|   7|0x0000000780700000, 0x0000000780800000, 0x0000000780800000|100%| O|  |TAMS 0x0000000780700000, 0x0000000780700000| Untracked 
|   8|0x0000000780800000, 0x0000000780900000, 0x0000000780900000|100%| O|  |TAMS 0x0000000780800000, 0x0000000780800000| Untracked 
|   9|0x0000000780900000, 0x000000078099ae00, 0x0000000780a00000| 60%| O|  |TAMS 0x0000000780900000, 0x0000000780900000| Untracked 
|  10|0x0000000780a00000, 0x0000000780a00000, 0x0000000780b00000|  0%| F|  |TAMS 0x0000000780a00000, 0x0000000780a00000| Untracked 
|  11|0x0000000780b00000, 0x0000000780b00000, 0x0000000780c00000|  0%| F|  |TAMS 0x0000000780b00000, 0x0000000780b00000| Untracked 
|  12|0x0000000780c00000, 0x0000000780c00000, 0x0000000780d00000|  0%| F|  |TAMS 0x0000000780c00000, 0x0000000780c00000| Untracked 
|  13|0x0000000780d00000, 0x0000000780d00000, 0x0000000780e00000|  0%| F|  |TAMS 0x0000000780d00000, 0x0000000780d00000| Untracked 
|  14|0x0000000780e00000, 0x0000000780e00000, 0x0000000780f00000|  0%| F|  |TAMS 0x0000000780e00000, 0x0000000780e00000| Untracked 
|  15|0x0000000780f00000, 0x0000000780f00000, 0x0000000781000000|  0%| F|  |TAMS 0x0000000780f00000, 0x0000000780f00000| Untracked 
|  16|0x0000000781000000, 0x0000000781000000, 0x0000000781100000|  0%| F|  |TAMS 0x0000000781000000, 0x0000000781000000| Untracked 
|  17|0x0000000781100000, 0x0000000781100000, 0x0000000781200000|  0%| F|  |TAMS 0x0000000781100000, 0x0000000781100000| Untracked 
|  18|0x0000000781200000, 0x0000000781200000, 0x0000000781300000|  0%| F|  |TAMS 0x0000000781200000, 0x0000000781200000| Untracked 
|  19|0x0000000781300000, 0x0000000781300000, 0x0000000781400000|  0%| F|  |TAMS 0x0000000781300000, 0x0000000781300000| Untracked 
|  20|0x0000000781400000, 0x0000000781400000, 0x0000000781500000|  0%| F|  |TAMS 0x0000000781400000, 0x0000000781400000| Untracked 
|  21|0x0000000781500000, 0x0000000781500000, 0x0000000781600000|  0%| F|  |TAMS 0x0000000781500000, 0x0000000781500000| Untracked 
|  22|0x0000000781600000, 0x0000000781600000, 0x0000000781700000|  0%| F|  |TAMS 0x0000000781600000, 0x0000000781600000| Untracked 
|  23|0x0000000781700000, 0x0000000781700000, 0x0000000781800000|  0%| F|  |TAMS 0x0000000781700000, 0x0000000781700000| Untracked 
|  24|0x0000000781800000, 0x0000000781800000, 0x0000000781900000|  0%| F|  |TAMS 0x0000000781800000, 0x0000000781800000| Untracked 
|  25|0x0000000781900000, 0x0000000781900000, 0x0000000781a00000|  0%| F|  |TAMS 0x0000000781900000, 0x0000000781900000| Untracked 
|  26|0x0000000781a00000, 0x0000000781a00000, 0x0000000781b00000|  0%| F|  |TAMS 0x0000000781a00000, 0x0000000781a00000| Untracked 
|  27|0x0000000781b00000, 0x0000000781b00000, 0x0000000781c00000|  0%| F|  |TAMS 0x0000000781b00000, 0x0000000781b00000| Untracked 
|  28|0x0000000781c00000, 0x0000000781c00000, 0x0000000781d00000|  0%| F|  |TAMS 0x0000000781c00000, 0x0000000781c00000| Untracked 
|  29|0x0000000781d00000, 0x0000000781d00000, 0x0000000781e00000|  0%| F|  |TAMS 0x0000000781d00000, 0x0000000781d00000| Untracked 
|  30|0x0000000781e00000, 0x0000000781e00000, 0x0000000781f00000|  0%| F|  |TAMS 0x0000000781e00000, 0x0000000781e00000| Untracked 
|  31|0x0000000781f00000, 0x0000000781f00000, 0x0000000782000000|  0%| F|  |TAMS 0x0000000781f00000, 0x0000000781f00000| Untracked 
|  32|0x0000000782000000, 0x0000000782000000, 0x0000000782100000|  0%| F|  |TAMS 0x0000000782000000, 0x0000000782000000| Untracked 
|  33|0x0000000782100000, 0x0000000782100000, 0x0000000782200000|  0%| F|  |TAMS 0x0000000782100000, 0x0000000782100000| Untracked 
|  34|0x0000000782200000, 0x0000000782200000, 0x0000000782300000|  0%| F|  |TAMS 0x0000000782200000, 0x0000000782200000| Untracked 
|  35|0x0000000782300000, 0x0000000782300000, 0x0000000782400000|  0%| F|  |TAMS 0x0000000782300000, 0x0000000782300000| Untracked 
|  36|0x0000000782400000, 0x0000000782400000, 0x0000000782500000|  0%| F|  |TAMS 0x0000000782400000, 0x0000000782400000| Untracked 
|  37|0x0000000782500000, 0x0000000782500000, 0x0000000782600000|  0%| F|  |TAMS 0x0000000782500000, 0x0000000782500000| Untracked 
|  38|0x0000000782600000, 0x0000000782600000, 0x0000000782700000|  0%| F|  |TAMS 0x0000000782600000, 0x0000000782600000| Untracked 
|  39|0x0000000782700000, 0x0000000782700000, 0x0000000782800000|  0%| F|  |TAMS 0x0000000782700000, 0x0000000782700000| Untracked 
|  40|0x0000000782800000, 0x0000000782800000, 0x0000000782900000|  0%| F|  |TAMS 0x0000000782800000, 0x0000000782800000| Untracked 
|  41|0x0000000782900000, 0x0000000782900000, 0x0000000782a00000|  0%| F|  |TAMS 0x0000000782900000, 0x0000000782900000| Untracked 
|  42|0x0000000782a00000, 0x0000000782a00000, 0x0000000782b00000|  0%| F|  |TAMS 0x0000000782a00000, 0x0000000782a00000| Untracked 
|  43|0x0000000782b00000, 0x0000000782b00000, 0x0000000782c00000|  0%| F|  |TAMS 0x0000000782b00000, 0x0000000782b00000| Untracked 
|  44|0x0000000782c00000, 0x0000000782c00000, 0x0000000782d00000|  0%| F|  |TAMS 0x0000000782c00000, 0x0000000782c00000| Untracked 
|  45|0x0000000782d00000, 0x0000000782d00000, 0x0000000782e00000|  0%| F|  |TAMS 0x0000000782d00000, 0x0000000782d00000| Untracked 
|  46|0x0000000782e00000, 0x0000000782e00000, 0x0000000782f00000|  0%| F|  |TAMS 0x0000000782e00000, 0x0000000782e00000| Untracked 
|  47|0x0000000782f00000, 0x0000000782f00000, 0x0000000783000000|  0%| F|  |TAMS 0x0000000782f00000, 0x0000000782f00000| Untracked 
|  48|0x0000000783000000, 0x0000000783000000, 0x0000000783100000|  0%| F|  |TAMS 0x0000000783000000, 0x0000000783000000| Untracked 
|  49|0x0000000783100000, 0x0000000783100000, 0x0000000783200000|  0%| F|  |TAMS 0x0000000783100000, 0x0000000783100000| Untracked 
|  50|0x0000000783200000, 0x0000000783200000, 0x0000000783300000|  0%| F|  |TAMS 0x0000000783200000, 0x0000000783200000| Untracked 
|  51|0x0000000783300000, 0x0000000783300000, 0x0000000783400000|  0%| F|  |TAMS 0x0000000783300000, 0x0000000783300000| Untracked 
|  52|0x0000000783400000, 0x0000000783400000, 0x0000000783500000|  0%| F|  |TAMS 0x0000000783400000, 0x0000000783400000| Untracked 
|  53|0x0000000783500000, 0x0000000783500000, 0x0000000783600000|  0%| F|  |TAMS 0x0000000783500000, 0x0000000783500000| Untracked 
|  54|0x0000000783600000, 0x0000000783600000, 0x0000000783700000|  0%| F|  |TAMS 0x0000000783600000, 0x0000000783600000| Untracked 
|  55|0x0000000783700000, 0x0000000783700000, 0x0000000783800000|  0%| F|  |TAMS 0x0000000783700000, 0x0000000783700000| Untracked 
|  56|0x0000000783800000, 0x0000000783800000, 0x0000000783900000|  0%| F|  |TAMS 0x0000000783800000, 0x0000000783800000| Untracked 
|  57|0x0000000783900000, 0x0000000783900000, 0x0000000783a00000|  0%| F|  |TAMS 0x0000000783900000, 0x0000000783900000| Untracked 
|  58|0x0000000783a00000, 0x0000000783a00000, 0x0000000783b00000|  0%| F|  |TAMS 0x0000000783a00000, 0x0000000783a00000| Untracked 
|  59|0x0000000783b00000, 0x0000000783b00000, 0x0000000783c00000|  0%| F|  |TAMS 0x0000000783b00000, 0x0000000783b00000| Untracked 
|  60|0x0000000783c00000, 0x0000000783c00000, 0x0000000783d00000|  0%| F|  |TAMS 0x0000000783c00000, 0x0000000783c00000| Untracked 
|  61|0x0000000783d00000, 0x0000000783d00000, 0x0000000783e00000|  0%| F|  |TAMS 0x0000000783d00000, 0x0000000783d00000| Untracked 
|  62|0x0000000783e00000, 0x0000000783e00000, 0x0000000783f00000|  0%| F|  |TAMS 0x0000000783e00000, 0x0000000783e00000| Untracked 
|  63|0x0000000783f00000, 0x0000000783f00000, 0x0000000784000000|  0%| F|  |TAMS 0x0000000783f00000, 0x0000000783f00000| Untracked 
|  64|0x0000000784000000, 0x0000000784000000, 0x0000000784100000|  0%| F|  |TAMS 0x0000000784000000, 0x0000000784000000| Untracked 
|  65|0x0000000784100000, 0x0000000784100000, 0x0000000784200000|  0%| F|  |TAMS 0x0000000784100000, 0x0000000784100000| Untracked 
|  66|0x0000000784200000, 0x0000000784200000, 0x0000000784300000|  0%| F|  |TAMS 0x0000000784200000, 0x0000000784200000| Untracked 
|  67|0x0000000784300000, 0x0000000784300000, 0x0000000784400000|  0%| F|  |TAMS 0x0000000784300000, 0x0000000784300000| Untracked 
|  68|0x0000000784400000, 0x0000000784400000, 0x0000000784500000|  0%| F|  |TAMS 0x0000000784400000, 0x0000000784400000| Untracked 
|  69|0x0000000784500000, 0x0000000784500000, 0x0000000784600000|  0%| F|  |TAMS 0x0000000784500000, 0x0000000784500000| Untracked 
|  70|0x0000000784600000, 0x0000000784600000, 0x0000000784700000|  0%| F|  |TAMS 0x0000000784600000, 0x0000000784600000| Untracked 
|  71|0x0000000784700000, 0x0000000784700000, 0x0000000784800000|  0%| F|  |TAMS 0x0000000784700000, 0x0000000784700000| Untracked 
|  72|0x0000000784800000, 0x0000000784800000, 0x0000000784900000|  0%| F|  |TAMS 0x0000000784800000, 0x0000000784800000| Untracked 
|  73|0x0000000784900000, 0x0000000784900000, 0x0000000784a00000|  0%| F|  |TAMS 0x0000000784900000, 0x0000000784900000| Untracked 
|  74|0x0000000784a00000, 0x0000000784a00000, 0x0000000784b00000|  0%| F|  |TAMS 0x0000000784a00000, 0x0000000784a00000| Untracked 
|  75|0x0000000784b00000, 0x0000000784b00000, 0x0000000784c00000|  0%| F|  |TAMS 0x0000000784b00000, 0x0000000784b00000| Untracked 
|  76|0x0000000784c00000, 0x0000000784c00000, 0x0000000784d00000|  0%| F|  |TAMS 0x0000000784c00000, 0x0000000784c00000| Untracked 
|  77|0x0000000784d00000, 0x0000000784d00000, 0x0000000784e00000|  0%| F|  |TAMS 0x0000000784d00000, 0x0000000784d00000| Untracked 
|  78|0x0000000784e00000, 0x0000000784e00000, 0x0000000784f00000|  0%| F|  |TAMS 0x0000000784e00000, 0x0000000784e00000| Untracked 
|  79|0x0000000784f00000, 0x0000000784f00000, 0x0000000785000000|  0%| F|  |TAMS 0x0000000784f00000, 0x0000000784f00000| Untracked 
|  80|0x0000000785000000, 0x0000000785000000, 0x0000000785100000|  0%| F|  |TAMS 0x0000000785000000, 0x0000000785000000| Untracked 
|  81|0x0000000785100000, 0x0000000785100000, 0x0000000785200000|  0%| F|  |TAMS 0x0000000785100000, 0x0000000785100000| Untracked 
|  82|0x0000000785200000, 0x0000000785200000, 0x0000000785300000|  0%| F|  |TAMS 0x0000000785200000, 0x0000000785200000| Untracked 
|  83|0x0000000785300000, 0x0000000785400000, 0x0000000785400000|100%| S|CS|TAMS 0x0000000785300000, 0x0000000785300000| Complete 
|  84|0x0000000785400000, 0x0000000785500000, 0x0000000785500000|100%| S|CS|TAMS 0x0000000785400000, 0x0000000785400000| Complete 
|  85|0x0000000785500000, 0x0000000785600000, 0x0000000785600000|100%| S|CS|TAMS 0x0000000785500000, 0x0000000785500000| Complete 
|  86|0x0000000785600000, 0x0000000785700000, 0x0000000785700000|100%| S|CS|TAMS 0x0000000785600000, 0x0000000785600000| Complete 
|  87|0x0000000785700000, 0x0000000785800000, 0x0000000785800000|100%| S|CS|TAMS 0x0000000785700000, 0x0000000785700000| Complete 
|  88|0x0000000785800000, 0x0000000785800000, 0x0000000785900000|  0%| F|  |TAMS 0x0000000785800000, 0x0000000785800000| Untracked 
|  89|0x0000000785900000, 0x0000000785900000, 0x0000000785a00000|  0%| F|  |TAMS 0x0000000785900000, 0x0000000785900000| Untracked 
|  90|0x0000000785a00000, 0x0000000785a00000, 0x0000000785b00000|  0%| F|  |TAMS 0x0000000785a00000, 0x0000000785a00000| Untracked 
|  91|0x0000000785b00000, 0x0000000785b00000, 0x0000000785c00000|  0%| F|  |TAMS 0x0000000785b00000, 0x0000000785b00000| Untracked 
|  92|0x0000000785c00000, 0x0000000785c00000, 0x0000000785d00000|  0%| F|  |TAMS 0x0000000785c00000, 0x0000000785c00000| Untracked 
|  93|0x0000000785d00000, 0x0000000785d00000, 0x0000000785e00000|  0%| F|  |TAMS 0x0000000785d00000, 0x0000000785d00000| Untracked 
|  94|0x0000000785e00000, 0x0000000785e00000, 0x0000000785f00000|  0%| F|  |TAMS 0x0000000785e00000, 0x0000000785e00000| Untracked 
|  95|0x0000000785f00000, 0x0000000785f00000, 0x0000000786000000|  0%| F|  |TAMS 0x0000000785f00000, 0x0000000785f00000| Untracked 
|  96|0x0000000786000000, 0x0000000786000000, 0x0000000786100000|  0%| F|  |TAMS 0x0000000786000000, 0x0000000786000000| Untracked 
|  97|0x0000000786100000, 0x0000000786100000, 0x0000000786200000|  0%| F|  |TAMS 0x0000000786100000, 0x0000000786100000| Untracked 
|  98|0x0000000786200000, 0x0000000786200000, 0x0000000786300000|  0%| F|  |TAMS 0x0000000786200000, 0x0000000786200000| Untracked 
|  99|0x0000000786300000, 0x0000000786300000, 0x0000000786400000|  0%| F|  |TAMS 0x0000000786300000, 0x0000000786300000| Untracked 
| 100|0x0000000786400000, 0x0000000786400000, 0x0000000786500000|  0%| F|  |TAMS 0x0000000786400000, 0x0000000786400000| Untracked 
| 101|0x0000000786500000, 0x0000000786500000, 0x0000000786600000|  0%| F|  |TAMS 0x0000000786500000, 0x0000000786500000| Untracked 
| 102|0x0000000786600000, 0x0000000786600000, 0x0000000786700000|  0%| F|  |TAMS 0x0000000786600000, 0x0000000786600000| Untracked 
| 103|0x0000000786700000, 0x0000000786700000, 0x0000000786800000|  0%| F|  |TAMS 0x0000000786700000, 0x0000000786700000| Untracked 
| 104|0x0000000786800000, 0x0000000786800000, 0x0000000786900000|  0%| F|  |TAMS 0x0000000786800000, 0x0000000786800000| Untracked 
| 105|0x0000000786900000, 0x0000000786900000, 0x0000000786a00000|  0%| F|  |TAMS 0x0000000786900000, 0x0000000786900000| Untracked 
| 106|0x0000000786a00000, 0x0000000786a00000, 0x0000000786b00000|  0%| F|  |TAMS 0x0000000786a00000, 0x0000000786a00000| Untracked 
| 107|0x0000000786b00000, 0x0000000786b00000, 0x0000000786c00000|  0%| F|  |TAMS 0x0000000786b00000, 0x0000000786b00000| Untracked 
| 108|0x0000000786c00000, 0x0000000786c00000, 0x0000000786d00000|  0%| F|  |TAMS 0x0000000786c00000, 0x0000000786c00000| Untracked 
| 109|0x0000000786d00000, 0x0000000786d00000, 0x0000000786e00000|  0%| F|  |TAMS 0x0000000786d00000, 0x0000000786d00000| Untracked 
| 110|0x0000000786e00000, 0x0000000786e00000, 0x0000000786f00000|  0%| F|  |TAMS 0x0000000786e00000, 0x0000000786e00000| Untracked 
| 111|0x0000000786f00000, 0x0000000786f00000, 0x0000000787000000|  0%| F|  |TAMS 0x0000000786f00000, 0x0000000786f00000| Untracked 
| 112|0x0000000787000000, 0x0000000787000000, 0x0000000787100000|  0%| F|  |TAMS 0x0000000787000000, 0x0000000787000000| Untracked 
| 113|0x0000000787100000, 0x0000000787100000, 0x0000000787200000|  0%| F|  |TAMS 0x0000000787100000, 0x0000000787100000| Untracked 
| 114|0x0000000787200000, 0x0000000787200000, 0x0000000787300000|  0%| F|  |TAMS 0x0000000787200000, 0x0000000787200000| Untracked 
| 115|0x0000000787300000, 0x0000000787300000, 0x0000000787400000|  0%| F|  |TAMS 0x0000000787300000, 0x0000000787300000| Untracked 
| 116|0x0000000787400000, 0x0000000787400000, 0x0000000787500000|  0%| F|  |TAMS 0x0000000787400000, 0x0000000787400000| Untracked 
| 117|0x0000000787500000, 0x0000000787500000, 0x0000000787600000|  0%| F|  |TAMS 0x0000000787500000, 0x0000000787500000| Untracked 
| 118|0x0000000787600000, 0x0000000787600000, 0x0000000787700000|  0%| F|  |TAMS 0x0000000787600000, 0x0000000787600000| Untracked 
| 119|0x0000000787700000, 0x0000000787700000, 0x0000000787800000|  0%| F|  |TAMS 0x0000000787700000, 0x0000000787700000| Untracked 
| 120|0x0000000787800000, 0x0000000787800000, 0x0000000787900000|  0%| F|  |TAMS 0x0000000787800000, 0x0000000787800000| Untracked 
| 121|0x0000000787900000, 0x0000000787900000, 0x0000000787a00000|  0%| F|  |TAMS 0x0000000787900000, 0x0000000787900000| Untracked 
| 122|0x0000000787a00000, 0x0000000787a00000, 0x0000000787b00000|  0%| F|  |TAMS 0x0000000787a00000, 0x0000000787a00000| Untracked 
| 123|0x0000000787b00000, 0x0000000787b00000, 0x0000000787c00000|  0%| F|  |TAMS 0x0000000787b00000, 0x0000000787b00000| Untracked 
| 124|0x0000000787c00000, 0x0000000787c00000, 0x0000000787d00000|  0%| F|  |TAMS 0x0000000787c00000, 0x0000000787c00000| Untracked 
| 125|0x0000000787d00000, 0x0000000787d38e88, 0x0000000787e00000| 22%| E|  |TAMS 0x0000000787d00000, 0x0000000787d00000| Complete 
| 126|0x0000000787e00000, 0x0000000787f00000, 0x0000000787f00000|100%| E|CS|TAMS 0x0000000787e00000, 0x0000000787e00000| Complete 
| 127|0x0000000787f00000, 0x0000000788000000, 0x0000000788000000|100%| E|CS|TAMS 0x0000000787f00000, 0x0000000787f00000| Complete 
|2046|0x00000007ffe00000, 0x00000007ffe78000, 0x00000007fff00000| 46%|OA|  |TAMS 0x00000007ffe00000, 0x00000007ffe00000| Untracked 
|2047|0x00000007fff00000, 0x00000007fff80000, 0x0000000800000000| 50%|CA|  |TAMS 0x00000007fff00000, 0x00000007fff00000| Untracked 

Card table byte_map: [0x0000000105510000,0x0000000105910000] _byte_map_base: 0x0000000101910000

Marking Bits (Prev, Next): (CMBitMap*) 0x000000011d833210, (CMBitMap*) 0x000000011d833250
 Prev Bits: [0x0000000106d84000, 0x0000000108d84000)
 Next Bits: [0x0000000108d84000, 0x000000010ad84000)

Polling page: 0x0000000104c1c000

Metaspace:

Usage:
  Non-class:     13.78 MB used.
      Class:      2.43 MB used.
       Both:     16.21 MB used.

Virtual space:
  Non-class space:       16.00 MB reserved,      13.94 MB ( 87%) committed,  2 nodes.
      Class space:        1.00 GB reserved,       2.56 MB ( <1%) committed,  1 nodes.
             Both:        1.02 GB reserved,      16.50 MB (  2%) committed. 

Chunk freelists:
   Non-Class:  1.97 MB
       Class:  1.47 MB
        Both:  3.44 MB

MaxMetaspaceSize: unlimited
CompressedClassSpaceSize: 1.00 GB
Initial GC threshold: 21.00 MB
Current GC threshold: 21.00 MB
CDS: on
MetaspaceReclaimPolicy: balanced
 - commit_granule_bytes: 65536.
 - commit_granule_words: 8192.
 - virtual_space_node_default_size: 1048576.
 - enlarge_chunks_in_place: 1.
 - new_chunks_are_fully_committed: 0.
 - uncommit_free_chunks: 1.
 - use_allocation_guard: 0.
 - handle_deallocations: 1.


Internal statistics:

num_allocs_failed_limit: 0.
num_arena_births: 206.
num_arena_deaths: 0.
num_vsnodes_births: 3.
num_vsnodes_deaths: 0.
num_space_committed: 264.
num_space_uncommitted: 0.
num_chunks_returned_to_freelist: 0.
num_chunks_taken_from_freelist: 742.
num_chunk_merges: 0.
num_chunk_splits: 510.
num_chunks_enlarged: 405.
num_purges: 0.
num_inconsistent_stats: 0.

CodeHeap 'non-profiled nmethods': size=120032Kb used=876Kb max_used=876Kb free=119155Kb
 bounds [0x0000000137ac8000, 0x0000000137d38000, 0x000000013f000000]
CodeHeap 'profiled nmethods': size=120016Kb used=5016Kb max_used=5016Kb free=114999Kb
 bounds [0x0000000130594000, 0x0000000130a84000, 0x0000000137ac8000]
CodeHeap 'non-nmethods': size=5712Kb used=1388Kb max_used=1508Kb free=4323Kb
 bounds [0x0000000130000000, 0x0000000130270000, 0x0000000130594000]
 total_blobs=3268 nmethods=2482 adapters=701
 compilation: enabled
              stopped_count=0, restarted_count=0
 full_count=0

Compilation events (20 events):
Event: 2.830 Thread 0x000000011f80be00 2509       3       javafx.scene.Node::localToScene (17 bytes)
Event: 2.830 Thread 0x000000011f80be00 nmethod 2509 0x0000000130a5b910 code [0x0000000130a5bac0, 0x0000000130a5bd58]
Event: 2.852 Thread 0x000000011f80be00 2511       3       com.sun.javafx.event.CompositeEventDispatcher::dispatchCapturingEvent (35 bytes)
Event: 2.852 Thread 0x000000011f80be00 nmethod 2511 0x0000000130a5be90 code [0x0000000130a5c080, 0x0000000130a5c588]
Event: 2.852 Thread 0x000000011f80be00 2510       3       com.sun.javafx.event.BasicEventDispatcher::dispatchEvent (44 bytes)
Event: 2.853 Thread 0x000000011f80be00 nmethod 2510 0x0000000130a5c710 code [0x0000000130a5c900, 0x0000000130a5cf38]
Event: 2.876 Thread 0x000000011f80be00 2512       3       com.sun.javafx.geom.transform.Translate2D::transform (48 bytes)
Event: 2.877 Thread 0x000000011f80be00 nmethod 2512 0x0000000130a5d110 code [0x0000000130a5d2c0, 0x0000000130a5d5a8]
Event: 2.877 Thread 0x000000011f80be00 2513       3       com.sun.javafx.geom.transform.Identity::inverseTransform (20 bytes)
Event: 2.877 Thread 0x000000011f80be00 nmethod 2513 0x0000000130a5d710 code [0x0000000130a5d900, 0x0000000130a5dd28]
Event: 2.900 Thread 0x000000011f80be00 2514       1       com.sun.javafx.stage.WindowEventDispatcher::getFirstDispatcher (5 bytes)
Event: 2.901 Thread 0x000000011f80be00 nmethod 2514 0x0000000137b9e310 code [0x0000000137b9e480, 0x0000000137b9e568]
Event: 2.901 Thread 0x000000011f80be00 2515       3       com.sun.javafx.event.EventHandlerManager::dispatchCapturingEvent (23 bytes)
Event: 2.901 Thread 0x000000011f80be00 nmethod 2515 0x0000000130a5df10 code [0x0000000130a5e100, 0x0000000130a5e488]
Event: 2.908 Thread 0x000000011f80be00 2517       3       javafx.scene.Node::sceneToLocal (21 bytes)
Event: 2.910 Thread 0x000000011f80be00 nmethod 2517 0x0000000130a5e610 code [0x0000000130a5e980, 0x0000000130a60098]
Event: 2.910 Thread 0x000000011f80be00 2516       1       com.sun.javafx.scene.SceneEventDispatcher::getFirstDispatcher (5 bytes)
Event: 2.910 Thread 0x000000011f80be00 nmethod 2516 0x0000000137b9e610 code [0x0000000137b9e780, 0x0000000137b9e868]
Event: 2.926 Thread 0x000000011f80be00 2518       3       javafx.scene.Node::updateBounds (174 bytes)
Event: 2.927 Thread 0x000000011f80b800 2519       4       java.util.RegularEnumSet::contains (57 bytes)

GC Heap History (4 events):
Event: 0.533 GC heap before
{Heap before GC invocations=0 (full 0):
 garbage-first heap   total 133120K, used 23520K [0x0000000780000000, 0x0000000800000000)
  region size 1024K, 23 young (23552K), 0 survivors (0K)
 Metaspace       used 7850K, committed 8064K, reserved 1056768K
  class space    used 1006K, committed 1088K, reserved 1048576K
}
Event: 0.539 GC heap after
{Heap after GC invocations=1 (full 0):
 garbage-first heap   total 133120K, used 4544K [0x0000000780000000, 0x0000000800000000)
  region size 1024K, 3 young (3072K), 3 survivors (3072K)
 Metaspace       used 7850K, committed 8064K, reserved 1056768K
  class space    used 1006K, committed 1088K, reserved 1048576K
}
Event: 2.106 GC heap before
{Heap before GC invocations=1 (full 0):
 garbage-first heap   total 133120K, used 47552K [0x0000000780000000, 0x0000000800000000)
  region size 1024K, 40 young (40960K), 3 survivors (3072K)
 Metaspace       used 16173K, committed 16384K, reserved 1064960K
  class space    used 2447K, committed 2560K, reserved 1048576K
}
Event: 2.115 GC heap after
{Heap after GC invocations=2 (full 0):
 garbage-first heap   total 133120K, used 15947K [0x0000000780000000, 0x0000000800000000)
  region size 1024K, 5 young (5120K), 5 survivors (5120K)
 Metaspace       used 16173K, committed 16384K, reserved 1064960K
  class space    used 2447K, committed 2560K, reserved 1048576K
}

Deoptimization events (20 events):
Event: 2.159 Thread 0x000000011e009200 DEOPT PACKING pc=0x0000000130a06138 sp=0x000000016ddf0200
Event: 2.159 Thread 0x000000011e009200 DEOPT UNPACKING pc=0x000000013003eb7c sp=0x000000016ddefe60 mode 0
Event: 2.167 Thread 0x000000011e009200 DEOPT PACKING pc=0x0000000130a06138 sp=0x000000016ddf0fb0
Event: 2.167 Thread 0x000000011e009200 DEOPT UNPACKING pc=0x000000013003eb7c sp=0x000000016ddf0c10 mode 0
Event: 2.188 Thread 0x000000011e009200 DEOPT PACKING pc=0x0000000130a06138 sp=0x000000016ddf0300
Event: 2.188 Thread 0x000000011e009200 DEOPT UNPACKING pc=0x000000013003eb7c sp=0x000000016ddeff60 mode 0
Event: 2.188 Thread 0x000000011e009200 DEOPT PACKING pc=0x0000000130a06138 sp=0x000000016ddf0300
Event: 2.188 Thread 0x000000011e009200 DEOPT UNPACKING pc=0x000000013003eb7c sp=0x000000016ddeff60 mode 0
Event: 2.188 Thread 0x000000011e009200 DEOPT PACKING pc=0x0000000130a06138 sp=0x000000016ddf05a0
Event: 2.188 Thread 0x000000011e009200 DEOPT UNPACKING pc=0x000000013003eb7c sp=0x000000016ddf0200 mode 0
Event: 2.188 Thread 0x000000011e009200 DEOPT PACKING pc=0x0000000130a06138 sp=0x000000016ddf05a0
Event: 2.188 Thread 0x000000011e009200 DEOPT UNPACKING pc=0x000000013003eb7c sp=0x000000016ddf0200 mode 0
Event: 2.189 Thread 0x000000011e009200 DEOPT PACKING pc=0x0000000130a06138 sp=0x000000016ddf05a0
Event: 2.189 Thread 0x000000011e009200 DEOPT UNPACKING pc=0x000000013003eb7c sp=0x000000016ddf0200 mode 0
Event: 2.189 Thread 0x000000011e009200 DEOPT PACKING pc=0x0000000130a06138 sp=0x000000016ddf05a0
Event: 2.189 Thread 0x000000011e009200 DEOPT UNPACKING pc=0x000000013003eb7c sp=0x000000016ddf0200 mode 0
Event: 2.193 Thread 0x000000011e009200 DEOPT PACKING pc=0x0000000130a06138 sp=0x000000016ddf0fb0
Event: 2.193 Thread 0x000000011e009200 DEOPT UNPACKING pc=0x000000013003eb7c sp=0x000000016ddf0c10 mode 0
Event: 2.193 Thread 0x000000011e009200 DEOPT PACKING pc=0x0000000130a06138 sp=0x000000016ddf0fb0
Event: 2.193 Thread 0x000000011e009200 DEOPT UNPACKING pc=0x000000013003eb7c sp=0x000000016ddf0c10 mode 0

Classes unloaded (0 events):
No events

Classes redefined (0 events):
No events

Internal exceptions (20 events):
Event: 0.673 Thread 0x000000011d0d7200 Exception <a 'java/io/FileNotFoundException'{0x00000007876585a0}> (0x00000007876585a0) 
thrown [open/src/hotspot/share/prims/jni.cpp, line 516]
Event: 0.684 Thread 0x000000011d0d7200 Implicit null exception at 0x0000000137b10078 to 0x0000000137b10108
Event: 0.694 Thread 0x000000011d0d7200 Implicit null exception at 0x0000000137b20014 to 0x0000000137b2039c
Event: 0.708 Thread 0x000000011d0d7200 Implicit null exception at 0x0000000137b1e4d4 to 0x0000000137b1e828
Event: 0.788 Thread 0x000000011d0d7200 Exception <a 'java/lang/NoSuchMethodError'{0x000000078704c430}: 'java.lang.Object java.lang.invoke.DirectMethodHandle$Holder.invokeInterface(java.lang.Object, java.lang.Object, java.lang.Object)'> (0x000000078704c430) 
thrown [open/src/hotspot/share/interpreter/linkResolver.cpp, line 766]
Event: 0.788 Thread 0x000000011d0d7200 Exception <a 'java/lang/IncompatibleClassChangeError'{0x000000078704fdb8}: Found class java.lang.Object, but interface was expected> (0x000000078704fdb8) 
thrown [open/src/hotspot/share/interpreter/linkResolver.cpp, line 833]
Event: 0.819 Thread 0x000000011d0d7200 Exception <a 'java/lang/NoSuchMethodError'{0x0000000786e3f310}: 'java.lang.Object java.lang.invoke.DirectMethodHandle$Holder.newInvokeSpecial(java.lang.Object, java.lang.Object, int)'> (0x0000000786e3f310) 
thrown [open/src/hotspot/share/interpreter/linkResolver.cpp, line 766]
Event: 0.894 Thread 0x000000011e009200 Exception <a 'java/lang/NoSuchMethodError'{0x0000000786d66a00}: 'int java.lang.invoke.DirectMethodHandle$Holder.invokeStaticInit(java.lang.Object, java.lang.Object)'> (0x0000000786d66a00) 
thrown [open/src/hotspot/share/interpreter/linkResolver.cpp, line 766]
Event: 1.926 Thread 0x000000011d0d7200 Exception <a 'java/lang/NoSuchMethodError'{0x00000007869f5cf8}: 'long java.lang.invoke.DirectMethodHandle$Holder.invokeStatic(java.lang.Object, java.lang.Object, java.lang.Object)'> (0x00000007869f5cf8) 
thrown [open/src/hotspot/share/interpreter/linkResolver.cpp, line 766]
Event: 1.926 Thread 0x000000011d0d7200 Exception <a 'java/lang/NoSuchMethodError'{0x00000007869f94a0}: 'long java.lang.invoke.DirectMethodHandle$Holder.invokeStaticInit(java.lang.Object, java.lang.Object, java.lang.Object)'> (0x00000007869f94a0) 
thrown [open/src/hotspot/share/interpreter/linkResolver.cpp, line 766]
Event: 1.927 Thread 0x000000011d0d7200 Exception <a 'java/lang/NoSuchMethodError'{0x00000007865118a8}: 'java.lang.Object java.lang.invoke.DirectMethodHandle$Holder.newInvokeSpecial(java.lang.Object, java.lang.Object, long)'> (0x00000007865118a8) 
thrown [open/src/hotspot/share/interpreter/linkResolver.cpp, line 766]
Event: 1.927 Thread 0x000000011d0d7200 Exception <a 'java/lang/NoSuchMethodError'{0x0000000786515170}: 'java.lang.Object java.lang.invoke.Invokers$Holder.linkToTargetMethod(java.lang.Object, long, java.lang.Object)'> (0x0000000786515170) 
thrown [open/src/hotspot/share/interpreter/linkResolver.cpp, line 766]
Event: 1.984 Thread 0x000000011d0d7200 Exception <a 'java/io/FileNotFoundException'{0x000000078644e7b0}> (0x000000078644e7b0) 
thrown [open/src/hotspot/share/prims/jni.cpp, line 516]
Event: 1.992 Thread 0x000000011d0d7200 Exception <a 'java/io/FileNotFoundException'{0x000000078631c590}> (0x000000078631c590) 
thrown [open/src/hotspot/share/prims/jni.cpp, line 516]
Event: 1.996 Thread 0x000000011d0d7200 Exception <a 'java/io/FileNotFoundException'{0x0000000786392460}> (0x0000000786392460) 
thrown [open/src/hotspot/share/prims/jni.cpp, line 516]
Event: 2.020 Thread 0x000000011d0d7200 Exception <a 'java/lang/ClassNotFoundException'{0x000000078611f3b8}: com/sun/javafx/scene/control/skin/resources/controls> (0x000000078611f3b8) 
thrown [open/src/hotspot/share/prims/jni.cpp, line 535]
Event: 2.021 Thread 0x000000011d0d7200 Exception <a 'java/lang/ClassNotFoundException'{0x000000078612d650}: com/sun/javafx/scene/control/skin/resources/controls_de> (0x000000078612d650) 
thrown [open/src/hotspot/share/prims/jni.cpp, line 535]
Event: 2.021 Thread 0x000000011d0d7200 Exception <a 'java/lang/ClassNotFoundException'{0x000000078613b620}: com/sun/javafx/scene/control/skin/resources/controls_de_DE> (0x000000078613b620) 
thrown [open/src/hotspot/share/prims/jni.cpp, line 535]
Event: 2.048 Thread 0x000000011d0d7200 Exception <a 'java/lang/NoSuchMethodError'{0x0000000785d27660}: 'void java.lang.invoke.DirectMethodHandle$Holder.invokeSpecial(java.lang.Object, java.lang.Object, java.lang.Object, java.lang.Object, java.lang.Object, java.lang.Object)'> (0x0000000785d27660) 
thrown [open/src/hotspot/share/interpreter/linkResolver.cpp, line 766]
Event: 2.144 Thread 0x000000011e009200 Exception <a 'java/lang/NoSuchMethodError'{0x0000000787e4ad28}: 'java.lang.Object java.lang.invoke.DirectMethodHandle$Holder.invokeStaticInit(java.lang.Object, int)'> (0x0000000787e4ad28) 
thrown [open/src/hotspot/share/interpreter/linkResolver.cpp, line 766]

VM Operations (20 events):
Event: 0.390 Executing VM operation: ICBufferFull
Event: 0.390 Executing VM operation: ICBufferFull done
Event: 0.517 Executing VM operation: HandshakeAllThreads
Event: 0.517 Executing VM operation: HandshakeAllThreads done
Event: 0.530 Executing VM operation: HandshakeAllThreads
Event: 0.530 Executing VM operation: HandshakeAllThreads done
Event: 0.533 Executing VM operation: G1CollectForAllocation
Event: 0.539 Executing VM operation: G1CollectForAllocation done
Event: 0.637 Executing VM operation: HandshakeAllThreads
Event: 0.637 Executing VM operation: HandshakeAllThreads done
Event: 0.665 Executing VM operation: ICBufferFull
Event: 0.665 Executing VM operation: ICBufferFull done
Event: 1.985 Executing VM operation: ICBufferFull
Event: 1.986 Executing VM operation: ICBufferFull done
Event: 2.036 Executing VM operation: ICBufferFull
Event: 2.036 Executing VM operation: ICBufferFull done
Event: 2.085 Executing VM operation: ICBufferFull
Event: 2.085 Executing VM operation: ICBufferFull done
Event: 2.106 Executing VM operation: G1CollectForAllocation
Event: 2.115 Executing VM operation: G1CollectForAllocation done

Events (20 events):
Event: 1.433 loading class sun/util/resources/TimeZoneNames_en
Event: 1.433 loading class sun/util/resources/TimeZoneNames_en done
Event: 1.493 Protecting memory [0x000000016e008000,0x000000016e014000] with protection modes 3
Event: 1.493 Thread 0x000000011f134800 Thread exited: 0x000000011f134800
Event: 1.676 Protecting memory [0x000000016e008000,0x000000016e014000] with protection modes 0
Event: 1.676 Thread 0x000000011d99a400 Thread added: 0x000000011d99a400
Event: 1.979 loading class jdk/internal/reflect/UnsafeObjectFieldAccessorImpl
Event: 1.979 loading class jdk/internal/reflect/UnsafeObjectFieldAccessorImpl done
Event: 2.002 loading class jdk/internal/reflect/BootstrapConstructorAccessorImpl
Event: 2.002 loading class jdk/internal/reflect/BootstrapConstructorAccessorImpl done
Event: 2.061 loading class java/lang/FdLibm$Hypot
Event: 2.061 loading class java/lang/FdLibm$Hypot done
Event: 2.061 loading class java/lang/FdLibm
Event: 2.061 loading class java/lang/FdLibm done
Event: 2.130 loading class java/nio/DirectFloatBufferU
Event: 2.130 loading class java/nio/DirectFloatBufferU done
Event: 2.443 Protecting memory [0x000000016e008000,0x000000016e014000] with protection modes 3
Event: 2.443 Thread 0x000000011d99a400 Thread exited: 0x000000011d99a400
Event: 2.925 Protecting memory [0x000000016e008000,0x000000016e014000] with protection modes 0
Event: 2.925 Thread 0x000000011f858400 Thread added: 0x000000011f858400


Dynamic libraries:
0x0000000104bcc000 	/Library/Java/JavaVirtualMachines/jdk-17.jdk/Contents/Home/lib/libjli.dylib
0x000000019163c000 	/usr/lib/libz.1.dylib
0x00000001916f3000 	/usr/lib/libSystem.B.dylib
0x00000001916ed000 	/usr/lib/system/libcache.dylib
0x00000001916ab000 	/usr/lib/system/libcommonCrypto.dylib
0x00000001916d4000 	/usr/lib/system/libcompiler_rt.dylib
0x00000001916cb000 	/usr/lib/system/libcopyfile.dylib
0x0000000186933000 	/usr/lib/system/libcorecrypto.dylib
0x00000001869e6000 	/usr/lib/system/libdispatch.dylib
0x0000000186bb4000 	/usr/lib/system/libdyld.dylib
0x00000001916e3000 	/usr/lib/system/libkeymgr.dylib
0x0000000191686000 	/usr/lib/system/libmacho.dylib
0x0000000190d7b000 	/usr/lib/system/libquarantine.dylib
0x00000001916e0000 	/usr/lib/system/libremovefile.dylib
0x000000018bd1c000 	/usr/lib/system/libsystem_asl.dylib
0x00000001868d5000 	/usr/lib/system/libsystem_blocks.dylib
0x0000000186a6e000 	/usr/lib/system/libsystem_c.dylib
0x00000001916d8000 	/usr/lib/system/libsystem_collections.dylib
0x0000000190209000 	/usr/lib/system/libsystem_configuration.dylib
0x000000018f465000 	/usr/lib/system/libsystem_containermanager.dylib
0x00000001913e8000 	/usr/lib/system/libsystem_coreservices.dylib
0x00000001892dc000 	/usr/lib/system/libsystem_darwin.dylib
0x00000001916e4000 	/usr/lib/system/libsystem_dnssd.dylib
0x0000000186a6b000 	/usr/lib/system/libsystem_featureflags.dylib
0x0000000186bc9000 	/usr/lib/system/libsystem_info.dylib
0x000000019164e000 	/usr/lib/system/libsystem_m.dylib
0x00000001869bb000 	/usr/lib/system/libsystem_malloc.dylib
0x000000018bcab000 	/usr/lib/system/libsystem_networkextension.dylib
0x0000000189735000 	/usr/lib/system/libsystem_notify.dylib
0x0000000197a31000 	/usr/lib/system/libsystem_product_info_filter.dylib
0x000000019020e000 	/usr/lib/system/libsystem_sandbox.dylib
0x00000001916dd000 	/usr/lib/system/libsystem_secinit.dylib
0x0000000186b6f000 	/usr/lib/system/libsystem_kernel.dylib
0x0000000186bc1000 	/usr/lib/system/libsystem_platform.dylib
0x0000000186ba7000 	/usr/lib/system/libsystem_pthread.dylib
0x000000018d474000 	/usr/lib/system/libsystem_symptoms.dylib
0x0000000186919000 	/usr/lib/system/libsystem_trace.dylib
0x00000001916b8000 	/usr/lib/system/libunwind.dylib
0x00000001868d7000 	/usr/lib/system/libxpc.dylib
0x0000000186b57000 	/usr/lib/libc++abi.dylib
0x0000000186a2d000 	/usr/lib/libobjc.A.dylib
0x00000001916c3000 	/usr/lib/liboah.dylib
0x0000000186af0000 	/usr/lib/libc++.1.dylib
0x000000019d54a000 	/System/Library/Frameworks/Cocoa.framework/Versions/A/Cocoa
0x0000000189796000 	/System/Library/Frameworks/AppKit.framework/Versions/C/AppKit
0x000000018cc9c000 	/System/Library/Frameworks/CoreData.framework/Versions/A/CoreData
0x0000000187af1000 	/System/Library/Frameworks/Foundation.framework/Versions/C/Foundation
0x000000018a64e000 	/System/Library/PrivateFrameworks/UIFoundation.framework/Versions/A/UIFoundation
0x000000019772b000 	/System/Library/PrivateFrameworks/RemoteViewServices.framework/Versions/A/RemoteViewServices
0x000000018fbb1000 	/System/Library/PrivateFrameworks/XCTTargetBootstrap.framework/Versions/A/XCTTargetBootstrap
0x000000019342f000 	/System/Library/PrivateFrameworks/InternationalSupport.framework/Versions/A/InternationalSupport
0x00000001934b8000 	/System/Library/PrivateFrameworks/UserActivity.framework/Versions/A/UserActivity
0x000000019292a000 	/usr/lib/libspindump.dylib
0x000000018a8bf000 	/System/Library/Frameworks/UniformTypeIdentifiers.framework/Versions/A/UniformTypeIdentifiers
0x000000018e0fc000 	/usr/lib/libapp_launch_measurement.dylib
0x000000018d626000 	/System/Library/PrivateFrameworks/CoreAnalytics.framework/Versions/A/CoreAnalytics
0x000000018e0ff000 	/System/Library/PrivateFrameworks/CoreAutoLayout.framework/Versions/A/CoreAutoLayout
0x000000018f4a2000 	/System/Library/Frameworks/Metal.framework/Versions/A/Metal
0x0000000190219000 	/usr/lib/liblangid.dylib
0x000000018fbb6000 	/System/Library/PrivateFrameworks/CoreSVG.framework/Versions/A/CoreSVG
0x000000018bd50000 	/System/Library/PrivateFrameworks/SkyLight.framework/Versions/A/SkyLight
0x000000018c125000 	/System/Library/Frameworks/CoreGraphics.framework/Versions/A/CoreGraphics
0x0000000197df7000 	/System/Library/Frameworks/Accelerate.framework/Versions/A/Accelerate
0x00000001923a1000 	/System/Library/PrivateFrameworks/IconServices.framework/Versions/A/IconServices
0x000000018f484000 	/System/Library/Frameworks/IOSurface.framework/Versions/A/IOSurface
0x000000018d657000 	/usr/lib/libDiagnosticMessagesClient.dylib
0x000000019b2f8000 	/System/Library/Frameworks/ApplicationServices.framework/Versions/A/ApplicationServices
0x000000018fb99000 	/System/Library/PrivateFrameworks/DFRFoundation.framework/Versions/A/DFRFoundation
0x0000000189026000 	/usr/lib/libicucore.A.dylib
0x00000001942db000 	/System/Library/Frameworks/AudioToolbox.framework/Versions/A/AudioToolbox
0x000000019343b000 	/System/Library/PrivateFrameworks/DataDetectorsCore.framework/Versions/A/DataDetectorsCore
0x00000001a9d7b000 	/System/Library/PrivateFrameworks/TextInput.framework/Versions/A/TextInput
0x000000018bcc5000 	/usr/lib/libMobileGestalt.dylib
0x000000018f865000 	/System/Library/Frameworks/Carbon.framework/Versions/A/Frameworks/HIToolbox.framework/Versions/A/HIToolbox
0x000000018dad8000 	/System/Library/Frameworks/QuartzCore.framework/Versions/A/QuartzCore
0x0000000188ca9000 	/System/Library/Frameworks/Security.framework/Versions/A/Security
0x000000019776b000 	/System/Library/Frameworks/Carbon.framework/Versions/A/Frameworks/SpeechRecognition.framework/Versions/A/SpeechRecognition
0x000000018de52000 	/System/Library/PrivateFrameworks/CoreUI.framework/Versions/A/CoreUI
0x0000000188586000 	/System/Library/Frameworks/CoreAudio.framework/Versions/A/CoreAudio
0x000000018d74c000 	/System/Library/Frameworks/DiskArbitration.framework/Versions/A/DiskArbitration
0x0000000192d34000 	/System/Library/PrivateFrameworks/MultitouchSupport.framework/Versions/A/MultitouchSupport
0x000000018bcc3000 	/usr/lib/libenergytrace.dylib
0x000000018965e000 	/System/Library/Frameworks/IOKit.framework/Versions/A/IOKit
0x0000000197b5a000 	/System/Library/Frameworks/CoreServices.framework/Versions/A/CoreServices
0x000000018e08c000 	/System/Library/PrivateFrameworks/PerformanceAnalysis.framework/Versions/A/PerformanceAnalysis
0x00000001e8063000 	/System/Library/Frameworks/OpenGL.framework/Versions/A/OpenGL
0x0000000190c93000 	/System/Library/PrivateFrameworks/MobileKeyBag.framework/Versions/A/MobileKeyBag
0x000000018c732000 	/System/Library/Frameworks/ColorSync.framework/Versions/A/ColorSync
0x0000000186bf6000 	/System/Library/Frameworks/CoreFoundation.framework/Versions/A/CoreFoundation
0x000000018fe35000 	/System/Library/Frameworks/CoreImage.framework/Versions/A/CoreImage
0x00000001883aa000 	/System/Library/Frameworks/CoreText.framework/Versions/A/CoreText
0x000000018fbe6000 	/System/Library/Frameworks/ImageIO.framework/Versions/A/ImageIO
0x00000001916f9000 	/System/Library/PrivateFrameworks/SoftLinking.framework/Versions/A/SoftLinking
0x000000018e14a000 	/usr/lib/libxml2.2.dylib
0x0000000191992000 	/usr/lib/libcompression.dylib
0x000000019338b000 	/System/Library/PrivateFrameworks/TextureIO.framework/Versions/A/TextureIO
0x00000001920ba000 	/usr/lib/libate.dylib
0x0000000191f7f000 	/usr/lib/liblzma.5.dylib
0x00000001877e5000 	/System/Library/Frameworks/SystemConfiguration.framework/Versions/A/SystemConfiguration
0x00000001916f5000 	/usr/lib/libfakelink.dylib
0x000000018b7f7000 	/System/Library/Frameworks/CFNetwork.framework/Versions/A/CFNetwork
0x000000019183b000 	/usr/lib/libarchive.2.dylib
0x0000000190215000 	/System/Library/PrivateFrameworks/AppleSystemInfo.framework/Versions/A/AppleSystemInfo
0x0000000190da6000 	/usr/lib/libbsm.0.dylib
0x000000018ad68000 	/usr/lib/libnetwork.dylib
0x000000019168f000 	/usr/lib/system/libkxld.dylib
0x00000001909b9000 	/System/Library/PrivateFrameworks/IOMobileFramebuffer.framework/Versions/A/IOMobileFramebuffer
0x000000020598f000 	/usr/lib/libCoreEntitlements.dylib
0x00000001913ca000 	/System/Library/PrivateFrameworks/AppleFSCompression.framework/Versions/A/AppleFSCompression
0x0000000190d8e000 	/usr/lib/libcoretls.dylib
0x0000000191f98000 	/usr/lib/libcoretls_cfhelpers.dylib
0x000000019198d000 	/usr/lib/libpam.2.dylib
0x000000018d08b000 	/usr/lib/libsqlite3.dylib
0x0000000192001000 	/usr/lib/libxar.1.dylib
0x00000001913db000 	/usr/lib/libbz2.1.0.dylib
0x00000001916fa000 	/usr/lib/libpcap.A.dylib
0x000000018d46b000 	/usr/lib/libdns_services.dylib
0x0000000191960000 	/usr/lib/libapple_nghttp2.dylib
0x0000000191737000 	/usr/lib/libiconv.2.dylib
0x0000000191685000 	/usr/lib/libcharset.1.dylib
0x000000018e0c8000 	/System/Library/Frameworks/CoreServices.framework/Versions/A/Frameworks/FSEvents.framework/Versions/A/FSEvents
0x00000001892e7000 	/System/Library/Frameworks/CoreServices.framework/Versions/A/Frameworks/CarbonCore.framework/Versions/A/CarbonCore
0x000000018d6ac000 	/System/Library/Frameworks/CoreServices.framework/Versions/A/Frameworks/Metadata.framework/Versions/A/Metadata
0x00000001913ee000 	/System/Library/Frameworks/CoreServices.framework/Versions/A/Frameworks/OSServices.framework/Versions/A/OSServices
0x00000001918c1000 	/System/Library/Frameworks/CoreServices.framework/Versions/A/Frameworks/SearchKit.framework/Versions/A/SearchKit
0x000000018d3fa000 	/System/Library/Frameworks/CoreServices.framework/Versions/A/Frameworks/AE.framework/Versions/A/AE
0x000000018713c000 	/System/Library/Frameworks/CoreServices.framework/Versions/A/Frameworks/LaunchServices.framework/Versions/A/LaunchServices
0x0000000191f28000 	/System/Library/Frameworks/CoreServices.framework/Versions/A/Frameworks/DictionaryServices.framework/Versions/A/DictionaryServices
0x000000018e0d5000 	/System/Library/Frameworks/CoreServices.framework/Versions/A/Frameworks/SharedFileList.framework/Versions/A/SharedFileList
0x0000000190d7e000 	/usr/lib/libCheckFix.dylib
0x000000018bd34000 	/System/Library/PrivateFrameworks/TCC.framework/Versions/A/TCC
0x000000019021b000 	/System/Library/PrivateFrameworks/CoreNLP.framework/Versions/A/CoreNLP
0x000000018d65a000 	/System/Library/PrivateFrameworks/MetadataUtilities.framework/Versions/A/MetadataUtilities
0x000000018789e000 	/usr/lib/libmecabra.dylib
0x0000000190db7000 	/usr/lib/libmecab.dylib
0x000000018786a000 	/usr/lib/libCRFSuite.dylib
0x0000000190e14000 	/usr/lib/libgermantok.dylib
0x0000000191939000 	/usr/lib/libThaiTokenizer.dylib
0x000000018d754000 	/System/Library/Frameworks/Accelerate.framework/Versions/A/Frameworks/vImage.framework/Versions/A/vImage
0x0000000197b31000 	/System/Library/Frameworks/Accelerate.framework/Versions/A/Frameworks/vecLib.framework/Versions/A/vecLib
0x0000000192046000 	/System/Library/Frameworks/Accelerate.framework/Versions/A/Frameworks/vecLib.framework/Versions/A/libvMisc.dylib
0x00000001908c0000 	/System/Library/Frameworks/Accelerate.framework/Versions/A/Frameworks/vecLib.framework/Versions/A/libvDSP.dylib
0x00000001874c5000 	/System/Library/Frameworks/Accelerate.framework/Versions/A/Frameworks/vecLib.framework/Versions/A/libBLAS.dylib
0x0000000191a63000 	/System/Library/Frameworks/Accelerate.framework/Versions/A/Frameworks/vecLib.framework/Versions/A/libLAPACK.dylib
0x0000000190e17000 	/System/Library/Frameworks/Accelerate.framework/Versions/A/Frameworks/vecLib.framework/Versions/A/libLinearAlgebra.dylib
0x0000000191978000 	/System/Library/Frameworks/Accelerate.framework/Versions/A/Frameworks/vecLib.framework/Versions/A/libSparseBLAS.dylib
0x0000000191a5e000 	/System/Library/Frameworks/Accelerate.framework/Versions/A/Frameworks/vecLib.framework/Versions/A/libQuadrature.dylib
0x0000000190314000 	/System/Library/Frameworks/Accelerate.framework/Versions/A/Frameworks/vecLib.framework/Versions/A/libBNNS.dylib
0x0000000187783000 	/System/Library/Frameworks/Accelerate.framework/Versions/A/Frameworks/vecLib.framework/Versions/A/libSparse.dylib
0x000000019030c000 	/System/Library/PrivateFrameworks/LinguisticData.framework/Versions/A/LinguisticData
0x000000018773b000 	/System/Library/PrivateFrameworks/Lexicon.framework/Versions/A/Lexicon
0x000000019203e000 	/usr/lib/libChineseTokenizer.dylib
0x0000000187ee2000 	/System/Library/PrivateFrameworks/LanguageModeling.framework/Versions/A/LanguageModeling
0x000000019193b000 	/System/Library/PrivateFrameworks/AppleSauce.framework/Versions/A/AppleSauce
0x00000001909a6000 	/System/Library/PrivateFrameworks/CoreEmoji.framework/Versions/A/CoreEmoji
0x0000000191829000 	/usr/lib/libcmph.dylib
0x000000018e0a8000 	/System/Library/Frameworks/OpenDirectory.framework/Versions/A/Frameworks/CFOpenDirectory.framework/Versions/A/CFOpenDirectory
0x000000018e098000 	/System/Library/Frameworks/OpenDirectory.framework/Versions/A/OpenDirectory
0x0000000191f9a000 	/System/Library/PrivateFrameworks/APFS.framework/Versions/A/APFS
0x0000000190cce000 	/System/Library/Frameworks/SecurityFoundation.framework/Versions/A/SecurityFoundation
0x0000000192010000 	/usr/lib/libutil.dylib
0x0000000189620000 	/System/Library/PrivateFrameworks/CoreServicesStore.framework/Versions/A/CoreServicesStore
0x0000000192014000 	/usr/lib/libxslt.1.dylib
0x0000000190d62000 	/System/Library/PrivateFrameworks/BackgroundTaskManagement.framework/Versions/A/BackgroundTaskManagement
0x00000001932ac000 	/System/Library/Frameworks/ImageIO.framework/Versions/A/Resources/libRadiance.dylib
0x00000001932b5000 	/System/Library/Frameworks/ImageIO.framework/Versions/A/Resources/libJPEG.dylib
0x0000000193208000 	/System/Library/Frameworks/ImageIO.framework/Versions/A/Resources/libPng.dylib
0x000000019322a000 	/System/Library/Frameworks/ImageIO.framework/Versions/A/Resources/libTIFF.dylib
0x0000000193310000 	/System/Library/Frameworks/ImageIO.framework/Versions/A/Resources/libGIF.dylib
0x0000000192c44000 	/System/Library/Frameworks/ImageIO.framework/Versions/A/Resources/libJP2.dylib
0x0000000192366000 	/usr/lib/libexpat.1.dylib
0x0000000192bff000 	/System/Library/PrivateFrameworks/AppleJPEG.framework/Versions/A/AppleJPEG
0x000000018f721000 	/System/Library/PrivateFrameworks/FontServices.framework/libFontParser.dylib
0x000000018d39f000 	/System/Library/PrivateFrameworks/RunningBoardServices.framework/Versions/A/RunningBoardServices
0x000000019dc1d000 	/System/Library/PrivateFrameworks/IOSurfaceAccelerator.framework/Versions/A/IOSurfaceAccelerator
0x0000000192d30000 	/System/Library/PrivateFrameworks/WatchdogClient.framework/Versions/A/WatchdogClient
0x0000000187fe6000 	/System/Library/Frameworks/CoreDisplay.framework/Versions/A/CoreDisplay
0x000000018f60b000 	/System/Library/Frameworks/CoreMedia.framework/Versions/A/CoreMedia
0x000000018f498000 	/System/Library/PrivateFrameworks/IOAccelerator.framework/Versions/A/IOAccelerator
0x000000018e238000 	/System/Library/Frameworks/CoreVideo.framework/Versions/A/CoreVideo
0x000000019198b000 	/System/Library/Frameworks/MetalPerformanceShaders.framework/Versions/A/MetalPerformanceShaders
0x0000000192d6f000 	/System/Library/Frameworks/VideoToolbox.framework/Versions/A/VideoToolbox
0x000000018d2e3000 	/System/Library/PrivateFrameworks/BaseBoard.framework/Versions/A/BaseBoard
0x000000018d071000 	/System/Library/PrivateFrameworks/ProtocolBuffer.framework/Versions/A/ProtocolBuffer
0x00000001932a7000 	/System/Library/PrivateFrameworks/GPUWrangler.framework/Versions/A/GPUWrangler
0x0000000193287000 	/System/Library/PrivateFrameworks/IOPresentment.framework/Versions/A/IOPresentment
0x00000001932af000 	/System/Library/PrivateFrameworks/DSExternalDisplay.framework/Versions/A/DSExternalDisplay
0x00000001e8056000 	/System/Library/Frameworks/OpenGL.framework/Versions/A/Libraries/libCoreFSCache.dylib
0x00000001f2515000 	/System/Library/PrivateFrameworks/GPUCompiler.framework/Versions/31001/Libraries/libGPUCompilerUtils.dylib
0x0000000193315000 	/System/Library/PrivateFrameworks/CMCaptureCore.framework/Versions/A/CMCaptureCore
0x0000000192917000 	/System/Library/PrivateFrameworks/AppServerSupport.framework/Versions/A/AppServerSupport
0x0000000194b98000 	/System/Library/PrivateFrameworks/perfdata.framework/Versions/A/perfdata
0x0000000188106000 	/System/Library/PrivateFrameworks/AudioToolboxCore.framework/Versions/A/AudioToolboxCore
0x000000018f5e4000 	/System/Library/PrivateFrameworks/caulk.framework/Versions/A/caulk
0x000000019448d000 	/usr/lib/libAudioStatistics.dylib
0x00000001a63e2000 	/System/Library/PrivateFrameworks/SystemPolicy.framework/Versions/A/SystemPolicy
0x00000001946f9000 	/usr/lib/libSMC.dylib
0x000000019d42c000 	/System/Library/Frameworks/CoreMIDI.framework/Versions/A/CoreMIDI
0x00000001931d6000 	/usr/lib/libAudioToolboxUtility.dylib
0x00000001a24af000 	/System/Library/PrivateFrameworks/OSAServicesClient.framework/Versions/A/OSAServicesClient
0x0000000194ba5000 	/usr/lib/libperfcheck.dylib
0x00000001a6efa000 	/usr/lib/libmis.dylib
0x00000001e80b8000 	/System/Library/Frameworks/OpenGL.framework/Versions/A/Libraries/libGLU.dylib
0x00000001e8077000 	/System/Library/Frameworks/OpenGL.framework/Versions/A/Libraries/libGFXShared.dylib
0x00000001e8264000 	/System/Library/Frameworks/OpenGL.framework/Versions/A/Libraries/libGL.dylib
0x00000001e8080000 	/System/Library/Frameworks/OpenGL.framework/Versions/A/Libraries/libGLImage.dylib
0x00000001e8074000 	/System/Library/Frameworks/OpenGL.framework/Versions/A/Libraries/libCVMSPluginSupport.dylib
0x00000001e805d000 	/System/Library/Frameworks/OpenGL.framework/Versions/A/Libraries/libCoreVMClient.dylib
0x0000000190195000 	/System/Library/Frameworks/MetalPerformanceShaders.framework/Versions/A/Frameworks/MPSCore.framework/Versions/A/MPSCore
0x000000019133d000 	/System/Library/Frameworks/MetalPerformanceShaders.framework/Versions/A/Frameworks/MPSImage.framework/Versions/A/MPSImage
0x0000000190e2c000 	/System/Library/Frameworks/MetalPerformanceShaders.framework/Versions/A/Frameworks/MPSNeuralNetwork.framework/Versions/A/MPSNeuralNetwork
0x0000000191265000 	/System/Library/Frameworks/MetalPerformanceShaders.framework/Versions/A/Frameworks/MPSMatrix.framework/Versions/A/MPSMatrix
0x000000019103e000 	/System/Library/Frameworks/MetalPerformanceShaders.framework/Versions/A/Frameworks/MPSRayIntersector.framework/Versions/A/MPSRayIntersector
0x0000000191296000 	/System/Library/Frameworks/MetalPerformanceShaders.framework/Versions/A/Frameworks/MPSNDArray.framework/Versions/A/MPSNDArray
0x00000001ea1cf000 	/System/Library/Frameworks/MetalPerformanceShaders.framework/Versions/A/Frameworks/MPSFunctions.framework/Versions/A/MPSFunctions
0x000000018739c000 	/System/Library/PrivateFrameworks/MetalTools.framework/Versions/A/MetalTools
0x0000000190213000 	/System/Library/PrivateFrameworks/AggregateDictionary.framework/Versions/A/AggregateDictionary
0x000000019214b000 	/usr/lib/libIOReport.dylib
0x000000019c44a000 	/System/Library/PrivateFrameworks/ASEProcessing.framework/Versions/A/ASEProcessing
0x00000001924c0000 	/System/Library/PrivateFrameworks/FaceCore.framework/Versions/A/FaceCore
0x00000001924b2000 	/System/Library/PrivateFrameworks/GraphVisualizer.framework/Versions/A/GraphVisualizer
0x00000001f242c000 	/System/Library/PrivateFrameworks/FontServices.framework/Versions/A/FontServices
0x00000001928d3000 	/System/Library/PrivateFrameworks/OTSVG.framework/Versions/A/OTSVG
0x000000018de02000 	/System/Library/Frameworks/ApplicationServices.framework/Versions/A/Frameworks/ATS.framework/Versions/A/Resources/libFontRegistry.dylib
0x0000000192920000 	/System/Library/PrivateFrameworks/FontServices.framework/libhvf.dylib
0x00000001f242d000 	/System/Library/PrivateFrameworks/FontServices.framework/libXTFontStaticRegistryData.dylib
0x00000001e8405000 	/System/Library/Frameworks/OpenCL.framework/Versions/A/OpenCL
0x000000019231a000 	/System/Library/PrivateFrameworks/AppleVA.framework/Versions/A/AppleVA
0x00000001944b5000 	/System/Library/Frameworks/ApplicationServices.framework/Versions/A/Frameworks/ATS.framework/Versions/A/ATS
0x000000018c82f000 	/System/Library/Frameworks/ApplicationServices.framework/Versions/A/Frameworks/HIServices.framework/Versions/A/HIServices
0x000000019331f000 	/System/Library/Frameworks/ApplicationServices.framework/Versions/A/Frameworks/PrintCore.framework/Versions/A/PrintCore
0x000000019484c000 	/System/Library/Frameworks/ApplicationServices.framework/Versions/A/Frameworks/QD.framework/Versions/A/QD
0x0000000194844000 	/System/Library/Frameworks/ApplicationServices.framework/Versions/A/Frameworks/ColorSyncLegacy.framework/Versions/A/ColorSyncLegacy
0x00000001944a1000 	/System/Library/Frameworks/ApplicationServices.framework/Versions/A/Frameworks/SpeechSynthesis.framework/Versions/A/SpeechSynthesis
0x00000001932e0000 	/System/Library/Frameworks/ApplicationServices.framework/Versions/A/Frameworks/ATSUI.framework/Versions/A/ATSUI
0x00000001947d9000 	/usr/lib/libcups.2.dylib
0x0000000194bb3000 	/System/Library/Frameworks/Kerberos.framework/Versions/A/Kerberos
0x0000000194bc4000 	/System/Library/Frameworks/GSS.framework/Versions/A/GSS
0x0000000194525000 	/usr/lib/libresolv.9.dylib
0x000000019292f000 	/System/Library/PrivateFrameworks/Heimdal.framework/Versions/A/Heimdal
0x000000019b67f000 	/System/Library/Frameworks/Kerberos.framework/Versions/A/Libraries/libHeimdalProxy.dylib
0x000000018d47d000 	/System/Library/Frameworks/Network.framework/Versions/A/Network
0x0000000192381000 	/usr/lib/libheimdal-asn1.dylib
0x0000000194c14000 	/System/Library/PrivateFrameworks/CommonAuth.framework/Versions/A/CommonAuth
0x000000019441b000 	/System/Library/PrivateFrameworks/AudioSession.framework/Versions/A/AudioSession
0x0000000192413000 	/System/Library/PrivateFrameworks/MediaExperience.framework/Versions/A/MediaExperience
0x00000001942a1000 	/System/Library/PrivateFrameworks/AudioSession.framework/libSessionUtility.dylib
0x0000000194858000 	/System/Library/PrivateFrameworks/AudioResourceArbitration.framework/Versions/A/AudioResourceArbitration
0x0000000198a0e000 	/System/Library/PrivateFrameworks/PowerLog.framework/Versions/A/PowerLog
0x000000019238b000 	/System/Library/PrivateFrameworks/IconFoundation.framework/Versions/A/IconFoundation
0x0000000197757000 	/System/Library/PrivateFrameworks/SpeechRecognitionCore.framework/Versions/A/SpeechRecognitionCore
0x0000000105e24000 	/Library/Java/JavaVirtualMachines/jdk-17.jdk/Contents/Home/lib/server/libjvm.dylib
0x0000000104c30000 	/Library/Java/JavaVirtualMachines/jdk-17.jdk/Contents/Home/lib/libjimage.dylib
0x0000000104c5c000 	/Library/Java/JavaVirtualMachines/jdk-17.jdk/Contents/Home/lib/libinstrument.dylib
0x0000000104ca8000 	/Library/Java/JavaVirtualMachines/jdk-17.jdk/Contents/Home/lib/libjava.dylib
0x0000000104cdc000 	/Library/Java/JavaVirtualMachines/jdk-17.jdk/Contents/Home/lib/libnio.dylib
0x0000000104e40000 	/Library/Java/JavaVirtualMachines/jdk-17.jdk/Contents/Home/lib/libnet.dylib
0x0000000104c90000 	/Library/Java/JavaVirtualMachines/jdk-17.jdk/Contents/Home/lib/libzip.dylib
0x0000000104e64000 	/Users/maxl/.openjfx/cache/17.0.1/libprism_es2.dylib
0x00000001895e3000 	/System/Library/PrivateFrameworks/CoreServicesInternal.framework/Versions/A/CoreServicesInternal
0x00000001e826e000 	/System/Library/Frameworks/OpenGL.framework/Versions/A/Resources/GLEngine.bundle/GLEngine
0x00000001e80f6000 	/System/Library/Frameworks/OpenGL.framework/Versions/A/Libraries/libGLProgrammability.dylib
0x000000010effc000 	/System/Library/Extensions/AppleMetalOpenGLRenderer.bundle/Contents/MacOS/AppleMetalOpenGLRenderer
0x00000001e83dd000 	/System/Library/Frameworks/OpenGL.framework/Versions/A/Resources/GLRendererFloat.bundle/GLRendererFloat
0x00000001e84dd000 	/System/Library/Extensions/AGXMetal13_3.bundle/Contents/MacOS/AGXMetal13_3
0x00000001a6f16000 	/System/Library/PrivateFrameworks/GPURawCounter.framework/Versions/A/GPURawCounter
0x00000001a1620000 	/System/Library/PrivateFrameworks/IOGPU.framework/Versions/A/IOGPU
0x000000010ef74000 	/Users/maxl/.openjfx/cache/17.0.1/libglass.dylib
0x0000000198c66000 	/System/Library/Frameworks/FileProvider.framework/Versions/A/FileProvider
0x000000018d24b000 	/System/Library/Frameworks/Accounts.framework/Versions/A/Accounts
0x0000000198dea000 	/System/Library/PrivateFrameworks/GenerationalStorage.framework/Versions/A/GenerationalStorage
0x00000001999ad000 	/System/Library/PrivateFrameworks/CoreSymbolication.framework/Versions/A/CoreSymbolication
0x0000000198a02000 	/System/Library/PrivateFrameworks/SymptomDiagnosticReporter.framework/Versions/A/SymptomDiagnosticReporter
0x000000018a8d3000 	/System/Library/PrivateFrameworks/DesktopServicesPriv.framework/Versions/A/DesktopServicesPriv
0x0000000189745000 	/usr/lib/libsandbox.1.dylib
0x000000018e2c6000 	/System/Library/PrivateFrameworks/UserManagement.framework/Versions/A/UserManagement
0x000000019996a000 	/System/Library/PrivateFrameworks/DebugSymbols.framework/Versions/A/DebugSymbols
0x0000000194837000 	/System/Library/PrivateFrameworks/NetAuth.framework/Versions/A/NetAuth
0x0000000195755000 	/System/Library/PrivateFrameworks/Sharing.framework/Versions/A/Sharing
0x000000018e296000 	/System/Library/PrivateFrameworks/login.framework/Versions/A/Frameworks/loginsupport.framework/Versions/A/loginsupport
0x000000019ab9f000 	/System/Library/PrivateFrameworks/Apple80211.framework/Versions/A/Apple80211
0x0000000191421000 	/System/Library/PrivateFrameworks/AuthKit.framework/Versions/A/AuthKit
0x0000000190aa2000 	/System/Library/PrivateFrameworks/CoreUtils.framework/Versions/A/CoreUtils
0x00000001909c5000 	/System/Library/Frameworks/CoreWLAN.framework/Versions/A/CoreWLAN
0x00000001958c5000 	/System/Library/Frameworks/IOBluetooth.framework/Versions/A/IOBluetooth
0x000000019abff000 	/System/Library/PrivateFrameworks/CoreWiFi.framework/Versions/A/CoreWiFi
0x000000019954a000 	/System/Library/PrivateFrameworks/FrontBoardServices.framework/Versions/A/FrontBoardServices
0x00000001995e2000 	/System/Library/PrivateFrameworks/BoardServices.framework/Versions/A/BoardServices
0x0000000190cbc000 	/System/Library/PrivateFrameworks/AssertionServices.framework/Versions/A/AssertionServices
0x000000019ad7c000 	/System/Library/PrivateFrameworks/BackBoardServices.framework/Versions/A/BackBoardServices
0x0000000194cab000 	/System/Library/PrivateFrameworks/CorePhoneNumbers.framework/Versions/A/CorePhoneNumbers
0x0000000198b32000 	/System/Library/PrivateFrameworks/DiskManagement.framework/Versions/A/DiskManagement
0x0000000198a35000 	/System/Library/PrivateFrameworks/AppleIDAuthSupport.framework/Versions/A/AppleIDAuthSupport
0x00000001ec9f6000 	/System/Library/PrivateFrameworks/AAAFoundation.framework/Versions/A/AAAFoundation
0x0000000194c8a000 	/System/Library/PrivateFrameworks/KeychainCircle.framework/Versions/A/KeychainCircle
0x0000000198afe000 	/System/Library/PrivateFrameworks/MediaKit.framework/Versions/A/MediaKit
0x0000000198a42000 	/System/Library/Frameworks/DiscRecording.framework/Versions/A/DiscRecording
0x0000000192296000 	/usr/lib/libCoreStorage.dylib
0x000000019b079000 	/usr/lib/libcsfde.dylib
0x000000019599a000 	/System/Library/PrivateFrameworks/ProtectedCloudStorage.framework/Versions/A/ProtectedCloudStorage
0x000000019b071000 	/System/Library/PrivateFrameworks/EFILogin.framework/Versions/A/EFILogin
0x0000000198e11000 	/System/Library/PrivateFrameworks/OctagonTrust.framework/Versions/A/OctagonTrust
0x00000001f15c7000 	/System/Library/PrivateFrameworks/CoreUtilsExtras.framework/Versions/A/CoreUtilsExtras
0x0000000198967000 	/System/Library/Frameworks/CoreBluetooth.framework/Versions/A/CoreBluetooth
0x000000019b704000 	/System/Library/Frameworks/AudioUnit.framework/Versions/A/AudioUnit
0x000000019228e000 	/usr/lib/libMatch.1.dylib
0x00000001ab3c2000 	/System/Library/Frameworks/Accelerate.framework/Versions/A/Frameworks/vImage.framework/Versions/A/Libraries/libCGInterfaces.dylib
0x000000011a450000 	/usr/lib/libobjc-trampolines.dylib
0x000000018df90000 	/System/Library/PrivateFrameworks/ViewBridge.framework/Versions/A/ViewBridge
0x000000011c4b4000 	/Users/maxl/.openjfx/cache/17.0.1/libjavafx_font.dylib
0x000000011c650000 	/Users/maxl/.openjfx/cache/17.0.1/libjavafx_iio.dylib
0x00000001929f2000 	/System/Library/PrivateFrameworks/login.framework/Versions/A/login
0x0000000205b0d000 	/usr/lib/libRosetta.dylib


VM Arguments:
jvm_args: -javaagent:/Applications/IntelliJ IDEA.app/Contents/lib/idea_rt.jar=51178:/Applications/IntelliJ IDEA.app/Contents/bin -Dfile.encoding=UTF-8 --module-path=/Users/maxl/.m2/repository/org/openjfx/javafx-fxml/17.0.1/javafx-fxml-17.0.1-mac-aarch64.jar:/Users/maxl/Documents/GitHub/Sushi-like-a-boss/Sushi-like-a-boss/target/classes:/Users/maxl/.m2/repository/org/openjfx/javafx-controls/17.0.1/javafx-controls-17.0.1-mac-aarch64.jar:/Users/maxl/.m2/repository/org/openjfx/javafx-base/17.0.1/javafx-base-17.0.1-mac-aarch64.jar:/Users/maxl/.m2/repository/org/openjfx/javafx-graphics/17.0.1/javafx-graphics-17.0.1-mac-aarch64.jar -Djdk.module.main=com.example.sushilikeaboss 
java_command: com.example.sushilikeaboss/com.example.sushilikeaboss.HelloApplication
java_class_path (initial): /Users/maxl/.m2/repository/org/openjfx/javafx-controls/17.0.1/javafx-controls-17.0.1.jar:/Users/maxl/.m2/repository/org/openjfx/javafx-graphics/17.0.1/javafx-graphics-17.0.1.jar:/Users/maxl/.m2/repository/org/openjfx/javafx-base/17.0.1/javafx-base-17.0.1.jar:/Users/maxl/.m2/repository/org/openjfx/javafx-fxml/17.0.1/javafx-fxml-17.0.1.jar
Launcher Type: SUN_STANDARD

[Global flags]
     intx CICompilerCount                          = 4                                         {product} {ergonomic}
     uint ConcGCThreads                            = 2                                         {product} {ergonomic}
     uint G1ConcRefinementThreads                  = 8                                         {product} {ergonomic}
   size_t G1HeapRegionSize                         = 1048576                                   {product} {ergonomic}
    uintx GCDrainStackTargetSize                   = 64                                        {product} {ergonomic}
   size_t InitialHeapSize                          = 134217728                                 {product} {ergonomic}
   size_t MarkStackSize                            = 4194304                                   {product} {ergonomic}
   size_t MaxHeapSize                              = 2147483648                                {product} {ergonomic}
   size_t MaxNewSize                               = 1287651328                                {product} {ergonomic}
   size_t MinHeapDeltaBytes                        = 1048576                                   {product} {ergonomic}
   size_t MinHeapSize                              = 8388608                                   {product} {ergonomic}
    uintx NonNMethodCodeHeapSize                   = 5839564                                {pd product} {ergonomic}
    uintx NonProfiledCodeHeapSize                  = 122909338                              {pd product} {ergonomic}
    uintx ProfiledCodeHeapSize                     = 122909338                              {pd product} {ergonomic}
    uintx ReservedCodeCacheSize                    = 251658240                              {pd product} {ergonomic}
     bool SegmentedCodeCache                       = true                                      {product} {ergonomic}
   size_t SoftMaxHeapSize                          = 2147483648                             {manageable} {ergonomic}
     bool UseCompressedClassPointers               = true                           {product lp64_product} {ergonomic}
     bool UseCompressedOops                        = true                           {product lp64_product} {ergonomic}
     bool UseG1GC                                  = true                                      {product} {ergonomic}
     bool UseNUMA                                  = false                                     {product} {ergonomic}
     bool UseNUMAInterleaving                      = false                                     {product} {ergonomic}

Logging:
Log output configuration:
 #0: stdout all=warning uptime,level,tags
 #1: stderr all=off uptime,level,tags

Environment Variables:
PATH=/Users/maxl/opt/anaconda3/bin:/Users/maxl/opt/anaconda3/condabin:/usr/local/bin:/usr/bin:/bin:/usr/sbin:/sbin:/Users/maxl/chromedriver
SHELL=/bin/zsh
LC_CTYPE=de_DE.UTF-8

Signal Handlers:
   SIGSEGV: _ZL13crash_handleriP9__siginfoPv in libjvm.dylib, mask=11100110000111110111111111111111, flags=SA_RESTART|SA_SIGINFO
    SIGBUS: _ZL13crash_handleriP9__siginfoPv in libjvm.dylib, mask=11100110000111110111111111111111, flags=SA_RESTART|SA_SIGINFO
    SIGFPE: _ZL13crash_handleriP9__siginfoPv in libjvm.dylib, mask=11100110000111110111111111111111, flags=SA_RESTART|SA_SIGINFO
   SIGPIPE: _ZL17javaSignalHandleriP9__siginfoPv in libjvm.dylib, mask=11100110000111110111111111111111, flags=SA_RESTART|SA_SIGINFO
   SIGXFSZ: _ZL17javaSignalHandleriP9__siginfoPv in libjvm.dylib, mask=11100110000111110111111111111111, flags=SA_RESTART|SA_SIGINFO
    SIGILL: _ZL13crash_handleriP9__siginfoPv in libjvm.dylib, mask=11100110000111110111111111111111, flags=SA_RESTART|SA_SIGINFO
   SIGUSR2: _ZL10SR_handleriP9__siginfoP17__darwin_ucontext in libjvm.dylib, mask=00100000000000000000000000000000, flags=SA_RESTART|SA_SIGINFO
    SIGHUP: _ZL11UserHandleriPvS_ in libjvm.dylib, mask=11100110000111110111111111111111, flags=SA_RESTART|SA_SIGINFO
    SIGINT: _ZL11UserHandleriPvS_ in libjvm.dylib, mask=11100110000111110111111111111111, flags=SA_RESTART|SA_SIGINFO
   SIGTERM: _ZL11UserHandleriPvS_ in libjvm.dylib, mask=11100110000111110111111111111111, flags=SA_RESTART|SA_SIGINFO
   SIGQUIT: _ZL11UserHandleriPvS_ in libjvm.dylib, mask=11100110000111110111111111111111, flags=SA_RESTART|SA_SIGINFO
   SIGTRAP: _ZL13crash_handleriP9__siginfoPv in libjvm.dylib, mask=11100110000111110111111111111111, flags=SA_RESTART|SA_SIGINFO


---------------  S Y S T E M  ---------------

OS:
uname: Darwin 21.4.0 Darwin Kernel Version 21.4.0: Fri Mar 18 00:47:26 PDT 2022; root:xnu-8020.101.4~15/RELEASE_ARM64_T8101 arm64
OS uptime: 5 days 2:24 hours
rlimit (soft/hard): STACK 8176k/65520k , CORE 0k/infinity , NPROC 1333/2000 , NOFILE 10240/infinity , AS infinity/infinity , CPU infinity/infinity , DATA infinity/infinity , FSIZE infinity/infinity , MEMLOCK infinity/infinity , RSS infinity/infinity
load average: 2.36 2.48 2.45

CPU: total 8 (initial active 8) 0x61:0x0:0x1b588bb3:0, fp, simd, crc, lse

Memory: 16k page, physical 8388608k(148880k free), swap 2097152k(1059072k free)

vm_info: Java HotSpot(TM) 64-Bit Server VM (17+35-LTS-2724) for bsd-aarch64 JRE (17+35-LTS-2724), built on Aug  5 2021 22:28:56 by "mach5one" with clang Apple LLVM 12.0.0 (clang-1200.0.32.29)

END.
