#
# A fatal error has been detected by the Java Runtime Environment:
#
#  SIGBUS (0xa) at pc=0x000000010a6814f0, pid=49858, tid=28931
#
# JRE version: Java(TM) SE Runtime Environment (17.0+35) (build 17+35-LTS-2724)
# Java VM: Java HotSpot(TM) 64-Bit Server VM (17+35-LTS-2724, mixed mode, sharing, tiered, compressed oops, compressed class ptrs, g1 gc, bsd-aarch64)
# Problematic frame:
# v  ~StubRoutines::SafeFetchN
#
# No core dump will be written. Core dumps have been disabled. To enable core dumping, try "ulimit -c unlimited" before starting Java again
#
# If you would like to submit a bug report, please visit:
#   https://bugreport.java.com/bugreport/crash.jsp
# The crash happened outside the Java Virtual Machine in native code.
# See problematic frame for where to report the bug.
#

---------------  S U M M A R Y ------------

Command Line: -javaagent:/Applications/IntelliJ IDEA.app/Contents/lib/idea_rt.jar=50969:/Applications/IntelliJ IDEA.app/Contents/bin -Dfile.encoding=UTF-8 --module-path=/Users/maxl/.m2/repository/org/openjfx/javafx-fxml/17.0.1/javafx-fxml-17.0.1-mac-aarch64.jar:/Users/maxl/.m2/repository/org/openjfx/javafx-graphics/17.0.1/javafx-graphics-17.0.1-mac-aarch64.jar:/Users/maxl/Documents/GitHub/Sushi-like-a-boss/Sushi-like-a-boss/target/classes:/Users/maxl/.m2/repository/org/openjfx/javafx-base/17.0.1/javafx-base-17.0.1-mac-aarch64.jar:/Users/maxl/.m2/repository/org/openjfx/javafx-controls/17.0.1/javafx-controls-17.0.1-mac-aarch64.jar -Djdk.module.main=com.example.sushilikeaboss com.example.sushilikeaboss/com.example.sushilikeaboss.HelloApplication

Host: "MacBookAir10,1" arm64 1 MHz, 8 cores, 8G, Darwin 21.5.0, macOS 12.4 (21F79)
Time: Tue Jun 28 12:16:11 2022 CEST elapsed time: 4.535060 seconds (0d 0h 0m 4s)

---------------  T H R E A D  ---------------

Current thread (0x0000000145088a00):  JavaThread "InvokeLaterDispatcher" daemon [_thread_in_native, id=28931, stack(0x00000001719a4000,0x0000000171ba7000)]

Stack: [0x00000001719a4000,0x0000000171ba7000],  sp=0x0000000171ba67b0,  free space=2057k
Native frames: (J=compiled Java code, j=interpreted, Vv=VM code, C=native code)
v  ~StubRoutines::SafeFetchN
V  [libjvm.dylib+0x79e870]  _ZN10OopStorage7releaseEPKP7oopDesc+0x20
V  [libjvm.dylib+0x4b94ac]  jni_DeleteGlobalRef+0xc4
C  [libglass.dylib+0xab08]  -[GlassRunnable dealloc]+0x34
C  [Foundation+0x85318]  -[_NSThreadPerformInfo dealloc]+0x30
C  [Foundation+0x518ac]  -[NSObject(NSThreadPerformAdditions) performSelectorOnMainThread:withObject:waitUntilDone:]+0x88
C  0xee4a80010a6898ac
j  com.sun.glass.ui.mac.MacApplication.submitForLaterInvocation(Ljava/lang/Runnable;)V+2 javafx.graphics
j  com.sun.glass.ui.InvokeLaterDispatcher.run()V+82 javafx.graphics
v  ~StubRoutines::call_stub
V  [libjvm.dylib+0x460b04]  _ZN9JavaCalls11call_helperEP9JavaValueRK12methodHandleP17JavaCallArgumentsP10JavaThread+0x38c
V  [libjvm.dylib+0x45fb20]  _ZN9JavaCalls12call_virtualEP9JavaValueP5KlassP6SymbolS5_P17JavaCallArgumentsP10JavaThread+0x11c
V  [libjvm.dylib+0x45fbec]  _ZN9JavaCalls12call_virtualEP9JavaValue6HandleP5KlassP6SymbolS6_P10JavaThread+0x64
V  [libjvm.dylib+0x51346c]  _ZL12thread_entryP10JavaThreadS0_+0xc4
V  [libjvm.dylib+0x8fcb74]  _ZN10JavaThread17thread_main_innerEv+0x134
V  [libjvm.dylib+0x8fb49c]  _ZN6Thread8call_runEv+0x128
V  [libjvm.dylib+0x7a5458]  _ZL19thread_native_entryP6Thread+0x158
C  [libsystem_pthread.dylib+0x726c]  _pthread_start+0x94

Java frames: (J=compiled Java code, j=interpreted, Vv=VM code)
j  com.sun.glass.ui.mac.MacApplication._submitForLaterInvocation(Ljava/lang/Runnable;)V+0 javafx.graphics
j  com.sun.glass.ui.mac.MacApplication.submitForLaterInvocation(Ljava/lang/Runnable;)V+2 javafx.graphics
j  com.sun.glass.ui.InvokeLaterDispatcher.run()V+82 javafx.graphics
v  ~StubRoutines::call_stub

siginfo: si_signo: 10 (SIGBUS), si_code: 1 (BUS_ADRALN), si_addr: 0x000000010a6814f0

Register to memory mapping:

 x0=0x0000000145807908 is a global jni handle
 x1=0x0 is NULL
 x2=0x0000000787880a98 is an oop: com.sun.glass.ui.InvokeLaterDispatcher$Future 
{0x0000000787880a98} - klass: 'com/sun/glass/ui/InvokeLaterDispatcher$Future'
 - ---- fields (total size 3 words):
 - private 'done' 'Z' @12  true
 - private final 'runnable' 'Ljava/lang/Runnable;' @16  a 'com/sun/javafx/application/PlatformImpl$$Lambda$92+0x0000000800c819d0'{0x0000000787847298} (f0f08e53)
 - final synthetic 'this$0' 'Lcom/sun/glass/ui/InvokeLaterDispatcher;' @20  a 'com/sun/glass/ui/InvokeLaterDispatcher'{0x000000078560ffe0} (f0ac1ffc)
 x3=0x0 is NULL
 x4=0x00000000000130a8 is an unknown value
 x5=0x0 is NULL
 x6=0x0 is NULL
 x7=0x0 is NULL
 x8=0x000000010a6814ec is at begin+0 in a stub
StubRoutines::SafeFetchN [0x000000010a6814ec, 0x000000010a6814f8] (12 bytes)
 x9=0x0 is NULL
x10=0x2010000030300000 is an unknown value
x11=0x0000000000000007 is an unknown value
x12=0x0 is NULL
x13=0x00006000006bbc70 points into unknown readable memory: 0x0000000000000000 | 00 00 00 00 00 00 00 00
x14=0x0000060000000000 is an unknown value
x15=0x0000000123841f98: OBJC_CLASS_$_GlassRunnable+0 in /Users/maxl/.openjfx/cache/17.0.1/libglass.dylib at 0x00000001237fc000
x16=0x00000001b44430fc: pthread_getspecific+0 in /usr/lib/system/libsystem_pthread.dylib at 0x00000001b4441000
x17=0x0000600000caeb20 points into unknown readable memory: 0xfffffffffffffffe | fe ff ff ff ff ff ff ff
x18=0x0 is NULL
x19=0x00006000003a0770 points into unknown readable memory: 0x0000600002abd650 | 50 d6 ab 02 00 60 00 00
x20=0x0000000145807700 points into unknown readable memory: 0x9bd2a6eacd58460c | 0c 46 58 cd ea a6 d2 9b
x21=0x0000000145807908 is a global jni handle
x22=0x0000000145088a00 is a thread
x23=0x0000000000000001 is an unknown value
x24=0x00000001458078c0 is a global jni handle
x25=0x0000000102bb15d8: _ZN12StubRoutines17_safefetchN_entryE+0 in /Library/Java/JavaVirtualMachines/jdk-17.jdk/Contents/Home/lib/server/libjvm.dylib at 0x0000000102020000
x26=0x000000011fd194b0 is pointing into metadata
x27=0x0 is NULL
x28=0x0000000145088a00 is a thread


Registers:
 x0=0x0000000145807908  x1=0x0000000000000000  x2=0x0000000787880a98  x3=0x0000000000000000
 x4=0x00000000000130a8  x5=0x0000000000000000  x6=0x0000000000000000  x7=0x0000000000000000
 x8=0x000000010a6814ec  x9=0x0000000000000000 x10=0x2010000030300000 x11=0x0000000000000007
x12=0x0000000000000000 x13=0x00006000006bbc70 x14=0x0000060000000000 x15=0x0000000123841f98
x16=0x00000001b44430fc x17=0x0000600000caeb20 x18=0x0000000000000000 x19=0x00006000003a0770
x20=0x0000000145807700 x21=0x0000000145807908 x22=0x0000000145088a00 x23=0x0000000000000001
x24=0x00000001458078c0 x25=0x0000000102bb15d8 x26=0x000000011fd194b0 x27=0x0000000000000000
x28=0x0000000145088a00  fp=0x0000000171ba67f0  lr=0x00000001027bd640  sp=0x0000000171ba67b0
pc=0x000000010a6814f0 cpsr=0x0000000060001000
Top of Stack: (sp=0x0000000171ba67b0)
0x0000000171ba67b0:   000000011fd194b0 0000000000000001
0x0000000171ba67c0:   0000000171ba69a8 0000600002aa1710
0x0000000171ba67d0:   0000000000000000 00000001458078f0
0x0000000171ba67e0:   00000001458078f0 00006000003a0770
0x0000000171ba67f0:   0000000171ba6830 00000001027be870
0x0000000171ba6800:   0000000000000001 00000001458078f0
0x0000000171ba6810:   0000000000000000 00000001458078f0
0x0000000171ba6820:   0000000000000001 0000000145092400
0x0000000171ba6830:   0000000171ba6860 00000001024d94ac
0x0000000171ba6840:   0000600002aa1720 00000001fe70130c
0x0000000171ba6850:   0000000000000000 0000600002aa1720
0x0000000171ba6860:   0000000171ba6890 0000000123806b08
0x0000000171ba6870:   cc16d25286af002c 0000000000000000
0x0000000171ba6880:   0000000000000000 0000600003d64680
0x0000000171ba6890:   0000000171ba68d0 00000001b5418318
0x0000000171ba68a0:   0000000171ba69a8 0000600002aa1710
0x0000000171ba68b0:   0000600002aa1720 cc16d25286af002c
0x0000000171ba68c0:   0000000000000000 0000000000000000
0x0000000171ba68d0:   0000000171ba6910 ca3b8001b53e48ac
0x0000000171ba68e0:   0000000171ba69a8 000000010a6887c0
0x0000000171ba68f0:   0000000000000000 0000000102bb8f90
0x0000000171ba6900:   0000000171ba6920 000000010a687730
0x0000000171ba6910:   0000000171ba6980 ee4a80010a6898ac
0x0000000171ba6920:   0000000171ba6988 000000011f9bb6a0
0x0000000171ba6930:   0000000171ba6930 0000000000000000
0x0000000171ba6940:   0000000171ba69a8 000000011fd194b0
0x0000000171ba6950:   0000000785630248 0000000000000000
0x0000000171ba6960:   0000000000000000 000000011fcf79e0
0x0000000171ba6970:   0000000000000000 0000000171ba6980
0x0000000171ba6980:   0000000171ba6a00 000000010a685fc8
0x0000000171ba6990:   0000000000000000 0000000000000000
0x0000000171ba69a0:   0000000787880a98 00000007856302c0 

Instructions: (pc=0x000000010a6814f0)
0x000000010a6813f0:   f2a056e9 f2c00029 6d425935 1e640886
0x000000010a681400:   0c402d31 1e6408c7 1f5654d0 1e6c1017
0x000000010a681410:   1f5050d0 1f504cd0 1f5048d0 1e650af6
0x000000010a681420:   1f50d8f6 1f5694d6 1f5158f6 1e762880
0x000000010a681430:   36000501 1e614000 14000026 2e251ca5
0x000000010a681440:   d29c3009 f2a056e9 f2c00029 6d425d36
0x000000010a681450:   1e600806 0c402d32 1f5758c7 1e6c101a
0x000000010a681460:   1f4754c7 1e650805 1f4750c7 d2866668
0x000000010a681470:   f2a7fa68 1f474cc7 1e6608c0 1f4748c7
0x000000010a681480:   1e6e1019 eb08007f 540000ac 1f479400
0x000000010a681490:   1f460340 1e603b20 1400000e d2a7fd29
0x000000010a6814a0:   eb09007f 540000ac 51480069 d3607d29
0x000000010a6814b0:   9e670121 14000002 1e6a5001 1f679417
0x000000010a6814c0:   1f668742 1e613b23 1e773857 1e773860
0x000000010a6814d0:   a8c17ff3 910003bf a8c17bfd d65f03c0
0x000000010a6814e0:   b9400001 aa0103e0 d65f03c0 f9400001
0x000000010a6814f0:   aa0103e0 d65f03c0 00000000 00000000
0x000000010a681500:   00000000 00000000 00000000 00000000
0x000000010a681510:   00000000 00000000 00000000 00000000
0x000000010a681520:   00000000 00000000 00000000 00000000
0x000000010a681530:   00000000 00000000 00000000 00000000
0x000000010a681540:   00000000 00000000 00000000 00000000
0x000000010a681550:   00000000 00000000 00000000 00000000
0x000000010a681560:   00000000 00000000 00000000 00000000
0x000000010a681570:   00000000 00000000 00000000 00000000
0x000000010a681580:   00000000 00000000 00000000 00000000
0x000000010a681590:   00000000 00000000 00000000 00000000
0x000000010a6815a0:   00000000 00000000 00000000 00000000
0x000000010a6815b0:   00000000 00000000 00000000 00000000
0x000000010a6815c0:   00000000 00000000 00000000 00000000
0x000000010a6815d0:   00000000 00000000 00000000 00000000
0x000000010a6815e0:   00000000 00000000 00000000 00000000 


Stack slot to memory mapping:
stack at sp + 0 slots: 0x000000011fd194b0 is pointing into metadata
stack at sp + 1 slots: 0x0000000000000001 is an unknown value
stack at sp + 2 slots: 0x0000000171ba69a8 is pointing into the stack for thread: 0x0000000145088a00
stack at sp + 3 slots: 0x0000600002aa1710 points into unknown readable memory: 0x010000020ce12031 | 31 20 e1 0c 02 00 00 01
stack at sp + 4 slots: 0x0 is NULL
stack at sp + 5 slots: 0x00000001458078f0 is a global jni handle
stack at sp + 6 slots: 0x00000001458078f0 is a global jni handle
stack at sp + 7 slots: 0x00006000003a0770 points into unknown readable memory: 0x0000600002abd650 | 50 d6 ab 02 00 60 00 00

StubRoutines::SafeFetchN [0x000000010a6814ec, 0x000000010a6814f8] (12 bytes)
[MachCode]
  0x000000010a6814ec: 0100 40f9 | e003 01aa | c003 5fd6 
[/MachCode]

---------------  P R O C E S S  ---------------

Threads class SMR info:
_java_thread_list=0x000060000281ef40, length=20, elements={
0x0000000146811a00, 0x0000000145009e00, 0x000000014500c600, 0x000000014500aa00,
0x00000001468c6600, 0x000000014480d600, 0x000000014480dc00, 0x000000014480e200,
0x0000000135009e00, 0x000000014480f200, 0x0000000144810000, 0x000000014500be00,
0x000000014480f800, 0x0000000145088a00, 0x0000000145092400, 0x0000000146a65200,
0x000000014487c400, 0x0000000146141200, 0x0000000145134200, 0x0000000145140200
}

Java Threads: ( => current thread )
  0x0000000146811a00 JavaThread "main" [_thread_blocked, id=6147, stack(0x000000016ef9c000,0x000000016f19f000)]
  0x0000000145009e00 JavaThread "Reference Handler" daemon [_thread_blocked, id=15875, stack(0x000000016fdf0000,0x000000016fff3000)]
  0x000000014500c600 JavaThread "Finalizer" daemon [_thread_blocked, id=16899, stack(0x000000016fffc000,0x00000001701ff000)]
  0x000000014500aa00 JavaThread "Signal Dispatcher" daemon [_thread_blocked, id=42243, stack(0x0000000170320000,0x0000000170523000)]
  0x00000001468c6600 JavaThread "Service Thread" daemon [_thread_blocked, id=41731, stack(0x000000017052c000,0x000000017072f000)]
  0x000000014480d600 JavaThread "Monitor Deflation Thread" daemon [_thread_blocked, id=22787, stack(0x0000000170738000,0x000000017093b000)]
  0x000000014480dc00 JavaThread "C2 CompilerThread0" daemon [_thread_blocked, id=41219, stack(0x0000000170944000,0x0000000170b47000)]
  0x000000014480e200 JavaThread "C1 CompilerThread0" daemon [_thread_blocked, id=40707, stack(0x0000000170b50000,0x0000000170d53000)]
  0x0000000135009e00 JavaThread "Sweeper thread" daemon [_thread_blocked, id=40451, stack(0x0000000170d5c000,0x0000000170f5f000)]
  0x000000014480f200 JavaThread "Common-Cleaner" daemon [_thread_blocked, id=23811, stack(0x0000000170f68000,0x000000017116b000)]
  0x0000000144810000 JavaThread "Monitor Ctrl-Break" daemon [_thread_in_native, id=39939, stack(0x0000000171174000,0x0000000171377000)]
  0x000000014500be00 JavaThread "Notification Thread" daemon [_thread_blocked, id=39683, stack(0x0000000171380000,0x0000000171583000)]
  0x000000014480f800 JavaThread "QuantumRenderer-0" daemon [_thread_blocked, id=24835, stack(0x0000000171798000,0x000000017199b000)]
=>0x0000000145088a00 JavaThread "InvokeLaterDispatcher" daemon [_thread_in_native, id=28931, stack(0x00000001719a4000,0x0000000171ba7000)]
  0x0000000145092400 JavaThread "JavaFX Application Thread" [_thread_in_vm, id=259, stack(0x000000016e714000,0x000000016ef10000)]
  0x0000000146a65200 JavaThread "JavaFX-Launcher" [_thread_blocked, id=57091, stack(0x0000000171ed4000,0x00000001720d7000)]
  0x000000014487c400 JavaThread "Prism Font Disposer" daemon [_thread_blocked, id=77319, stack(0x0000000172b1c000,0x0000000172d1f000)]
  0x0000000146141200 JavaThread "Cleaner-0" daemon [_thread_blocked, id=76819, stack(0x0000000177588000,0x000000017778b000)]
  0x0000000145134200 JavaThread "Attach Listener" daemon [_thread_blocked, id=81419, stack(0x0000000177794000,0x0000000177997000)]
  0x0000000145140200 JavaThread "PulseTimer-CVDisplayLink thread" daemon [_thread_in_native, id=70663, stack(0x0000000171bb0000,0x0000000171c33000)]

Other Threads:
  0x00000001458052f0 VMThread "VM Thread" [stack: 0x000000016fbe4000,0x000000016fde7000] [id=15619]
  0x00000001447062f0 WatcherThread [stack: 0x000000017158c000,0x000000017178f000] [id=39427]
  0x0000000145a066f0 GCTaskThread "GC Thread#0" [stack: 0x000000016f1a8000,0x000000016f3ab000] [id=19971]
  0x0000000145836b00 GCTaskThread "GC Thread#1" [stack: 0x00000001720e0000,0x00000001722e3000] [id=57603]
  0x0000000145837430 GCTaskThread "GC Thread#2" [stack: 0x00000001722ec000,0x00000001724ef000] [id=58115]
  0x0000000145837ca0 GCTaskThread "GC Thread#3" [stack: 0x00000001724f8000,0x00000001726fb000] [id=58627]
  0x000000014591ddd0 GCTaskThread "GC Thread#4" [stack: 0x0000000172704000,0x0000000172907000] [id=77827]
  0x000000014591e470 GCTaskThread "GC Thread#5" [stack: 0x0000000172910000,0x0000000172b13000] [id=59139]
  0x0000000145860620 GCTaskThread "GC Thread#6" [stack: 0x00000001779a0000,0x0000000177ba3000] [id=65291]
  0x0000000145860aa0 GCTaskThread "GC Thread#7" [stack: 0x0000000177bac000,0x0000000177daf000] [id=70407]
  0x0000000145a06da0 ConcurrentGCThread "G1 Main Marker" [stack: 0x000000016f3b4000,0x000000016f5b7000] [id=12547]
  0x0000000145a07620 ConcurrentGCThread "G1 Conc#0" [stack: 0x000000016f5c0000,0x000000016f7c3000] [id=13315]
  0x0000000145a09490 ConcurrentGCThread "G1 Refine#0" [stack: 0x000000016f7cc000,0x000000016f9cf000] [id=19203]
  0x0000000145a649f0 ConcurrentGCThread "G1 Refine#1" [stack: 0x0000000177db8000,0x0000000177fbb000] [id=70155]
  0x0000000134606b60 ConcurrentGCThread "G1 Refine#2" [stack: 0x0000000288004000,0x0000000288207000] [id=67331]
  0x0000000145a64ea0 ConcurrentGCThread "G1 Refine#3" [stack: 0x0000000288210000,0x0000000288413000] [id=69123]
  0x0000000144617300 ConcurrentGCThread "G1 Refine#4" [stack: 0x000000028841c000,0x000000028861f000] [id=68355]
  0x0000000145a09d30 ConcurrentGCThread "G1 Service" [stack: 0x000000016f9d8000,0x000000016fbdb000] [id=14339]

Threads with active compile tasks:

VM state: not at safepoint (normal execution)

VM Mutex/Monitor currently owned by a thread: None

Heap address: 0x0000000780000000, size: 2048 MB, Compressed Oops mode: Zero based, Oop shift amount: 3

CDS archive(s) mapped at: [0x0000000800000000-0x0000000800bd0000-0x0000000800bd0000), size 12386304, SharedBaseAddress: 0x0000000800000000, ArchiveRelocationMode: 0.
Compressed class space mapped at: 0x0000000800c00000-0x0000000840c00000, reserved size: 1073741824
Narrow klass base: 0x0000000800000000, Narrow klass shift: 0, Narrow klass range: 0x100000000

GC Precious Log:
 CPUs: 8 total, 8 available
 Memory: 8192M
 Large Page Support: Disabled
 NUMA Support: Disabled
 Compressed Oops: Enabled (Zero based)
 Heap Region Size: 1M
 Heap Min Capacity: 8M
 Heap Initial Capacity: 128M
 Heap Max Capacity: 2G
 Pre-touch: Disabled
 Parallel Workers: 8
 Concurrent Workers: 2
 Concurrent Refinement Workers: 8
 Periodic GC: Disabled

Heap:
 garbage-first heap   total 133120K, used 23889K [0x0000000780000000, 0x0000000800000000)
  region size 1024K, 14 young (14336K), 6 survivors (6144K)
 Metaspace       used 17534K, committed 17856K, reserved 1064960K
  class space    used 2552K, committed 2688K, reserved 1048576K

Heap Regions: E=young(eden), S=young(survivor), O=old, HS=humongous(starts), HC=humongous(continues), CS=collection set, F=free, OA=open archive, CA=closed archive, TAMS=top-at-mark-start (previous, next)
|   0|0x0000000780000000, 0x0000000780100000, 0x0000000780100000|100%| O|  |TAMS 0x0000000780000000, 0x0000000780000000| Untracked 
|   1|0x0000000780100000, 0x0000000780100000, 0x0000000780200000|  0%| F|  |TAMS 0x0000000780100000, 0x0000000780100000| Untracked 
|   2|0x0000000780200000, 0x0000000780300000, 0x0000000780300000|100%|HS|  |TAMS 0x0000000780200000, 0x0000000780200000| Complete 
|   3|0x0000000780300000, 0x0000000780400000, 0x0000000780400000|100%|HC|  |TAMS 0x0000000780300000, 0x0000000780300000| Complete 
|   4|0x0000000780400000, 0x0000000780500000, 0x0000000780500000|100%|HS|  |TAMS 0x0000000780400000, 0x0000000780400000| Complete 
|   5|0x0000000780500000, 0x0000000780600000, 0x0000000780600000|100%|HC|  |TAMS 0x0000000780500000, 0x0000000780500000| Complete 
|   6|0x0000000780600000, 0x0000000780700000, 0x0000000780700000|100%| O|  |TAMS 0x0000000780600000, 0x0000000780600000| Untracked 
|   7|0x0000000780700000, 0x0000000780800000, 0x0000000780800000|100%| O|  |TAMS 0x0000000780700000, 0x0000000780700000| Untracked 
|   8|0x0000000780800000, 0x0000000780900000, 0x0000000780900000|100%| O|  |TAMS 0x0000000780800000, 0x0000000780800000| Untracked 
|   9|0x0000000780900000, 0x0000000780a00000, 0x0000000780a00000|100%| O|  |TAMS 0x0000000780900000, 0x0000000780900000| Untracked 
|  10|0x0000000780a00000, 0x0000000780a5c400, 0x0000000780b00000| 36%| O|  |TAMS 0x0000000780a00000, 0x0000000780a00000| Untracked 
|  11|0x0000000780b00000, 0x0000000780b00000, 0x0000000780c00000|  0%| F|  |TAMS 0x0000000780b00000, 0x0000000780b00000| Untracked 
|  12|0x0000000780c00000, 0x0000000780c00000, 0x0000000780d00000|  0%| F|  |TAMS 0x0000000780c00000, 0x0000000780c00000| Untracked 
|  13|0x0000000780d00000, 0x0000000780d00000, 0x0000000780e00000|  0%| F|  |TAMS 0x0000000780d00000, 0x0000000780d00000| Untracked 
|  14|0x0000000780e00000, 0x0000000780e00000, 0x0000000780f00000|  0%| F|  |TAMS 0x0000000780e00000, 0x0000000780e00000| Untracked 
|  15|0x0000000780f00000, 0x0000000780f00000, 0x0000000781000000|  0%| F|  |TAMS 0x0000000780f00000, 0x0000000780f00000| Untracked 
|  16|0x0000000781000000, 0x0000000781000000, 0x0000000781100000|  0%| F|  |TAMS 0x0000000781000000, 0x0000000781000000| Untracked 
|  17|0x0000000781100000, 0x0000000781100000, 0x0000000781200000|  0%| F|  |TAMS 0x0000000781100000, 0x0000000781100000| Untracked 
|  18|0x0000000781200000, 0x0000000781200000, 0x0000000781300000|  0%| F|  |TAMS 0x0000000781200000, 0x0000000781200000| Untracked 
|  19|0x0000000781300000, 0x0000000781300000, 0x0000000781400000|  0%| F|  |TAMS 0x0000000781300000, 0x0000000781300000| Untracked 
|  20|0x0000000781400000, 0x0000000781400000, 0x0000000781500000|  0%| F|  |TAMS 0x0000000781400000, 0x0000000781400000| Untracked 
|  21|0x0000000781500000, 0x0000000781500000, 0x0000000781600000|  0%| F|  |TAMS 0x0000000781500000, 0x0000000781500000| Untracked 
|  22|0x0000000781600000, 0x0000000781600000, 0x0000000781700000|  0%| F|  |TAMS 0x0000000781600000, 0x0000000781600000| Untracked 
|  23|0x0000000781700000, 0x0000000781700000, 0x0000000781800000|  0%| F|  |TAMS 0x0000000781700000, 0x0000000781700000| Untracked 
|  24|0x0000000781800000, 0x0000000781800000, 0x0000000781900000|  0%| F|  |TAMS 0x0000000781800000, 0x0000000781800000| Untracked 
|  25|0x0000000781900000, 0x0000000781900000, 0x0000000781a00000|  0%| F|  |TAMS 0x0000000781900000, 0x0000000781900000| Untracked 
|  26|0x0000000781a00000, 0x0000000781a00000, 0x0000000781b00000|  0%| F|  |TAMS 0x0000000781a00000, 0x0000000781a00000| Untracked 
|  27|0x0000000781b00000, 0x0000000781b00000, 0x0000000781c00000|  0%| F|  |TAMS 0x0000000781b00000, 0x0000000781b00000| Untracked 
|  28|0x0000000781c00000, 0x0000000781c00000, 0x0000000781d00000|  0%| F|  |TAMS 0x0000000781c00000, 0x0000000781c00000| Untracked 
|  29|0x0000000781d00000, 0x0000000781d00000, 0x0000000781e00000|  0%| F|  |TAMS 0x0000000781d00000, 0x0000000781d00000| Untracked 
|  30|0x0000000781e00000, 0x0000000781e00000, 0x0000000781f00000|  0%| F|  |TAMS 0x0000000781e00000, 0x0000000781e00000| Untracked 
|  31|0x0000000781f00000, 0x0000000781f00000, 0x0000000782000000|  0%| F|  |TAMS 0x0000000781f00000, 0x0000000781f00000| Untracked 
|  32|0x0000000782000000, 0x0000000782000000, 0x0000000782100000|  0%| F|  |TAMS 0x0000000782000000, 0x0000000782000000| Untracked 
|  33|0x0000000782100000, 0x0000000782100000, 0x0000000782200000|  0%| F|  |TAMS 0x0000000782100000, 0x0000000782100000| Untracked 
|  34|0x0000000782200000, 0x0000000782200000, 0x0000000782300000|  0%| F|  |TAMS 0x0000000782200000, 0x0000000782200000| Untracked 
|  35|0x0000000782300000, 0x0000000782300000, 0x0000000782400000|  0%| F|  |TAMS 0x0000000782300000, 0x0000000782300000| Untracked 
|  36|0x0000000782400000, 0x0000000782400000, 0x0000000782500000|  0%| F|  |TAMS 0x0000000782400000, 0x0000000782400000| Untracked 
|  37|0x0000000782500000, 0x0000000782500000, 0x0000000782600000|  0%| F|  |TAMS 0x0000000782500000, 0x0000000782500000| Untracked 
|  38|0x0000000782600000, 0x0000000782600000, 0x0000000782700000|  0%| F|  |TAMS 0x0000000782600000, 0x0000000782600000| Untracked 
|  39|0x0000000782700000, 0x0000000782700000, 0x0000000782800000|  0%| F|  |TAMS 0x0000000782700000, 0x0000000782700000| Untracked 
|  40|0x0000000782800000, 0x0000000782800000, 0x0000000782900000|  0%| F|  |TAMS 0x0000000782800000, 0x0000000782800000| Untracked 
|  41|0x0000000782900000, 0x0000000782900000, 0x0000000782a00000|  0%| F|  |TAMS 0x0000000782900000, 0x0000000782900000| Untracked 
|  42|0x0000000782a00000, 0x0000000782a00000, 0x0000000782b00000|  0%| F|  |TAMS 0x0000000782a00000, 0x0000000782a00000| Untracked 
|  43|0x0000000782b00000, 0x0000000782b00000, 0x0000000782c00000|  0%| F|  |TAMS 0x0000000782b00000, 0x0000000782b00000| Untracked 
|  44|0x0000000782c00000, 0x0000000782c00000, 0x0000000782d00000|  0%| F|  |TAMS 0x0000000782c00000, 0x0000000782c00000| Untracked 
|  45|0x0000000782d00000, 0x0000000782d00000, 0x0000000782e00000|  0%| F|  |TAMS 0x0000000782d00000, 0x0000000782d00000| Untracked 
|  46|0x0000000782e00000, 0x0000000782e00000, 0x0000000782f00000|  0%| F|  |TAMS 0x0000000782e00000, 0x0000000782e00000| Untracked 
|  47|0x0000000782f00000, 0x0000000782f00000, 0x0000000783000000|  0%| F|  |TAMS 0x0000000782f00000, 0x0000000782f00000| Untracked 
|  48|0x0000000783000000, 0x0000000783000000, 0x0000000783100000|  0%| F|  |TAMS 0x0000000783000000, 0x0000000783000000| Untracked 
|  49|0x0000000783100000, 0x0000000783100000, 0x0000000783200000|  0%| F|  |TAMS 0x0000000783100000, 0x0000000783100000| Untracked 
|  50|0x0000000783200000, 0x0000000783200000, 0x0000000783300000|  0%| F|  |TAMS 0x0000000783200000, 0x0000000783200000| Untracked 
|  51|0x0000000783300000, 0x0000000783300000, 0x0000000783400000|  0%| F|  |TAMS 0x0000000783300000, 0x0000000783300000| Untracked 
|  52|0x0000000783400000, 0x0000000783400000, 0x0000000783500000|  0%| F|  |TAMS 0x0000000783400000, 0x0000000783400000| Untracked 
|  53|0x0000000783500000, 0x0000000783500000, 0x0000000783600000|  0%| F|  |TAMS 0x0000000783500000, 0x0000000783500000| Untracked 
|  54|0x0000000783600000, 0x0000000783600000, 0x0000000783700000|  0%| F|  |TAMS 0x0000000783600000, 0x0000000783600000| Untracked 
|  55|0x0000000783700000, 0x0000000783700000, 0x0000000783800000|  0%| F|  |TAMS 0x0000000783700000, 0x0000000783700000| Untracked 
|  56|0x0000000783800000, 0x0000000783800000, 0x0000000783900000|  0%| F|  |TAMS 0x0000000783800000, 0x0000000783800000| Untracked 
|  57|0x0000000783900000, 0x0000000783900000, 0x0000000783a00000|  0%| F|  |TAMS 0x0000000783900000, 0x0000000783900000| Untracked 
|  58|0x0000000783a00000, 0x0000000783a00000, 0x0000000783b00000|  0%| F|  |TAMS 0x0000000783a00000, 0x0000000783a00000| Untracked 
|  59|0x0000000783b00000, 0x0000000783b00000, 0x0000000783c00000|  0%| F|  |TAMS 0x0000000783b00000, 0x0000000783b00000| Untracked 
|  60|0x0000000783c00000, 0x0000000783c00000, 0x0000000783d00000|  0%| F|  |TAMS 0x0000000783c00000, 0x0000000783c00000| Untracked 
|  61|0x0000000783d00000, 0x0000000783d00000, 0x0000000783e00000|  0%| F|  |TAMS 0x0000000783d00000, 0x0000000783d00000| Untracked 
|  62|0x0000000783e00000, 0x0000000783e00000, 0x0000000783f00000|  0%| F|  |TAMS 0x0000000783e00000, 0x0000000783e00000| Untracked 
|  63|0x0000000783f00000, 0x0000000783f00000, 0x0000000784000000|  0%| F|  |TAMS 0x0000000783f00000, 0x0000000783f00000| Untracked 
|  64|0x0000000784000000, 0x0000000784000000, 0x0000000784100000|  0%| F|  |TAMS 0x0000000784000000, 0x0000000784000000| Untracked 
|  65|0x0000000784100000, 0x0000000784100000, 0x0000000784200000|  0%| F|  |TAMS 0x0000000784100000, 0x0000000784100000| Untracked 
|  66|0x0000000784200000, 0x0000000784200000, 0x0000000784300000|  0%| F|  |TAMS 0x0000000784200000, 0x0000000784200000| Untracked 
|  67|0x0000000784300000, 0x0000000784300000, 0x0000000784400000|  0%| F|  |TAMS 0x0000000784300000, 0x0000000784300000| Untracked 
|  68|0x0000000784400000, 0x0000000784400000, 0x0000000784500000|  0%| F|  |TAMS 0x0000000784400000, 0x0000000784400000| Untracked 
|  69|0x0000000784500000, 0x0000000784500000, 0x0000000784600000|  0%| F|  |TAMS 0x0000000784500000, 0x0000000784500000| Untracked 
|  70|0x0000000784600000, 0x0000000784600000, 0x0000000784700000|  0%| F|  |TAMS 0x0000000784600000, 0x0000000784600000| Untracked 
|  71|0x0000000784700000, 0x0000000784700000, 0x0000000784800000|  0%| F|  |TAMS 0x0000000784700000, 0x0000000784700000| Untracked 
|  72|0x0000000784800000, 0x0000000784800000, 0x0000000784900000|  0%| F|  |TAMS 0x0000000784800000, 0x0000000784800000| Untracked 
|  73|0x0000000784900000, 0x0000000784900000, 0x0000000784a00000|  0%| F|  |TAMS 0x0000000784900000, 0x0000000784900000| Untracked 
|  74|0x0000000784a00000, 0x0000000784a00000, 0x0000000784b00000|  0%| F|  |TAMS 0x0000000784a00000, 0x0000000784a00000| Untracked 
|  75|0x0000000784b00000, 0x0000000784b00000, 0x0000000784c00000|  0%| F|  |TAMS 0x0000000784b00000, 0x0000000784b00000| Untracked 
|  76|0x0000000784c00000, 0x0000000784c00000, 0x0000000784d00000|  0%| F|  |TAMS 0x0000000784c00000, 0x0000000784c00000| Untracked 
|  77|0x0000000784d00000, 0x0000000784d00000, 0x0000000784e00000|  0%| F|  |TAMS 0x0000000784d00000, 0x0000000784d00000| Untracked 
|  78|0x0000000784e00000, 0x0000000784e00000, 0x0000000784f00000|  0%| F|  |TAMS 0x0000000784e00000, 0x0000000784e00000| Untracked 
|  79|0x0000000784f00000, 0x0000000784f00000, 0x0000000785000000|  0%| F|  |TAMS 0x0000000784f00000, 0x0000000784f00000| Untracked 
|  80|0x0000000785000000, 0x0000000785000000, 0x0000000785100000|  0%| F|  |TAMS 0x0000000785000000, 0x0000000785000000| Untracked 
|  81|0x0000000785100000, 0x0000000785200000, 0x0000000785200000|100%| S|CS|TAMS 0x0000000785100000, 0x0000000785100000| Complete 
|  82|0x0000000785200000, 0x0000000785300000, 0x0000000785300000|100%| S|CS|TAMS 0x0000000785200000, 0x0000000785200000| Complete 
|  83|0x0000000785300000, 0x0000000785400000, 0x0000000785400000|100%| S|CS|TAMS 0x0000000785300000, 0x0000000785300000| Complete 
|  84|0x0000000785400000, 0x0000000785500000, 0x0000000785500000|100%| S|CS|TAMS 0x0000000785400000, 0x0000000785400000| Complete 
|  85|0x0000000785500000, 0x0000000785600000, 0x0000000785600000|100%| S|CS|TAMS 0x0000000785500000, 0x0000000785500000| Complete 
|  86|0x0000000785600000, 0x0000000785700000, 0x0000000785700000|100%| S|CS|TAMS 0x0000000785600000, 0x0000000785600000| Complete 
|  87|0x0000000785700000, 0x0000000785700000, 0x0000000785800000|  0%| F|  |TAMS 0x0000000785700000, 0x0000000785700000| Untracked 
|  88|0x0000000785800000, 0x0000000785800000, 0x0000000785900000|  0%| F|  |TAMS 0x0000000785800000, 0x0000000785800000| Untracked 
|  89|0x0000000785900000, 0x0000000785900000, 0x0000000785a00000|  0%| F|  |TAMS 0x0000000785900000, 0x0000000785900000| Untracked 
|  90|0x0000000785a00000, 0x0000000785a00000, 0x0000000785b00000|  0%| F|  |TAMS 0x0000000785a00000, 0x0000000785a00000| Untracked 
|  91|0x0000000785b00000, 0x0000000785b00000, 0x0000000785c00000|  0%| F|  |TAMS 0x0000000785b00000, 0x0000000785b00000| Untracked 
|  92|0x0000000785c00000, 0x0000000785c00000, 0x0000000785d00000|  0%| F|  |TAMS 0x0000000785c00000, 0x0000000785c00000| Untracked 
|  93|0x0000000785d00000, 0x0000000785d00000, 0x0000000785e00000|  0%| F|  |TAMS 0x0000000785d00000, 0x0000000785d00000| Untracked 
|  94|0x0000000785e00000, 0x0000000785e00000, 0x0000000785f00000|  0%| F|  |TAMS 0x0000000785e00000, 0x0000000785e00000| Untracked 
|  95|0x0000000785f00000, 0x0000000785f00000, 0x0000000786000000|  0%| F|  |TAMS 0x0000000785f00000, 0x0000000785f00000| Untracked 
|  96|0x0000000786000000, 0x0000000786000000, 0x0000000786100000|  0%| F|  |TAMS 0x0000000786000000, 0x0000000786000000| Untracked 
|  97|0x0000000786100000, 0x0000000786100000, 0x0000000786200000|  0%| F|  |TAMS 0x0000000786100000, 0x0000000786100000| Untracked 
|  98|0x0000000786200000, 0x0000000786200000, 0x0000000786300000|  0%| F|  |TAMS 0x0000000786200000, 0x0000000786200000| Untracked 
|  99|0x0000000786300000, 0x0000000786300000, 0x0000000786400000|  0%| F|  |TAMS 0x0000000786300000, 0x0000000786300000| Untracked 
| 100|0x0000000786400000, 0x0000000786400000, 0x0000000786500000|  0%| F|  |TAMS 0x0000000786400000, 0x0000000786400000| Untracked 
| 101|0x0000000786500000, 0x0000000786500000, 0x0000000786600000|  0%| F|  |TAMS 0x0000000786500000, 0x0000000786500000| Untracked 
| 102|0x0000000786600000, 0x0000000786600000, 0x0000000786700000|  0%| F|  |TAMS 0x0000000786600000, 0x0000000786600000| Untracked 
| 103|0x0000000786700000, 0x0000000786700000, 0x0000000786800000|  0%| F|  |TAMS 0x0000000786700000, 0x0000000786700000| Untracked 
| 104|0x0000000786800000, 0x0000000786800000, 0x0000000786900000|  0%| F|  |TAMS 0x0000000786800000, 0x0000000786800000| Untracked 
| 105|0x0000000786900000, 0x0000000786900000, 0x0000000786a00000|  0%| F|  |TAMS 0x0000000786900000, 0x0000000786900000| Untracked 
| 106|0x0000000786a00000, 0x0000000786a00000, 0x0000000786b00000|  0%| F|  |TAMS 0x0000000786a00000, 0x0000000786a00000| Untracked 
| 107|0x0000000786b00000, 0x0000000786b00000, 0x0000000786c00000|  0%| F|  |TAMS 0x0000000786b00000, 0x0000000786b00000| Untracked 
| 108|0x0000000786c00000, 0x0000000786c00000, 0x0000000786d00000|  0%| F|  |TAMS 0x0000000786c00000, 0x0000000786c00000| Untracked 
| 109|0x0000000786d00000, 0x0000000786d00000, 0x0000000786e00000|  0%| F|  |TAMS 0x0000000786d00000, 0x0000000786d00000| Untracked 
| 110|0x0000000786e00000, 0x0000000786e00000, 0x0000000786f00000|  0%| F|  |TAMS 0x0000000786e00000, 0x0000000786e00000| Untracked 
| 111|0x0000000786f00000, 0x0000000786f00000, 0x0000000787000000|  0%| F|  |TAMS 0x0000000786f00000, 0x0000000786f00000| Untracked 
| 112|0x0000000787000000, 0x0000000787000000, 0x0000000787100000|  0%| F|  |TAMS 0x0000000787000000, 0x0000000787000000| Untracked 
| 113|0x0000000787100000, 0x0000000787100000, 0x0000000787200000|  0%| F|  |TAMS 0x0000000787100000, 0x0000000787100000| Untracked 
| 114|0x0000000787200000, 0x0000000787200000, 0x0000000787300000|  0%| F|  |TAMS 0x0000000787200000, 0x0000000787200000| Untracked 
| 115|0x0000000787300000, 0x0000000787300000, 0x0000000787400000|  0%| F|  |TAMS 0x0000000787300000, 0x0000000787300000| Untracked 
| 116|0x0000000787400000, 0x0000000787400000, 0x0000000787500000|  0%| F|  |TAMS 0x0000000787400000, 0x0000000787400000| Untracked 
| 117|0x0000000787500000, 0x0000000787500000, 0x0000000787600000|  0%| F|  |TAMS 0x0000000787500000, 0x0000000787500000| Untracked 
| 118|0x0000000787600000, 0x0000000787600000, 0x0000000787700000|  0%| F|  |TAMS 0x0000000787600000, 0x0000000787600000| Untracked 
| 119|0x0000000787700000, 0x0000000787700000, 0x0000000787800000|  0%| F|  |TAMS 0x0000000787700000, 0x0000000787700000| Untracked 
| 120|0x0000000787800000, 0x0000000787900000, 0x0000000787900000|100%| E|  |TAMS 0x0000000787800000, 0x0000000787800000| Complete 
| 121|0x0000000787900000, 0x0000000787a00000, 0x0000000787a00000|100%| E|CS|TAMS 0x0000000787900000, 0x0000000787900000| Complete 
| 122|0x0000000787a00000, 0x0000000787b00000, 0x0000000787b00000|100%| E|CS|TAMS 0x0000000787a00000, 0x0000000787a00000| Complete 
| 123|0x0000000787b00000, 0x0000000787c00000, 0x0000000787c00000|100%| E|CS|TAMS 0x0000000787b00000, 0x0000000787b00000| Complete 
| 124|0x0000000787c00000, 0x0000000787d00000, 0x0000000787d00000|100%| E|CS|TAMS 0x0000000787c00000, 0x0000000787c00000| Complete 
| 125|0x0000000787d00000, 0x0000000787e00000, 0x0000000787e00000|100%| E|CS|TAMS 0x0000000787d00000, 0x0000000787d00000| Complete 
| 126|0x0000000787e00000, 0x0000000787f00000, 0x0000000787f00000|100%| E|CS|TAMS 0x0000000787e00000, 0x0000000787e00000| Complete 
| 127|0x0000000787f00000, 0x0000000788000000, 0x0000000788000000|100%| E|CS|TAMS 0x0000000787f00000, 0x0000000787f00000| Complete 
|2046|0x00000007ffe00000, 0x00000007ffe78000, 0x00000007fff00000| 46%|OA|  |TAMS 0x00000007ffe00000, 0x00000007ffe00000| Untracked 
|2047|0x00000007fff00000, 0x00000007fff80000, 0x0000000800000000| 50%|CA|  |TAMS 0x00000007fff00000, 0x00000007fff00000| Untracked 

Card table byte_map: [0x000000010180c000,0x0000000101c0c000] _byte_map_base: 0x00000000fdc0c000

Marking Bits (Prev, Next): (CMBitMap*) 0x0000000146838c10, (CMBitMap*) 0x0000000146838c50
 Prev Bits: [0x0000000119680000, 0x000000011b680000)
 Next Bits: [0x000000011b680000, 0x000000011d680000)

Polling page: 0x0000000100f74000

Metaspace:

Usage:
  Non-class:     14.63 MB used.
      Class:      2.49 MB used.
       Both:     17.12 MB used.

Virtual space:
  Non-class space:       16.00 MB reserved,      14.81 MB ( 93%) committed,  2 nodes.
      Class space:        1.00 GB reserved,       2.62 MB ( <1%) committed,  1 nodes.
             Both:        1.02 GB reserved,      17.44 MB (  2%) committed. 

Chunk freelists:
   Non-Class:  304.00 KB
       Class:  1.39 MB
        Both:  1.69 MB

MaxMetaspaceSize: unlimited
CompressedClassSpaceSize: 1.00 GB
Initial GC threshold: 21.00 MB
Current GC threshold: 21.00 MB
CDS: on
MetaspaceReclaimPolicy: balanced
 - commit_granule_bytes: 65536.
 - commit_granule_words: 8192.
 - virtual_space_node_default_size: 1048576.
 - enlarge_chunks_in_place: 1.
 - new_chunks_are_fully_committed: 0.
 - uncommit_free_chunks: 1.
 - use_allocation_guard: 0.
 - handle_deallocations: 1.


Internal statistics:

num_allocs_failed_limit: 0.
num_arena_births: 240.
num_arena_deaths: 0.
num_vsnodes_births: 3.
num_vsnodes_deaths: 0.
num_space_committed: 279.
num_space_uncommitted: 0.
num_chunks_returned_to_freelist: 0.
num_chunks_taken_from_freelist: 824.
num_chunk_merges: 0.
num_chunk_splits: 555.
num_chunks_enlarged: 424.
num_purges: 0.
num_inconsistent_stats: 0.

CodeHeap 'non-profiled nmethods': size=120032Kb used=1089Kb max_used=1089Kb free=118942Kb
 bounds [0x0000000112148000, 0x00000001123b8000, 0x0000000119680000]
CodeHeap 'profiled nmethods': size=120016Kb used=6337Kb max_used=6337Kb free=113679Kb
 bounds [0x000000010ac14000, 0x000000010b254000, 0x0000000112148000]
CodeHeap 'non-nmethods': size=5712Kb used=1394Kb max_used=1473Kb free=4317Kb
 bounds [0x000000010a680000, 0x000000010a8f0000, 0x000000010ac14000]
 total_blobs=3780 nmethods=2991 adapters=704
 compilation: enabled
              stopped_count=0, restarted_count=0
 full_count=0

Compilation events (20 events):
Event: 4.488 Thread 0x000000014480e200 3033       3       javafx.scene.Camera::getNearClip (21 bytes)
Event: 4.489 Thread 0x000000014480e200 nmethod 3033 0x000000010b227390 code [0x000000010b2275c0, 0x000000010b227a18]
Event: 4.489 Thread 0x000000014480e200 3034       3       javafx.scene.Camera::getFarClip (21 bytes)
Event: 4.489 Thread 0x000000014480e200 nmethod 3034 0x000000010b227b90 code [0x000000010b227dc0, 0x000000010b228218]
Event: 4.524 Thread 0x000000014480e200 3035       1       javafx.util.Duration::toMillis (5 bytes)
Event: 4.524 Thread 0x000000014480e200 nmethod 3035 0x0000000112255a10 code [0x0000000112255b80, 0x0000000112255c68]
Event: 4.525 Thread 0x000000014480e200 3036       1       javafx.scene.control.TextInputControl::getContent (5 bytes)
Event: 4.525 Thread 0x000000014480e200 nmethod 3036 0x0000000112255d10 code [0x0000000112255e80, 0x0000000112255f68]
Event: 4.525 Thread 0x000000014480e200 3037       3       javafx.scene.control.TextInputControl::getLength (8 bytes)
Event: 4.526 Thread 0x000000014480e200 nmethod 3037 0x000000010b228390 code [0x000000010b228540, 0x000000010b2288d8]
Event: 4.529 Thread 0x000000014480e200 3038       3       java.util.Collections::emptyIterator (4 bytes)
Event: 4.529 Thread 0x000000014480dc00 3039       4       javafx.css.CssMetaData::hashCode (28 bytes)
Event: 4.529 Thread 0x000000014480e200 nmethod 3038 0x000000010b228a10 code [0x000000010b228bc0, 0x000000010b228ca8]
Event: 4.529 Thread 0x000000014480e200 3040       3       javafx.scene.layout.Region::prefWidth (38 bytes)
Event: 4.530 Thread 0x000000014480e200 nmethod 3040 0x000000010b228d10 code [0x000000010b228f40, 0x000000010b2295c8]
Event: 4.530 Thread 0x000000014480e200 3045       3       javafx.scene.Parent::layout (160 bytes)
Event: 4.531 Thread 0x000000014480e200 nmethod 3045 0x000000010b229790 code [0x000000010b229a80, 0x000000010b22ab48]
Event: 4.531 Thread 0x000000014480e200 3041       3       javafx.scene.layout.Region::getPrefWidth (22 bytes)
Event: 4.531 Thread 0x000000014480e200 nmethod 3041 0x000000010b22af10 code [0x000000010b22b100, 0x000000010b22b518]
Event: 4.531 Thread 0x000000014480e200 3043       3       javafx.scene.layout.Region::boundedSize (44 bytes)

GC Heap History (4 events):
Event: 0.548 GC heap before
{Heap before GC invocations=0 (full 0):
 garbage-first heap   total 133120K, used 23520K [0x0000000780000000, 0x0000000800000000)
  region size 1024K, 23 young (23552K), 0 survivors (0K)
 Metaspace       used 7640K, committed 7872K, reserved 1056768K
  class space    used 969K, committed 1088K, reserved 1048576K
}
Event: 0.556 GC heap after
{Heap after GC invocations=1 (full 0):
 garbage-first heap   total 133120K, used 4482K [0x0000000780000000, 0x0000000800000000)
  region size 1024K, 3 young (3072K), 3 survivors (3072K)
 Metaspace       used 7640K, committed 7872K, reserved 1056768K
  class space    used 969K, committed 1088K, reserved 1048576K
}
Event: 2.937 GC heap before
{Heap before GC invocations=1 (full 0):
 garbage-first heap   total 133120K, used 47490K [0x0000000780000000, 0x0000000800000000)
  region size 1024K, 41 young (41984K), 3 survivors (3072K)
 Metaspace       used 15950K, committed 16256K, reserved 1064960K
  class space    used 2340K, committed 2496K, reserved 1048576K
}
Event: 2.944 GC heap after
{Heap after GC invocations=2 (full 0):
 garbage-first heap   total 133120K, used 16721K [0x0000000780000000, 0x0000000800000000)
  region size 1024K, 6 young (6144K), 6 survivors (6144K)
 Metaspace       used 15950K, committed 16256K, reserved 1064960K
  class space    used 2340K, committed 2496K, reserved 1048576K
}

Deoptimization events (20 events):
Event: 3.149 Thread 0x000000014480f800 DEOPT PACKING pc=0x000000010b13f580 sp=0x00000001719990d0
Event: 3.149 Thread 0x000000014480f800 DEOPT UNPACKING pc=0x000000010a6beb7c sp=0x0000000171998cd0 mode 0
Event: 3.150 Thread 0x000000014480f800 DEOPT PACKING pc=0x000000010b12af8c sp=0x00000001719991b0
Event: 3.150 Thread 0x000000014480f800 DEOPT UNPACKING pc=0x000000010a6beb7c sp=0x0000000171998e50 mode 0
Event: 3.979 Thread 0x0000000145092400 Uncommon trap: trap_request=0xffffffde fr.pc=0x0000000112235514 relative=0x00000000000003d4
Event: 3.979 Thread 0x0000000145092400 Uncommon trap: reason=class_check action=maybe_recompile pc=0x0000000112235514 method=javafx.scene.Node.updateLocalToParentTransform()V @ 11 c2
Event: 3.979 Thread 0x0000000145092400 DEOPT PACKING pc=0x0000000112235514 sp=0x000000016ef0af40
Event: 3.979 Thread 0x0000000145092400 DEOPT UNPACKING pc=0x000000010a6bed1c sp=0x000000016ef0ae70 mode 2
Event: 3.983 Thread 0x000000014480f800 Uncommon trap: trap_request=0xffffff45 fr.pc=0x0000000112234d8c relative=0x000000000000008c
Event: 3.983 Thread 0x000000014480f800 Uncommon trap: reason=unstable_if action=reinterpret pc=0x0000000112234d8c method=com.sun.javafx.geom.RectBounds.isEmpty()Z @ 21 c2
Event: 3.983 Thread 0x000000014480f800 DEOPT PACKING pc=0x0000000112234d8c sp=0x00000001719989f0
Event: 3.983 Thread 0x000000014480f800 DEOPT UNPACKING pc=0x000000010a6bed1c sp=0x0000000171998980 mode 2
Event: 3.983 Thread 0x000000014480f800 Uncommon trap: trap_request=0xffffffe4 fr.pc=0x00000001121a2cc8 relative=0x0000000000000088
Event: 3.983 Thread 0x000000014480f800 Uncommon trap: reason=range_check action=make_not_entrant pc=0x00000001121a2cc8 method=java.util.Objects.checkIndex(II)I @ 3 c2
Event: 3.983 Thread 0x000000014480f800 DEOPT PACKING pc=0x00000001121a2cc8 sp=0x0000000171999d70
Event: 3.983 Thread 0x000000014480f800 DEOPT UNPACKING pc=0x000000010a6bed1c sp=0x0000000171999ca0 mode 2
Event: 3.983 Thread 0x000000014480f800 Uncommon trap: trap_request=0xffffff45 fr.pc=0x0000000112177590 relative=0x0000000000000050
Event: 3.983 Thread 0x000000014480f800 Uncommon trap: reason=unstable_if action=reinterpret pc=0x0000000112177590 method=jdk.internal.util.Preconditions.checkIndex(IILjava/util/function/BiFunction;)I @ 1 c2
Event: 3.983 Thread 0x000000014480f800 DEOPT PACKING pc=0x0000000112177590 sp=0x0000000171999c50
Event: 3.983 Thread 0x000000014480f800 DEOPT UNPACKING pc=0x000000010a6bed1c sp=0x0000000171999c00 mode 2

Classes unloaded (0 events):
No events

Classes redefined (0 events):
No events

Internal exceptions (20 events):
Event: 1.963 Thread 0x0000000145092400 Exception <a 'java/lang/NoSuchMethodError'{0x0000000786521bf8}: 'long java.lang.invoke.DirectMethodHandle$Holder.invokeStaticInit(java.lang.Object, java.lang.Object, java.lang.Object)'> (0x0000000786521bf8) 
thrown [open/src/hotspot/share/interpreter/linkResolver.cpp, line 766]
Event: 1.965 Thread 0x0000000145092400 Exception <a 'java/lang/NoSuchMethodError'{0x0000000786539800}: 'java.lang.Object java.lang.invoke.DirectMethodHandle$Holder.newInvokeSpecial(java.lang.Object, java.lang.Object, long)'> (0x0000000786539800) 
thrown [open/src/hotspot/share/interpreter/linkResolver.cpp, line 766]
Event: 1.965 Thread 0x0000000145092400 Exception <a 'java/lang/NoSuchMethodError'{0x000000078653d0c8}: 'java.lang.Object java.lang.invoke.Invokers$Holder.linkToTargetMethod(java.lang.Object, long, java.lang.Object)'> (0x000000078653d0c8) 
thrown [open/src/hotspot/share/interpreter/linkResolver.cpp, line 766]
Event: 2.017 Thread 0x0000000145092400 Exception <a 'java/io/FileNotFoundException'{0x0000000786590898}> (0x0000000786590898) 
thrown [open/src/hotspot/share/prims/jni.cpp, line 516]
Event: 2.022 Thread 0x0000000145092400 Exception <a 'java/io/FileNotFoundException'{0x00000007865f3408}> (0x00000007865f3408) 
thrown [open/src/hotspot/share/prims/jni.cpp, line 516]
Event: 2.728 Thread 0x0000000145092400 Exception <a 'java/lang/NoSuchMethodError'{0x000000078647a280}: 'java.lang.Object java.lang.invoke.DirectMethodHandle$Holder.newInvokeSpecial(java.lang.Object, java.lang.Object, int, int, int, int, int, java.lang.Object)'> (0x000000078647a280) 
thrown [open/src/hotspot/share/interpreter/linkResolver.cpp, line 766]
Event: 2.729 Thread 0x0000000145092400 Exception <a 'java/lang/NoSuchMethodError'{0x00000007864b4668}: 'java.lang.Object java.lang.invoke.DirectMethodHandle$Holder.newInvokeSpecial(java.lang.Object, java.lang.Object, java.lang.Object, int, int, int, int, int)'> (0x00000007864b4668) 
thrown [open/src/hotspot/share/interpreter/linkResolver.cpp, line 766]
Event: 2.730 Thread 0x0000000145092400 Exception <a 'java/lang/NoSuchMethodError'{0x00000007864bbec8}: 'java.lang.Object java.lang.invoke.Invokers$Holder.linkToTargetMethod(java.lang.Object, java.lang.Object, int, int, int, int, int, java.lang.Object)'> (0x00000007864bbec8) 
thrown [open/src/hotspot/share/interpreter/linkResolver.cpp, line 766]
Event: 2.814 Thread 0x0000000145092400 Exception <a 'java/io/FileNotFoundException'{0x00000007863f0d98}> (0x00000007863f0d98) 
thrown [open/src/hotspot/share/prims/jni.cpp, line 516]
Event: 2.835 Thread 0x0000000145092400 Exception <a 'java/io/FileNotFoundException'{0x000000078628b8b8}> (0x000000078628b8b8) 
thrown [open/src/hotspot/share/prims/jni.cpp, line 516]
Event: 2.846 Thread 0x0000000145092400 Exception <a 'java/io/FileNotFoundException'{0x00000007861856e0}> (0x00000007861856e0) 
thrown [open/src/hotspot/share/prims/jni.cpp, line 516]
Event: 2.851 Thread 0x0000000145092400 Exception <a 'java/io/FileNotFoundException'{0x00000007861ec0b0}> (0x00000007861ec0b0) 
thrown [open/src/hotspot/share/prims/jni.cpp, line 516]
Event: 2.859 Thread 0x0000000145092400 Exception <a 'java/io/FileNotFoundException'{0x000000078607cd78}> (0x000000078607cd78) 
thrown [open/src/hotspot/share/prims/jni.cpp, line 516]
Event: 2.863 Thread 0x0000000145092400 Exception <a 'java/io/FileNotFoundException'{0x00000007860879b8}> (0x00000007860879b8) 
thrown [open/src/hotspot/share/prims/jni.cpp, line 516]
Event: 2.900 Thread 0x0000000145092400 Exception <a 'java/lang/ClassNotFoundException'{0x0000000785ca8320}: com/sun/javafx/scene/control/skin/resources/controls> (0x0000000785ca8320) 
thrown [open/src/hotspot/share/prims/jni.cpp, line 535]
Event: 2.901 Thread 0x0000000145092400 Exception <a 'java/lang/ClassNotFoundException'{0x0000000785cb6858}: com/sun/javafx/scene/control/skin/resources/controls_de> (0x0000000785cb6858) 
thrown [open/src/hotspot/share/prims/jni.cpp, line 535]
Event: 2.901 Thread 0x0000000145092400 Exception <a 'java/lang/ClassNotFoundException'{0x0000000785cc4ac8}: com/sun/javafx/scene/control/skin/resources/controls_de_DE> (0x0000000785cc4ac8) 
thrown [open/src/hotspot/share/prims/jni.cpp, line 535]
Event: 2.910 Thread 0x0000000145092400 Exception <a 'java/lang/NoSuchMethodError'{0x0000000785a3c308}: 'void java.lang.invoke.DirectMethodHandle$Holder.invokeSpecial(java.lang.Object, java.lang.Object, java.lang.Object, java.lang.Object, java.lang.Object, java.lang.Object)'> (0x0000000785a3c308) 
thrown [open/src/hotspot/share/interpreter/linkResolver.cpp, line 766]
Event: 2.965 Thread 0x0000000145092400 Exception <a 'java/lang/NoSuchMethodError'{0x0000000787ddee28}: 'int java.lang.invoke.DirectMethodHandle$Holder.invokeSpecial(java.lang.Object, java.lang.Object, int)'> (0x0000000787ddee28) 
thrown [open/src/hotspot/share/interpreter/linkResolver.cpp, line 766]
Event: 3.025 Thread 0x000000014480f800 Exception <a 'java/lang/NoSuchMethodError'{0x0000000787a5e040}: 'java.lang.Object java.lang.invoke.DirectMethodHandle$Holder.invokeStaticInit(java.lang.Object, int)'> (0x0000000787a5e040) 
thrown [open/src/hotspot/share/interpreter/linkResolver.cpp, line 766]

VM Operations (20 events):
Event: 0.794 Executing VM operation: ICBufferFull
Event: 0.794 Executing VM operation: ICBufferFull done
Event: 2.283 Executing VM operation: ICBufferFull
Event: 2.283 Executing VM operation: ICBufferFull done
Event: 2.875 Executing VM operation: HandshakeAllThreads
Event: 2.875 Executing VM operation: HandshakeAllThreads done
Event: 2.876 Executing VM operation: ICBufferFull
Event: 2.876 Executing VM operation: ICBufferFull done
Event: 2.909 Executing VM operation: HandshakeAllThreads
Event: 2.909 Executing VM operation: HandshakeAllThreads done
Event: 2.921 Executing VM operation: ICBufferFull
Event: 2.921 Executing VM operation: ICBufferFull done
Event: 2.937 Executing VM operation: G1CollectForAllocation
Event: 2.944 Executing VM operation: G1CollectForAllocation done
Event: 3.050 Executing VM operation: ICBufferFull
Event: 3.051 Executing VM operation: ICBufferFull done
Event: 3.957 Executing VM operation: ICBufferFull
Event: 3.957 Executing VM operation: ICBufferFull done
Event: 4.128 Executing VM operation: ICBufferFull
Event: 4.128 Executing VM operation: ICBufferFull done

Events (20 events):
Event: 2.805 loading class jdk/internal/reflect/BootstrapConstructorAccessorImpl
Event: 2.805 loading class jdk/internal/reflect/BootstrapConstructorAccessorImpl done
Event: 2.811 loading class jdk/internal/reflect/UnsafeObjectFieldAccessorImpl
Event: 2.812 loading class jdk/internal/reflect/UnsafeObjectFieldAccessorImpl done
Event: 2.874 loading class java/util/BitSet
Event: 2.874 loading class java/util/BitSet done
Event: 2.875 loading class java/util/BitSet$1BitSetSpliterator
Event: 2.875 loading class java/util/BitSet$1BitSetSpliterator done
Event: 2.875 loading class java/util/stream/IntPipeline$1
Event: 2.875 loading class java/util/stream/IntPipeline$1 done
Event: 2.875 loading class java/util/stream/IntPipeline$1$1
Event: 2.875 loading class java/util/stream/IntPipeline$1$1 done
Event: 2.919 loading class java/lang/FdLibm$Hypot
Event: 2.919 loading class java/lang/FdLibm$Hypot done
Event: 2.919 loading class java/lang/FdLibm
Event: 2.919 loading class java/lang/FdLibm done
Event: 3.000 loading class java/nio/DirectFloatBufferU
Event: 3.000 loading class java/nio/DirectFloatBufferU done
Event: 3.003 loading class jdk/internal/misc/ScopedMemoryAccess$Scope
Event: 3.003 loading class jdk/internal/misc/ScopedMemoryAccess$Scope done


Dynamic libraries:
0x0000000100f24000 	/Library/Java/JavaVirtualMachines/jdk-17.jdk/Contents/Home/lib/libjli.dylib
0x00000001beeee000 	/usr/lib/libz.1.dylib
0x00000001befa5000 	/usr/lib/libSystem.B.dylib
0x00000001bef9f000 	/usr/lib/system/libcache.dylib
0x00000001bef5d000 	/usr/lib/system/libcommonCrypto.dylib
0x00000001bef86000 	/usr/lib/system/libcompiler_rt.dylib
0x00000001bef7d000 	/usr/lib/system/libcopyfile.dylib
0x00000001b41cb000 	/usr/lib/system/libcorecrypto.dylib
0x00000001b4280000 	/usr/lib/system/libdispatch.dylib
0x00000001b444e000 	/usr/lib/system/libdyld.dylib
0x00000001bef95000 	/usr/lib/system/libkeymgr.dylib
0x00000001bef38000 	/usr/lib/system/libmacho.dylib
0x00000001be628000 	/usr/lib/system/libquarantine.dylib
0x00000001bef92000 	/usr/lib/system/libremovefile.dylib
0x00000001b95c4000 	/usr/lib/system/libsystem_asl.dylib
0x00000001b416d000 	/usr/lib/system/libsystem_blocks.dylib
0x00000001b4308000 	/usr/lib/system/libsystem_c.dylib
0x00000001bef8a000 	/usr/lib/system/libsystem_collections.dylib
0x00000001bdabd000 	/usr/lib/system/libsystem_configuration.dylib
0x00000001bcd19000 	/usr/lib/system/libsystem_containermanager.dylib
0x00000001bec95000 	/usr/lib/system/libsystem_coreservices.dylib
0x00000001b6b7e000 	/usr/lib/system/libsystem_darwin.dylib
0x00000001bef96000 	/usr/lib/system/libsystem_dnssd.dylib
0x00000001b4305000 	/usr/lib/system/libsystem_featureflags.dylib
0x00000001b4463000 	/usr/lib/system/libsystem_info.dylib
0x00000001bef00000 	/usr/lib/system/libsystem_m.dylib
0x00000001b4255000 	/usr/lib/system/libsystem_malloc.dylib
0x00000001b9552000 	/usr/lib/system/libsystem_networkextension.dylib
0x00000001b6fd7000 	/usr/lib/system/libsystem_notify.dylib
0x00000001c52f8000 	/usr/lib/system/libsystem_product_info_filter.dylib
0x00000001bdac2000 	/usr/lib/system/libsystem_sandbox.dylib
0x00000001bef8f000 	/usr/lib/system/libsystem_secinit.dylib
0x00000001b4409000 	/usr/lib/system/libsystem_kernel.dylib
0x00000001b445b000 	/usr/lib/system/libsystem_platform.dylib
0x00000001b4441000 	/usr/lib/system/libsystem_pthread.dylib
0x00000001bad24000 	/usr/lib/system/libsystem_symptoms.dylib
0x00000001b41b1000 	/usr/lib/system/libsystem_trace.dylib
0x00000001bef6a000 	/usr/lib/system/libunwind.dylib
0x00000001b416f000 	/usr/lib/system/libxpc.dylib
0x00000001b43f1000 	/usr/lib/libc++abi.dylib
0x00000001b42c7000 	/usr/lib/libobjc.A.dylib
0x00000001bef75000 	/usr/lib/liboah.dylib
0x00000001b438a000 	/usr/lib/libc++.1.dylib
0x00000001cae1e000 	/System/Library/Frameworks/Cocoa.framework/Versions/A/Cocoa
0x00000001b7038000 	/System/Library/Frameworks/AppKit.framework/Versions/C/AppKit
0x00000001ba54b000 	/System/Library/Frameworks/CoreData.framework/Versions/A/CoreData
0x00000001b5393000 	/System/Library/Frameworks/Foundation.framework/Versions/C/Foundation
0x00000001b7ef0000 	/System/Library/PrivateFrameworks/UIFoundation.framework/Versions/A/UIFoundation
0x00000001c4ff2000 	/System/Library/PrivateFrameworks/RemoteViewServices.framework/Versions/A/RemoteViewServices
0x00000001bd465000 	/System/Library/PrivateFrameworks/XCTTargetBootstrap.framework/Versions/A/XCTTargetBootstrap
0x00000001c0ce5000 	/System/Library/PrivateFrameworks/InternationalSupport.framework/Versions/A/InternationalSupport
0x00000001c0d6e000 	/System/Library/PrivateFrameworks/UserActivity.framework/Versions/A/UserActivity
0x00000001c01dc000 	/usr/lib/libspindump.dylib
0x00000001b8161000 	/System/Library/Frameworks/UniformTypeIdentifiers.framework/Versions/A/UniformTypeIdentifiers
0x00000001bb9af000 	/usr/lib/libapp_launch_measurement.dylib
0x00000001baed6000 	/System/Library/PrivateFrameworks/CoreAnalytics.framework/Versions/A/CoreAnalytics
0x00000001bb9b2000 	/System/Library/PrivateFrameworks/CoreAutoLayout.framework/Versions/A/CoreAutoLayout
0x00000001bcd56000 	/System/Library/Frameworks/Metal.framework/Versions/A/Metal
0x00000001bdacd000 	/usr/lib/liblangid.dylib
0x00000001bd46a000 	/System/Library/PrivateFrameworks/CoreSVG.framework/Versions/A/CoreSVG
0x00000001b95f8000 	/System/Library/PrivateFrameworks/SkyLight.framework/Versions/A/SkyLight
0x00000001b99d1000 	/System/Library/Frameworks/CoreGraphics.framework/Versions/A/CoreGraphics
0x00000001c56be000 	/System/Library/Frameworks/Accelerate.framework/Versions/A/Accelerate
0x00000001bfc53000 	/System/Library/PrivateFrameworks/IconServices.framework/Versions/A/IconServices
0x00000001bcd38000 	/System/Library/Frameworks/IOSurface.framework/Versions/A/IOSurface
0x00000001baf07000 	/usr/lib/libDiagnosticMessagesClient.dylib
0x00000001c8bbf000 	/System/Library/Frameworks/ApplicationServices.framework/Versions/A/ApplicationServices
0x00000001bd44d000 	/System/Library/PrivateFrameworks/DFRFoundation.framework/Versions/A/DFRFoundation
0x00000001b68c8000 	/usr/lib/libicucore.A.dylib
0x00000001c1b92000 	/System/Library/Frameworks/AudioToolbox.framework/Versions/A/AudioToolbox
0x00000001c0cf1000 	/System/Library/PrivateFrameworks/DataDetectorsCore.framework/Versions/A/DataDetectorsCore
0x00000001d76eb000 	/System/Library/PrivateFrameworks/TextInput.framework/Versions/A/TextInput
0x00000001b956d000 	/usr/lib/libMobileGestalt.dylib
0x00000001bd119000 	/System/Library/Frameworks/Carbon.framework/Versions/A/Frameworks/HIToolbox.framework/Versions/A/HIToolbox
0x00000001bb387000 	/System/Library/Frameworks/QuartzCore.framework/Versions/A/QuartzCore
0x00000001b6549000 	/System/Library/Frameworks/Security.framework/Versions/A/Security
0x00000001c5032000 	/System/Library/Frameworks/Carbon.framework/Versions/A/Frameworks/SpeechRecognition.framework/Versions/A/SpeechRecognition
0x00000001bb705000 	/System/Library/PrivateFrameworks/CoreUI.framework/Versions/A/CoreUI
0x00000001b5e25000 	/System/Library/Frameworks/CoreAudio.framework/Versions/A/CoreAudio
0x00000001baffb000 	/System/Library/Frameworks/DiskArbitration.framework/Versions/A/DiskArbitration
0x00000001c05e6000 	/System/Library/PrivateFrameworks/MultitouchSupport.framework/Versions/A/MultitouchSupport
0x00000001b956b000 	/usr/lib/libenergytrace.dylib
0x00000001b6f00000 	/System/Library/Frameworks/IOKit.framework/Versions/A/IOKit
0x00000001c5421000 	/System/Library/Frameworks/CoreServices.framework/Versions/A/CoreServices
0x00000001bb93f000 	/System/Library/PrivateFrameworks/PerformanceAnalysis.framework/Versions/A/PerformanceAnalysis
0x0000000215b23000 	/System/Library/Frameworks/OpenGL.framework/Versions/A/OpenGL
0x00000001be540000 	/System/Library/PrivateFrameworks/MobileKeyBag.framework/Versions/A/MobileKeyBag
0x00000001b9fdf000 	/System/Library/Frameworks/ColorSync.framework/Versions/A/ColorSync
0x00000001b4490000 	/System/Library/Frameworks/CoreFoundation.framework/Versions/A/CoreFoundation
0x00000001bd6e9000 	/System/Library/Frameworks/CoreImage.framework/Versions/A/CoreImage
0x00000001b5c49000 	/System/Library/Frameworks/CoreText.framework/Versions/A/CoreText
0x00000001bd49a000 	/System/Library/Frameworks/ImageIO.framework/Versions/A/ImageIO
0x00000001befab000 	/System/Library/PrivateFrameworks/SoftLinking.framework/Versions/A/SoftLinking
0x00000001bb9fd000 	/usr/lib/libxml2.2.dylib
0x00000001bf244000 	/usr/lib/libcompression.dylib
0x00000001c0c41000 	/System/Library/PrivateFrameworks/TextureIO.framework/Versions/A/TextureIO
0x00000001bf96c000 	/usr/lib/libate.dylib
0x00000001bf831000 	/usr/lib/liblzma.5.dylib
0x00000001b5086000 	/System/Library/Frameworks/SystemConfiguration.framework/Versions/A/SystemConfiguration
0x00000001befa7000 	/usr/lib/libfakelink.dylib
0x00000001b909d000 	/System/Library/Frameworks/CFNetwork.framework/Versions/A/CFNetwork
0x00000001bf0ed000 	/usr/lib/libarchive.2.dylib
0x00000001bdac9000 	/System/Library/PrivateFrameworks/AppleSystemInfo.framework/Versions/A/AppleSystemInfo
0x00000001be653000 	/usr/lib/libbsm.0.dylib
0x00000001b860a000 	/usr/lib/libnetwork.dylib
0x00000001bef41000 	/usr/lib/system/libkxld.dylib
0x00000001be26d000 	/System/Library/PrivateFrameworks/IOMobileFramebuffer.framework/Versions/A/IOMobileFramebuffer
0x00000002337ec000 	/usr/lib/libCoreEntitlements.dylib
0x00000001bec77000 	/System/Library/PrivateFrameworks/AppleFSCompression.framework/Versions/A/AppleFSCompression
0x00000001be63b000 	/usr/lib/libcoretls.dylib
0x00000001bf84a000 	/usr/lib/libcoretls_cfhelpers.dylib
0x00000001bf23f000 	/usr/lib/libpam.2.dylib
0x00000001ba93b000 	/usr/lib/libsqlite3.dylib
0x00000001bf8b3000 	/usr/lib/libxar.1.dylib
0x00000001bec88000 	/usr/lib/libbz2.1.0.dylib
0x00000001befac000 	/usr/lib/libpcap.A.dylib
0x00000001bad1b000 	/usr/lib/libdns_services.dylib
0x00000001bf212000 	/usr/lib/libapple_nghttp2.dylib
0x00000001befe9000 	/usr/lib/libiconv.2.dylib
0x00000001bef37000 	/usr/lib/libcharset.1.dylib
0x00000001bb97b000 	/System/Library/Frameworks/CoreServices.framework/Versions/A/Frameworks/FSEvents.framework/Versions/A/FSEvents
0x00000001b6b89000 	/System/Library/Frameworks/CoreServices.framework/Versions/A/Frameworks/CarbonCore.framework/Versions/A/CarbonCore
0x00000001baf5b000 	/System/Library/Frameworks/CoreServices.framework/Versions/A/Frameworks/Metadata.framework/Versions/A/Metadata
0x00000001bec9b000 	/System/Library/Frameworks/CoreServices.framework/Versions/A/Frameworks/OSServices.framework/Versions/A/OSServices
0x00000001bf173000 	/System/Library/Frameworks/CoreServices.framework/Versions/A/Frameworks/SearchKit.framework/Versions/A/SearchKit
0x00000001bacaa000 	/System/Library/Frameworks/CoreServices.framework/Versions/A/Frameworks/AE.framework/Versions/A/AE
0x00000001b49d7000 	/System/Library/Frameworks/CoreServices.framework/Versions/A/Frameworks/LaunchServices.framework/Versions/A/LaunchServices
0x00000001bf7da000 	/System/Library/Frameworks/CoreServices.framework/Versions/A/Frameworks/DictionaryServices.framework/Versions/A/DictionaryServices
0x00000001bb988000 	/System/Library/Frameworks/CoreServices.framework/Versions/A/Frameworks/SharedFileList.framework/Versions/A/SharedFileList
0x00000001be62b000 	/usr/lib/libCheckFix.dylib
0x00000001b95dc000 	/System/Library/PrivateFrameworks/TCC.framework/Versions/A/TCC
0x00000001bdacf000 	/System/Library/PrivateFrameworks/CoreNLP.framework/Versions/A/CoreNLP
0x00000001baf0a000 	/System/Library/PrivateFrameworks/MetadataUtilities.framework/Versions/A/MetadataUtilities
0x00000001b5140000 	/usr/lib/libmecabra.dylib
0x00000001be664000 	/usr/lib/libmecab.dylib
0x00000001b510c000 	/usr/lib/libCRFSuite.dylib
0x00000001be6c1000 	/usr/lib/libgermantok.dylib
0x00000001bf1eb000 	/usr/lib/libThaiTokenizer.dylib
0x00000001bb003000 	/System/Library/Frameworks/Accelerate.framework/Versions/A/Frameworks/vImage.framework/Versions/A/vImage
0x00000001c53f8000 	/System/Library/Frameworks/Accelerate.framework/Versions/A/Frameworks/vecLib.framework/Versions/A/vecLib
0x00000001bf8f8000 	/System/Library/Frameworks/Accelerate.framework/Versions/A/Frameworks/vecLib.framework/Versions/A/libvMisc.dylib
0x00000001be174000 	/System/Library/Frameworks/Accelerate.framework/Versions/A/Frameworks/vecLib.framework/Versions/A/libvDSP.dylib
0x00000001b4d61000 	/System/Library/Frameworks/Accelerate.framework/Versions/A/Frameworks/vecLib.framework/Versions/A/libBLAS.dylib
0x00000001bf315000 	/System/Library/Frameworks/Accelerate.framework/Versions/A/Frameworks/vecLib.framework/Versions/A/libLAPACK.dylib
0x00000001be6c4000 	/System/Library/Frameworks/Accelerate.framework/Versions/A/Frameworks/vecLib.framework/Versions/A/libLinearAlgebra.dylib
0x00000001bf22a000 	/System/Library/Frameworks/Accelerate.framework/Versions/A/Frameworks/vecLib.framework/Versions/A/libSparseBLAS.dylib
0x00000001bf310000 	/System/Library/Frameworks/Accelerate.framework/Versions/A/Frameworks/vecLib.framework/Versions/A/libQuadrature.dylib
0x00000001bdbc8000 	/System/Library/Frameworks/Accelerate.framework/Versions/A/Frameworks/vecLib.framework/Versions/A/libBNNS.dylib
0x00000001b501f000 	/System/Library/Frameworks/Accelerate.framework/Versions/A/Frameworks/vecLib.framework/Versions/A/libSparse.dylib
0x00000001bdbc0000 	/System/Library/PrivateFrameworks/LinguisticData.framework/Versions/A/LinguisticData
0x00000001b4fd7000 	/System/Library/PrivateFrameworks/Lexicon.framework/Versions/A/Lexicon
0x00000001bf8f0000 	/usr/lib/libChineseTokenizer.dylib
0x00000001b5785000 	/System/Library/PrivateFrameworks/LanguageModeling.framework/Versions/A/LanguageModeling
0x00000001bf1ed000 	/System/Library/PrivateFrameworks/AppleSauce.framework/Versions/A/AppleSauce
0x00000001be25a000 	/System/Library/PrivateFrameworks/CoreEmoji.framework/Versions/A/CoreEmoji
0x00000001bf0db000 	/usr/lib/libcmph.dylib
0x00000001bb95b000 	/System/Library/Frameworks/OpenDirectory.framework/Versions/A/Frameworks/CFOpenDirectory.framework/Versions/A/CFOpenDirectory
0x00000001bb94b000 	/System/Library/Frameworks/OpenDirectory.framework/Versions/A/OpenDirectory
0x00000001bf84c000 	/System/Library/PrivateFrameworks/APFS.framework/Versions/A/APFS
0x00000001be57b000 	/System/Library/Frameworks/SecurityFoundation.framework/Versions/A/SecurityFoundation
0x00000001bf8c2000 	/usr/lib/libutil.dylib
0x00000001b6ec2000 	/System/Library/PrivateFrameworks/CoreServicesStore.framework/Versions/A/CoreServicesStore
0x00000001bf8c6000 	/usr/lib/libxslt.1.dylib
0x00000001be60f000 	/System/Library/PrivateFrameworks/BackgroundTaskManagement.framework/Versions/A/BackgroundTaskManagement
0x00000001c0b62000 	/System/Library/Frameworks/ImageIO.framework/Versions/A/Resources/libRadiance.dylib
0x00000001c0b6b000 	/System/Library/Frameworks/ImageIO.framework/Versions/A/Resources/libJPEG.dylib
0x00000001c0abe000 	/System/Library/Frameworks/ImageIO.framework/Versions/A/Resources/libPng.dylib
0x00000001c0ae0000 	/System/Library/Frameworks/ImageIO.framework/Versions/A/Resources/libTIFF.dylib
0x00000001c0bc6000 	/System/Library/Frameworks/ImageIO.framework/Versions/A/Resources/libGIF.dylib
0x00000001c04f6000 	/System/Library/Frameworks/ImageIO.framework/Versions/A/Resources/libJP2.dylib
0x00000001bfc18000 	/usr/lib/libexpat.1.dylib
0x00000001c04b1000 	/System/Library/PrivateFrameworks/AppleJPEG.framework/Versions/A/AppleJPEG
0x00000001bcfd5000 	/System/Library/PrivateFrameworks/FontServices.framework/libFontParser.dylib
0x00000001bac4f000 	/System/Library/PrivateFrameworks/RunningBoardServices.framework/Versions/A/RunningBoardServices
0x00000001cb4f4000 	/System/Library/PrivateFrameworks/IOSurfaceAccelerator.framework/Versions/A/IOSurfaceAccelerator
0x00000001c05e2000 	/System/Library/PrivateFrameworks/WatchdogClient.framework/Versions/A/WatchdogClient
0x00000001b5885000 	/System/Library/Frameworks/CoreDisplay.framework/Versions/A/CoreDisplay
0x00000001bcebf000 	/System/Library/Frameworks/CoreMedia.framework/Versions/A/CoreMedia
0x00000001bcd4c000 	/System/Library/PrivateFrameworks/IOAccelerator.framework/Versions/A/IOAccelerator
0x00000001bbaeb000 	/System/Library/Frameworks/CoreVideo.framework/Versions/A/CoreVideo
0x00000001bf23d000 	/System/Library/Frameworks/MetalPerformanceShaders.framework/Versions/A/MetalPerformanceShaders
0x00000001c0621000 	/System/Library/Frameworks/VideoToolbox.framework/Versions/A/VideoToolbox
0x00000001bab93000 	/System/Library/PrivateFrameworks/BaseBoard.framework/Versions/A/BaseBoard
0x00000001ba921000 	/System/Library/PrivateFrameworks/ProtocolBuffer.framework/Versions/A/ProtocolBuffer
0x00000001c0b5d000 	/System/Library/PrivateFrameworks/GPUWrangler.framework/Versions/A/GPUWrangler
0x00000001c0b3d000 	/System/Library/PrivateFrameworks/IOPresentment.framework/Versions/A/IOPresentment
0x00000001c0b65000 	/System/Library/PrivateFrameworks/DSExternalDisplay.framework/Versions/A/DSExternalDisplay
0x0000000215b16000 	/System/Library/Frameworks/OpenGL.framework/Versions/A/Libraries/libCoreFSCache.dylib
0x00000002202dc000 	/System/Library/PrivateFrameworks/GPUCompiler.framework/Versions/31001/Libraries/libGPUCompilerUtils.dylib
0x00000001c0bcb000 	/System/Library/PrivateFrameworks/CMCaptureCore.framework/Versions/A/CMCaptureCore
0x00000001c01c9000 	/System/Library/PrivateFrameworks/AppServerSupport.framework/Versions/A/AppServerSupport
0x00000001c244f000 	/System/Library/PrivateFrameworks/perfdata.framework/Versions/A/perfdata
0x00000001b59a5000 	/System/Library/PrivateFrameworks/AudioToolboxCore.framework/Versions/A/AudioToolboxCore
0x00000001bce98000 	/System/Library/PrivateFrameworks/caulk.framework/Versions/A/caulk
0x00000001c1d44000 	/usr/lib/libAudioStatistics.dylib
0x00000001d3d43000 	/System/Library/PrivateFrameworks/SystemPolicy.framework/Versions/A/SystemPolicy
0x00000001c1fb0000 	/usr/lib/libSMC.dylib
0x00000001cacfc000 	/System/Library/Frameworks/CoreMIDI.framework/Versions/A/CoreMIDI
0x00000001c0a8c000 	/usr/lib/libAudioToolboxUtility.dylib
0x00000001cfeb3000 	/System/Library/PrivateFrameworks/OSAServicesClient.framework/Versions/A/OSAServicesClient
0x00000001c245c000 	/usr/lib/libperfcheck.dylib
0x00000001d485f000 	/usr/lib/libmis.dylib
0x0000000215b78000 	/System/Library/Frameworks/OpenGL.framework/Versions/A/Libraries/libGLU.dylib
0x0000000215b37000 	/System/Library/Frameworks/OpenGL.framework/Versions/A/Libraries/libGFXShared.dylib
0x0000000215d24000 	/System/Library/Frameworks/OpenGL.framework/Versions/A/Libraries/libGL.dylib
0x0000000215b40000 	/System/Library/Frameworks/OpenGL.framework/Versions/A/Libraries/libGLImage.dylib
0x0000000215b34000 	/System/Library/Frameworks/OpenGL.framework/Versions/A/Libraries/libCVMSPluginSupport.dylib
0x0000000215b1d000 	/System/Library/Frameworks/OpenGL.framework/Versions/A/Libraries/libCoreVMClient.dylib
0x00000001bda49000 	/System/Library/Frameworks/MetalPerformanceShaders.framework/Versions/A/Frameworks/MPSCore.framework/Versions/A/MPSCore
0x00000001bebea000 	/System/Library/Frameworks/MetalPerformanceShaders.framework/Versions/A/Frameworks/MPSImage.framework/Versions/A/MPSImage
0x00000001be6d9000 	/System/Library/Frameworks/MetalPerformanceShaders.framework/Versions/A/Frameworks/MPSNeuralNetwork.framework/Versions/A/MPSNeuralNetwork
0x00000001beb12000 	/System/Library/Frameworks/MetalPerformanceShaders.framework/Versions/A/Frameworks/MPSMatrix.framework/Versions/A/MPSMatrix
0x00000001be8eb000 	/System/Library/Frameworks/MetalPerformanceShaders.framework/Versions/A/Frameworks/MPSRayIntersector.framework/Versions/A/MPSRayIntersector
0x00000001beb43000 	/System/Library/Frameworks/MetalPerformanceShaders.framework/Versions/A/Frameworks/MPSNDArray.framework/Versions/A/MPSNDArray
0x0000000217f3f000 	/System/Library/Frameworks/MetalPerformanceShaders.framework/Versions/A/Frameworks/MPSFunctions.framework/Versions/A/MPSFunctions
0x00000001b4c38000 	/System/Library/PrivateFrameworks/MetalTools.framework/Versions/A/MetalTools
0x00000001bdac7000 	/System/Library/PrivateFrameworks/AggregateDictionary.framework/Versions/A/AggregateDictionary
0x00000001bf9fd000 	/usr/lib/libIOReport.dylib
0x00000001c9d19000 	/System/Library/PrivateFrameworks/ASEProcessing.framework/Versions/A/ASEProcessing
0x00000001bfd72000 	/System/Library/PrivateFrameworks/FaceCore.framework/Versions/A/FaceCore
0x00000001bfd64000 	/System/Library/PrivateFrameworks/GraphVisualizer.framework/Versions/A/GraphVisualizer
0x00000002201f3000 	/System/Library/PrivateFrameworks/FontServices.framework/Versions/A/FontServices
0x00000001c0185000 	/System/Library/PrivateFrameworks/OTSVG.framework/Versions/A/OTSVG
0x00000001bb6b5000 	/System/Library/Frameworks/ApplicationServices.framework/Versions/A/Frameworks/ATS.framework/Versions/A/Resources/libFontRegistry.dylib
0x00000001c01d2000 	/System/Library/PrivateFrameworks/FontServices.framework/libhvf.dylib
0x00000002201f4000 	/System/Library/PrivateFrameworks/FontServices.framework/libXTFontStaticRegistryData.dylib
0x0000000215ec5000 	/System/Library/Frameworks/OpenCL.framework/Versions/A/OpenCL
0x00000001bfbcc000 	/System/Library/PrivateFrameworks/AppleVA.framework/Versions/A/AppleVA
0x00000001c1d6c000 	/System/Library/Frameworks/ApplicationServices.framework/Versions/A/Frameworks/ATS.framework/Versions/A/ATS
0x00000001ba0de000 	/System/Library/Frameworks/ApplicationServices.framework/Versions/A/Frameworks/HIServices.framework/Versions/A/HIServices
0x00000001c0bd5000 	/System/Library/Frameworks/ApplicationServices.framework/Versions/A/Frameworks/PrintCore.framework/Versions/A/PrintCore
0x00000001c2103000 	/System/Library/Frameworks/ApplicationServices.framework/Versions/A/Frameworks/QD.framework/Versions/A/QD
0x00000001c20fb000 	/System/Library/Frameworks/ApplicationServices.framework/Versions/A/Frameworks/ColorSyncLegacy.framework/Versions/A/ColorSyncLegacy
0x00000001c1d58000 	/System/Library/Frameworks/ApplicationServices.framework/Versions/A/Frameworks/SpeechSynthesis.framework/Versions/A/SpeechSynthesis
0x00000001c0b96000 	/System/Library/Frameworks/ApplicationServices.framework/Versions/A/Frameworks/ATSUI.framework/Versions/A/ATSUI
0x00000001c2090000 	/usr/lib/libcups.2.dylib
0x00000001c246a000 	/System/Library/Frameworks/Kerberos.framework/Versions/A/Kerberos
0x00000001c247b000 	/System/Library/Frameworks/GSS.framework/Versions/A/GSS
0x00000001c1ddc000 	/usr/lib/libresolv.9.dylib
0x00000001c01e1000 	/System/Library/PrivateFrameworks/Heimdal.framework/Versions/A/Heimdal
0x00000001c8f4f000 	/System/Library/Frameworks/Kerberos.framework/Versions/A/Libraries/libHeimdalProxy.dylib
0x00000001bad2d000 	/System/Library/Frameworks/Network.framework/Versions/A/Network
0x00000001bfc33000 	/usr/lib/libheimdal-asn1.dylib
0x00000001c24cb000 	/System/Library/PrivateFrameworks/CommonAuth.framework/Versions/A/CommonAuth
0x00000001c1cd2000 	/System/Library/PrivateFrameworks/AudioSession.framework/Versions/A/AudioSession
0x00000001bfcc5000 	/System/Library/PrivateFrameworks/MediaExperience.framework/Versions/A/MediaExperience
0x00000001c1b58000 	/System/Library/PrivateFrameworks/AudioSession.framework/libSessionUtility.dylib
0x00000001c210f000 	/System/Library/PrivateFrameworks/AudioResourceArbitration.framework/Versions/A/AudioResourceArbitration
0x00000001c62d5000 	/System/Library/PrivateFrameworks/PowerLog.framework/Versions/A/PowerLog
0x00000001bfc3d000 	/System/Library/PrivateFrameworks/IconFoundation.framework/Versions/A/IconFoundation
0x00000001c501e000 	/System/Library/PrivateFrameworks/SpeechRecognitionCore.framework/Versions/A/SpeechRecognitionCore
0x0000000102020000 	/Library/Java/JavaVirtualMachines/jdk-17.jdk/Contents/Home/lib/server/libjvm.dylib
0x0000000101148000 	/Library/Java/JavaVirtualMachines/jdk-17.jdk/Contents/Home/lib/libjimage.dylib
0x0000000101174000 	/Library/Java/JavaVirtualMachines/jdk-17.jdk/Contents/Home/lib/libinstrument.dylib
0x00000001011c0000 	/Library/Java/JavaVirtualMachines/jdk-17.jdk/Contents/Home/lib/libjava.dylib
0x000000011f6e8000 	/Library/Java/JavaVirtualMachines/jdk-17.jdk/Contents/Home/lib/libnio.dylib
0x000000011f708000 	/Library/Java/JavaVirtualMachines/jdk-17.jdk/Contents/Home/lib/libnet.dylib
0x00000001011a4000 	/Library/Java/JavaVirtualMachines/jdk-17.jdk/Contents/Home/lib/libzip.dylib
0x000000011f72c000 	/Users/maxl/.openjfx/cache/17.0.1/libprism_es2.dylib
0x00000001b6e85000 	/System/Library/PrivateFrameworks/CoreServicesInternal.framework/Versions/A/CoreServicesInternal
0x0000000215d2e000 	/System/Library/Frameworks/OpenGL.framework/Versions/A/Resources/GLEngine.bundle/GLEngine
0x0000000215bb6000 	/System/Library/Frameworks/OpenGL.framework/Versions/A/Libraries/libGLProgrammability.dylib
0x0000000121f40000 	/System/Library/Extensions/AppleMetalOpenGLRenderer.bundle/Contents/MacOS/AppleMetalOpenGLRenderer
0x0000000215e9d000 	/System/Library/Frameworks/OpenGL.framework/Versions/A/Resources/GLRendererFloat.bundle/GLRendererFloat
0x0000000215f9d000 	/System/Library/Extensions/AGXMetal13_3.bundle/Contents/MacOS/AGXMetal13_3
0x00000001d487b000 	/System/Library/PrivateFrameworks/GPURawCounter.framework/Versions/A/GPURawCounter
0x00000001cf01c000 	/System/Library/PrivateFrameworks/IOGPU.framework/Versions/A/IOGPU
0x00000001237fc000 	/Users/maxl/.openjfx/cache/17.0.1/libglass.dylib
0x00000001c652d000 	/System/Library/Frameworks/FileProvider.framework/Versions/A/FileProvider
0x00000001baafb000 	/System/Library/Frameworks/Accounts.framework/Versions/A/Accounts
0x00000001c66b1000 	/System/Library/PrivateFrameworks/GenerationalStorage.framework/Versions/A/GenerationalStorage
0x00000001c7274000 	/System/Library/PrivateFrameworks/CoreSymbolication.framework/Versions/A/CoreSymbolication
0x00000001c62c9000 	/System/Library/PrivateFrameworks/SymptomDiagnosticReporter.framework/Versions/A/SymptomDiagnosticReporter
0x00000001b8175000 	/System/Library/PrivateFrameworks/DesktopServicesPriv.framework/Versions/A/DesktopServicesPriv
0x00000001b6fe7000 	/usr/lib/libsandbox.1.dylib
0x00000001bbb79000 	/System/Library/PrivateFrameworks/UserManagement.framework/Versions/A/UserManagement
0x00000001c7231000 	/System/Library/PrivateFrameworks/DebugSymbols.framework/Versions/A/DebugSymbols
0x00000001c20ee000 	/System/Library/PrivateFrameworks/NetAuth.framework/Versions/A/NetAuth
0x00000001c300f000 	/System/Library/PrivateFrameworks/Sharing.framework/Versions/A/Sharing
0x00000001bbb49000 	/System/Library/PrivateFrameworks/login.framework/Versions/A/Frameworks/loginsupport.framework/Versions/A/loginsupport
0x00000001c8466000 	/System/Library/PrivateFrameworks/Apple80211.framework/Versions/A/Apple80211
0x00000001becce000 	/System/Library/PrivateFrameworks/AuthKit.framework/Versions/A/AuthKit
0x00000001be356000 	/System/Library/PrivateFrameworks/CoreUtils.framework/Versions/A/CoreUtils
0x00000001be279000 	/System/Library/Frameworks/CoreWLAN.framework/Versions/A/CoreWLAN
0x00000001c317f000 	/System/Library/Frameworks/IOBluetooth.framework/Versions/A/IOBluetooth
0x00000001c84c6000 	/System/Library/PrivateFrameworks/CoreWiFi.framework/Versions/A/CoreWiFi
0x00000001c6e11000 	/System/Library/PrivateFrameworks/FrontBoardServices.framework/Versions/A/FrontBoardServices
0x00000001c6ea9000 	/System/Library/PrivateFrameworks/BoardServices.framework/Versions/A/BoardServices
0x00000001be569000 	/System/Library/PrivateFrameworks/AssertionServices.framework/Versions/A/AssertionServices
0x00000001c8643000 	/System/Library/PrivateFrameworks/BackBoardServices.framework/Versions/A/BackBoardServices
0x00000001c2562000 	/System/Library/PrivateFrameworks/CorePhoneNumbers.framework/Versions/A/CorePhoneNumbers
0x00000001c1e09000 	/System/Library/PrivateFrameworks/MultiverseSupport.framework/Versions/A/MultiverseSupport
0x00000001c88c4000 	/System/Library/PrivateFrameworks/RemoteServiceDiscovery.framework/Versions/A/RemoteServiceDiscovery
0x00000001c63f9000 	/System/Library/PrivateFrameworks/DiskManagement.framework/Versions/A/DiskManagement
0x00000001c62fc000 	/System/Library/PrivateFrameworks/AppleIDAuthSupport.framework/Versions/A/AppleIDAuthSupport
0x000000021a77b000 	/System/Library/PrivateFrameworks/AAAFoundation.framework/Versions/A/AAAFoundation
0x00000001c2541000 	/System/Library/PrivateFrameworks/KeychainCircle.framework/Versions/A/KeychainCircle
0x00000001c88d4000 	/System/Library/PrivateFrameworks/RemoteXPC.framework/Versions/A/RemoteXPC
0x00000001c63c5000 	/System/Library/PrivateFrameworks/MediaKit.framework/Versions/A/MediaKit
0x00000001c6309000 	/System/Library/Frameworks/DiscRecording.framework/Versions/A/DiscRecording
0x00000001bfb48000 	/usr/lib/libCoreStorage.dylib
0x00000001c8940000 	/usr/lib/libcsfde.dylib
0x00000001c3254000 	/System/Library/PrivateFrameworks/ProtectedCloudStorage.framework/Versions/A/ProtectedCloudStorage
0x00000001c8938000 	/System/Library/PrivateFrameworks/EFILogin.framework/Versions/A/EFILogin
0x00000001c66d8000 	/System/Library/PrivateFrameworks/OctagonTrust.framework/Versions/A/OctagonTrust
0x000000021f37a000 	/System/Library/PrivateFrameworks/CoreUtilsExtras.framework/Versions/A/CoreUtilsExtras
0x00000001c622e000 	/System/Library/Frameworks/CoreBluetooth.framework/Versions/A/CoreBluetooth
0x00000001c8fd4000 	/System/Library/Frameworks/AudioUnit.framework/Versions/A/AudioUnit
0x00000001bfb40000 	/usr/lib/libMatch.1.dylib
0x00000001d8d61000 	/System/Library/Frameworks/Accelerate.framework/Versions/A/Frameworks/vImage.framework/Versions/A/Libraries/libCGInterfaces.dylib
0x0000000124d54000 	/usr/lib/libobjc-trampolines.dylib
0x00000001bb843000 	/System/Library/PrivateFrameworks/ViewBridge.framework/Versions/A/ViewBridge
0x00000001257dc000 	/Users/maxl/.openjfx/cache/17.0.1/libjavafx_font.dylib
0x0000000126e50000 	/Users/maxl/.openjfx/cache/17.0.1/libjavafx_iio.dylib
0x00000001c02a4000 	/System/Library/PrivateFrameworks/login.framework/Versions/A/login
0x0000000233949000 	/usr/lib/libRosetta.dylib


VM Arguments:
jvm_args: -javaagent:/Applications/IntelliJ IDEA.app/Contents/lib/idea_rt.jar=50969:/Applications/IntelliJ IDEA.app/Contents/bin -Dfile.encoding=UTF-8 --module-path=/Users/maxl/.m2/repository/org/openjfx/javafx-fxml/17.0.1/javafx-fxml-17.0.1-mac-aarch64.jar:/Users/maxl/.m2/repository/org/openjfx/javafx-graphics/17.0.1/javafx-graphics-17.0.1-mac-aarch64.jar:/Users/maxl/Documents/GitHub/Sushi-like-a-boss/Sushi-like-a-boss/target/classes:/Users/maxl/.m2/repository/org/openjfx/javafx-base/17.0.1/javafx-base-17.0.1-mac-aarch64.jar:/Users/maxl/.m2/repository/org/openjfx/javafx-controls/17.0.1/javafx-controls-17.0.1-mac-aarch64.jar -Djdk.module.main=com.example.sushilikeaboss 
java_command: com.example.sushilikeaboss/com.example.sushilikeaboss.HelloApplication
java_class_path (initial): /Users/maxl/.m2/repository/org/openjfx/javafx-controls/17.0.1/javafx-controls-17.0.1.jar:/Users/maxl/.m2/repository/org/openjfx/javafx-graphics/17.0.1/javafx-graphics-17.0.1.jar:/Users/maxl/.m2/repository/org/openjfx/javafx-base/17.0.1/javafx-base-17.0.1.jar:/Users/maxl/.m2/repository/org/openjfx/javafx-fxml/17.0.1/javafx-fxml-17.0.1.jar
Launcher Type: SUN_STANDARD

[Global flags]
     intx CICompilerCount                          = 4                                         {product} {ergonomic}
     uint ConcGCThreads                            = 2                                         {product} {ergonomic}
     uint G1ConcRefinementThreads                  = 8                                         {product} {ergonomic}
   size_t G1HeapRegionSize                         = 1048576                                   {product} {ergonomic}
    uintx GCDrainStackTargetSize                   = 64                                        {product} {ergonomic}
   size_t InitialHeapSize                          = 134217728                                 {product} {ergonomic}
   size_t MarkStackSize                            = 4194304                                   {product} {ergonomic}
   size_t MaxHeapSize                              = 2147483648                                {product} {ergonomic}
   size_t MaxNewSize                               = 1287651328                                {product} {ergonomic}
   size_t MinHeapDeltaBytes                        = 1048576                                   {product} {ergonomic}
   size_t MinHeapSize                              = 8388608                                   {product} {ergonomic}
    uintx NonNMethodCodeHeapSize                   = 5839564                                {pd product} {ergonomic}
    uintx NonProfiledCodeHeapSize                  = 122909338                              {pd product} {ergonomic}
    uintx ProfiledCodeHeapSize                     = 122909338                              {pd product} {ergonomic}
    uintx ReservedCodeCacheSize                    = 251658240                              {pd product} {ergonomic}
     bool SegmentedCodeCache                       = true                                      {product} {ergonomic}
   size_t SoftMaxHeapSize                          = 2147483648                             {manageable} {ergonomic}
     bool UseCompressedClassPointers               = true                           {product lp64_product} {ergonomic}
     bool UseCompressedOops                        = true                           {product lp64_product} {ergonomic}
     bool UseG1GC                                  = true                                      {product} {ergonomic}
     bool UseNUMA                                  = false                                     {product} {ergonomic}
     bool UseNUMAInterleaving                      = false                                     {product} {ergonomic}

Logging:
Log output configuration:
 #0: stdout all=warning uptime,level,tags
 #1: stderr all=off uptime,level,tags

Environment Variables:
PATH=/Users/maxl/opt/anaconda3/bin:/Users/maxl/opt/anaconda3/condabin:/usr/local/bin:/usr/bin:/bin:/usr/sbin:/sbin:/Users/maxl/chromedriver
SHELL=/bin/zsh
LC_CTYPE=de_DE.UTF-8

Signal Handlers:
   SIGSEGV: _ZL13crash_handleriP9__siginfoPv in libjvm.dylib, mask=11100110000111110111111111111111, flags=SA_RESTART|SA_SIGINFO
    SIGBUS: _ZL13crash_handleriP9__siginfoPv in libjvm.dylib, mask=11100110000111110111111111111111, flags=SA_RESTART|SA_SIGINFO
    SIGFPE: _ZL13crash_handleriP9__siginfoPv in libjvm.dylib, mask=11100110000111110111111111111111, flags=SA_RESTART|SA_SIGINFO
   SIGPIPE: _ZL17javaSignalHandleriP9__siginfoPv in libjvm.dylib, mask=11100110000111110111111111111111, flags=SA_RESTART|SA_SIGINFO
   SIGXFSZ: _ZL17javaSignalHandleriP9__siginfoPv in libjvm.dylib, mask=11100110000111110111111111111111, flags=SA_RESTART|SA_SIGINFO
    SIGILL: _ZL13crash_handleriP9__siginfoPv in libjvm.dylib, mask=11100110000111110111111111111111, flags=SA_RESTART|SA_SIGINFO
   SIGUSR2: _ZL10SR_handleriP9__siginfoP17__darwin_ucontext in libjvm.dylib, mask=00100000000000000000000000000000, flags=SA_RESTART|SA_SIGINFO
    SIGHUP: _ZL11UserHandleriPvS_ in libjvm.dylib, mask=11100110000111110111111111111111, flags=SA_RESTART|SA_SIGINFO
    SIGINT: _ZL11UserHandleriPvS_ in libjvm.dylib, mask=11100110000111110111111111111111, flags=SA_RESTART|SA_SIGINFO
   SIGTERM: _ZL11UserHandleriPvS_ in libjvm.dylib, mask=11100110000111110111111111111111, flags=SA_RESTART|SA_SIGINFO
   SIGQUIT: _ZL11UserHandleriPvS_ in libjvm.dylib, mask=11100110000111110111111111111111, flags=SA_RESTART|SA_SIGINFO
   SIGTRAP: _ZL13crash_handleriP9__siginfoPv in libjvm.dylib, mask=11100110000111110111111111111111, flags=SA_RESTART|SA_SIGINFO


---------------  S Y S T E M  ---------------

OS:
uname: Darwin 21.5.0 Darwin Kernel Version 21.5.0: Tue Apr 26 21:08:29 PDT 2022; root:xnu-8020.121.3~4/RELEASE_ARM64_T8101 arm64
OS uptime: 17 days 13:36 hours
rlimit (soft/hard): STACK 8176k/65520k , CORE 0k/infinity , NPROC 1333/2000 , NOFILE 10240/infinity , AS infinity/infinity , CPU infinity/infinity , DATA infinity/infinity , FSIZE infinity/infinity , MEMLOCK infinity/infinity , RSS infinity/infinity
load average: 2.17 1.89 2.17

CPU: total 8 (initial active 8) 0x61:0x0:0x1b588bb3:0, fp, simd, crc, lse

Memory: 16k page, physical 8388608k(129264k free), swap 2097152k(797696k free)

vm_info: Java HotSpot(TM) 64-Bit Server VM (17+35-LTS-2724) for bsd-aarch64 JRE (17+35-LTS-2724), built on Aug  5 2021 22:28:56 by "mach5one" with clang Apple LLVM 12.0.0 (clang-1200.0.32.29)

END.
