#
# A fatal error has been detected by the Java Runtime Environment:
#
#  SIGBUS (0xa) at pc=0x000000010da814f0, pid=21734, tid=30219
#
# JRE version: Java(TM) SE Runtime Environment (17.0+35) (build 17+35-LTS-2724)
# Java VM: Java HotSpot(TM) 64-Bit Server VM (17+35-LTS-2724, mixed mode, sharing, tiered, compressed oops, compressed class ptrs, g1 gc, bsd-aarch64)
# Problematic frame:
# v  ~StubRoutines::SafeFetchN
#
# No core dump will be written. Core dumps have been disabled. To enable core dumping, try "ulimit -c unlimited" before starting Java again
#
# If you would like to submit a bug report, please visit:
#   https://bugreport.java.com/bugreport/crash.jsp
# The crash happened outside the Java Virtual Machine in native code.
# See problematic frame for where to report the bug.
#

---------------  S U M M A R Y ------------

Command Line: -javaagent:/Applications/IntelliJ IDEA.app/Contents/lib/idea_rt.jar=52769:/Applications/IntelliJ IDEA.app/Contents/bin -Dfile.encoding=UTF-8 --module-path=/Users/maxl/.m2/repository/org/openjfx/javafx-fxml/17.0.1/javafx-fxml-17.0.1-mac-aarch64.jar:/Users/maxl/Documents/GitHub/Sushi-like-a-boss/Sushi-like-a-boss/target/classes:/Users/maxl/.m2/repository/org/openjfx/javafx-graphics/17.0.1/javafx-graphics-17.0.1-mac-aarch64.jar:/Users/maxl/.m2/repository/org/openjfx/javafx-base/17.0.1/javafx-base-17.0.1-mac-aarch64.jar:/Users/maxl/.m2/repository/org/openjfx/javafx-controls/17.0.1/javafx-controls-17.0.1-mac-aarch64.jar -Djdk.module.main=com.example.sushilikeaboss com.example.sushilikeaboss/com.example.sushilikeaboss.HelloApplication

Host: "MacBookAir10,1" arm64 1 MHz, 8 cores, 8G, Darwin 21.5.0, macOS 12.4 (21F79)
Time: Thu Jun 16 13:38:03 2022 CEST elapsed time: 17.892078 seconds (0d 0h 0m 17s)

---------------  T H R E A D  ---------------

Current thread (0x000000014f10d400):  JavaThread "InvokeLaterDispatcher" daemon [_thread_in_native, id=30219, stack(0x000000016e5bc000,0x000000016e7bf000)]

Stack: [0x000000016e5bc000,0x000000016e7bf000],  sp=0x000000016e7be7b0,  free space=2057k
Native frames: (J=compiled Java code, j=interpreted, Vv=VM code, C=native code)
v  ~StubRoutines::SafeFetchN
V  [libjvm.dylib+0x79e870]  _ZN10OopStorage7releaseEPKP7oopDesc+0x20
V  [libjvm.dylib+0x4b94ac]  jni_DeleteGlobalRef+0xc4
C  [libglass.dylib+0xab08]  -[GlassRunnable dealloc]+0x34
C  [Foundation+0x85318]  -[_NSThreadPerformInfo dealloc]+0x30
C  [Foundation+0x518ac]  -[NSObject(NSThreadPerformAdditions) performSelectorOnMainThread:withObject:waitUntilDone:]+0x88
C  0xf81c00010da898ac
j  com.sun.glass.ui.mac.MacApplication.submitForLaterInvocation(Ljava/lang/Runnable;)V+2 javafx.graphics
j  com.sun.glass.ui.InvokeLaterDispatcher.run()V+82 javafx.graphics
v  ~StubRoutines::call_stub
V  [libjvm.dylib+0x460b04]  _ZN9JavaCalls11call_helperEP9JavaValueRK12methodHandleP17JavaCallArgumentsP10JavaThread+0x38c
V  [libjvm.dylib+0x45fb20]  _ZN9JavaCalls12call_virtualEP9JavaValueP5KlassP6SymbolS5_P17JavaCallArgumentsP10JavaThread+0x11c
V  [libjvm.dylib+0x45fbec]  _ZN9JavaCalls12call_virtualEP9JavaValue6HandleP5KlassP6SymbolS6_P10JavaThread+0x64
V  [libjvm.dylib+0x51346c]  _ZL12thread_entryP10JavaThreadS0_+0xc4
V  [libjvm.dylib+0x8fcb74]  _ZN10JavaThread17thread_main_innerEv+0x134
V  [libjvm.dylib+0x8fb49c]  _ZN6Thread8call_runEv+0x128
V  [libjvm.dylib+0x7a5458]  _ZL19thread_native_entryP6Thread+0x158
C  [libsystem_pthread.dylib+0x726c]  _pthread_start+0x94

Java frames: (J=compiled Java code, j=interpreted, Vv=VM code)
j  com.sun.glass.ui.mac.MacApplication._submitForLaterInvocation(Ljava/lang/Runnable;)V+0 javafx.graphics
j  com.sun.glass.ui.mac.MacApplication.submitForLaterInvocation(Ljava/lang/Runnable;)V+2 javafx.graphics
j  com.sun.glass.ui.InvokeLaterDispatcher.run()V+82 javafx.graphics
v  ~StubRoutines::call_stub

siginfo: si_signo: 10 (SIGBUS), si_code: 1 (BUS_ADRALN), si_addr: 0x000000010da814f0

Register to memory mapping:

 x0=0x000000014e906c88 is a global jni handle
 x1=0x0 is NULL
 x2=0x0000000787d82b38 is an oop: com.sun.glass.ui.InvokeLaterDispatcher$Future 
{0x0000000787d82b38} - klass: 'com/sun/glass/ui/InvokeLaterDispatcher$Future'
 - ---- fields (total size 3 words):
 - private 'done' 'Z' @12  true
 - private final 'runnable' 'Ljava/lang/Runnable;' @16  a 'com/sun/javafx/application/PlatformImpl$$Lambda$92+0x0000000800c85d50'{0x0000000786df7e38} (f0dbefc7)
 - final synthetic 'this$0' 'Lcom/sun/glass/ui/InvokeLaterDispatcher;' @20  a 'com/sun/glass/ui/InvokeLaterDispatcher'{0x0000000785529ce0} (f0aa539c)
 x3=0x0 is NULL
 x4=0x00000000000130a8 is an unknown value
 x5=0x0 is NULL
 x6=0x0 is NULL
 x7=0x0 is NULL
 x8=0x000000010da814ec is at begin+0 in a stub
StubRoutines::SafeFetchN [0x000000010da814ec, 0x000000010da814f8] (12 bytes)
 x9=0x0 is NULL
x10=0x2010000030300000 is an unknown value
x11=0x0000000000000007 is an unknown value
x12=0x0 is NULL
x13=0x00006000030a8470 points into unknown readable memory: 0x65626d654d2f656b | 6b 65 2f 4d 65 6d 62 65
x14=0x00001e0000000000 is an unknown value
x15=0x0000000125bf9f98: OBJC_CLASS_$_GlassRunnable+0 in /Users/maxl/.openjfx/cache/17.0.1/libglass.dylib at 0x0000000125bb4000
x16=0x00000001b44430fc: pthread_getspecific+0 in /usr/lib/system/libsystem_pthread.dylib at 0x00000001b4441000
x17=0x0000600003aa1b00 points into unknown readable memory: 0xfffffffffffffffe | fe ff ff ff ff ff ff ff
x18=0x0 is NULL
x19=0x00006000035bc540 points into unknown readable memory: 0x0000600001ca9310 | 10 93 ca 01 00 60 00 00
x20=0x000000014e906a80 points into unknown readable memory: 0x91a48fba477917bb | bb 17 79 47 ba 8f a4 91
x21=0x000000014e906c88 is a global jni handle
x22=0x000000014f10d400 is a thread
x23=0x0000000000000001 is an unknown value
x24=0x000000014e906c40 is a global jni handle
x25=0x0000000105fb15d8: _ZN12StubRoutines17_safefetchN_entryE+0 in /Library/Java/JavaVirtualMachines/jdk-17.jdk/Contents/Home/lib/server/libjvm.dylib at 0x0000000105420000
x26=0x0000000123118a48 is pointing into metadata
x27=0x0 is NULL
x28=0x000000014f10d400 is a thread


Registers:
 x0=0x000000014e906c88  x1=0x0000000000000000  x2=0x0000000787d82b38  x3=0x0000000000000000
 x4=0x00000000000130a8  x5=0x0000000000000000  x6=0x0000000000000000  x7=0x0000000000000000
 x8=0x000000010da814ec  x9=0x0000000000000000 x10=0x2010000030300000 x11=0x0000000000000007
x12=0x0000000000000000 x13=0x00006000030a8470 x14=0x00001e0000000000 x15=0x0000000125bf9f98
x16=0x00000001b44430fc x17=0x0000600003aa1b00 x18=0x0000000000000000 x19=0x00006000035bc540
x20=0x000000014e906a80 x21=0x000000014e906c88 x22=0x000000014f10d400 x23=0x0000000000000001
x24=0x000000014e906c40 x25=0x0000000105fb15d8 x26=0x0000000123118a48 x27=0x0000000000000000
x28=0x000000014f10d400  fp=0x000000016e7be7f0  lr=0x0000000105bbd640  sp=0x000000016e7be7b0
pc=0x000000010da814f0 cpsr=0x0000000060001000
Top of Stack: (sp=0x000000016e7be7b0)
0x000000016e7be7b0:   0000000123118a48 0000000000000001
0x000000016e7be7c0:   000000016e7be9a8 0000600001c910f0
0x000000016e7be7d0:   0000000000000000 000000014e906c78
0x000000016e7be7e0:   000000014e906c78 00006000035bc540
0x000000016e7be7f0:   000000016e7be830 0000000105bbe870
0x000000016e7be800:   0000000000000001 000000014e906c78
0x000000016e7be810:   0000000000000000 000000014e906c78
0x000000016e7be820:   0000000000000001 000000014f9c9200
0x000000016e7be830:   000000016e7be860 00000001058d94ac
0x000000016e7be840:   0000600001c911d0 00000001fe70130c
0x000000016e7be850:   0000000000000000 0000600001c911d0
0x000000016e7be860:   000000016e7be890 0000000125bbeb08
0x000000016e7be870:   5ac557d006ef0082 0000000000000000
0x000000016e7be880:   0000000000000000 0000600000b67140
0x000000016e7be890:   000000016e7be8d0 00000001b5418318
0x000000016e7be8a0:   000000016e7be9a8 0000600001c910f0
0x000000016e7be8b0:   0000600001c911d0 5ac557d006ef0082
0x000000016e7be8c0:   0000000000000000 0000000000000000
0x000000016e7be8d0:   000000016e7be910 2a0d8001b53e48ac
0x000000016e7be8e0:   000000016e7be9a8 000000010da887c0
0x000000016e7be8f0:   0000000000000000 0000000105fb8f90
0x000000016e7be900:   000000016e7be920 000000010da87730
0x000000016e7be910:   000000016e7be980 f81c00010da898ac
0x000000016e7be920:   000000016e7be988 0000000122db9128
0x000000016e7be930:   000000016e7be930 0000000000000000
0x000000016e7be940:   000000016e7be9a8 0000000123118a48
0x000000016e7be950:   00000007854b54f8 0000000000000000
0x000000016e7be960:   0000000000000000 00000001230f7f38
0x000000016e7be970:   0000000000000000 000000016e7be980
0x000000016e7be980:   000000016e7bea00 000000010da85fc8
0x000000016e7be990:   0000000000000000 0000000000000000
0x000000016e7be9a0:   0000000787d82b38 00000007855a0080 

Instructions: (pc=0x000000010da814f0)
0x000000010da813f0:   f2a0bee9 f2c00029 6d425935 1e640886
0x000000010da81400:   0c402d31 1e6408c7 1f5654d0 1e6c1017
0x000000010da81410:   1f5050d0 1f504cd0 1f5048d0 1e650af6
0x000000010da81420:   1f50d8f6 1f5694d6 1f5158f6 1e762880
0x000000010da81430:   36000501 1e614000 14000026 2e251ca5
0x000000010da81440:   d29c3009 f2a0bee9 f2c00029 6d425d36
0x000000010da81450:   1e600806 0c402d32 1f5758c7 1e6c101a
0x000000010da81460:   1f4754c7 1e650805 1f4750c7 d2866668
0x000000010da81470:   f2a7fa68 1f474cc7 1e6608c0 1f4748c7
0x000000010da81480:   1e6e1019 eb08007f 540000ac 1f479400
0x000000010da81490:   1f460340 1e603b20 1400000e d2a7fd29
0x000000010da814a0:   eb09007f 540000ac 51480069 d3607d29
0x000000010da814b0:   9e670121 14000002 1e6a5001 1f679417
0x000000010da814c0:   1f668742 1e613b23 1e773857 1e773860
0x000000010da814d0:   a8c17ff3 910003bf a8c17bfd d65f03c0
0x000000010da814e0:   b9400001 aa0103e0 d65f03c0 f9400001
0x000000010da814f0:   aa0103e0 d65f03c0 00000000 00000000
0x000000010da81500:   00000000 00000000 00000000 00000000
0x000000010da81510:   00000000 00000000 00000000 00000000
0x000000010da81520:   00000000 00000000 00000000 00000000
0x000000010da81530:   00000000 00000000 00000000 00000000
0x000000010da81540:   00000000 00000000 00000000 00000000
0x000000010da81550:   00000000 00000000 00000000 00000000
0x000000010da81560:   00000000 00000000 00000000 00000000
0x000000010da81570:   00000000 00000000 00000000 00000000
0x000000010da81580:   00000000 00000000 00000000 00000000
0x000000010da81590:   00000000 00000000 00000000 00000000
0x000000010da815a0:   00000000 00000000 00000000 00000000
0x000000010da815b0:   00000000 00000000 00000000 00000000
0x000000010da815c0:   00000000 00000000 00000000 00000000
0x000000010da815d0:   00000000 00000000 00000000 00000000
0x000000010da815e0:   00000000 00000000 00000000 00000000 


Stack slot to memory mapping:
stack at sp + 0 slots: 0x0000000123118a48 is pointing into metadata
stack at sp + 1 slots: 0x0000000000000001 is an unknown value
stack at sp + 2 slots: 0x000000016e7be9a8 is pointing into the stack for thread: 0x000000014f10d400
stack at sp + 3 slots: 0x0000600001c910f0 points into unknown readable memory: 0x010000020ce12031 | 31 20 e1 0c 02 00 00 01
stack at sp + 4 slots: 0x0 is NULL
stack at sp + 5 slots: 0x000000014e906c78 is a global jni handle
stack at sp + 6 slots: 0x000000014e906c78 is a global jni handle
stack at sp + 7 slots: 0x00006000035bc540 points into unknown readable memory: 0x0000600001ca9310 | 10 93 ca 01 00 60 00 00

StubRoutines::SafeFetchN [0x000000010da814ec, 0x000000010da814f8] (12 bytes)
[MachCode]
  0x000000010da814ec: 0100 40f9 | e003 01aa | c003 5fd6 
[/MachCode]

---------------  P R O C E S S  ---------------

Threads class SMR info:
_java_thread_list=0x0000600001fb8900, length=20, elements={
0x000000014f808a00, 0x000000014f011c00, 0x000000014f00d400, 0x000000014f012800,
0x000000014e009c00, 0x000000014f00da00, 0x000000014e00a800, 0x000000012f009e00,
0x000000012f008200, 0x000000014e00b800, 0x000000014f8a8200, 0x000000014f016000,
0x000000014f809000, 0x000000014f10d400, 0x000000014f9c9200, 0x000000014e265600,
0x000000014e281a00, 0x000000014e2aae00, 0x000000014d887c00, 0x000000012f026c00
}

Java Threads: ( => current thread )
  0x000000014f808a00 JavaThread "main" [_thread_blocked, id=6147, stack(0x000000016bbb4000,0x000000016bdb7000)]
  0x000000014f011c00 JavaThread "Reference Handler" daemon [_thread_blocked, id=15363, stack(0x000000016ca08000,0x000000016cc0b000)]
  0x000000014f00d400 JavaThread "Finalizer" daemon [_thread_blocked, id=15619, stack(0x000000016cc14000,0x000000016ce17000)]
  0x000000014f012800 JavaThread "Signal Dispatcher" daemon [_thread_blocked, id=42243, stack(0x000000016cf38000,0x000000016d13b000)]
  0x000000014e009c00 JavaThread "Service Thread" daemon [_thread_blocked, id=22787, stack(0x000000016d144000,0x000000016d347000)]
  0x000000014f00da00 JavaThread "Monitor Deflation Thread" daemon [_thread_blocked, id=41731, stack(0x000000016d350000,0x000000016d553000)]
  0x000000014e00a800 JavaThread "C2 CompilerThread0" daemon [_thread_blocked, id=41475, stack(0x000000016d55c000,0x000000016d75f000)]
  0x000000012f009e00 JavaThread "C1 CompilerThread0" daemon [_thread_blocked, id=23555, stack(0x000000016d768000,0x000000016d96b000)]
  0x000000012f008200 JavaThread "Sweeper thread" daemon [_thread_blocked, id=24067, stack(0x000000016d974000,0x000000016db77000)]
  0x000000014e00b800 JavaThread "Common-Cleaner" daemon [_thread_blocked, id=24323, stack(0x000000016db80000,0x000000016dd83000)]
  0x000000014f8a8200 JavaThread "Monitor Ctrl-Break" daemon [_thread_in_native, id=40451, stack(0x000000016dd8c000,0x000000016df8f000)]
  0x000000014f016000 JavaThread "Notification Thread" daemon [_thread_blocked, id=40195, stack(0x000000016df98000,0x000000016e19b000)]
  0x000000014f809000 JavaThread "QuantumRenderer-0" daemon [_thread_blocked, id=25091, stack(0x000000016e3b0000,0x000000016e5b3000)]
=>0x000000014f10d400 JavaThread "InvokeLaterDispatcher" daemon [_thread_in_native, id=30219, stack(0x000000016e5bc000,0x000000016e7bf000)]
  0x000000014f9c9200 JavaThread "JavaFX Application Thread" [_thread_in_vm, id=259, stack(0x000000016b32c000,0x000000016bb28000)]
  0x000000014e265600 JavaThread "JavaFX-Launcher" [_thread_blocked, id=55811, stack(0x000000016ea60000,0x000000016ec63000)]
  0x000000014e281a00 JavaThread "Prism Font Disposer" daemon [_thread_blocked, id=75015, stack(0x000000016f6a8000,0x000000016f8ab000)]
  0x000000014e2aae00 JavaThread "Cleaner-0" daemon [_thread_blocked, id=52499, stack(0x000000016f940000,0x000000016fb43000)]
  0x000000014d887c00 JavaThread "Attach Listener" daemon [_thread_blocked, id=57351, stack(0x000000016fb4c000,0x000000016fd4f000)]
  0x000000012f026c00 JavaThread "PulseTimer-CVDisplayLink thread" daemon [_thread_in_native, id=60695, stack(0x000000016e7c8000,0x000000016e84b000)]

Other Threads:
  0x000000014e9047a0 VMThread "VM Thread" [stack: 0x000000016c7fc000,0x000000016c9ff000] [id=17155]
  0x0000000125104580 WatcherThread [stack: 0x000000016e1a4000,0x000000016e3a7000] [id=39683]
  0x000000014e806bd0 GCTaskThread "GC Thread#0" [stack: 0x000000016bdc0000,0x000000016bfc3000] [id=19715]
  0x0000000125106c00 GCTaskThread "GC Thread#1" [stack: 0x000000016ec6c000,0x000000016ee6f000] [id=76547]
  0x000000012d705830 GCTaskThread "GC Thread#2" [stack: 0x000000016ee78000,0x000000016f07b000] [id=56579]
  0x000000014e91d5d0 GCTaskThread "GC Thread#3" [stack: 0x000000016f084000,0x000000016f287000] [id=76035]
  0x000000014e91de40 GCTaskThread "GC Thread#4" [stack: 0x000000016f290000,0x000000016f493000] [id=56835]
  0x000000012d6079f0 GCTaskThread "GC Thread#5" [stack: 0x000000016f49c000,0x000000016f69f000] [id=75267]
  0x000000014d644e80 GCTaskThread "GC Thread#6" [stack: 0x000000016fd58000,0x000000016ff5b000] [id=65031]
  0x000000014d645300 GCTaskThread "GC Thread#7" [stack: 0x0000000290004000,0x0000000290207000] [id=65283]
  0x000000014e807280 ConcurrentGCThread "G1 Main Marker" [stack: 0x000000016bfcc000,0x000000016c1cf000] [id=12547]
  0x000000014e807b00 ConcurrentGCThread "G1 Conc#0" [stack: 0x000000016c1d8000,0x000000016c3db000] [id=19459]
  0x000000014e809970 ConcurrentGCThread "G1 Refine#0" [stack: 0x000000016c3e4000,0x000000016c5e7000] [id=13571]
  0x000000014e859aa0 ConcurrentGCThread "G1 Refine#1" [stack: 0x0000000290210000,0x0000000290413000] [id=65795]
  0x000000012d609da0 ConcurrentGCThread "G1 Refine#2" [stack: 0x000000029041c000,0x000000029061f000] [id=68099]
  0x0000000125108060 ConcurrentGCThread "G1 Refine#3" [stack: 0x0000000290628000,0x000000029082b000] [id=66307]
  0x000000014e80a210 ConcurrentGCThread "G1 Service" [stack: 0x000000016c5f0000,0x000000016c7f3000] [id=18691]

Threads with active compile tasks:

VM state: not at safepoint (normal execution)

VM Mutex/Monitor currently owned by a thread: None

Heap address: 0x0000000780000000, size: 2048 MB, Compressed Oops mode: Zero based, Oop shift amount: 3

CDS archive(s) mapped at: [0x0000000800000000-0x0000000800bd0000-0x0000000800bd0000), size 12386304, SharedBaseAddress: 0x0000000800000000, ArchiveRelocationMode: 0.
Compressed class space mapped at: 0x0000000800c00000-0x0000000840c00000, reserved size: 1073741824
Narrow klass base: 0x0000000800000000, Narrow klass shift: 0, Narrow klass range: 0x100000000

GC Precious Log:
 CPUs: 8 total, 8 available
 Memory: 8192M
 Large Page Support: Disabled
 NUMA Support: Disabled
 Compressed Oops: Enabled (Zero based)
 Heap Region Size: 1M
 Heap Min Capacity: 8M
 Heap Initial Capacity: 128M
 Heap Max Capacity: 2G
 Pre-touch: Disabled
 Parallel Workers: 8
 Concurrent Workers: 2
 Concurrent Refinement Workers: 8
 Periodic GC: Disabled

Heap:
 garbage-first heap   total 133120K, used 68227K [0x0000000780000000, 0x0000000800000000)
  region size 1024K, 26 young (26624K), 6 survivors (6144K)
 Metaspace       used 18117K, committed 18368K, reserved 1064960K
  class space    used 2555K, committed 2688K, reserved 1048576K

Heap Regions: E=young(eden), S=young(survivor), O=old, HS=humongous(starts), HC=humongous(continues), CS=collection set, F=free, OA=open archive, CA=closed archive, TAMS=top-at-mark-start (previous, next)
|   0|0x0000000780000000, 0x0000000780100000, 0x0000000780100000|100%| O|  |TAMS 0x0000000780000000, 0x0000000780000000| Untracked 
|   1|0x0000000780100000, 0x0000000780200000, 0x0000000780200000|100%|HS|  |TAMS 0x0000000780100000, 0x0000000780100000| Complete 
|   2|0x0000000780200000, 0x0000000780300000, 0x0000000780300000|100%|HC|  |TAMS 0x0000000780200000, 0x0000000780200000| Complete 
|   3|0x0000000780300000, 0x0000000780400000, 0x0000000780400000|100%|HS|  |TAMS 0x0000000780300000, 0x0000000780300000| Complete 
|   4|0x0000000780400000, 0x0000000780500000, 0x0000000780500000|100%|HC|  |TAMS 0x0000000780400000, 0x0000000780400000| Complete 
|   5|0x0000000780500000, 0x0000000780600000, 0x0000000780600000|100%|HS|  |TAMS 0x0000000780500000, 0x0000000780500000| Complete 
|   6|0x0000000780600000, 0x0000000780700000, 0x0000000780700000|100%|HS|  |TAMS 0x0000000780600000, 0x0000000780600000| Complete 
|   7|0x0000000780700000, 0x0000000780800000, 0x0000000780800000|100%| O|  |TAMS 0x0000000780700000, 0x0000000780700000| Untracked 
|   8|0x0000000780800000, 0x0000000780900000, 0x0000000780900000|100%| O|  |TAMS 0x0000000780800000, 0x0000000780800000| Untracked 
|   9|0x0000000780900000, 0x00000007809a8c00, 0x0000000780a00000| 65%| O|  |TAMS 0x0000000780900000, 0x0000000780900000| Untracked 
|  10|0x0000000780a00000, 0x0000000780b00000, 0x0000000780b00000|100%|HS|  |TAMS 0x0000000780a00000, 0x0000000780a00000| Complete 
|  11|0x0000000780b00000, 0x0000000780c00000, 0x0000000780c00000|100%|HC|  |TAMS 0x0000000780b00000, 0x0000000780b00000| Complete 
|  12|0x0000000780c00000, 0x0000000780d00000, 0x0000000780d00000|100%|HS|  |TAMS 0x0000000780c00000, 0x0000000780c00000| Complete 
|  13|0x0000000780d00000, 0x0000000780e00000, 0x0000000780e00000|100%|HC|  |TAMS 0x0000000780d00000, 0x0000000780d00000| Complete 
|  14|0x0000000780e00000, 0x0000000780f00000, 0x0000000780f00000|100%|HS|  |TAMS 0x0000000780e00000, 0x0000000780e00000| Complete 
|  15|0x0000000780f00000, 0x0000000781000000, 0x0000000781000000|100%|HC|  |TAMS 0x0000000780f00000, 0x0000000780f00000| Complete 
|  16|0x0000000781000000, 0x0000000781100000, 0x0000000781100000|100%|HC|  |TAMS 0x0000000781000000, 0x0000000781000000| Complete 
|  17|0x0000000781100000, 0x0000000781200000, 0x0000000781200000|100%|HC|  |TAMS 0x0000000781100000, 0x0000000781100000| Complete 
|  18|0x0000000781200000, 0x0000000781300000, 0x0000000781300000|100%|HC|  |TAMS 0x0000000781200000, 0x0000000781200000| Complete 
|  19|0x0000000781300000, 0x0000000781400000, 0x0000000781400000|100%|HS|  |TAMS 0x0000000781300000, 0x0000000781300000| Complete 
|  20|0x0000000781400000, 0x0000000781500000, 0x0000000781500000|100%|HC|  |TAMS 0x0000000781400000, 0x0000000781400000| Complete 
|  21|0x0000000781500000, 0x0000000781600000, 0x0000000781600000|100%|HC|  |TAMS 0x0000000781500000, 0x0000000781500000| Complete 
|  22|0x0000000781600000, 0x0000000781700000, 0x0000000781700000|100%|HS|  |TAMS 0x0000000781600000, 0x0000000781600000| Complete 
|  23|0x0000000781700000, 0x0000000781800000, 0x0000000781800000|100%|HC|  |TAMS 0x0000000781700000, 0x0000000781700000| Complete 
|  24|0x0000000781800000, 0x0000000781900000, 0x0000000781900000|100%|HS|  |TAMS 0x0000000781800000, 0x0000000781800000| Complete 
|  25|0x0000000781900000, 0x0000000781a00000, 0x0000000781a00000|100%|HC|  |TAMS 0x0000000781900000, 0x0000000781900000| Complete 
|  26|0x0000000781a00000, 0x0000000781b00000, 0x0000000781b00000|100%|HC|  |TAMS 0x0000000781a00000, 0x0000000781a00000| Complete 
|  27|0x0000000781b00000, 0x0000000781c00000, 0x0000000781c00000|100%|HC|  |TAMS 0x0000000781b00000, 0x0000000781b00000| Complete 
|  28|0x0000000781c00000, 0x0000000781d00000, 0x0000000781d00000|100%|HS|  |TAMS 0x0000000781c00000, 0x0000000781c00000| Complete 
|  29|0x0000000781d00000, 0x0000000781e00000, 0x0000000781e00000|100%|HC|  |TAMS 0x0000000781d00000, 0x0000000781d00000| Complete 
|  30|0x0000000781e00000, 0x0000000781f00000, 0x0000000781f00000|100%|HC|  |TAMS 0x0000000781e00000, 0x0000000781e00000| Complete 
|  31|0x0000000781f00000, 0x0000000782000000, 0x0000000782000000|100%|HC|  |TAMS 0x0000000781f00000, 0x0000000781f00000| Complete 
|  32|0x0000000782000000, 0x0000000782100000, 0x0000000782100000|100%|HC|  |TAMS 0x0000000782000000, 0x0000000782000000| Complete 
|  33|0x0000000782100000, 0x0000000782200000, 0x0000000782200000|100%|HC|  |TAMS 0x0000000782100000, 0x0000000782100000| Complete 
|  34|0x0000000782200000, 0x0000000782300000, 0x0000000782300000|100%|HC|  |TAMS 0x0000000782200000, 0x0000000782200000| Complete 
|  35|0x0000000782300000, 0x0000000782400000, 0x0000000782400000|100%|HC|  |TAMS 0x0000000782300000, 0x0000000782300000| Complete 
|  36|0x0000000782400000, 0x0000000782500000, 0x0000000782500000|100%|HC|  |TAMS 0x0000000782400000, 0x0000000782400000| Complete 
|  37|0x0000000782500000, 0x0000000782600000, 0x0000000782600000|100%|HC|  |TAMS 0x0000000782500000, 0x0000000782500000| Complete 
|  38|0x0000000782600000, 0x0000000782700000, 0x0000000782700000|100%|HS|  |TAMS 0x0000000782600000, 0x0000000782600000| Complete 
|  39|0x0000000782700000, 0x0000000782800000, 0x0000000782800000|100%|HC|  |TAMS 0x0000000782700000, 0x0000000782700000| Complete 
|  40|0x0000000782800000, 0x0000000782900000, 0x0000000782900000|100%|HC|  |TAMS 0x0000000782800000, 0x0000000782800000| Complete 
|  41|0x0000000782900000, 0x0000000782900000, 0x0000000782a00000|  0%| F|  |TAMS 0x0000000782900000, 0x0000000782900000| Untracked 
|  42|0x0000000782a00000, 0x0000000782a00000, 0x0000000782b00000|  0%| F|  |TAMS 0x0000000782a00000, 0x0000000782a00000| Untracked 
|  43|0x0000000782b00000, 0x0000000782b00000, 0x0000000782c00000|  0%| F|  |TAMS 0x0000000782b00000, 0x0000000782b00000| Untracked 
|  44|0x0000000782c00000, 0x0000000782c00000, 0x0000000782d00000|  0%| F|  |TAMS 0x0000000782c00000, 0x0000000782c00000| Untracked 
|  45|0x0000000782d00000, 0x0000000782d00000, 0x0000000782e00000|  0%| F|  |TAMS 0x0000000782d00000, 0x0000000782d00000| Untracked 
|  46|0x0000000782e00000, 0x0000000782e00000, 0x0000000782f00000|  0%| F|  |TAMS 0x0000000782e00000, 0x0000000782e00000| Untracked 
|  47|0x0000000782f00000, 0x0000000782f00000, 0x0000000783000000|  0%| F|  |TAMS 0x0000000782f00000, 0x0000000782f00000| Untracked 
|  48|0x0000000783000000, 0x0000000783000000, 0x0000000783100000|  0%| F|  |TAMS 0x0000000783000000, 0x0000000783000000| Untracked 
|  49|0x0000000783100000, 0x0000000783100000, 0x0000000783200000|  0%| F|  |TAMS 0x0000000783100000, 0x0000000783100000| Untracked 
|  50|0x0000000783200000, 0x0000000783200000, 0x0000000783300000|  0%| F|  |TAMS 0x0000000783200000, 0x0000000783200000| Untracked 
|  51|0x0000000783300000, 0x0000000783300000, 0x0000000783400000|  0%| F|  |TAMS 0x0000000783300000, 0x0000000783300000| Untracked 
|  52|0x0000000783400000, 0x0000000783400000, 0x0000000783500000|  0%| F|  |TAMS 0x0000000783400000, 0x0000000783400000| Untracked 
|  53|0x0000000783500000, 0x0000000783500000, 0x0000000783600000|  0%| F|  |TAMS 0x0000000783500000, 0x0000000783500000| Untracked 
|  54|0x0000000783600000, 0x0000000783600000, 0x0000000783700000|  0%| F|  |TAMS 0x0000000783600000, 0x0000000783600000| Untracked 
|  55|0x0000000783700000, 0x0000000783700000, 0x0000000783800000|  0%| F|  |TAMS 0x0000000783700000, 0x0000000783700000| Untracked 
|  56|0x0000000783800000, 0x0000000783800000, 0x0000000783900000|  0%| F|  |TAMS 0x0000000783800000, 0x0000000783800000| Untracked 
|  57|0x0000000783900000, 0x0000000783900000, 0x0000000783a00000|  0%| F|  |TAMS 0x0000000783900000, 0x0000000783900000| Untracked 
|  58|0x0000000783a00000, 0x0000000783a00000, 0x0000000783b00000|  0%| F|  |TAMS 0x0000000783a00000, 0x0000000783a00000| Untracked 
|  59|0x0000000783b00000, 0x0000000783b00000, 0x0000000783c00000|  0%| F|  |TAMS 0x0000000783b00000, 0x0000000783b00000| Untracked 
|  60|0x0000000783c00000, 0x0000000783c00000, 0x0000000783d00000|  0%| F|  |TAMS 0x0000000783c00000, 0x0000000783c00000| Untracked 
|  61|0x0000000783d00000, 0x0000000783d00000, 0x0000000783e00000|  0%| F|  |TAMS 0x0000000783d00000, 0x0000000783d00000| Untracked 
|  62|0x0000000783e00000, 0x0000000783e00000, 0x0000000783f00000|  0%| F|  |TAMS 0x0000000783e00000, 0x0000000783e00000| Untracked 
|  63|0x0000000783f00000, 0x0000000783f00000, 0x0000000784000000|  0%| F|  |TAMS 0x0000000783f00000, 0x0000000783f00000| Untracked 
|  64|0x0000000784000000, 0x0000000784000000, 0x0000000784100000|  0%| F|  |TAMS 0x0000000784000000, 0x0000000784000000| Untracked 
|  65|0x0000000784100000, 0x0000000784100000, 0x0000000784200000|  0%| F|  |TAMS 0x0000000784100000, 0x0000000784100000| Untracked 
|  66|0x0000000784200000, 0x0000000784200000, 0x0000000784300000|  0%| F|  |TAMS 0x0000000784200000, 0x0000000784200000| Untracked 
|  67|0x0000000784300000, 0x0000000784300000, 0x0000000784400000|  0%| F|  |TAMS 0x0000000784300000, 0x0000000784300000| Untracked 
|  68|0x0000000784400000, 0x0000000784400000, 0x0000000784500000|  0%| F|  |TAMS 0x0000000784400000, 0x0000000784400000| Untracked 
|  69|0x0000000784500000, 0x0000000784500000, 0x0000000784600000|  0%| F|  |TAMS 0x0000000784500000, 0x0000000784500000| Untracked 
|  70|0x0000000784600000, 0x0000000784600000, 0x0000000784700000|  0%| F|  |TAMS 0x0000000784600000, 0x0000000784600000| Untracked 
|  71|0x0000000784700000, 0x0000000784700000, 0x0000000784800000|  0%| F|  |TAMS 0x0000000784700000, 0x0000000784700000| Untracked 
|  72|0x0000000784800000, 0x0000000784800000, 0x0000000784900000|  0%| F|  |TAMS 0x0000000784800000, 0x0000000784800000| Untracked 
|  73|0x0000000784900000, 0x0000000784900000, 0x0000000784a00000|  0%| F|  |TAMS 0x0000000784900000, 0x0000000784900000| Untracked 
|  74|0x0000000784a00000, 0x0000000784a00000, 0x0000000784b00000|  0%| F|  |TAMS 0x0000000784a00000, 0x0000000784a00000| Untracked 
|  75|0x0000000784b00000, 0x0000000784b00000, 0x0000000784c00000|  0%| F|  |TAMS 0x0000000784b00000, 0x0000000784b00000| Untracked 
|  76|0x0000000784c00000, 0x0000000784c00000, 0x0000000784d00000|  0%| F|  |TAMS 0x0000000784c00000, 0x0000000784c00000| Untracked 
|  77|0x0000000784d00000, 0x0000000784d00000, 0x0000000784e00000|  0%| F|  |TAMS 0x0000000784d00000, 0x0000000784d00000| Untracked 
|  78|0x0000000784e00000, 0x0000000784e00000, 0x0000000784f00000|  0%| F|  |TAMS 0x0000000784e00000, 0x0000000784e00000| Untracked 
|  79|0x0000000784f00000, 0x0000000784f00000, 0x0000000785000000|  0%| F|  |TAMS 0x0000000784f00000, 0x0000000784f00000| Untracked 
|  80|0x0000000785000000, 0x0000000785100000, 0x0000000785100000|100%| S|CS|TAMS 0x0000000785000000, 0x0000000785000000| Complete 
|  81|0x0000000785100000, 0x0000000785200000, 0x0000000785200000|100%| S|CS|TAMS 0x0000000785100000, 0x0000000785100000| Complete 
|  82|0x0000000785200000, 0x0000000785300000, 0x0000000785300000|100%| S|CS|TAMS 0x0000000785200000, 0x0000000785200000| Complete 
|  83|0x0000000785300000, 0x0000000785400000, 0x0000000785400000|100%| S|CS|TAMS 0x0000000785300000, 0x0000000785300000| Complete 
|  84|0x0000000785400000, 0x0000000785500000, 0x0000000785500000|100%| S|CS|TAMS 0x0000000785400000, 0x0000000785400000| Complete 
|  85|0x0000000785500000, 0x0000000785600000, 0x0000000785600000|100%| S|CS|TAMS 0x0000000785500000, 0x0000000785500000| Complete 
|  86|0x0000000785600000, 0x0000000785600000, 0x0000000785700000|  0%| F|  |TAMS 0x0000000785600000, 0x0000000785600000| Untracked 
|  87|0x0000000785700000, 0x0000000785700000, 0x0000000785800000|  0%| F|  |TAMS 0x0000000785700000, 0x0000000785700000| Untracked 
|  88|0x0000000785800000, 0x0000000785800000, 0x0000000785900000|  0%| F|  |TAMS 0x0000000785800000, 0x0000000785800000| Untracked 
|  89|0x0000000785900000, 0x0000000785900000, 0x0000000785a00000|  0%| F|  |TAMS 0x0000000785900000, 0x0000000785900000| Untracked 
|  90|0x0000000785a00000, 0x0000000785a00000, 0x0000000785b00000|  0%| F|  |TAMS 0x0000000785a00000, 0x0000000785a00000| Untracked 
|  91|0x0000000785b00000, 0x0000000785b00000, 0x0000000785c00000|  0%| F|  |TAMS 0x0000000785b00000, 0x0000000785b00000| Untracked 
|  92|0x0000000785c00000, 0x0000000785c00000, 0x0000000785d00000|  0%| F|  |TAMS 0x0000000785c00000, 0x0000000785c00000| Untracked 
|  93|0x0000000785d00000, 0x0000000785d00000, 0x0000000785e00000|  0%| F|  |TAMS 0x0000000785d00000, 0x0000000785d00000| Untracked 
|  94|0x0000000785e00000, 0x0000000785e00000, 0x0000000785f00000|  0%| F|  |TAMS 0x0000000785e00000, 0x0000000785e00000| Untracked 
|  95|0x0000000785f00000, 0x0000000785f00000, 0x0000000786000000|  0%| F|  |TAMS 0x0000000785f00000, 0x0000000785f00000| Untracked 
|  96|0x0000000786000000, 0x0000000786000000, 0x0000000786100000|  0%| F|  |TAMS 0x0000000786000000, 0x0000000786000000| Untracked 
|  97|0x0000000786100000, 0x0000000786100000, 0x0000000786200000|  0%| F|  |TAMS 0x0000000786100000, 0x0000000786100000| Untracked 
|  98|0x0000000786200000, 0x0000000786200000, 0x0000000786300000|  0%| F|  |TAMS 0x0000000786200000, 0x0000000786200000| Untracked 
|  99|0x0000000786300000, 0x0000000786300000, 0x0000000786400000|  0%| F|  |TAMS 0x0000000786300000, 0x0000000786300000| Untracked 
| 100|0x0000000786400000, 0x0000000786400000, 0x0000000786500000|  0%| F|  |TAMS 0x0000000786400000, 0x0000000786400000| Untracked 
| 101|0x0000000786500000, 0x0000000786500000, 0x0000000786600000|  0%| F|  |TAMS 0x0000000786500000, 0x0000000786500000| Untracked 
| 102|0x0000000786600000, 0x0000000786600000, 0x0000000786700000|  0%| F|  |TAMS 0x0000000786600000, 0x0000000786600000| Untracked 
| 103|0x0000000786700000, 0x0000000786700000, 0x0000000786800000|  0%| F|  |TAMS 0x0000000786700000, 0x0000000786700000| Untracked 
| 104|0x0000000786800000, 0x0000000786800000, 0x0000000786900000|  0%| F|  |TAMS 0x0000000786800000, 0x0000000786800000| Untracked 
| 105|0x0000000786900000, 0x0000000786900000, 0x0000000786a00000|  0%| F|  |TAMS 0x0000000786900000, 0x0000000786900000| Untracked 
| 106|0x0000000786a00000, 0x0000000786a00000, 0x0000000786b00000|  0%| F|  |TAMS 0x0000000786a00000, 0x0000000786a00000| Untracked 
| 107|0x0000000786b00000, 0x0000000786b00000, 0x0000000786c00000|  0%| F|  |TAMS 0x0000000786b00000, 0x0000000786b00000| Untracked 
| 108|0x0000000786c00000, 0x0000000786cf6700, 0x0000000786d00000| 96%| E|  |TAMS 0x0000000786c00000, 0x0000000786c00000| Complete 
| 109|0x0000000786d00000, 0x0000000786e00000, 0x0000000786e00000|100%| E|CS|TAMS 0x0000000786d00000, 0x0000000786d00000| Complete 
| 110|0x0000000786e00000, 0x0000000786f00000, 0x0000000786f00000|100%| E|CS|TAMS 0x0000000786e00000, 0x0000000786e00000| Complete 
| 111|0x0000000786f00000, 0x0000000787000000, 0x0000000787000000|100%| E|CS|TAMS 0x0000000786f00000, 0x0000000786f00000| Complete 
| 112|0x0000000787000000, 0x0000000787100000, 0x0000000787100000|100%| E|CS|TAMS 0x0000000787000000, 0x0000000787000000| Complete 
| 113|0x0000000787100000, 0x0000000787200000, 0x0000000787200000|100%| E|CS|TAMS 0x0000000787100000, 0x0000000787100000| Complete 
| 114|0x0000000787200000, 0x0000000787300000, 0x0000000787300000|100%| E|CS|TAMS 0x0000000787200000, 0x0000000787200000| Complete 
| 115|0x0000000787300000, 0x0000000787400000, 0x0000000787400000|100%| E|CS|TAMS 0x0000000787300000, 0x0000000787300000| Complete 
| 116|0x0000000787400000, 0x0000000787500000, 0x0000000787500000|100%| E|CS|TAMS 0x0000000787400000, 0x0000000787400000| Complete 
| 117|0x0000000787500000, 0x0000000787600000, 0x0000000787600000|100%| E|CS|TAMS 0x0000000787500000, 0x0000000787500000| Complete 
| 118|0x0000000787600000, 0x0000000787700000, 0x0000000787700000|100%| E|CS|TAMS 0x0000000787600000, 0x0000000787600000| Complete 
| 119|0x0000000787700000, 0x0000000787800000, 0x0000000787800000|100%| E|CS|TAMS 0x0000000787700000, 0x0000000787700000| Complete 
| 120|0x0000000787800000, 0x0000000787900000, 0x0000000787900000|100%| E|CS|TAMS 0x0000000787800000, 0x0000000787800000| Complete 
| 121|0x0000000787900000, 0x0000000787a00000, 0x0000000787a00000|100%| E|CS|TAMS 0x0000000787900000, 0x0000000787900000| Complete 
| 122|0x0000000787a00000, 0x0000000787b00000, 0x0000000787b00000|100%| E|CS|TAMS 0x0000000787a00000, 0x0000000787a00000| Complete 
| 123|0x0000000787b00000, 0x0000000787c00000, 0x0000000787c00000|100%| E|CS|TAMS 0x0000000787b00000, 0x0000000787b00000| Complete 
| 124|0x0000000787c00000, 0x0000000787d00000, 0x0000000787d00000|100%| E|CS|TAMS 0x0000000787c00000, 0x0000000787c00000| Complete 
| 125|0x0000000787d00000, 0x0000000787e00000, 0x0000000787e00000|100%| E|CS|TAMS 0x0000000787d00000, 0x0000000787d00000| Complete 
| 126|0x0000000787e00000, 0x0000000787f00000, 0x0000000787f00000|100%| E|CS|TAMS 0x0000000787e00000, 0x0000000787e00000| Complete 
| 127|0x0000000787f00000, 0x0000000788000000, 0x0000000788000000|100%| E|CS|TAMS 0x0000000787f00000, 0x0000000787f00000| Complete 
|2046|0x00000007ffe00000, 0x00000007ffe78000, 0x00000007fff00000| 46%|OA|  |TAMS 0x00000007ffe00000, 0x00000007ffe00000| Untracked 
|2047|0x00000007fff00000, 0x00000007fff80000, 0x0000000800000000| 50%|CA|  |TAMS 0x00000007fff00000, 0x00000007fff00000| Untracked 

Card table byte_map: [0x0000000104be0000,0x0000000104fe0000] _byte_map_base: 0x0000000100fe0000

Marking Bits (Prev, Next): (CMBitMap*) 0x000000013d808210, (CMBitMap*) 0x000000013d808250
 Prev Bits: [0x000000011ca80000, 0x000000011ea80000)
 Next Bits: [0x000000011ea80000, 0x0000000120a80000)

Polling page: 0x000000010445c000

Metaspace:

Usage:
  Non-class:     15.20 MB used.
      Class:      2.50 MB used.
       Both:     17.69 MB used.

Virtual space:
  Non-class space:       16.00 MB reserved,      15.31 MB ( 96%) committed,  2 nodes.
      Class space:        1.00 GB reserved,       2.62 MB ( <1%) committed,  1 nodes.
             Both:        1.02 GB reserved,      17.94 MB (  2%) committed. 

Chunk freelists:
   Non-Class:  385.00 KB
       Class:  1.39 MB
        Both:  1.77 MB

MaxMetaspaceSize: unlimited
CompressedClassSpaceSize: 1.00 GB
Initial GC threshold: 21.00 MB
Current GC threshold: 21.00 MB
CDS: on
MetaspaceReclaimPolicy: balanced
 - commit_granule_bytes: 65536.
 - commit_granule_words: 8192.
 - virtual_space_node_default_size: 1048576.
 - enlarge_chunks_in_place: 1.
 - new_chunks_are_fully_committed: 0.
 - uncommit_free_chunks: 1.
 - use_allocation_guard: 0.
 - handle_deallocations: 1.


Internal statistics:

num_allocs_failed_limit: 0.
num_arena_births: 254.
num_arena_deaths: 0.
num_vsnodes_births: 3.
num_vsnodes_deaths: 0.
num_space_committed: 287.
num_space_uncommitted: 0.
num_chunks_returned_to_freelist: 0.
num_chunks_taken_from_freelist: 855.
num_chunk_merges: 0.
num_chunk_splits: 580.
num_chunks_enlarged: 443.
num_purges: 0.
num_inconsistent_stats: 0.

CodeHeap 'non-profiled nmethods': size=120032Kb used=1615Kb max_used=1615Kb free=118416Kb
 bounds [0x0000000115548000, 0x00000001157b8000, 0x000000011ca80000]
CodeHeap 'profiled nmethods': size=120016Kb used=8956Kb max_used=8956Kb free=111059Kb
 bounds [0x000000010e014000, 0x000000010e8d4000, 0x0000000115548000]
CodeHeap 'non-nmethods': size=5712Kb used=1405Kb max_used=1519Kb free=4306Kb
 bounds [0x000000010da80000, 0x000000010dcf0000, 0x000000010e014000]
 total_blobs=4730 nmethods=3928 adapters=716
 compilation: enabled
              stopped_count=0, restarted_count=0
 full_count=0

Compilation events (20 events):
Event: 17.778 Thread 0x000000012f009e00 4101  s    3       com.sun.scenario.effect.impl.ImagePool::checkIn (145 bytes)
Event: 17.779 Thread 0x000000012f009e00 nmethod 4101 0x000000010e8bb410 code [0x000000010e8bb700, 0x000000010e8bc848]
Event: 17.779 Thread 0x000000012f009e00 4100       3       com.sun.scenario.effect.impl.prism.PrDrawable::getImagePool (22 bytes)
Event: 17.779 Thread 0x000000012f009e00 nmethod 4100 0x000000010e8bcc90 code [0x000000010e8bce40, 0x000000010e8bd1e8]
Event: 17.885 Thread 0x000000012f009e00 4102       3       javafx.beans.property.ReadOnlyBooleanWrapper::fireValueChangedEvent (19 bytes)
Event: 17.886 Thread 0x000000012f009e00 nmethod 4102 0x000000010e8bd310 code [0x000000010e8bd500, 0x000000010e8bdb08]
Event: 17.886 Thread 0x000000012f009e00 4107       3       javafx.beans.binding.ObjectBinding::get (25 bytes)
Event: 17.886 Thread 0x000000012f009e00 nmethod 4107 0x000000010e8bdd10 code [0x000000010e8bdec0, 0x000000010e8be198]
Event: 17.886 Thread 0x000000012f009e00 4103       3       com.sun.javafx.scene.control.LambdaMultiplePropertyChangeListenerHandler$$Lambda$242/0x0000000800dae240::changed (11 bytes)
Event: 17.886 Thread 0x000000012f009e00 nmethod 4103 0x000000010e8be290 code [0x000000010e8be480, 0x000000010e8be988]
Event: 17.886 Thread 0x000000012f009e00 4105       1       javafx.scene.control.IndexRange::getStart (5 bytes)
Event: 17.886 Thread 0x000000012f009e00 nmethod 4105 0x00000001156da890 code [0x00000001156daa00, 0x00000001156daae8]
Event: 17.886 Thread 0x000000012f009e00 4106       1       javafx.scene.control.IndexRange::getEnd (5 bytes)
Event: 17.886 Thread 0x000000012f009e00 nmethod 4106 0x00000001156dab90 code [0x00000001156dad00, 0x00000001156dade8]
Event: 17.886 Thread 0x000000012f009e00 4104       3       com.sun.javafx.scene.control.LambdaMultiplePropertyChangeListenerHandler::lambda$new$1 (23 bytes)
Event: 17.886 Thread 0x000000012f009e00 nmethod 4104 0x000000010e8beb10 code [0x000000010e8bed00, 0x000000010e8bf188]
Event: 17.889 Thread 0x000000012f009e00 4108       3       com.sun.javafx.collections.ObservableMapWrapper::isEmpty (10 bytes)
Event: 17.889 Thread 0x000000014e00a800 4109       4       javafx.scene.layout.Region::_getSnapScaleXimpl (22 bytes)
Event: 17.889 Thread 0x000000012f009e00 nmethod 4108 0x000000010e8bf310 code [0x000000010e8bf4c0, 0x000000010e8bf718]
Event: 17.889 Thread 0x000000012f009e00 4110       3       javafx.scene.control.Control::computeMaxHeight (51 bytes)

GC Heap History (4 events):
Event: 0.417 GC heap before
{Heap before GC invocations=0 (full 0):
 garbage-first heap   total 133120K, used 23520K [0x0000000780000000, 0x0000000800000000)
  region size 1024K, 23 young (23552K), 0 survivors (0K)
 Metaspace       used 7603K, committed 7808K, reserved 1056768K
  class space    used 965K, committed 1024K, reserved 1048576K
}
Event: 0.420 GC heap after
{Heap after GC invocations=1 (full 0):
 garbage-first heap   total 133120K, used 4842K [0x0000000780000000, 0x0000000800000000)
  region size 1024K, 3 young (3072K), 3 survivors (3072K)
 Metaspace       used 7603K, committed 7808K, reserved 1056768K
  class space    used 965K, committed 1024K, reserved 1048576K
}
Event: 3.808 GC heap before
{Heap before GC invocations=1 (full 0):
 garbage-first heap   total 133120K, used 49898K [0x0000000780000000, 0x0000000800000000)
  region size 1024K, 42 young (43008K), 3 survivors (3072K)
 Metaspace       used 16396K, committed 16704K, reserved 1064960K
  class space    used 2472K, committed 2624K, reserved 1048576K
}
Event: 3.813 GC heap after
{Heap after GC invocations=2 (full 0):
 garbage-first heap   total 133120K, used 17027K [0x0000000780000000, 0x0000000800000000)
  region size 1024K, 6 young (6144K), 6 survivors (6144K)
 Metaspace       used 16396K, committed 16704K, reserved 1064960K
  class space    used 2472K, committed 2624K, reserved 1048576K
}

Deoptimization events (20 events):
Event: 15.678 Thread 0x000000014f9c9200 DEOPT PACKING pc=0x000000010e6ecf84 sp=0x000000016bb216a0
Event: 15.678 Thread 0x000000014f9c9200 DEOPT UNPACKING pc=0x000000010dabeb7c sp=0x000000016bb21320 mode 0
Event: 15.678 Thread 0x000000014f9c9200 DEOPT PACKING pc=0x000000010e6ecf84 sp=0x000000016bb216a0
Event: 15.678 Thread 0x000000014f9c9200 DEOPT UNPACKING pc=0x000000010dabeb7c sp=0x000000016bb21320 mode 0
Event: 15.678 Thread 0x000000014f9c9200 DEOPT PACKING pc=0x000000010e6ecf84 sp=0x000000016bb216a0
Event: 15.678 Thread 0x000000014f9c9200 DEOPT UNPACKING pc=0x000000010dabeb7c sp=0x000000016bb21320 mode 0
Event: 15.678 Thread 0x000000014f9c9200 DEOPT PACKING pc=0x000000010e6ecf84 sp=0x000000016bb216a0
Event: 15.678 Thread 0x000000014f9c9200 DEOPT UNPACKING pc=0x000000010dabeb7c sp=0x000000016bb21320 mode 0
Event: 15.678 Thread 0x000000014f9c9200 DEOPT PACKING pc=0x000000010e6ecf84 sp=0x000000016bb216a0
Event: 15.678 Thread 0x000000014f9c9200 DEOPT UNPACKING pc=0x000000010dabeb7c sp=0x000000016bb21320 mode 0
Event: 15.678 Thread 0x000000014f9c9200 DEOPT PACKING pc=0x000000010e6ecf84 sp=0x000000016bb216a0
Event: 15.678 Thread 0x000000014f9c9200 DEOPT UNPACKING pc=0x000000010dabeb7c sp=0x000000016bb21320 mode 0
Event: 15.678 Thread 0x000000014f9c9200 DEOPT PACKING pc=0x000000010e6ecf84 sp=0x000000016bb216a0
Event: 15.678 Thread 0x000000014f9c9200 DEOPT UNPACKING pc=0x000000010dabeb7c sp=0x000000016bb21320 mode 0
Event: 15.678 Thread 0x000000014f9c9200 DEOPT PACKING pc=0x000000010e6ecf84 sp=0x000000016bb216a0
Event: 15.678 Thread 0x000000014f9c9200 DEOPT UNPACKING pc=0x000000010dabeb7c sp=0x000000016bb21320 mode 0
Event: 15.678 Thread 0x000000014f9c9200 DEOPT PACKING pc=0x000000010e6ecf84 sp=0x000000016bb216a0
Event: 15.678 Thread 0x000000014f9c9200 DEOPT UNPACKING pc=0x000000010dabeb7c sp=0x000000016bb21320 mode 0
Event: 15.749 Thread 0x000000014f9c9200 DEOPT PACKING pc=0x000000010e43327c sp=0x000000016bb20be0
Event: 15.749 Thread 0x000000014f9c9200 DEOPT UNPACKING pc=0x000000010dabeb7c sp=0x000000016bb20870 mode 0

Classes unloaded (0 events):
No events

Classes redefined (0 events):
No events

Internal exceptions (20 events):
Event: 3.750 Thread 0x000000014f9c9200 Exception <a 'java/lang/NoSuchMethodError'{0x0000000785c0adf0}: 'void java.lang.invoke.DirectMethodHandle$Holder.invokeSpecial(java.lang.Object, java.lang.Object, java.lang.Object, java.lang.Object, java.lang.Object, java.lang.Object)'> (0x0000000785c0adf0) 
thrown [open/src/hotspot/share/interpreter/linkResolver.cpp, line 766]
Event: 3.793 Thread 0x000000014f9c9200 Exception <a 'java/lang/NoSuchMethodError'{0x00000007857f0cb8}: 'int java.lang.invoke.DirectMethodHandle$Holder.invokeSpecial(java.lang.Object, java.lang.Object, int)'> (0x00000007857f0cb8) 
thrown [open/src/hotspot/share/interpreter/linkResolver.cpp, line 766]
Event: 3.844 Thread 0x000000014f809000 Exception <a 'java/lang/NoSuchMethodError'{0x0000000787e52998}: 'java.lang.Object java.lang.invoke.DirectMethodHandle$Holder.invokeStaticInit(java.lang.Object, int)'> (0x0000000787e52998) 
thrown [open/src/hotspot/share/interpreter/linkResolver.cpp, line 766]
Event: 5.907 Thread 0x000000014f9c9200 Implicit null exception at 0x000000011562f0ac to 0x000000011562f5e4
Event: 5.908 Thread 0x000000014f9c9200 Implicit null exception at 0x000000011562a2e4 to 0x000000011562a330
Event: 6.607 Thread 0x000000014f9c9200 Exception <a 'java/lang/NoSuchMethodError'{0x0000000787b19f70}: 'java.lang.Object java.lang.invoke.DirectMethodHandle$Holder.newInvokeSpecial(java.lang.Object, java.lang.Object, int, java.lang.Object, double, double, double, double, double, double, int, int, int, int, int, int, int, int)'> (0x0000000787b19f70) 
thrown [open/src/hotspot/share/interpreter/linkResolver.cpp, line 766]
Event: 7.813 Thread 0x000000014f9c9200 Exception <a 'java/io/FileNotFoundException'{0x0000000787a28a00}> (0x0000000787a28a00) 
thrown [open/src/hotspot/share/prims/jni.cpp, line 516]
Event: 7.815 Thread 0x000000014f9c9200 Exception <a 'java/io/FileNotFoundException'{0x0000000787a3fb50}> (0x0000000787a3fb50) 
thrown [open/src/hotspot/share/prims/jni.cpp, line 516]
Event: 10.502 Thread 0x000000014f9c9200 Exception <a 'java/io/FileNotFoundException'{0x000000078780f870}> (0x000000078780f870) 
thrown [open/src/hotspot/share/prims/jni.cpp, line 516]
Event: 10.508 Thread 0x000000014f9c9200 Exception <a 'java/io/FileNotFoundException'{0x0000000787875150}> (0x0000000787875150) 
thrown [open/src/hotspot/share/prims/jni.cpp, line 516]
Event: 10.514 Thread 0x000000014f9c9200 Exception <a 'java/io/FileNotFoundException'{0x00000007878e5f18}> (0x00000007878e5f18) 
thrown [open/src/hotspot/share/prims/jni.cpp, line 516]
Event: 10.519 Thread 0x000000014f9c9200 Exception <a 'java/io/FileNotFoundException'{0x00000007878f0b50}> (0x00000007878f0b50) 
thrown [open/src/hotspot/share/prims/jni.cpp, line 516]
Event: 10.528 Thread 0x000000014f9c9200 Exception <a 'java/io/FileNotFoundException'{0x00000007877dd458}> (0x00000007877dd458) 
thrown [open/src/hotspot/share/prims/jni.cpp, line 516]
Event: 10.532 Thread 0x000000014f9c9200 Exception <a 'java/io/FileNotFoundException'{0x00000007877e8098}> (0x00000007877e8098) 
thrown [open/src/hotspot/share/prims/jni.cpp, line 516]
Event: 15.643 Thread 0x000000014f9c9200 Exception <a 'java/io/FileNotFoundException'{0x0000000787088e20}> (0x0000000787088e20) 
thrown [open/src/hotspot/share/prims/jni.cpp, line 516]
Event: 15.670 Thread 0x000000014f9c9200 Exception <a 'java/io/FileNotFoundException'{0x0000000787096d90}> (0x0000000787096d90) 
thrown [open/src/hotspot/share/prims/jni.cpp, line 516]
Event: 15.682 Thread 0x000000014f9c9200 Exception <a 'java/io/FileNotFoundException'{0x00000007870b8ed8}> (0x00000007870b8ed8) 
thrown [open/src/hotspot/share/prims/jni.cpp, line 516]
Event: 15.693 Thread 0x000000014f9c9200 Exception <a 'java/io/FileNotFoundException'{0x00000007870e7620}> (0x00000007870e7620) 
thrown [open/src/hotspot/share/prims/jni.cpp, line 516]
Event: 15.709 Thread 0x000000014f9c9200 Exception <a 'java/io/FileNotFoundException'{0x00000007870f66d8}> (0x00000007870f66d8) 
thrown [open/src/hotspot/share/prims/jni.cpp, line 516]
Event: 15.725 Thread 0x000000014f9c9200 Exception <a 'java/io/FileNotFoundException'{0x0000000786f03a98}> (0x0000000786f03a98) 
thrown [open/src/hotspot/share/prims/jni.cpp, line 516]

VM Operations (20 events):
Event: 8.106 Executing VM operation: Cleanup
Event: 8.107 Executing VM operation: Cleanup done
Event: 10.117 Executing VM operation: Cleanup
Event: 10.117 Executing VM operation: Cleanup done
Event: 10.567 Executing VM operation: ICBufferFull
Event: 10.568 Executing VM operation: ICBufferFull done
Event: 11.573 Executing VM operation: Cleanup
Event: 11.573 Executing VM operation: Cleanup done
Event: 12.578 Executing VM operation: Cleanup
Event: 12.578 Executing VM operation: Cleanup done
Event: 15.587 Executing VM operation: Cleanup
Event: 15.587 Executing VM operation: Cleanup done
Event: 15.740 Executing VM operation: ICBufferFull
Event: 15.741 Executing VM operation: ICBufferFull done
Event: 15.752 Executing VM operation: ICBufferFull
Event: 15.753 Executing VM operation: ICBufferFull done
Event: 16.757 Executing VM operation: Cleanup
Event: 16.758 Executing VM operation: Cleanup done
Event: 17.762 Executing VM operation: Cleanup
Event: 17.762 Executing VM operation: Cleanup done

Events (20 events):
Event: 12.855 Protecting memory [0x000000016e7c8000,0x000000016e7d4000] with protection modes 3
Event: 12.855 Thread 0x000000012e81e400 Thread exited: 0x000000012e81e400
Event: 12.971 Protecting memory [0x000000016e7c8000,0x000000016e7d4000] with protection modes 0
Event: 12.971 Thread 0x000000012f027400 Thread added: 0x000000012f027400
Event: 13.571 Protecting memory [0x000000016e7c8000,0x000000016e7d4000] with protection modes 3
Event: 13.571 Thread 0x000000012f027400 Thread exited: 0x000000012f027400
Event: 15.571 Protecting memory [0x000000016e7c8000,0x000000016e7d4000] with protection modes 0
Event: 15.571 Thread 0x000000012e81e400 Thread added: 0x000000012e81e400
Event: 16.055 Protecting memory [0x000000016e7c8000,0x000000016e7d4000] with protection modes 3
Event: 16.055 Thread 0x000000012e81e400 Thread exited: 0x000000012e81e400
Event: 16.255 Protecting memory [0x000000016e7c8000,0x000000016e7d4000] with protection modes 0
Event: 16.255 Thread 0x000000012f027400 Thread added: 0x000000012f027400
Event: 16.538 Protecting memory [0x000000016e7c8000,0x000000016e7d4000] with protection modes 3
Event: 16.538 Thread 0x000000012f027400 Thread exited: 0x000000012f027400
Event: 17.055 Protecting memory [0x000000016e7c8000,0x000000016e7d4000] with protection modes 0
Event: 17.055 Thread 0x000000012e81e400 Thread added: 0x000000012e81e400
Event: 17.488 Protecting memory [0x000000016e7c8000,0x000000016e7d4000] with protection modes 3
Event: 17.488 Thread 0x000000012e81e400 Thread exited: 0x000000012e81e400
Event: 17.771 Protecting memory [0x000000016e7c8000,0x000000016e7d4000] with protection modes 0
Event: 17.771 Thread 0x000000012f026c00 Thread added: 0x000000012f026c00


Dynamic libraries:
0x000000010440c000 	/Library/Java/JavaVirtualMachines/jdk-17.jdk/Contents/Home/lib/libjli.dylib
0x00000001beeee000 	/usr/lib/libz.1.dylib
0x00000001befa5000 	/usr/lib/libSystem.B.dylib
0x00000001bef9f000 	/usr/lib/system/libcache.dylib
0x00000001bef5d000 	/usr/lib/system/libcommonCrypto.dylib
0x00000001bef86000 	/usr/lib/system/libcompiler_rt.dylib
0x00000001bef7d000 	/usr/lib/system/libcopyfile.dylib
0x00000001b41cb000 	/usr/lib/system/libcorecrypto.dylib
0x00000001b4280000 	/usr/lib/system/libdispatch.dylib
0x00000001b444e000 	/usr/lib/system/libdyld.dylib
0x00000001bef95000 	/usr/lib/system/libkeymgr.dylib
0x00000001bef38000 	/usr/lib/system/libmacho.dylib
0x00000001be628000 	/usr/lib/system/libquarantine.dylib
0x00000001bef92000 	/usr/lib/system/libremovefile.dylib
0x00000001b95c4000 	/usr/lib/system/libsystem_asl.dylib
0x00000001b416d000 	/usr/lib/system/libsystem_blocks.dylib
0x00000001b4308000 	/usr/lib/system/libsystem_c.dylib
0x00000001bef8a000 	/usr/lib/system/libsystem_collections.dylib
0x00000001bdabd000 	/usr/lib/system/libsystem_configuration.dylib
0x00000001bcd19000 	/usr/lib/system/libsystem_containermanager.dylib
0x00000001bec95000 	/usr/lib/system/libsystem_coreservices.dylib
0x00000001b6b7e000 	/usr/lib/system/libsystem_darwin.dylib
0x00000001bef96000 	/usr/lib/system/libsystem_dnssd.dylib
0x00000001b4305000 	/usr/lib/system/libsystem_featureflags.dylib
0x00000001b4463000 	/usr/lib/system/libsystem_info.dylib
0x00000001bef00000 	/usr/lib/system/libsystem_m.dylib
0x00000001b4255000 	/usr/lib/system/libsystem_malloc.dylib
0x00000001b9552000 	/usr/lib/system/libsystem_networkextension.dylib
0x00000001b6fd7000 	/usr/lib/system/libsystem_notify.dylib
0x00000001c52f8000 	/usr/lib/system/libsystem_product_info_filter.dylib
0x00000001bdac2000 	/usr/lib/system/libsystem_sandbox.dylib
0x00000001bef8f000 	/usr/lib/system/libsystem_secinit.dylib
0x00000001b4409000 	/usr/lib/system/libsystem_kernel.dylib
0x00000001b445b000 	/usr/lib/system/libsystem_platform.dylib
0x00000001b4441000 	/usr/lib/system/libsystem_pthread.dylib
0x00000001bad24000 	/usr/lib/system/libsystem_symptoms.dylib
0x00000001b41b1000 	/usr/lib/system/libsystem_trace.dylib
0x00000001bef6a000 	/usr/lib/system/libunwind.dylib
0x00000001b416f000 	/usr/lib/system/libxpc.dylib
0x00000001b43f1000 	/usr/lib/libc++abi.dylib
0x00000001b42c7000 	/usr/lib/libobjc.A.dylib
0x00000001bef75000 	/usr/lib/liboah.dylib
0x00000001b438a000 	/usr/lib/libc++.1.dylib
0x00000001cae1e000 	/System/Library/Frameworks/Cocoa.framework/Versions/A/Cocoa
0x00000001b7038000 	/System/Library/Frameworks/AppKit.framework/Versions/C/AppKit
0x00000001ba54b000 	/System/Library/Frameworks/CoreData.framework/Versions/A/CoreData
0x00000001b5393000 	/System/Library/Frameworks/Foundation.framework/Versions/C/Foundation
0x00000001b7ef0000 	/System/Library/PrivateFrameworks/UIFoundation.framework/Versions/A/UIFoundation
0x00000001c4ff2000 	/System/Library/PrivateFrameworks/RemoteViewServices.framework/Versions/A/RemoteViewServices
0x00000001bd465000 	/System/Library/PrivateFrameworks/XCTTargetBootstrap.framework/Versions/A/XCTTargetBootstrap
0x00000001c0ce5000 	/System/Library/PrivateFrameworks/InternationalSupport.framework/Versions/A/InternationalSupport
0x00000001c0d6e000 	/System/Library/PrivateFrameworks/UserActivity.framework/Versions/A/UserActivity
0x00000001c01dc000 	/usr/lib/libspindump.dylib
0x00000001b8161000 	/System/Library/Frameworks/UniformTypeIdentifiers.framework/Versions/A/UniformTypeIdentifiers
0x00000001bb9af000 	/usr/lib/libapp_launch_measurement.dylib
0x00000001baed6000 	/System/Library/PrivateFrameworks/CoreAnalytics.framework/Versions/A/CoreAnalytics
0x00000001bb9b2000 	/System/Library/PrivateFrameworks/CoreAutoLayout.framework/Versions/A/CoreAutoLayout
0x00000001bcd56000 	/System/Library/Frameworks/Metal.framework/Versions/A/Metal
0x00000001bdacd000 	/usr/lib/liblangid.dylib
0x00000001bd46a000 	/System/Library/PrivateFrameworks/CoreSVG.framework/Versions/A/CoreSVG
0x00000001b95f8000 	/System/Library/PrivateFrameworks/SkyLight.framework/Versions/A/SkyLight
0x00000001b99d1000 	/System/Library/Frameworks/CoreGraphics.framework/Versions/A/CoreGraphics
0x00000001c56be000 	/System/Library/Frameworks/Accelerate.framework/Versions/A/Accelerate
0x00000001bfc53000 	/System/Library/PrivateFrameworks/IconServices.framework/Versions/A/IconServices
0x00000001bcd38000 	/System/Library/Frameworks/IOSurface.framework/Versions/A/IOSurface
0x00000001baf07000 	/usr/lib/libDiagnosticMessagesClient.dylib
0x00000001c8bbf000 	/System/Library/Frameworks/ApplicationServices.framework/Versions/A/ApplicationServices
0x00000001bd44d000 	/System/Library/PrivateFrameworks/DFRFoundation.framework/Versions/A/DFRFoundation
0x00000001b68c8000 	/usr/lib/libicucore.A.dylib
0x00000001c1b92000 	/System/Library/Frameworks/AudioToolbox.framework/Versions/A/AudioToolbox
0x00000001c0cf1000 	/System/Library/PrivateFrameworks/DataDetectorsCore.framework/Versions/A/DataDetectorsCore
0x00000001d76eb000 	/System/Library/PrivateFrameworks/TextInput.framework/Versions/A/TextInput
0x00000001b956d000 	/usr/lib/libMobileGestalt.dylib
0x00000001bd119000 	/System/Library/Frameworks/Carbon.framework/Versions/A/Frameworks/HIToolbox.framework/Versions/A/HIToolbox
0x00000001bb387000 	/System/Library/Frameworks/QuartzCore.framework/Versions/A/QuartzCore
0x00000001b6549000 	/System/Library/Frameworks/Security.framework/Versions/A/Security
0x00000001c5032000 	/System/Library/Frameworks/Carbon.framework/Versions/A/Frameworks/SpeechRecognition.framework/Versions/A/SpeechRecognition
0x00000001bb705000 	/System/Library/PrivateFrameworks/CoreUI.framework/Versions/A/CoreUI
0x00000001b5e25000 	/System/Library/Frameworks/CoreAudio.framework/Versions/A/CoreAudio
0x00000001baffb000 	/System/Library/Frameworks/DiskArbitration.framework/Versions/A/DiskArbitration
0x00000001c05e6000 	/System/Library/PrivateFrameworks/MultitouchSupport.framework/Versions/A/MultitouchSupport
0x00000001b956b000 	/usr/lib/libenergytrace.dylib
0x00000001b6f00000 	/System/Library/Frameworks/IOKit.framework/Versions/A/IOKit
0x00000001c5421000 	/System/Library/Frameworks/CoreServices.framework/Versions/A/CoreServices
0x00000001bb93f000 	/System/Library/PrivateFrameworks/PerformanceAnalysis.framework/Versions/A/PerformanceAnalysis
0x0000000215b23000 	/System/Library/Frameworks/OpenGL.framework/Versions/A/OpenGL
0x00000001be540000 	/System/Library/PrivateFrameworks/MobileKeyBag.framework/Versions/A/MobileKeyBag
0x00000001b9fdf000 	/System/Library/Frameworks/ColorSync.framework/Versions/A/ColorSync
0x00000001b4490000 	/System/Library/Frameworks/CoreFoundation.framework/Versions/A/CoreFoundation
0x00000001bd6e9000 	/System/Library/Frameworks/CoreImage.framework/Versions/A/CoreImage
0x00000001b5c49000 	/System/Library/Frameworks/CoreText.framework/Versions/A/CoreText
0x00000001bd49a000 	/System/Library/Frameworks/ImageIO.framework/Versions/A/ImageIO
0x00000001befab000 	/System/Library/PrivateFrameworks/SoftLinking.framework/Versions/A/SoftLinking
0x00000001bb9fd000 	/usr/lib/libxml2.2.dylib
0x00000001bf244000 	/usr/lib/libcompression.dylib
0x00000001c0c41000 	/System/Library/PrivateFrameworks/TextureIO.framework/Versions/A/TextureIO
0x00000001bf96c000 	/usr/lib/libate.dylib
0x00000001bf831000 	/usr/lib/liblzma.5.dylib
0x00000001b5086000 	/System/Library/Frameworks/SystemConfiguration.framework/Versions/A/SystemConfiguration
0x00000001befa7000 	/usr/lib/libfakelink.dylib
0x00000001b909d000 	/System/Library/Frameworks/CFNetwork.framework/Versions/A/CFNetwork
0x00000001bf0ed000 	/usr/lib/libarchive.2.dylib
0x00000001bdac9000 	/System/Library/PrivateFrameworks/AppleSystemInfo.framework/Versions/A/AppleSystemInfo
0x00000001be653000 	/usr/lib/libbsm.0.dylib
0x00000001b860a000 	/usr/lib/libnetwork.dylib
0x00000001bef41000 	/usr/lib/system/libkxld.dylib
0x00000001be26d000 	/System/Library/PrivateFrameworks/IOMobileFramebuffer.framework/Versions/A/IOMobileFramebuffer
0x00000002337ec000 	/usr/lib/libCoreEntitlements.dylib
0x00000001bec77000 	/System/Library/PrivateFrameworks/AppleFSCompression.framework/Versions/A/AppleFSCompression
0x00000001be63b000 	/usr/lib/libcoretls.dylib
0x00000001bf84a000 	/usr/lib/libcoretls_cfhelpers.dylib
0x00000001bf23f000 	/usr/lib/libpam.2.dylib
0x00000001ba93b000 	/usr/lib/libsqlite3.dylib
0x00000001bf8b3000 	/usr/lib/libxar.1.dylib
0x00000001bec88000 	/usr/lib/libbz2.1.0.dylib
0x00000001befac000 	/usr/lib/libpcap.A.dylib
0x00000001bad1b000 	/usr/lib/libdns_services.dylib
0x00000001bf212000 	/usr/lib/libapple_nghttp2.dylib
0x00000001befe9000 	/usr/lib/libiconv.2.dylib
0x00000001bef37000 	/usr/lib/libcharset.1.dylib
0x00000001bb97b000 	/System/Library/Frameworks/CoreServices.framework/Versions/A/Frameworks/FSEvents.framework/Versions/A/FSEvents
0x00000001b6b89000 	/System/Library/Frameworks/CoreServices.framework/Versions/A/Frameworks/CarbonCore.framework/Versions/A/CarbonCore
0x00000001baf5b000 	/System/Library/Frameworks/CoreServices.framework/Versions/A/Frameworks/Metadata.framework/Versions/A/Metadata
0x00000001bec9b000 	/System/Library/Frameworks/CoreServices.framework/Versions/A/Frameworks/OSServices.framework/Versions/A/OSServices
0x00000001bf173000 	/System/Library/Frameworks/CoreServices.framework/Versions/A/Frameworks/SearchKit.framework/Versions/A/SearchKit
0x00000001bacaa000 	/System/Library/Frameworks/CoreServices.framework/Versions/A/Frameworks/AE.framework/Versions/A/AE
0x00000001b49d7000 	/System/Library/Frameworks/CoreServices.framework/Versions/A/Frameworks/LaunchServices.framework/Versions/A/LaunchServices
0x00000001bf7da000 	/System/Library/Frameworks/CoreServices.framework/Versions/A/Frameworks/DictionaryServices.framework/Versions/A/DictionaryServices
0x00000001bb988000 	/System/Library/Frameworks/CoreServices.framework/Versions/A/Frameworks/SharedFileList.framework/Versions/A/SharedFileList
0x00000001be62b000 	/usr/lib/libCheckFix.dylib
0x00000001b95dc000 	/System/Library/PrivateFrameworks/TCC.framework/Versions/A/TCC
0x00000001bdacf000 	/System/Library/PrivateFrameworks/CoreNLP.framework/Versions/A/CoreNLP
0x00000001baf0a000 	/System/Library/PrivateFrameworks/MetadataUtilities.framework/Versions/A/MetadataUtilities
0x00000001b5140000 	/usr/lib/libmecabra.dylib
0x00000001be664000 	/usr/lib/libmecab.dylib
0x00000001b510c000 	/usr/lib/libCRFSuite.dylib
0x00000001be6c1000 	/usr/lib/libgermantok.dylib
0x00000001bf1eb000 	/usr/lib/libThaiTokenizer.dylib
0x00000001bb003000 	/System/Library/Frameworks/Accelerate.framework/Versions/A/Frameworks/vImage.framework/Versions/A/vImage
0x00000001c53f8000 	/System/Library/Frameworks/Accelerate.framework/Versions/A/Frameworks/vecLib.framework/Versions/A/vecLib
0x00000001bf8f8000 	/System/Library/Frameworks/Accelerate.framework/Versions/A/Frameworks/vecLib.framework/Versions/A/libvMisc.dylib
0x00000001be174000 	/System/Library/Frameworks/Accelerate.framework/Versions/A/Frameworks/vecLib.framework/Versions/A/libvDSP.dylib
0x00000001b4d61000 	/System/Library/Frameworks/Accelerate.framework/Versions/A/Frameworks/vecLib.framework/Versions/A/libBLAS.dylib
0x00000001bf315000 	/System/Library/Frameworks/Accelerate.framework/Versions/A/Frameworks/vecLib.framework/Versions/A/libLAPACK.dylib
0x00000001be6c4000 	/System/Library/Frameworks/Accelerate.framework/Versions/A/Frameworks/vecLib.framework/Versions/A/libLinearAlgebra.dylib
0x00000001bf22a000 	/System/Library/Frameworks/Accelerate.framework/Versions/A/Frameworks/vecLib.framework/Versions/A/libSparseBLAS.dylib
0x00000001bf310000 	/System/Library/Frameworks/Accelerate.framework/Versions/A/Frameworks/vecLib.framework/Versions/A/libQuadrature.dylib
0x00000001bdbc8000 	/System/Library/Frameworks/Accelerate.framework/Versions/A/Frameworks/vecLib.framework/Versions/A/libBNNS.dylib
0x00000001b501f000 	/System/Library/Frameworks/Accelerate.framework/Versions/A/Frameworks/vecLib.framework/Versions/A/libSparse.dylib
0x00000001bdbc0000 	/System/Library/PrivateFrameworks/LinguisticData.framework/Versions/A/LinguisticData
0x00000001b4fd7000 	/System/Library/PrivateFrameworks/Lexicon.framework/Versions/A/Lexicon
0x00000001bf8f0000 	/usr/lib/libChineseTokenizer.dylib
0x00000001b5785000 	/System/Library/PrivateFrameworks/LanguageModeling.framework/Versions/A/LanguageModeling
0x00000001bf1ed000 	/System/Library/PrivateFrameworks/AppleSauce.framework/Versions/A/AppleSauce
0x00000001be25a000 	/System/Library/PrivateFrameworks/CoreEmoji.framework/Versions/A/CoreEmoji
0x00000001bf0db000 	/usr/lib/libcmph.dylib
0x00000001bb95b000 	/System/Library/Frameworks/OpenDirectory.framework/Versions/A/Frameworks/CFOpenDirectory.framework/Versions/A/CFOpenDirectory
0x00000001bb94b000 	/System/Library/Frameworks/OpenDirectory.framework/Versions/A/OpenDirectory
0x00000001bf84c000 	/System/Library/PrivateFrameworks/APFS.framework/Versions/A/APFS
0x00000001be57b000 	/System/Library/Frameworks/SecurityFoundation.framework/Versions/A/SecurityFoundation
0x00000001bf8c2000 	/usr/lib/libutil.dylib
0x00000001b6ec2000 	/System/Library/PrivateFrameworks/CoreServicesStore.framework/Versions/A/CoreServicesStore
0x00000001bf8c6000 	/usr/lib/libxslt.1.dylib
0x00000001be60f000 	/System/Library/PrivateFrameworks/BackgroundTaskManagement.framework/Versions/A/BackgroundTaskManagement
0x00000001c0b62000 	/System/Library/Frameworks/ImageIO.framework/Versions/A/Resources/libRadiance.dylib
0x00000001c0b6b000 	/System/Library/Frameworks/ImageIO.framework/Versions/A/Resources/libJPEG.dylib
0x00000001c0abe000 	/System/Library/Frameworks/ImageIO.framework/Versions/A/Resources/libPng.dylib
0x00000001c0ae0000 	/System/Library/Frameworks/ImageIO.framework/Versions/A/Resources/libTIFF.dylib
0x00000001c0bc6000 	/System/Library/Frameworks/ImageIO.framework/Versions/A/Resources/libGIF.dylib
0x00000001c04f6000 	/System/Library/Frameworks/ImageIO.framework/Versions/A/Resources/libJP2.dylib
0x00000001bfc18000 	/usr/lib/libexpat.1.dylib
0x00000001c04b1000 	/System/Library/PrivateFrameworks/AppleJPEG.framework/Versions/A/AppleJPEG
0x00000001bcfd5000 	/System/Library/PrivateFrameworks/FontServices.framework/libFontParser.dylib
0x00000001bac4f000 	/System/Library/PrivateFrameworks/RunningBoardServices.framework/Versions/A/RunningBoardServices
0x00000001cb4f4000 	/System/Library/PrivateFrameworks/IOSurfaceAccelerator.framework/Versions/A/IOSurfaceAccelerator
0x00000001c05e2000 	/System/Library/PrivateFrameworks/WatchdogClient.framework/Versions/A/WatchdogClient
0x00000001b5885000 	/System/Library/Frameworks/CoreDisplay.framework/Versions/A/CoreDisplay
0x00000001bcebf000 	/System/Library/Frameworks/CoreMedia.framework/Versions/A/CoreMedia
0x00000001bcd4c000 	/System/Library/PrivateFrameworks/IOAccelerator.framework/Versions/A/IOAccelerator
0x00000001bbaeb000 	/System/Library/Frameworks/CoreVideo.framework/Versions/A/CoreVideo
0x00000001bf23d000 	/System/Library/Frameworks/MetalPerformanceShaders.framework/Versions/A/MetalPerformanceShaders
0x00000001c0621000 	/System/Library/Frameworks/VideoToolbox.framework/Versions/A/VideoToolbox
0x00000001bab93000 	/System/Library/PrivateFrameworks/BaseBoard.framework/Versions/A/BaseBoard
0x00000001ba921000 	/System/Library/PrivateFrameworks/ProtocolBuffer.framework/Versions/A/ProtocolBuffer
0x00000001c0b5d000 	/System/Library/PrivateFrameworks/GPUWrangler.framework/Versions/A/GPUWrangler
0x00000001c0b3d000 	/System/Library/PrivateFrameworks/IOPresentment.framework/Versions/A/IOPresentment
0x00000001c0b65000 	/System/Library/PrivateFrameworks/DSExternalDisplay.framework/Versions/A/DSExternalDisplay
0x0000000215b16000 	/System/Library/Frameworks/OpenGL.framework/Versions/A/Libraries/libCoreFSCache.dylib
0x00000002202dc000 	/System/Library/PrivateFrameworks/GPUCompiler.framework/Versions/31001/Libraries/libGPUCompilerUtils.dylib
0x00000001c0bcb000 	/System/Library/PrivateFrameworks/CMCaptureCore.framework/Versions/A/CMCaptureCore
0x00000001c01c9000 	/System/Library/PrivateFrameworks/AppServerSupport.framework/Versions/A/AppServerSupport
0x00000001c244f000 	/System/Library/PrivateFrameworks/perfdata.framework/Versions/A/perfdata
0x00000001b59a5000 	/System/Library/PrivateFrameworks/AudioToolboxCore.framework/Versions/A/AudioToolboxCore
0x00000001bce98000 	/System/Library/PrivateFrameworks/caulk.framework/Versions/A/caulk
0x00000001c1d44000 	/usr/lib/libAudioStatistics.dylib
0x00000001d3d43000 	/System/Library/PrivateFrameworks/SystemPolicy.framework/Versions/A/SystemPolicy
0x00000001c1fb0000 	/usr/lib/libSMC.dylib
0x00000001cacfc000 	/System/Library/Frameworks/CoreMIDI.framework/Versions/A/CoreMIDI
0x00000001c0a8c000 	/usr/lib/libAudioToolboxUtility.dylib
0x00000001cfeb3000 	/System/Library/PrivateFrameworks/OSAServicesClient.framework/Versions/A/OSAServicesClient
0x00000001c245c000 	/usr/lib/libperfcheck.dylib
0x00000001d485f000 	/usr/lib/libmis.dylib
0x0000000215b78000 	/System/Library/Frameworks/OpenGL.framework/Versions/A/Libraries/libGLU.dylib
0x0000000215b37000 	/System/Library/Frameworks/OpenGL.framework/Versions/A/Libraries/libGFXShared.dylib
0x0000000215d24000 	/System/Library/Frameworks/OpenGL.framework/Versions/A/Libraries/libGL.dylib
0x0000000215b40000 	/System/Library/Frameworks/OpenGL.framework/Versions/A/Libraries/libGLImage.dylib
0x0000000215b34000 	/System/Library/Frameworks/OpenGL.framework/Versions/A/Libraries/libCVMSPluginSupport.dylib
0x0000000215b1d000 	/System/Library/Frameworks/OpenGL.framework/Versions/A/Libraries/libCoreVMClient.dylib
0x00000001bda49000 	/System/Library/Frameworks/MetalPerformanceShaders.framework/Versions/A/Frameworks/MPSCore.framework/Versions/A/MPSCore
0x00000001bebea000 	/System/Library/Frameworks/MetalPerformanceShaders.framework/Versions/A/Frameworks/MPSImage.framework/Versions/A/MPSImage
0x00000001be6d9000 	/System/Library/Frameworks/MetalPerformanceShaders.framework/Versions/A/Frameworks/MPSNeuralNetwork.framework/Versions/A/MPSNeuralNetwork
0x00000001beb12000 	/System/Library/Frameworks/MetalPerformanceShaders.framework/Versions/A/Frameworks/MPSMatrix.framework/Versions/A/MPSMatrix
0x00000001be8eb000 	/System/Library/Frameworks/MetalPerformanceShaders.framework/Versions/A/Frameworks/MPSRayIntersector.framework/Versions/A/MPSRayIntersector
0x00000001beb43000 	/System/Library/Frameworks/MetalPerformanceShaders.framework/Versions/A/Frameworks/MPSNDArray.framework/Versions/A/MPSNDArray
0x0000000217f3f000 	/System/Library/Frameworks/MetalPerformanceShaders.framework/Versions/A/Frameworks/MPSFunctions.framework/Versions/A/MPSFunctions
0x00000001b4c38000 	/System/Library/PrivateFrameworks/MetalTools.framework/Versions/A/MetalTools
0x00000001bdac7000 	/System/Library/PrivateFrameworks/AggregateDictionary.framework/Versions/A/AggregateDictionary
0x00000001bf9fd000 	/usr/lib/libIOReport.dylib
0x00000001c9d19000 	/System/Library/PrivateFrameworks/ASEProcessing.framework/Versions/A/ASEProcessing
0x00000001bfd72000 	/System/Library/PrivateFrameworks/FaceCore.framework/Versions/A/FaceCore
0x00000001bfd64000 	/System/Library/PrivateFrameworks/GraphVisualizer.framework/Versions/A/GraphVisualizer
0x00000002201f3000 	/System/Library/PrivateFrameworks/FontServices.framework/Versions/A/FontServices
0x00000001c0185000 	/System/Library/PrivateFrameworks/OTSVG.framework/Versions/A/OTSVG
0x00000001bb6b5000 	/System/Library/Frameworks/ApplicationServices.framework/Versions/A/Frameworks/ATS.framework/Versions/A/Resources/libFontRegistry.dylib
0x00000001c01d2000 	/System/Library/PrivateFrameworks/FontServices.framework/libhvf.dylib
0x00000002201f4000 	/System/Library/PrivateFrameworks/FontServices.framework/libXTFontStaticRegistryData.dylib
0x0000000215ec5000 	/System/Library/Frameworks/OpenCL.framework/Versions/A/OpenCL
0x00000001bfbcc000 	/System/Library/PrivateFrameworks/AppleVA.framework/Versions/A/AppleVA
0x00000001c1d6c000 	/System/Library/Frameworks/ApplicationServices.framework/Versions/A/Frameworks/ATS.framework/Versions/A/ATS
0x00000001ba0de000 	/System/Library/Frameworks/ApplicationServices.framework/Versions/A/Frameworks/HIServices.framework/Versions/A/HIServices
0x00000001c0bd5000 	/System/Library/Frameworks/ApplicationServices.framework/Versions/A/Frameworks/PrintCore.framework/Versions/A/PrintCore
0x00000001c2103000 	/System/Library/Frameworks/ApplicationServices.framework/Versions/A/Frameworks/QD.framework/Versions/A/QD
0x00000001c20fb000 	/System/Library/Frameworks/ApplicationServices.framework/Versions/A/Frameworks/ColorSyncLegacy.framework/Versions/A/ColorSyncLegacy
0x00000001c1d58000 	/System/Library/Frameworks/ApplicationServices.framework/Versions/A/Frameworks/SpeechSynthesis.framework/Versions/A/SpeechSynthesis
0x00000001c0b96000 	/System/Library/Frameworks/ApplicationServices.framework/Versions/A/Frameworks/ATSUI.framework/Versions/A/ATSUI
0x00000001c2090000 	/usr/lib/libcups.2.dylib
0x00000001c246a000 	/System/Library/Frameworks/Kerberos.framework/Versions/A/Kerberos
0x00000001c247b000 	/System/Library/Frameworks/GSS.framework/Versions/A/GSS
0x00000001c1ddc000 	/usr/lib/libresolv.9.dylib
0x00000001c01e1000 	/System/Library/PrivateFrameworks/Heimdal.framework/Versions/A/Heimdal
0x00000001c8f4f000 	/System/Library/Frameworks/Kerberos.framework/Versions/A/Libraries/libHeimdalProxy.dylib
0x00000001bad2d000 	/System/Library/Frameworks/Network.framework/Versions/A/Network
0x00000001bfc33000 	/usr/lib/libheimdal-asn1.dylib
0x00000001c24cb000 	/System/Library/PrivateFrameworks/CommonAuth.framework/Versions/A/CommonAuth
0x00000001c1cd2000 	/System/Library/PrivateFrameworks/AudioSession.framework/Versions/A/AudioSession
0x00000001bfcc5000 	/System/Library/PrivateFrameworks/MediaExperience.framework/Versions/A/MediaExperience
0x00000001c1b58000 	/System/Library/PrivateFrameworks/AudioSession.framework/libSessionUtility.dylib
0x00000001c210f000 	/System/Library/PrivateFrameworks/AudioResourceArbitration.framework/Versions/A/AudioResourceArbitration
0x00000001c62d5000 	/System/Library/PrivateFrameworks/PowerLog.framework/Versions/A/PowerLog
0x00000001bfc3d000 	/System/Library/PrivateFrameworks/IconFoundation.framework/Versions/A/IconFoundation
0x00000001c501e000 	/System/Library/PrivateFrameworks/SpeechRecognitionCore.framework/Versions/A/SpeechRecognitionCore
0x0000000105420000 	/Library/Java/JavaVirtualMachines/jdk-17.jdk/Contents/Home/lib/server/libjvm.dylib
0x0000000104534000 	/Library/Java/JavaVirtualMachines/jdk-17.jdk/Contents/Home/lib/libjimage.dylib
0x0000000104548000 	/Library/Java/JavaVirtualMachines/jdk-17.jdk/Contents/Home/lib/libinstrument.dylib
0x0000000104594000 	/Library/Java/JavaVirtualMachines/jdk-17.jdk/Contents/Home/lib/libjava.dylib
0x00000001053e0000 	/Library/Java/JavaVirtualMachines/jdk-17.jdk/Contents/Home/lib/libnio.dylib
0x0000000122ae8000 	/Library/Java/JavaVirtualMachines/jdk-17.jdk/Contents/Home/lib/libnet.dylib
0x0000000105400000 	/Library/Java/JavaVirtualMachines/jdk-17.jdk/Contents/Home/lib/libzip.dylib
0x0000000122b0c000 	/Users/maxl/.openjfx/cache/17.0.1/libprism_es2.dylib
0x00000001b6e85000 	/System/Library/PrivateFrameworks/CoreServicesInternal.framework/Versions/A/CoreServicesInternal
0x0000000215d2e000 	/System/Library/Frameworks/OpenGL.framework/Versions/A/Resources/GLEngine.bundle/GLEngine
0x0000000215bb6000 	/System/Library/Frameworks/OpenGL.framework/Versions/A/Libraries/libGLProgrammability.dylib
0x000000012599c000 	/System/Library/Extensions/AppleMetalOpenGLRenderer.bundle/Contents/MacOS/AppleMetalOpenGLRenderer
0x0000000215e9d000 	/System/Library/Frameworks/OpenGL.framework/Versions/A/Resources/GLRendererFloat.bundle/GLRendererFloat
0x0000000215f9d000 	/System/Library/Extensions/AGXMetal13_3.bundle/Contents/MacOS/AGXMetal13_3
0x00000001d487b000 	/System/Library/PrivateFrameworks/GPURawCounter.framework/Versions/A/GPURawCounter
0x00000001cf01c000 	/System/Library/PrivateFrameworks/IOGPU.framework/Versions/A/IOGPU
0x0000000125bb4000 	/Users/maxl/.openjfx/cache/17.0.1/libglass.dylib
0x00000001c652d000 	/System/Library/Frameworks/FileProvider.framework/Versions/A/FileProvider
0x00000001baafb000 	/System/Library/Frameworks/Accounts.framework/Versions/A/Accounts
0x00000001c66b1000 	/System/Library/PrivateFrameworks/GenerationalStorage.framework/Versions/A/GenerationalStorage
0x00000001c7274000 	/System/Library/PrivateFrameworks/CoreSymbolication.framework/Versions/A/CoreSymbolication
0x00000001c62c9000 	/System/Library/PrivateFrameworks/SymptomDiagnosticReporter.framework/Versions/A/SymptomDiagnosticReporter
0x00000001b8175000 	/System/Library/PrivateFrameworks/DesktopServicesPriv.framework/Versions/A/DesktopServicesPriv
0x00000001b6fe7000 	/usr/lib/libsandbox.1.dylib
0x00000001bbb79000 	/System/Library/PrivateFrameworks/UserManagement.framework/Versions/A/UserManagement
0x00000001c7231000 	/System/Library/PrivateFrameworks/DebugSymbols.framework/Versions/A/DebugSymbols
0x00000001c20ee000 	/System/Library/PrivateFrameworks/NetAuth.framework/Versions/A/NetAuth
0x00000001c300f000 	/System/Library/PrivateFrameworks/Sharing.framework/Versions/A/Sharing
0x00000001bbb49000 	/System/Library/PrivateFrameworks/login.framework/Versions/A/Frameworks/loginsupport.framework/Versions/A/loginsupport
0x00000001c8466000 	/System/Library/PrivateFrameworks/Apple80211.framework/Versions/A/Apple80211
0x00000001becce000 	/System/Library/PrivateFrameworks/AuthKit.framework/Versions/A/AuthKit
0x00000001be356000 	/System/Library/PrivateFrameworks/CoreUtils.framework/Versions/A/CoreUtils
0x00000001be279000 	/System/Library/Frameworks/CoreWLAN.framework/Versions/A/CoreWLAN
0x00000001c317f000 	/System/Library/Frameworks/IOBluetooth.framework/Versions/A/IOBluetooth
0x00000001c84c6000 	/System/Library/PrivateFrameworks/CoreWiFi.framework/Versions/A/CoreWiFi
0x00000001c6e11000 	/System/Library/PrivateFrameworks/FrontBoardServices.framework/Versions/A/FrontBoardServices
0x00000001c6ea9000 	/System/Library/PrivateFrameworks/BoardServices.framework/Versions/A/BoardServices
0x00000001be569000 	/System/Library/PrivateFrameworks/AssertionServices.framework/Versions/A/AssertionServices
0x00000001c8643000 	/System/Library/PrivateFrameworks/BackBoardServices.framework/Versions/A/BackBoardServices
0x00000001c2562000 	/System/Library/PrivateFrameworks/CorePhoneNumbers.framework/Versions/A/CorePhoneNumbers
0x00000001c1e09000 	/System/Library/PrivateFrameworks/MultiverseSupport.framework/Versions/A/MultiverseSupport
0x00000001c88c4000 	/System/Library/PrivateFrameworks/RemoteServiceDiscovery.framework/Versions/A/RemoteServiceDiscovery
0x00000001c63f9000 	/System/Library/PrivateFrameworks/DiskManagement.framework/Versions/A/DiskManagement
0x00000001c62fc000 	/System/Library/PrivateFrameworks/AppleIDAuthSupport.framework/Versions/A/AppleIDAuthSupport
0x000000021a77b000 	/System/Library/PrivateFrameworks/AAAFoundation.framework/Versions/A/AAAFoundation
0x00000001c2541000 	/System/Library/PrivateFrameworks/KeychainCircle.framework/Versions/A/KeychainCircle
0x00000001c88d4000 	/System/Library/PrivateFrameworks/RemoteXPC.framework/Versions/A/RemoteXPC
0x00000001c63c5000 	/System/Library/PrivateFrameworks/MediaKit.framework/Versions/A/MediaKit
0x00000001c6309000 	/System/Library/Frameworks/DiscRecording.framework/Versions/A/DiscRecording
0x00000001bfb48000 	/usr/lib/libCoreStorage.dylib
0x00000001c8940000 	/usr/lib/libcsfde.dylib
0x00000001c3254000 	/System/Library/PrivateFrameworks/ProtectedCloudStorage.framework/Versions/A/ProtectedCloudStorage
0x00000001c8938000 	/System/Library/PrivateFrameworks/EFILogin.framework/Versions/A/EFILogin
0x00000001c66d8000 	/System/Library/PrivateFrameworks/OctagonTrust.framework/Versions/A/OctagonTrust
0x000000021f37a000 	/System/Library/PrivateFrameworks/CoreUtilsExtras.framework/Versions/A/CoreUtilsExtras
0x00000001c622e000 	/System/Library/Frameworks/CoreBluetooth.framework/Versions/A/CoreBluetooth
0x00000001c8fd4000 	/System/Library/Frameworks/AudioUnit.framework/Versions/A/AudioUnit
0x00000001bfb40000 	/usr/lib/libMatch.1.dylib
0x00000001d8d61000 	/System/Library/Frameworks/Accelerate.framework/Versions/A/Frameworks/vImage.framework/Versions/A/Libraries/libCGInterfaces.dylib
0x0000000127118000 	/usr/lib/libobjc-trampolines.dylib
0x00000001bb843000 	/System/Library/PrivateFrameworks/ViewBridge.framework/Versions/A/ViewBridge
0x0000000129060000 	/Users/maxl/.openjfx/cache/17.0.1/libjavafx_font.dylib
0x0000000129200000 	/Users/maxl/.openjfx/cache/17.0.1/libjavafx_iio.dylib
0x00000001c02a4000 	/System/Library/PrivateFrameworks/login.framework/Versions/A/login
0x0000000233949000 	/usr/lib/libRosetta.dylib


VM Arguments:
jvm_args: -javaagent:/Applications/IntelliJ IDEA.app/Contents/lib/idea_rt.jar=52769:/Applications/IntelliJ IDEA.app/Contents/bin -Dfile.encoding=UTF-8 --module-path=/Users/maxl/.m2/repository/org/openjfx/javafx-fxml/17.0.1/javafx-fxml-17.0.1-mac-aarch64.jar:/Users/maxl/Documents/GitHub/Sushi-like-a-boss/Sushi-like-a-boss/target/classes:/Users/maxl/.m2/repository/org/openjfx/javafx-graphics/17.0.1/javafx-graphics-17.0.1-mac-aarch64.jar:/Users/maxl/.m2/repository/org/openjfx/javafx-base/17.0.1/javafx-base-17.0.1-mac-aarch64.jar:/Users/maxl/.m2/repository/org/openjfx/javafx-controls/17.0.1/javafx-controls-17.0.1-mac-aarch64.jar -Djdk.module.main=com.example.sushilikeaboss 
java_command: com.example.sushilikeaboss/com.example.sushilikeaboss.HelloApplication
java_class_path (initial): /Users/maxl/.m2/repository/org/openjfx/javafx-controls/17.0.1/javafx-controls-17.0.1.jar:/Users/maxl/.m2/repository/org/openjfx/javafx-graphics/17.0.1/javafx-graphics-17.0.1.jar:/Users/maxl/.m2/repository/org/openjfx/javafx-base/17.0.1/javafx-base-17.0.1.jar:/Users/maxl/.m2/repository/org/openjfx/javafx-fxml/17.0.1/javafx-fxml-17.0.1.jar
Launcher Type: SUN_STANDARD

[Global flags]
     intx CICompilerCount                          = 4                                         {product} {ergonomic}
     uint ConcGCThreads                            = 2                                         {product} {ergonomic}
     uint G1ConcRefinementThreads                  = 8                                         {product} {ergonomic}
   size_t G1HeapRegionSize                         = 1048576                                   {product} {ergonomic}
    uintx GCDrainStackTargetSize                   = 64                                        {product} {ergonomic}
   size_t InitialHeapSize                          = 134217728                                 {product} {ergonomic}
   size_t MarkStackSize                            = 4194304                                   {product} {ergonomic}
   size_t MaxHeapSize                              = 2147483648                                {product} {ergonomic}
   size_t MaxNewSize                               = 1287651328                                {product} {ergonomic}
   size_t MinHeapDeltaBytes                        = 1048576                                   {product} {ergonomic}
   size_t MinHeapSize                              = 8388608                                   {product} {ergonomic}
    uintx NonNMethodCodeHeapSize                   = 5839564                                {pd product} {ergonomic}
    uintx NonProfiledCodeHeapSize                  = 122909338                              {pd product} {ergonomic}
    uintx ProfiledCodeHeapSize                     = 122909338                              {pd product} {ergonomic}
    uintx ReservedCodeCacheSize                    = 251658240                              {pd product} {ergonomic}
     bool SegmentedCodeCache                       = true                                      {product} {ergonomic}
   size_t SoftMaxHeapSize                          = 2147483648                             {manageable} {ergonomic}
     bool UseCompressedClassPointers               = true                           {product lp64_product} {ergonomic}
     bool UseCompressedOops                        = true                           {product lp64_product} {ergonomic}
     bool UseG1GC                                  = true                                      {product} {ergonomic}
     bool UseNUMA                                  = false                                     {product} {ergonomic}
     bool UseNUMAInterleaving                      = false                                     {product} {ergonomic}

Logging:
Log output configuration:
 #0: stdout all=warning uptime,level,tags
 #1: stderr all=off uptime,level,tags

Environment Variables:
PATH=/Users/maxl/opt/anaconda3/bin:/Users/maxl/opt/anaconda3/condabin:/usr/local/bin:/usr/bin:/bin:/usr/sbin:/sbin:/Users/maxl/chromedriver
SHELL=/bin/zsh
LC_CTYPE=de_DE.UTF-8

Signal Handlers:
   SIGSEGV: _ZL13crash_handleriP9__siginfoPv in libjvm.dylib, mask=11100110000111110111111111111111, flags=SA_RESTART|SA_SIGINFO
    SIGBUS: _ZL13crash_handleriP9__siginfoPv in libjvm.dylib, mask=11100110000111110111111111111111, flags=SA_RESTART|SA_SIGINFO
    SIGFPE: _ZL13crash_handleriP9__siginfoPv in libjvm.dylib, mask=11100110000111110111111111111111, flags=SA_RESTART|SA_SIGINFO
   SIGPIPE: _ZL17javaSignalHandleriP9__siginfoPv in libjvm.dylib, mask=11100110000111110111111111111111, flags=SA_RESTART|SA_SIGINFO
   SIGXFSZ: _ZL17javaSignalHandleriP9__siginfoPv in libjvm.dylib, mask=11100110000111110111111111111111, flags=SA_RESTART|SA_SIGINFO
    SIGILL: _ZL13crash_handleriP9__siginfoPv in libjvm.dylib, mask=11100110000111110111111111111111, flags=SA_RESTART|SA_SIGINFO
   SIGUSR2: _ZL10SR_handleriP9__siginfoP17__darwin_ucontext in libjvm.dylib, mask=00100000000000000000000000000000, flags=SA_RESTART|SA_SIGINFO
    SIGHUP: _ZL11UserHandleriPvS_ in libjvm.dylib, mask=11100110000111110111111111111111, flags=SA_RESTART|SA_SIGINFO
    SIGINT: _ZL11UserHandleriPvS_ in libjvm.dylib, mask=11100110000111110111111111111111, flags=SA_RESTART|SA_SIGINFO
   SIGTERM: _ZL11UserHandleriPvS_ in libjvm.dylib, mask=11100110000111110111111111111111, flags=SA_RESTART|SA_SIGINFO
   SIGQUIT: _ZL11UserHandleriPvS_ in libjvm.dylib, mask=11100110000111110111111111111111, flags=SA_RESTART|SA_SIGINFO
   SIGTRAP: _ZL13crash_handleriP9__siginfoPv in libjvm.dylib, mask=11100110000111110111111111111111, flags=SA_RESTART|SA_SIGINFO


---------------  S Y S T E M  ---------------

OS:
uname: Darwin 21.5.0 Darwin Kernel Version 21.5.0: Tue Apr 26 21:08:29 PDT 2022; root:xnu-8020.121.3~4/RELEASE_ARM64_T8101 arm64
OS uptime: 5 days 14:58 hours
rlimit (soft/hard): STACK 8176k/65520k , CORE 0k/infinity , NPROC 1333/2000 , NOFILE 10240/infinity , AS infinity/infinity , CPU infinity/infinity , DATA infinity/infinity , FSIZE infinity/infinity , MEMLOCK infinity/infinity , RSS infinity/infinity
load average: 2.49 2.70 2.17

CPU: total 8 (initial active 8) 0x61:0x0:0x1b588bb3:0, fp, simd, crc, lse

Memory: 16k page, physical 8388608k(64240k free), swap 1048576k(930048k free)

vm_info: Java HotSpot(TM) 64-Bit Server VM (17+35-LTS-2724) for bsd-aarch64 JRE (17+35-LTS-2724), built on Aug  5 2021 22:28:56 by "mach5one" with clang Apple LLVM 12.0.0 (clang-1200.0.32.29)

END.
